<?xml version="1.0" encoding="UTF-8"?>
<testsuites>
  <testsuite name="examples" timestamp="2026-01-21T15:53:15Z" hostname="e60e1a3ee018" tests="43" skipped="1" failures="0" errors="0" time="5.631">
    <testcase time="2.209" classname="examples" name="example_add_facet_labels.Rd"/>
    <testcase time="0.0579999999999998" classname="examples" name="example_call_fun_dots.Rd"/>
    <testcase time="0.0220000000000002" classname="examples" name="example_create_sparklines.Rd"/>
    <testcase time="0.00800000000000001" classname="examples" name="example_dot_markdown_internal.Rd"/>
    <testcase time="0.00800000000000001" classname="examples" name="example_dot_scale_x_mosaic.Rd"/>
    <testcase time="0.00800000000000001" classname="examples" name="example_establish_updating_selection.Rd"/>
    <testcase time="0.00700000000000012" classname="examples" name="example_filter_outliers.Rd"/>
    <testcase time="0.0229999999999997" classname="examples" name="example_geom_mosaic.Rd"/>
    <testcase time="0.0180000000000002" classname="examples" name="example_get_scatterplotmatrix_stats.Rd"/>
    <testcase time="0.00800000000000001" classname="examples" name="example_is_tab_active_js.Rd"/>
    <testcase time="0.00699999999999967" classname="examples" name="example_plot_var_summary.Rd"/>
    <testcase time="0.00800000000000001" classname="examples" name="example_remove_outliers_from.Rd"/>
    <testcase time="0.00800000000000001" classname="examples" name="example_render_single_tab.Rd"/>
    <testcase time="0.00800000000000001" classname="examples" name="example_render_tab_header.Rd"/>
    <testcase time="0.00800000000000001" classname="examples" name="example_render_tab_table.Rd"/>
    <testcase time="0.00700000000000012" classname="examples" name="example_render_tabset_panel_content.Rd"/>
    <testcase time="0.00800000000000001" classname="examples" name="example_select_decorators.Rd"/>
    <testcase time="0.00800000000000001" classname="examples" name="example_set_chunk_attrs.Rd"/>
    <testcase time="0.00800000000000001" classname="examples" name="example_set_chunk_dims.Rd"/>
    <testcase time="0.00800000000000001" classname="examples" name="example_shared_params.Rd"/>
    <testcase time="0.00700000000000012" classname="examples" name="example_srv_decorate_teal_data.Rd"/>
    <testcase time="0.00800000000000001" classname="examples" name="example_teal.modules.general.Rd"/>
    <testcase time="0.212" classname="examples" name="example_tm_a_pca.Rd"/>
    <testcase time="0.143" classname="examples" name="example_tm_a_regression.Rd"/>
    <testcase time="0.15" classname="examples" name="example_tm_data_table.Rd"/>
    <testcase time="0.232" classname="examples" name="example_tm_file_viewer.Rd"/>
    <testcase time="0.0949999999999998" classname="examples" name="example_tm_front_page.Rd"/>
    <testcase time="0.18" classname="examples" name="example_tm_g_association.Rd"/>
    <testcase time="0.153" classname="examples" name="example_tm_g_bivariate.Rd"/>
    <testcase time="0.00399999999999956" classname="examples" name="example_tm_g_distribution.Rd">
      <skipped message="Reason: distribution initializes with short validation error ('test-examples.R:145:9')"/>
    </testcase>
    <testcase time="0.197" classname="examples" name="example_tm_g_response.Rd"/>
    <testcase time="0.16" classname="examples" name="example_tm_g_scatterplot.Rd"/>
    <testcase time="0.419" classname="examples" name="example_tm_g_scatterplotmatrix.Rd"/>
    <testcase time="0.276999999999999" classname="examples" name="example_tm_missing_data.Rd"/>
    <testcase time="0.174" classname="examples" name="example_tm_outliers.Rd"/>
    <testcase time="0.103" classname="examples" name="example_tm_rmarkdown.Rd"/>
    <testcase time="0.451000000000001" classname="examples" name="example_tm_t_crosstable.Rd"/>
    <testcase time="0.18" classname="examples" name="example_tm_variable_browser.Rd"/>
    <testcase time="0.00800000000000001" classname="examples" name="example_validate_input.Rd"/>
    <testcase time="0.00800000000000001" classname="examples" name="example_var_missings_info.Rd"/>
    <testcase time="0.00800000000000001" classname="examples" name="example_var_summary_table.Rd"/>
    <testcase time="0.00699999999999967" classname="examples" name="example_variable_type_icons.Rd"/>
    <testcase time="0.00800000000000001" classname="examples" name="example_varname_w_label.Rd"/>
  </testsuite>
  <testsuite name="shinytest2-tm_a_pca" timestamp="2026-01-21T15:53:21Z" hostname="e60e1a3ee018" tests="49" skipped="0" failures="0" errors="0" time="226.663">
    <testcase time="11.771" classname="shinytest2_tm_a_pca" name="e2e_tm_a_pca_Module_is_initialised_with_the_specified_defaults_in_function_call."/>
    <testcase time="0.00900000000000034" classname="shinytest2_tm_a_pca" name="e2e_tm_a_pca_Module_is_initialised_with_the_specified_defaults_in_function_call."/>
    <testcase time="0.00499999999999901" classname="shinytest2_tm_a_pca" name="e2e_tm_a_pca_Module_is_initialised_with_the_specified_defaults_in_function_call."/>
    <testcase time="0.00500000000000256" classname="shinytest2_tm_a_pca" name="e2e_tm_a_pca_Module_is_initialised_with_the_specified_defaults_in_function_call."/>
    <testcase time="0.0509999999999984" classname="shinytest2_tm_a_pca" name="e2e_tm_a_pca_Module_is_initialised_with_the_specified_defaults_in_function_call."/>
    <testcase time="0.0489999999999995" classname="shinytest2_tm_a_pca" name="e2e_tm_a_pca_Module_is_initialised_with_the_specified_defaults_in_function_call."/>
    <testcase time="0.0510000000000019" classname="shinytest2_tm_a_pca" name="e2e_tm_a_pca_Module_is_initialised_with_the_specified_defaults_in_function_call."/>
    <testcase time="10.991" classname="shinytest2_tm_a_pca" name="e2e_tm_a_pca_Eigenvector_table_should_have_data_extract_selection_Murder_Assault_on_header."/>
    <testcase time="0.0560000000000009" classname="shinytest2_tm_a_pca" name="e2e_tm_a_pca_Eigenvector_table_should_have_data_extract_selection_Murder_Assault_on_header."/>
    <testcase time="0.0969999999999978" classname="shinytest2_tm_a_pca" name="e2e_tm_a_pca_Eigenvector_table_should_have_data_extract_selection_Murder_Assault_on_header."/>
    <testcase time="0.0980000000000025" classname="shinytest2_tm_a_pca" name="e2e_tm_a_pca_Eigenvector_table_should_have_data_extract_selection_Murder_Assault_on_header."/>
    <testcase time="14.21" classname="shinytest2_tm_a_pca" name="e2e_tm_a_pca_Eigenvector_table_should_have_data_extract_selection_Murder_UrbanPop_on_header."/>
    <testcase time="0.0560000000000045" classname="shinytest2_tm_a_pca" name="e2e_tm_a_pca_Eigenvector_table_should_have_data_extract_selection_Murder_UrbanPop_on_header."/>
    <testcase time="0.0959999999999965" classname="shinytest2_tm_a_pca" name="e2e_tm_a_pca_Eigenvector_table_should_have_data_extract_selection_Murder_UrbanPop_on_header."/>
    <testcase time="0.097999999999999" classname="shinytest2_tm_a_pca" name="e2e_tm_a_pca_Eigenvector_table_should_have_data_extract_selection_Murder_UrbanPop_on_header."/>
    <testcase time="14.083" classname="shinytest2_tm_a_pca" name="e2e_tm_a_pca_Color_by_columns_data_extract_must_be_from_non_selected_variable_set."/>
    <testcase time="0.810000000000002" classname="shinytest2_tm_a_pca" name="e2e_tm_a_pca_Color_by_columns_data_extract_must_be_from_non_selected_variable_set."/>
    <testcase time="10.753" classname="shinytest2_tm_a_pca" name="e2e_tm_a_pca_Changing_output_encodings_of_tables_display_does_not_generate_errors."/>
    <testcase time="0.552000000000007" classname="shinytest2_tm_a_pca" name="e2e_tm_a_pca_Changing_output_encodings_of_tables_display_does_not_generate_errors."/>
    <testcase time="0.00799999999999557" classname="shinytest2_tm_a_pca" name="e2e_tm_a_pca_Changing_output_encodings_of_tables_display_does_not_generate_errors."/>
    <testcase time="0.0480000000000018" classname="shinytest2_tm_a_pca" name="e2e_tm_a_pca_Changing_output_encodings_of_tables_display_does_not_generate_errors."/>
    <testcase time="0.0489999999999924" classname="shinytest2_tm_a_pca" name="e2e_tm_a_pca_Changing_output_encodings_of_tables_display_does_not_generate_errors."/>
    <testcase time="0.0500000000000114" classname="shinytest2_tm_a_pca" name="e2e_tm_a_pca_Changing_output_encodings_of_tables_display_does_not_generate_errors."/>
    <testcase time="11.93" classname="shinytest2_tm_a_pca" name="e2e_tm_a_pca_Changing_output_encodings_for_plot_type_does_not_generate_errors."/>
    <testcase time="1.384" classname="shinytest2_tm_a_pca" name="e2e_tm_a_pca_Changing_output_encodings_for_plot_type_does_not_generate_errors."/>
    <testcase time="1.15000000000001" classname="shinytest2_tm_a_pca" name="e2e_tm_a_pca_Changing_output_encodings_for_plot_type_does_not_generate_errors."/>
    <testcase time="1.44399999999999" classname="shinytest2_tm_a_pca" name="e2e_tm_a_pca_Changing_output_encodings_for_plot_type_does_not_generate_errors."/>
    <testcase time="10.719" classname="shinytest2_tm_a_pca" name="e2e_tm_a_pca_Changing_output_encodings_of_standardization_does_not_generate_errors."/>
    <testcase time="1.629" classname="shinytest2_tm_a_pca" name="e2e_tm_a_pca_Changing_output_encodings_of_standardization_does_not_generate_errors."/>
    <testcase time="1.58799999999999" classname="shinytest2_tm_a_pca" name="e2e_tm_a_pca_Changing_output_encodings_of_standardization_does_not_generate_errors."/>
    <testcase time="1.59099999999999" classname="shinytest2_tm_a_pca" name="e2e_tm_a_pca_Changing_output_encodings_of_standardization_does_not_generate_errors."/>
    <testcase time="10.873" classname="shinytest2_tm_a_pca" name="e2e_tm_a_pca_Changing_output_encodings_of_NA_action_does_not_generate_errors."/>
    <testcase time="13.883" classname="shinytest2_tm_a_pca" name="e2e_tm_a_pca_Changing_output_encodings_of_plot_type_hides_and_shows_options."/>
    <testcase time="2.67" classname="shinytest2_tm_a_pca" name="e2e_tm_a_pca_Changing_output_encodings_of_plot_type_hides_and_shows_options."/>
    <testcase time="2.14400000000001" classname="shinytest2_tm_a_pca" name="e2e_tm_a_pca_Changing_output_encodings_of_plot_type_hides_and_shows_options."/>
    <testcase time="2.14699999999999" classname="shinytest2_tm_a_pca" name="e2e_tm_a_pca_Changing_output_encodings_of_plot_type_hides_and_shows_options."/>
    <testcase time="3.37900000000002" classname="shinytest2_tm_a_pca" name="e2e_tm_a_pca_Changing_output_encodings_of_plot_type_hides_and_shows_options."/>
    <testcase time="2.155" classname="shinytest2_tm_a_pca" name="e2e_tm_a_pca_Changing_output_encodings_of_plot_type_hides_and_shows_options."/>
    <testcase time="3.529" classname="shinytest2_tm_a_pca" name="e2e_tm_a_pca_Changing_output_encodings_of_plot_type_hides_and_shows_options."/>
    <testcase time="2.155" classname="shinytest2_tm_a_pca" name="e2e_tm_a_pca_Changing_output_encodings_of_plot_type_hides_and_shows_options."/>
    <testcase time="2.15199999999999" classname="shinytest2_tm_a_pca" name="e2e_tm_a_pca_Changing_output_encodings_of_plot_type_hides_and_shows_options."/>
    <testcase time="10.686" classname="shinytest2_tm_a_pca" name="e2e_tm_a_pca_Changing_output_encodings_of_theme_does_not_generate_errors."/>
    <testcase time="0.532000000000011" classname="shinytest2_tm_a_pca" name="e2e_tm_a_pca_Changing_output_encodings_of_theme_does_not_generate_errors."/>
    <testcase time="0.529999999999973" classname="shinytest2_tm_a_pca" name="e2e_tm_a_pca_Changing_output_encodings_of_theme_does_not_generate_errors."/>
    <testcase time="0.53400000000002" classname="shinytest2_tm_a_pca" name="e2e_tm_a_pca_Changing_output_encodings_of_theme_does_not_generate_errors."/>
    <testcase time="10.684" classname="shinytest2_tm_a_pca" name="e2e_tm_a_pca_Changing_output_encodings_of_font_size_does_not_generate_errors."/>
    <testcase time="1.334" classname="shinytest2_tm_a_pca" name="e2e_tm_a_pca_Changing_output_encodings_of_font_size_does_not_generate_errors."/>
    <testcase time="1.315" classname="shinytest2_tm_a_pca" name="e2e_tm_a_pca_Changing_output_encodings_of_font_size_does_not_generate_errors."/>
    <testcase time="60.53" classname="shinytest2_tm_a_pca" name="e2e_tm_a_pca_Changing_output_encodings_of_font_size_does_not_generate_errors."/>
  </testsuite>
  <testsuite name="shinytest2-tm_a_regression" timestamp="2026-01-21T15:57:07Z" hostname="e60e1a3ee018" tests="31" skipped="0" failures="0" errors="0" time="88.116">
    <testcase time="9.249" classname="shinytest2_tm_a_regression" name="e2e_tm_a_regression_Data_parameter_and_module_label_is_passed_properly."/>
    <testcase time="0.00399999999999068" classname="shinytest2_tm_a_regression" name="e2e_tm_a_regression_Data_parameter_and_module_label_is_passed_properly."/>
    <testcase time="0.0040000000000191" classname="shinytest2_tm_a_regression" name="e2e_tm_a_regression_Data_parameter_and_module_label_is_passed_properly."/>
    <testcase time="9.33799999999999" classname="shinytest2_tm_a_regression" name="e2e_tm_a_regression_Data_extract_spec_elements_are_initialized_with_the_default_values_specified_by_response_and_regressor_arg."/>
    <testcase time="0.00399999999999068" classname="shinytest2_tm_a_regression" name="e2e_tm_a_regression_Data_extract_spec_elements_are_initialized_with_the_default_values_specified_by_response_and_regressor_arg."/>
    <testcase time="11.41" classname="shinytest2_tm_a_regression" name="e2e_tm_a_regression_Plot_type_is_set_properly."/>
    <testcase time="9.24900000000002" classname="shinytest2_tm_a_regression" name="e2e_tm_a_regression_Plot_type_has_7_specific_choices_changing_choices_does_not_throw_errors."/>
    <testcase time="2.06299999999999" classname="shinytest2_tm_a_regression" name="e2e_tm_a_regression_Plot_type_has_7_specific_choices_changing_choices_does_not_throw_errors."/>
    <testcase time="0.00200000000000955" classname="shinytest2_tm_a_regression" name="e2e_tm_a_regression_Plot_type_has_7_specific_choices_changing_choices_does_not_throw_errors."/>
    <testcase time="1.31399999999996" classname="shinytest2_tm_a_regression" name="e2e_tm_a_regression_Plot_type_has_7_specific_choices_changing_choices_does_not_throw_errors."/>
    <testcase time="0.00200000000000955" classname="shinytest2_tm_a_regression" name="e2e_tm_a_regression_Plot_type_has_7_specific_choices_changing_choices_does_not_throw_errors."/>
    <testcase time="1.44100000000003" classname="shinytest2_tm_a_regression" name="e2e_tm_a_regression_Plot_type_has_7_specific_choices_changing_choices_does_not_throw_errors."/>
    <testcase time="0.000999999999976353" classname="shinytest2_tm_a_regression" name="e2e_tm_a_regression_Plot_type_has_7_specific_choices_changing_choices_does_not_throw_errors."/>
    <testcase time="1.459" classname="shinytest2_tm_a_regression" name="e2e_tm_a_regression_Plot_type_has_7_specific_choices_changing_choices_does_not_throw_errors."/>
    <testcase time="0.000999999999976353" classname="shinytest2_tm_a_regression" name="e2e_tm_a_regression_Plot_type_has_7_specific_choices_changing_choices_does_not_throw_errors."/>
    <testcase time="1.334" classname="shinytest2_tm_a_regression" name="e2e_tm_a_regression_Plot_type_has_7_specific_choices_changing_choices_does_not_throw_errors."/>
    <testcase time="0.00200000000000955" classname="shinytest2_tm_a_regression" name="e2e_tm_a_regression_Plot_type_has_7_specific_choices_changing_choices_does_not_throw_errors."/>
    <testcase time="1.512" classname="shinytest2_tm_a_regression" name="e2e_tm_a_regression_Plot_type_has_7_specific_choices_changing_choices_does_not_throw_errors."/>
    <testcase time="0.00200000000000955" classname="shinytest2_tm_a_regression" name="e2e_tm_a_regression_Plot_type_has_7_specific_choices_changing_choices_does_not_throw_errors."/>
    <testcase time="1.49400000000003" classname="shinytest2_tm_a_regression" name="e2e_tm_a_regression_Plot_type_has_7_specific_choices_changing_choices_does_not_throw_errors."/>
    <testcase time="9.464" classname="shinytest2_tm_a_regression" name="e2e_tm_a_regression_Outlier_definition_and_label_are_visible_by_default."/>
    <testcase time="2.14499999999998" classname="shinytest2_tm_a_regression" name="e2e_tm_a_regression_Outlier_definition_and_label_are_visible_by_default."/>
    <testcase time="2.14600000000002" classname="shinytest2_tm_a_regression" name="e2e_tm_a_regression_Outlier_definition_and_label_are_visible_by_default."/>
    <testcase time="9.27199999999999" classname="shinytest2_tm_a_regression" name="e2e_tm_a_regression_Outlier_definition_and_label_have_default_values_and_label_text."/>
    <testcase time="0.00399999999996226" classname="shinytest2_tm_a_regression" name="e2e_tm_a_regression_Outlier_definition_and_label_have_default_values_and_label_text."/>
    <testcase time="0.0010000000000332" classname="shinytest2_tm_a_regression" name="e2e_tm_a_regression_Outlier_definition_and_label_have_default_values_and_label_text."/>
    <testcase time="0.00900000000001455" classname="shinytest2_tm_a_regression" name="e2e_tm_a_regression_Outlier_definition_and_label_have_default_values_and_label_text."/>
    <testcase time="0.0499999999999545" classname="shinytest2_tm_a_regression" name="e2e_tm_a_regression_Outlier_definition_and_label_have_default_values_and_label_text."/>
    <testcase time="13" classname="shinytest2_tm_a_regression" name="e2e_tm_a_regression_Unchecking_display_outlier_hides_outlier_label_and_definition."/>
    <testcase time="2.13400000000001" classname="shinytest2_tm_a_regression" name="e2e_tm_a_regression_Unchecking_display_outlier_hides_outlier_label_and_definition."/>
    <testcase time="0.00600000000002865" classname="shinytest2_tm_a_regression" name="e2e_tm_a_regression_Unchecking_display_outlier_hides_outlier_label_and_definition."/>
  </testsuite>
  <testsuite name="shinytest2-tm_data_table" timestamp="2026-01-21T15:58:35Z" hostname="e60e1a3ee018" tests="10" skipped="0" failures="0" errors="0" time="37.227">
    <testcase time="8.38599999999997" classname="shinytest2_tm_data_table" name="e2e_tm_data_table_Initializes_without_errors"/>
    <testcase time="0.0040000000000191" classname="shinytest2_tm_data_table" name="e2e_tm_data_table_Initializes_without_errors"/>
    <testcase time="8.37099999999998" classname="shinytest2_tm_data_table" name="e2e_tm_data_table_Verify_checkbox_displayed_over_data_table"/>
    <testcase time="8.35900000000004" classname="shinytest2_tm_data_table" name="e2e_tm_data_table_Verify_module_displays_data_table"/>
    <testcase time="2.065" classname="shinytest2_tm_data_table" name="e2e_tm_data_table_Verify_module_displays_data_table"/>
    <testcase time="0.0179999999999723" classname="shinytest2_tm_data_table" name="e2e_tm_data_table_Verify_module_displays_data_table"/>
    <testcase time="0.865000000000009" classname="shinytest2_tm_data_table" name="e2e_tm_data_table_Verify_module_displays_data_table"/>
    <testcase time="8.32600000000002" classname="shinytest2_tm_data_table" name="e2e_tm_data_table_Verify_default_variable_selection_and_set_new_selection"/>
    <testcase time="0.823999999999955" classname="shinytest2_tm_data_table" name="e2e_tm_data_table_Verify_default_variable_selection_and_set_new_selection"/>
    <testcase time="0.00900000000001455" classname="shinytest2_tm_data_table" name="e2e_tm_data_table_Verify_default_variable_selection_and_set_new_selection"/>
  </testsuite>
  <testsuite name="shinytest2-tm_file_viewer" timestamp="2026-01-21T15:59:13Z" hostname="e60e1a3ee018" tests="13" skipped="0" failures="0" errors="0" time="42.514">
    <testcase time="7.06900000000002" classname="shinytest2_tm_file_viewer" name="e2e_tm_file_viewer_Initializes_without_errors_and_shows_files_tree_specified_in_input_path_argument"/>
    <testcase time="0.00599999999997181" classname="shinytest2_tm_file_viewer" name="e2e_tm_file_viewer_Initializes_without_errors_and_shows_files_tree_specified_in_input_path_argument"/>
    <testcase time="2.05200000000002" classname="shinytest2_tm_file_viewer" name="e2e_tm_file_viewer_Initializes_without_errors_and_shows_files_tree_specified_in_input_path_argument"/>
    <testcase time="0.0040000000000191" classname="shinytest2_tm_file_viewer" name="e2e_tm_file_viewer_Initializes_without_errors_and_shows_files_tree_specified_in_input_path_argument"/>
    <testcase time="0.00399999999996226" classname="shinytest2_tm_file_viewer" name="e2e_tm_file_viewer_Initializes_without_errors_and_shows_files_tree_specified_in_input_path_argument"/>
    <testcase time="11.104" classname="shinytest2_tm_file_viewer" name="e2e_tm_file_viewer_Shows_selected_image_file"/>
    <testcase time="0.00499999999999545" classname="shinytest2_tm_file_viewer" name="e2e_tm_file_viewer_Shows_selected_image_file"/>
    <testcase time="11.09" classname="shinytest2_tm_file_viewer" name="e2e_tm_file_viewer_Shows_selected_text_file"/>
    <testcase time="0.007000000000005" classname="shinytest2_tm_file_viewer" name="e2e_tm_file_viewer_Shows_selected_text_file"/>
    <testcase time="0.0029999999999859" classname="shinytest2_tm_file_viewer" name="e2e_tm_file_viewer_Shows_selected_text_file"/>
    <testcase time="0.0550000000000068" classname="shinytest2_tm_file_viewer" name="e2e_tm_file_viewer_Shows_selected_text_file"/>
    <testcase time="11.107" classname="shinytest2_tm_file_viewer" name="e2e_tm_file_viewer_Shows_selected_url"/>
    <testcase time="0.00799999999998136" classname="shinytest2_tm_file_viewer" name="e2e_tm_file_viewer_Shows_selected_url"/>
  </testsuite>
  <testsuite name="shinytest2-tm_front_page" timestamp="2026-01-21T15:59:55Z" hostname="e60e1a3ee018" tests="9" skipped="0" failures="0" errors="0" time="33.157">
    <testcase time="7.86599999999999" classname="shinytest2_tm_front_page" name="e2e_tm_front_page_Initializes_without_errors_and_check_html_elements"/>
    <testcase time="0.0040000000000191" classname="shinytest2_tm_front_page" name="e2e_tm_front_page_Initializes_without_errors_and_check_html_elements"/>
    <testcase time="0.007000000000005" classname="shinytest2_tm_front_page" name="e2e_tm_front_page_Initializes_without_errors_and_check_html_elements"/>
    <testcase time="0.00599999999997181" classname="shinytest2_tm_front_page" name="e2e_tm_front_page_Initializes_without_errors_and_check_html_elements"/>
    <testcase time="8.11099999999999" classname="shinytest2_tm_front_page" name="e2e_tm_front_page_Verify_the_module_displays_tables"/>
    <testcase time="2.05800000000005" classname="shinytest2_tm_front_page" name="e2e_tm_front_page_Verify_the_module_displays_tables"/>
    <testcase time="0.0540000000000305" classname="shinytest2_tm_front_page" name="e2e_tm_front_page_Verify_the_module_displays_tables"/>
    <testcase time="2.06399999999996" classname="shinytest2_tm_front_page" name="e2e_tm_front_page_Verify_the_module_displays_tables"/>
    <testcase time="12.987" classname="shinytest2_tm_front_page" name="e2e_tm_front_page_Verify_the_module_displays_metadata"/>
  </testsuite>
  <testsuite name="shinytest2-tm_g_association" timestamp="2026-01-21T16:00:28Z" hostname="e60e1a3ee018" tests="4" skipped="4" failures="0" errors="0" time="0.148">
    <testcase time="0.0919999999999845" classname="shinytest2_tm_g_association" name="e2e_tm_g_association_Data_parameter_and_module_label_is_passed_properly.">
      <skipped message="Reason: ggmosaic issue: will be resumed via the issue #925 in tmg ('test-shinytest2-tm_g_association.R:51:3')"/>
    </testcase>
    <testcase time="0.0219999999999914" classname="shinytest2_tm_g_association" name="e2e_tm_g_association_Data_extract_spec_elements_are_initialized_with_the_default_values_specified_by_ref_and_vars_arguments.">
      <skipped message="Reason: ggmosaic issue: will be resumed via the issue  ('test-shinytest2-tm_g_association.R:68:3')"/>
    </testcase>
    <testcase time="0.0199999999999818" classname="shinytest2_tm_g_association" name="e2e_tm_g_association_Module_plot_is_visible.">
      <skipped message="Reason: ggmosaic issue: will be resumed via the issue  ('test-shinytest2-tm_g_association.R:90:3')"/>
    </testcase>
    <testcase time="0.01400000000001" classname="shinytest2_tm_g_association" name="e2e_tm_g_association_Check_and_set_default_values_for_radio_buttons.">
      <skipped message="Reason: ggmosaic issue: will be resumed via the issue  ('test-shinytest2-tm_g_association.R:100:3')"/>
    </testcase>
  </testsuite>
  <testsuite name="shinytest2-tm_g_bivariate" timestamp="2026-01-21T16:00:28Z" hostname="e60e1a3ee018" tests="44" skipped="0" failures="0" errors="0" time="102.103">
    <testcase time="9.74400000000003" classname="shinytest2_tm_g_bivariate" name="e2e_tm_g_bivariate_Module_is_initialised_with_the_specified_defaults."/>
    <testcase time="0.00900000000001455" classname="shinytest2_tm_g_bivariate" name="e2e_tm_g_bivariate_Module_is_initialised_with_the_specified_defaults."/>
    <testcase time="0.0489999999999782" classname="shinytest2_tm_g_bivariate" name="e2e_tm_g_bivariate_Module_is_initialised_with_the_specified_defaults."/>
    <testcase time="0.0509999999999877" classname="shinytest2_tm_g_bivariate" name="e2e_tm_g_bivariate_Module_is_initialised_with_the_specified_defaults."/>
    <testcase time="0.0509999999999877" classname="shinytest2_tm_g_bivariate" name="e2e_tm_g_bivariate_Module_is_initialised_with_the_specified_defaults."/>
    <testcase time="0.0500000000000114" classname="shinytest2_tm_g_bivariate" name="e2e_tm_g_bivariate_Module_is_initialised_with_the_specified_defaults."/>
    <testcase time="0.0509999999999877" classname="shinytest2_tm_g_bivariate" name="e2e_tm_g_bivariate_Module_is_initialised_with_the_specified_defaults."/>
    <testcase time="0.0500000000000114" classname="shinytest2_tm_g_bivariate" name="e2e_tm_g_bivariate_Module_is_initialised_with_the_specified_defaults."/>
    <testcase time="0.0500000000000114" classname="shinytest2_tm_g_bivariate" name="e2e_tm_g_bivariate_Module_is_initialised_with_the_specified_defaults."/>
    <testcase time="0.0500000000000114" classname="shinytest2_tm_g_bivariate" name="e2e_tm_g_bivariate_Module_is_initialised_with_the_specified_defaults."/>
    <testcase time="0.0509999999999877" classname="shinytest2_tm_g_bivariate" name="e2e_tm_g_bivariate_Module_is_initialised_with_the_specified_defaults."/>
    <testcase time="0.0520000000000209" classname="shinytest2_tm_g_bivariate" name="e2e_tm_g_bivariate_Module_is_initialised_with_the_specified_defaults."/>
    <testcase time="0.0509999999999877" classname="shinytest2_tm_g_bivariate" name="e2e_tm_g_bivariate_Module_is_initialised_with_the_specified_defaults."/>
    <testcase time="0.0519999999999641" classname="shinytest2_tm_g_bivariate" name="e2e_tm_g_bivariate_Module_is_initialised_with_the_specified_defaults."/>
    <testcase time="0.0510000000000446" classname="shinytest2_tm_g_bivariate" name="e2e_tm_g_bivariate_Module_is_initialised_with_the_specified_defaults."/>
    <testcase time="0.0509999999999877" classname="shinytest2_tm_g_bivariate" name="e2e_tm_g_bivariate_Module_is_initialised_with_the_specified_defaults."/>
    <testcase time="0.0500000000000114" classname="shinytest2_tm_g_bivariate" name="e2e_tm_g_bivariate_Module_is_initialised_with_the_specified_defaults."/>
    <testcase time="0.0509999999999877" classname="shinytest2_tm_g_bivariate" name="e2e_tm_g_bivariate_Module_is_initialised_with_the_specified_defaults."/>
    <testcase time="12.069" classname="shinytest2_tm_g_bivariate" name="e2e_tm_g_bivariate_Coloring_options_are_hidden_when_coloring_is_toggled_off."/>
    <testcase time="2.17099999999999" classname="shinytest2_tm_g_bivariate" name="e2e_tm_g_bivariate_Coloring_options_are_hidden_when_coloring_is_toggled_off."/>
    <testcase time="2.16699999999997" classname="shinytest2_tm_g_bivariate" name="e2e_tm_g_bivariate_Coloring_options_are_hidden_when_coloring_is_toggled_off."/>
    <testcase time="3.524" classname="shinytest2_tm_g_bivariate" name="e2e_tm_g_bivariate_Coloring_options_are_hidden_when_coloring_is_toggled_off."/>
    <testcase time="2.16000000000003" classname="shinytest2_tm_g_bivariate" name="e2e_tm_g_bivariate_Coloring_options_are_hidden_when_coloring_is_toggled_off."/>
    <testcase time="2.16199999999998" classname="shinytest2_tm_g_bivariate" name="e2e_tm_g_bivariate_Coloring_options_are_hidden_when_coloring_is_toggled_off."/>
    <testcase time="12.021" classname="shinytest2_tm_g_bivariate" name="e2e_tm_g_bivariate_Facetting_options_are_hidden_when_facet_is_toggled_off."/>
    <testcase time="2.16800000000001" classname="shinytest2_tm_g_bivariate" name="e2e_tm_g_bivariate_Facetting_options_are_hidden_when_facet_is_toggled_off."/>
    <testcase time="2.166" classname="shinytest2_tm_g_bivariate" name="e2e_tm_g_bivariate_Facetting_options_are_hidden_when_facet_is_toggled_off."/>
    <testcase time="2.166" classname="shinytest2_tm_g_bivariate" name="e2e_tm_g_bivariate_Facetting_options_are_hidden_when_facet_is_toggled_off."/>
    <testcase time="3.31200000000001" classname="shinytest2_tm_g_bivariate" name="e2e_tm_g_bivariate_Facetting_options_are_hidden_when_facet_is_toggled_off."/>
    <testcase time="2.166" classname="shinytest2_tm_g_bivariate" name="e2e_tm_g_bivariate_Facetting_options_are_hidden_when_facet_is_toggled_off."/>
    <testcase time="2.166" classname="shinytest2_tm_g_bivariate" name="e2e_tm_g_bivariate_Facetting_options_are_hidden_when_facet_is_toggled_off."/>
    <testcase time="2.16800000000001" classname="shinytest2_tm_g_bivariate" name="e2e_tm_g_bivariate_Facetting_options_are_hidden_when_facet_is_toggled_off."/>
    <testcase time="11.235" classname="shinytest2_tm_g_bivariate" name="e2e_tm_g_bivariate_Setting_encoding_inputs_produces_outputs_without_validation_errors."/>
    <testcase time="0.522999999999968" classname="shinytest2_tm_g_bivariate" name="e2e_tm_g_bivariate_Setting_encoding_inputs_produces_outputs_without_validation_errors."/>
    <testcase time="1.483" classname="shinytest2_tm_g_bivariate" name="e2e_tm_g_bivariate_Setting_encoding_inputs_produces_outputs_without_validation_errors."/>
    <testcase time="2.89800000000002" classname="shinytest2_tm_g_bivariate" name="e2e_tm_g_bivariate_Setting_encoding_inputs_produces_outputs_without_validation_errors."/>
    <testcase time="1.70500000000004" classname="shinytest2_tm_g_bivariate" name="e2e_tm_g_bivariate_Setting_encoding_inputs_produces_outputs_without_validation_errors."/>
    <testcase time="2.87899999999991" classname="shinytest2_tm_g_bivariate" name="e2e_tm_g_bivariate_Setting_encoding_inputs_produces_outputs_without_validation_errors."/>
    <testcase time="2.89200000000005" classname="shinytest2_tm_g_bivariate" name="e2e_tm_g_bivariate_Setting_encoding_inputs_produces_outputs_without_validation_errors."/>
    <testcase time="3.00300000000004" classname="shinytest2_tm_g_bivariate" name="e2e_tm_g_bivariate_Setting_encoding_inputs_produces_outputs_without_validation_errors."/>
    <testcase time="2.97399999999993" classname="shinytest2_tm_g_bivariate" name="e2e_tm_g_bivariate_Setting_encoding_inputs_produces_outputs_without_validation_errors."/>
    <testcase time="3.13800000000003" classname="shinytest2_tm_g_bivariate" name="e2e_tm_g_bivariate_Setting_encoding_inputs_produces_outputs_without_validation_errors."/>
    <testcase time="3.30200000000002" classname="shinytest2_tm_g_bivariate" name="e2e_tm_g_bivariate_Setting_encoding_inputs_produces_outputs_without_validation_errors."/>
    <testcase time="2.92099999999994" classname="shinytest2_tm_g_bivariate" name="e2e_tm_g_bivariate_Setting_encoding_inputs_produces_outputs_without_validation_errors."/>
  </testsuite>
  <testsuite name="shinytest2-tm_g_distribution" timestamp="2026-01-21T16:03:17Z" hostname="e60e1a3ee018" tests="20" skipped="0" failures="0" errors="0" time="117.151">
    <testcase time="76.4150000000001" classname="shinytest2_tm_g_distribution" name="e2e_tm_g_distribution_Module_is_initialised_with_the_specified_defaults."/>
    <testcase time="0.0489999999999782" classname="shinytest2_tm_g_distribution" name="e2e_tm_g_distribution_Module_is_initialised_with_the_specified_defaults."/>
    <testcase time="0.0510000000000446" classname="shinytest2_tm_g_distribution" name="e2e_tm_g_distribution_Module_is_initialised_with_the_specified_defaults."/>
    <testcase time="0.0509999999999309" classname="shinytest2_tm_g_distribution" name="e2e_tm_g_distribution_Module_is_initialised_with_the_specified_defaults."/>
    <testcase time="0.0529999999999973" classname="shinytest2_tm_g_distribution" name="e2e_tm_g_distribution_Module_is_initialised_with_the_specified_defaults."/>
    <testcase time="0.0489999999999782" classname="shinytest2_tm_g_distribution" name="e2e_tm_g_distribution_Module_is_initialised_with_the_specified_defaults."/>
    <testcase time="0.0490000000000919" classname="shinytest2_tm_g_distribution" name="e2e_tm_g_distribution_Module_is_initialised_with_the_specified_defaults."/>
    <testcase time="0.0499999999999545" classname="shinytest2_tm_g_distribution" name="e2e_tm_g_distribution_Module_is_initialised_with_the_specified_defaults."/>
    <testcase time="0.0499999999999545" classname="shinytest2_tm_g_distribution" name="e2e_tm_g_distribution_Module_is_initialised_with_the_specified_defaults."/>
    <testcase time="0.701999999999998" classname="shinytest2_tm_g_distribution" name="e2e_tm_g_distribution_Module_is_initialised_with_the_specified_defaults."/>
    <testcase time="10.763" classname="shinytest2_tm_g_distribution" name="e2e_tm_g_distribution_Histogram_encoding_inputs_produce_output_without_validation_errors."/>
    <testcase time="3.01800000000003" classname="shinytest2_tm_g_distribution" name="e2e_tm_g_distribution_Histogram_encoding_inputs_produce_output_without_validation_errors."/>
    <testcase time="2.02499999999998" classname="shinytest2_tm_g_distribution" name="e2e_tm_g_distribution_Histogram_encoding_inputs_produce_output_without_validation_errors."/>
    <testcase time="1.21299999999997" classname="shinytest2_tm_g_distribution" name="e2e_tm_g_distribution_Histogram_encoding_inputs_produce_output_without_validation_errors."/>
    <testcase time="2.41100000000006" classname="shinytest2_tm_g_distribution" name="e2e_tm_g_distribution_Histogram_encoding_inputs_produce_output_without_validation_errors."/>
    <testcase time="2.18999999999994" classname="shinytest2_tm_g_distribution" name="e2e_tm_g_distribution_Histogram_encoding_inputs_produce_output_without_validation_errors."/>
    <testcase time="1.327" classname="shinytest2_tm_g_distribution" name="e2e_tm_g_distribution_Histogram_encoding_inputs_produce_output_without_validation_errors."/>
    <testcase time="1.25700000000006" classname="shinytest2_tm_g_distribution" name="e2e_tm_g_distribution_Histogram_encoding_inputs_produce_output_without_validation_errors."/>
    <testcase time="10.777" classname="shinytest2_tm_g_distribution" name="e2e_tm_g_distribution_QQ_plot_encoding_inputs_produce_output_without_validation_errors."/>
    <testcase time="4.65099999999995" classname="shinytest2_tm_g_distribution" name="e2e_tm_g_distribution_QQ_plot_encoding_inputs_produce_output_without_validation_errors."/>
  </testsuite>
  <testsuite name="shinytest2-tm_g_response" timestamp="2026-01-21T16:04:08Z" hostname="e60e1a3ee018" tests="17" skipped="0" failures="0" errors="0" time="47.752">
    <testcase time="9.20399999999995" classname="shinytest2_tm_g_response" name="e2e_tm_g_response_module_is_initialised_with_the_specified_defaults."/>
    <testcase time="0.0500000000000682" classname="shinytest2_tm_g_response" name="e2e_tm_g_response_module_is_initialised_with_the_specified_defaults."/>
    <testcase time="0.0509999999999309" classname="shinytest2_tm_g_response" name="e2e_tm_g_response_module_is_initialised_with_the_specified_defaults."/>
    <testcase time="0.0500000000000682" classname="shinytest2_tm_g_response" name="e2e_tm_g_response_module_is_initialised_with_the_specified_defaults."/>
    <testcase time="0.0520000000000209" classname="shinytest2_tm_g_response" name="e2e_tm_g_response_module_is_initialised_with_the_specified_defaults."/>
    <testcase time="0.0519999999999072" classname="shinytest2_tm_g_response" name="e2e_tm_g_response_module_is_initialised_with_the_specified_defaults."/>
    <testcase time="0.0510000000000446" classname="shinytest2_tm_g_response" name="e2e_tm_g_response_module_is_initialised_with_the_specified_defaults."/>
    <testcase time="0.0499999999999545" classname="shinytest2_tm_g_response" name="e2e_tm_g_response_module_is_initialised_with_the_specified_defaults."/>
    <testcase time="11.01" classname="shinytest2_tm_g_response" name="e2e_tm_g_response_encoding_inputs_produce_output_without_validation_errors."/>
    <testcase time="1.49600000000009" classname="shinytest2_tm_g_response" name="e2e_tm_g_response_encoding_inputs_produce_output_without_validation_errors."/>
    <testcase time="1.29999999999995" classname="shinytest2_tm_g_response" name="e2e_tm_g_response_encoding_inputs_produce_output_without_validation_errors."/>
    <testcase time="1.16700000000003" classname="shinytest2_tm_g_response" name="e2e_tm_g_response_encoding_inputs_produce_output_without_validation_errors."/>
    <testcase time="1.23199999999997" classname="shinytest2_tm_g_response" name="e2e_tm_g_response_encoding_inputs_produce_output_without_validation_errors."/>
    <testcase time="1.21500000000003" classname="shinytest2_tm_g_response" name="e2e_tm_g_response_encoding_inputs_produce_output_without_validation_errors."/>
    <testcase time="1.23699999999997" classname="shinytest2_tm_g_response" name="e2e_tm_g_response_encoding_inputs_produce_output_without_validation_errors."/>
    <testcase time="9.755" classname="shinytest2_tm_g_response" name="e2e_tm_g_response_deselecting_response_produces_validation_error."/>
    <testcase time="9.77999999999997" classname="shinytest2_tm_g_response" name="e2e_tm_g_response_deselecting_x_produces_validation_error."/>
  </testsuite>
  <testsuite name="shinytest2-tm_g_scatterplot" timestamp="2026-01-21T16:04:55Z" hostname="e60e1a3ee018" tests="35" skipped="0" failures="0" errors="0" time="139.098">
    <testcase time="9.29600000000005" classname="shinytest2_tm_g_scatterplot" name="e2e_tm_g_scatterplot_Module_is_initialised_with_the_specified_defaults."/>
    <testcase time="0.00900000000001455" classname="shinytest2_tm_g_scatterplot" name="e2e_tm_g_scatterplot_Module_is_initialised_with_the_specified_defaults."/>
    <testcase time="0.0489999999999782" classname="shinytest2_tm_g_scatterplot" name="e2e_tm_g_scatterplot_Module_is_initialised_with_the_specified_defaults."/>
    <testcase time="0.0510000000000446" classname="shinytest2_tm_g_scatterplot" name="e2e_tm_g_scatterplot_Module_is_initialised_with_the_specified_defaults."/>
    <testcase time="0.0499999999999545" classname="shinytest2_tm_g_scatterplot" name="e2e_tm_g_scatterplot_Module_is_initialised_with_the_specified_defaults."/>
    <testcase time="0.0510000000000446" classname="shinytest2_tm_g_scatterplot" name="e2e_tm_g_scatterplot_Module_is_initialised_with_the_specified_defaults."/>
    <testcase time="0.0499999999999545" classname="shinytest2_tm_g_scatterplot" name="e2e_tm_g_scatterplot_Module_is_initialised_with_the_specified_defaults."/>
    <testcase time="0.0499999999999545" classname="shinytest2_tm_g_scatterplot" name="e2e_tm_g_scatterplot_Module_is_initialised_with_the_specified_defaults."/>
    <testcase time="0.0510000000000446" classname="shinytest2_tm_g_scatterplot" name="e2e_tm_g_scatterplot_Module_is_initialised_with_the_specified_defaults."/>
    <testcase time="0.0510000000000446" classname="shinytest2_tm_g_scatterplot" name="e2e_tm_g_scatterplot_Module_is_initialised_with_the_specified_defaults."/>
    <testcase time="0.0489999999999782" classname="shinytest2_tm_g_scatterplot" name="e2e_tm_g_scatterplot_Module_is_initialised_with_the_specified_defaults."/>
    <testcase time="0.0499999999999545" classname="shinytest2_tm_g_scatterplot" name="e2e_tm_g_scatterplot_Module_is_initialised_with_the_specified_defaults."/>
    <testcase time="0.0500000000000682" classname="shinytest2_tm_g_scatterplot" name="e2e_tm_g_scatterplot_Module_is_initialised_with_the_specified_defaults."/>
    <testcase time="0.0509999999999309" classname="shinytest2_tm_g_scatterplot" name="e2e_tm_g_scatterplot_Module_is_initialised_with_the_specified_defaults."/>
    <testcase time="0.0500000000000682" classname="shinytest2_tm_g_scatterplot" name="e2e_tm_g_scatterplot_Module_is_initialised_with_the_specified_defaults."/>
    <testcase time="0.0489999999999782" classname="shinytest2_tm_g_scatterplot" name="e2e_tm_g_scatterplot_Module_is_initialised_with_the_specified_defaults."/>
    <testcase time="10.3729999999999" classname="shinytest2_tm_g_scatterplot" name="e2e_tm_g_scatterplot_Base_for_the_log_transformation_can_be_applied."/>
    <testcase time="0.98700000000008" classname="shinytest2_tm_g_scatterplot" name="e2e_tm_g_scatterplot_Base_for_the_log_transformation_can_be_applied."/>
    <testcase time="1.25599999999997" classname="shinytest2_tm_g_scatterplot" name="e2e_tm_g_scatterplot_Base_for_the_log_transformation_can_be_applied."/>
    <testcase time="0.980999999999995" classname="shinytest2_tm_g_scatterplot" name="e2e_tm_g_scatterplot_Base_for_the_log_transformation_can_be_applied."/>
    <testcase time="11.0839999999999" classname="shinytest2_tm_g_scatterplot" name="e2e_tm_g_scatterplot_The_log_transform_is_only_possible_for_positive_numeric_vars."/>
    <testcase time="1.303" classname="shinytest2_tm_g_scatterplot" name="e2e_tm_g_scatterplot_The_log_transform_is_only_possible_for_positive_numeric_vars."/>
    <testcase time="1.67600000000004" classname="shinytest2_tm_g_scatterplot" name="e2e_tm_g_scatterplot_The_log_transform_is_only_possible_for_positive_numeric_vars."/>
    <testcase time="11.8390000000001" classname="shinytest2_tm_g_scatterplot" name="e2e_tm_g_scatterplot_Get_validation_error_when_facetting_with_the_same_row_col_variable."/>
    <testcase time="10.821" classname="shinytest2_tm_g_scatterplot" name="e2e_tm_g_scatterplot_The_encoding_inputs_are_set_without_validation_errors."/>
    <testcase time="1.42499999999995" classname="shinytest2_tm_g_scatterplot" name="e2e_tm_g_scatterplot_The_encoding_inputs_are_set_without_validation_errors."/>
    <testcase time="1.50900000000001" classname="shinytest2_tm_g_scatterplot" name="e2e_tm_g_scatterplot_The_encoding_inputs_are_set_without_validation_errors."/>
    <testcase time="1.78200000000004" classname="shinytest2_tm_g_scatterplot" name="e2e_tm_g_scatterplot_The_encoding_inputs_are_set_without_validation_errors."/>
    <testcase time="1.69599999999991" classname="shinytest2_tm_g_scatterplot" name="e2e_tm_g_scatterplot_The_encoding_inputs_are_set_without_validation_errors."/>
    <testcase time="1.69000000000005" classname="shinytest2_tm_g_scatterplot" name="e2e_tm_g_scatterplot_The_encoding_inputs_are_set_without_validation_errors."/>
    <testcase time="1.70999999999992" classname="shinytest2_tm_g_scatterplot" name="e2e_tm_g_scatterplot_The_encoding_inputs_are_set_without_validation_errors."/>
    <testcase time="60.5300000000001" classname="shinytest2_tm_g_scatterplot" name="e2e_tm_g_scatterplot_The_encoding_inputs_are_set_without_validation_errors."/>
    <testcase time="1.75999999999999" classname="shinytest2_tm_g_scatterplot" name="e2e_tm_g_scatterplot_The_encoding_inputs_are_set_without_validation_errors."/>
    <testcase time="3.81100000000004" classname="shinytest2_tm_g_scatterplot" name="e2e_tm_g_scatterplot_The_encoding_inputs_are_set_without_validation_errors."/>
    <testcase time="2.85799999999995" classname="shinytest2_tm_g_scatterplot" name="e2e_tm_g_scatterplot_The_encoding_inputs_are_set_without_validation_errors."/>
  </testsuite>
  <testsuite name="shinytest2-tm_g_scatterplotmatrix" timestamp="2026-01-21T16:07:15Z" hostname="e60e1a3ee018" tests="9" skipped="0" failures="0" errors="0" time="45.37">
    <testcase time="9.34100000000001" classname="shinytest2_tm_g_scatterplotmatrix" name="e2e_tm_g_scatterplotmatrix_Initializes_without_errors"/>
    <testcase time="0.0040000000000191" classname="shinytest2_tm_g_scatterplotmatrix" name="e2e_tm_g_scatterplotmatrix_Initializes_without_errors"/>
    <testcase time="0.00299999999992906" classname="shinytest2_tm_g_scatterplotmatrix" name="e2e_tm_g_scatterplotmatrix_Initializes_without_errors"/>
    <testcase time="11.5020000000001" classname="shinytest2_tm_g_scatterplotmatrix" name="e2e_tm_g_scatterplotmatrix_Verify_module_displays_data_table"/>
    <testcase time="9.52699999999993" classname="shinytest2_tm_g_scatterplotmatrix" name="e2e_tm_g_scatterplotmatrix_Verify_default_values_and_settings_data_extracts_for_data_selection"/>
    <testcase time="0.00200000000006639" classname="shinytest2_tm_g_scatterplotmatrix" name="e2e_tm_g_scatterplotmatrix_Verify_default_values_and_settings_data_extracts_for_data_selection"/>
    <testcase time="1.45499999999993" classname="shinytest2_tm_g_scatterplotmatrix" name="e2e_tm_g_scatterplotmatrix_Verify_default_values_and_settings_data_extracts_for_data_selection"/>
    <testcase time="10.9290000000001" classname="shinytest2_tm_g_scatterplotmatrix" name="e2e_tm_g_scatterplotmatrix_Change_plot_settings"/>
    <testcase time="2.60699999999997" classname="shinytest2_tm_g_scatterplotmatrix" name="e2e_tm_g_scatterplotmatrix_Change_plot_settings"/>
  </testsuite>
  <testsuite name="shinytest2-tm_missing_data" timestamp="2026-01-21T16:08:00Z" hostname="e60e1a3ee018" tests="22" skipped="0" failures="0" errors="0" time="68.803">
    <testcase time="10.437" classname="shinytest2_tm_missing_data" name="e2e_tm_missing_data_Initializes_without_errors"/>
    <testcase time="0.0040000000000191" classname="shinytest2_tm_missing_data" name="e2e_tm_missing_data_Initializes_without_errors"/>
    <testcase time="0.0040000000000191" classname="shinytest2_tm_missing_data" name="e2e_tm_missing_data_Initializes_without_errors"/>
    <testcase time="10.313" classname="shinytest2_tm_missing_data" name="e2e_tm_missing_data_Default_settings_and_visibility_of_the_summary_graph"/>
    <testcase time="0.0499999999999545" classname="shinytest2_tm_missing_data" name="e2e_tm_missing_data_Default_settings_and_visibility_of_the_summary_graph"/>
    <testcase time="3.17399999999998" classname="shinytest2_tm_missing_data" name="e2e_tm_missing_data_Default_settings_and_visibility_of_the_summary_graph"/>
    <testcase time="2.98199999999997" classname="shinytest2_tm_missing_data" name="e2e_tm_missing_data_Default_settings_and_visibility_of_the_summary_graph"/>
    <testcase time="2.59700000000009" classname="shinytest2_tm_missing_data" name="e2e_tm_missing_data_Default_settings_and_visibility_of_the_summary_graph"/>
    <testcase time="10.5609999999999" classname="shinytest2_tm_missing_data" name="e2e_tm_missing_data_Check_default_settings_and_visibility_of_the_combinations_graph_and_encodings"/>
    <testcase time="2.42600000000004" classname="shinytest2_tm_missing_data" name="e2e_tm_missing_data_Check_default_settings_and_visibility_of_the_combinations_graph_and_encodings"/>
    <testcase time="2.59799999999996" classname="shinytest2_tm_missing_data" name="e2e_tm_missing_data_Check_default_settings_and_visibility_of_the_combinations_graph_and_encodings"/>
    <testcase time="2.10000000000002" classname="shinytest2_tm_missing_data" name="e2e_tm_missing_data_Check_default_settings_and_visibility_of_the_combinations_graph_and_encodings"/>
    <testcase time="0.00999999999999091" classname="shinytest2_tm_missing_data" name="e2e_tm_missing_data_Check_default_settings_and_visibility_of_the_combinations_graph_and_encodings"/>
    <testcase time="2.15200000000004" classname="shinytest2_tm_missing_data" name="e2e_tm_missing_data_Check_default_settings_and_visibility_of_the_combinations_graph_and_encodings"/>
    <testcase time="0.00599999999997181" classname="shinytest2_tm_missing_data" name="e2e_tm_missing_data_Check_default_settings_and_visibility_of_the_combinations_graph_and_encodings"/>
    <testcase time="12.59" classname="shinytest2_tm_missing_data" name="e2e_tm_missing_data_Validate_functionality_and_UI_response_for_By_Variable_Levels_"/>
    <testcase time="0.51299999999992" classname="shinytest2_tm_missing_data" name="e2e_tm_missing_data_Validate_functionality_and_UI_response_for_By_Variable_Levels_"/>
    <testcase time="0.0490000000000919" classname="shinytest2_tm_missing_data" name="e2e_tm_missing_data_Validate_functionality_and_UI_response_for_By_Variable_Levels_"/>
    <testcase time="1.51499999999999" classname="shinytest2_tm_missing_data" name="e2e_tm_missing_data_Validate_functionality_and_UI_response_for_By_Variable_Levels_"/>
    <testcase time="0.51400000000001" classname="shinytest2_tm_missing_data" name="e2e_tm_missing_data_Validate_functionality_and_UI_response_for_By_Variable_Levels_"/>
    <testcase time="4.19899999999996" classname="shinytest2_tm_missing_data" name="e2e_tm_missing_data_Validate_functionality_and_UI_response_for_By_Variable_Levels_"/>
    <testcase time="0.00900000000001455" classname="shinytest2_tm_missing_data" name="e2e_tm_missing_data_Validate_functionality_and_UI_response_for_By_Variable_Levels_"/>
  </testsuite>
  <testsuite name="shinytest2-tm_outliers" timestamp="2026-01-21T16:09:09Z" hostname="e60e1a3ee018" tests="61" skipped="0" failures="0" errors="0" time="175.666">
    <testcase time="12.223" classname="shinytest2_tm_outliers" name="e2e_tm_outliers_Data_parameter_and_module_label_is_passed_properly."/>
    <testcase time="0.00499999999999545" classname="shinytest2_tm_outliers" name="e2e_tm_outliers_Data_parameter_and_module_label_is_passed_properly."/>
    <testcase time="0.00300000000004275" classname="shinytest2_tm_outliers" name="e2e_tm_outliers_Data_parameter_and_module_label_is_passed_properly."/>
    <testcase time="0.000999999999976353" classname="shinytest2_tm_outliers" name="e2e_tm_outliers_Data_parameter_and_module_label_is_passed_properly."/>
    <testcase time="12.0160000000001" classname="shinytest2_tm_outliers" name="e2e_tm_outliers_Data_extract_spec_elements_are_initialized_with_the_default_values_specified_by_outlier_var_and_categorical_var_argument."/>
    <testcase time="0.00899999999990087" classname="shinytest2_tm_outliers" name="e2e_tm_outliers_Data_extract_spec_elements_are_initialized_with_the_default_values_specified_by_outlier_var_and_categorical_var_argument."/>
    <testcase time="2.279" classname="shinytest2_tm_outliers" name="e2e_tm_outliers_Data_extract_spec_elements_are_initialized_with_the_default_values_specified_by_outlier_var_and_categorical_var_argument."/>
    <testcase time="0.0110000000000809" classname="shinytest2_tm_outliers" name="e2e_tm_outliers_Data_extract_spec_elements_are_initialized_with_the_default_values_specified_by_outlier_var_and_categorical_var_argument."/>
    <testcase time="0.0499999999999545" classname="shinytest2_tm_outliers" name="e2e_tm_outliers_Data_extract_spec_elements_are_initialized_with_the_default_values_specified_by_outlier_var_and_categorical_var_argument."/>
    <testcase time="1.54500000000007" classname="shinytest2_tm_outliers" name="e2e_tm_outliers_Data_extract_spec_elements_are_initialized_with_the_default_values_specified_by_outlier_var_and_categorical_var_argument."/>
    <testcase time="0.815999999999917" classname="shinytest2_tm_outliers" name="e2e_tm_outliers_Data_extract_spec_elements_are_initialized_with_the_default_values_specified_by_outlier_var_and_categorical_var_argument."/>
    <testcase time="11.9340000000001" classname="shinytest2_tm_outliers" name="e2e_tm_outliers_Plot_type_is_correctly_set_by_default_and_has_appropriate_possible_options."/>
    <testcase time="0.00799999999992451" classname="shinytest2_tm_outliers" name="e2e_tm_outliers_Plot_type_is_correctly_set_by_default_and_has_appropriate_possible_options."/>
    <testcase time="0.00499999999999545" classname="shinytest2_tm_outliers" name="e2e_tm_outliers_Plot_type_is_correctly_set_by_default_and_has_appropriate_possible_options."/>
    <testcase time="2.20500000000004" classname="shinytest2_tm_outliers" name="e2e_tm_outliers_Plot_type_is_correctly_set_by_default_and_has_appropriate_possible_options."/>
    <testcase time="12" classname="shinytest2_tm_outliers" name="e2e_tm_outliers_Module_is_divided_into_3_tabs."/>
    <testcase time="0.00900000000001455" classname="shinytest2_tm_outliers" name="e2e_tm_outliers_Module_is_divided_into_3_tabs."/>
    <testcase time="0.00699999999994816" classname="shinytest2_tm_outliers" name="e2e_tm_outliers_Module_is_divided_into_3_tabs."/>
    <testcase time="12.0070000000001" classname="shinytest2_tm_outliers" name="e2e_tm_outliers_Plot_type_is_hidden_when_Boxplot_tab_is_not_selected."/>
    <testcase time="2.18799999999987" classname="shinytest2_tm_outliers" name="e2e_tm_outliers_Plot_type_is_hidden_when_Boxplot_tab_is_not_selected."/>
    <testcase time="4.67700000000013" classname="shinytest2_tm_outliers" name="e2e_tm_outliers_Plot_type_is_hidden_when_Boxplot_tab_is_not_selected."/>
    <testcase time="4.81299999999987" classname="shinytest2_tm_outliers" name="e2e_tm_outliers_Plot_type_is_hidden_when_Boxplot_tab_is_not_selected."/>
    <testcase time="11.932" classname="shinytest2_tm_outliers" name="e2e_tm_outliers_Default_radio_buttons_are_set_properly."/>
    <testcase time="0.00999999999999091" classname="shinytest2_tm_outliers" name="e2e_tm_outliers_Default_radio_buttons_are_set_properly."/>
    <testcase time="0.0510000000001583" classname="shinytest2_tm_outliers" name="e2e_tm_outliers_Default_radio_buttons_are_set_properly."/>
    <testcase time="4.4699999999998" classname="shinytest2_tm_outliers" name="e2e_tm_outliers_Default_radio_buttons_are_set_properly."/>
    <testcase time="11.912" classname="shinytest2_tm_outliers" name="e2e_tm_outliers_Method_parameters_are_set_properly."/>
    <testcase time="0.00900000000001455" classname="shinytest2_tm_outliers" name="e2e_tm_outliers_Method_parameters_are_set_properly."/>
    <testcase time="0.00400000000013279" classname="shinytest2_tm_outliers" name="e2e_tm_outliers_Method_parameters_are_set_properly."/>
    <testcase time="0.000999999999976353" classname="shinytest2_tm_outliers" name="e2e_tm_outliers_Method_parameters_are_set_properly."/>
    <testcase time="11.933" classname="shinytest2_tm_outliers" name="e2e_tm_outliers_Outlier_definition_text_and_range_are_displayed_properly_depending_on_method."/>
    <testcase time="2.18299999999999" classname="shinytest2_tm_outliers" name="e2e_tm_outliers_Outlier_definition_text_and_range_are_displayed_properly_depending_on_method."/>
    <testcase time="2.17799999999988" classname="shinytest2_tm_outliers" name="e2e_tm_outliers_Outlier_definition_text_and_range_are_displayed_properly_depending_on_method."/>
    <testcase time="2.18500000000017" classname="shinytest2_tm_outliers" name="e2e_tm_outliers_Outlier_definition_text_and_range_are_displayed_properly_depending_on_method."/>
    <testcase time="0.00900000000001455" classname="shinytest2_tm_outliers" name="e2e_tm_outliers_Outlier_definition_text_and_range_are_displayed_properly_depending_on_method."/>
    <testcase time="0.01299999999992" classname="shinytest2_tm_outliers" name="e2e_tm_outliers_Outlier_definition_text_and_range_are_displayed_properly_depending_on_method."/>
    <testcase time="0.0499999999999545" classname="shinytest2_tm_outliers" name="e2e_tm_outliers_Outlier_definition_text_and_range_are_displayed_properly_depending_on_method."/>
    <testcase time="2.17900000000009" classname="shinytest2_tm_outliers" name="e2e_tm_outliers_Outlier_definition_text_and_range_are_displayed_properly_depending_on_method."/>
    <testcase time="2.06099999999992" classname="shinytest2_tm_outliers" name="e2e_tm_outliers_Outlier_definition_text_and_range_are_displayed_properly_depending_on_method."/>
    <testcase time="2.39400000000001" classname="shinytest2_tm_outliers" name="e2e_tm_outliers_Outlier_definition_text_and_range_are_displayed_properly_depending_on_method."/>
    <testcase time="0.01299999999992" classname="shinytest2_tm_outliers" name="e2e_tm_outliers_Outlier_definition_text_and_range_are_displayed_properly_depending_on_method."/>
    <testcase time="0.00999999999999091" classname="shinytest2_tm_outliers" name="e2e_tm_outliers_Outlier_definition_text_and_range_are_displayed_properly_depending_on_method."/>
    <testcase time="2.05000000000018" classname="shinytest2_tm_outliers" name="e2e_tm_outliers_Outlier_definition_text_and_range_are_displayed_properly_depending_on_method."/>
    <testcase time="2.298" classname="shinytest2_tm_outliers" name="e2e_tm_outliers_Outlier_definition_text_and_range_are_displayed_properly_depending_on_method."/>
    <testcase time="2.39400000000001" classname="shinytest2_tm_outliers" name="e2e_tm_outliers_Outlier_definition_text_and_range_are_displayed_properly_depending_on_method."/>
    <testcase time="0.0119999999999436" classname="shinytest2_tm_outliers" name="e2e_tm_outliers_Outlier_definition_text_and_range_are_displayed_properly_depending_on_method."/>
    <testcase time="0.00900000000001455" classname="shinytest2_tm_outliers" name="e2e_tm_outliers_Outlier_definition_text_and_range_are_displayed_properly_depending_on_method."/>
    <testcase time="2.12899999999991" classname="shinytest2_tm_outliers" name="e2e_tm_outliers_Outlier_definition_text_and_range_are_displayed_properly_depending_on_method."/>
    <testcase time="11.8490000000002" classname="shinytest2_tm_outliers" name="e2e_tm_outliers_Outliers_summary_table_is_displayed_with_proper_content."/>
    <testcase time="0.00399999999990541" classname="shinytest2_tm_outliers" name="e2e_tm_outliers_Outliers_summary_table_is_displayed_with_proper_content."/>
    <testcase time="0.00399999999990541" classname="shinytest2_tm_outliers" name="e2e_tm_outliers_Outliers_summary_table_is_displayed_with_proper_content."/>
    <testcase time="0.00900000000001455" classname="shinytest2_tm_outliers" name="e2e_tm_outliers_Outliers_summary_table_is_displayed_with_proper_content."/>
    <testcase time="4.24400000000014" classname="shinytest2_tm_outliers" name="e2e_tm_outliers_Outliers_summary_table_is_displayed_with_proper_content."/>
    <testcase time="0.00399999999990541" classname="shinytest2_tm_outliers" name="e2e_tm_outliers_Outliers_summary_table_is_displayed_with_proper_content."/>
    <testcase time="2.13599999999997" classname="shinytest2_tm_outliers" name="e2e_tm_outliers_Outliers_summary_table_is_displayed_with_proper_content."/>
    <testcase time="0.00500000000010914" classname="shinytest2_tm_outliers" name="e2e_tm_outliers_Outliers_summary_table_is_displayed_with_proper_content."/>
    <testcase time="11.816" classname="shinytest2_tm_outliers" name="e2e_tm_outliers_Outlier_table_is_displayed_with_proper_content."/>
    <testcase time="4.29099999999994" classname="shinytest2_tm_outliers" name="e2e_tm_outliers_Outlier_table_is_displayed_with_proper_content."/>
    <testcase time="0.000999999999976353" classname="shinytest2_tm_outliers" name="e2e_tm_outliers_Outlier_table_is_displayed_with_proper_content."/>
    <testcase time="0.00199999999995271" classname="shinytest2_tm_outliers" name="e2e_tm_outliers_Outlier_table_is_displayed_with_proper_content."/>
    <testcase time="0.000999999999976353" classname="shinytest2_tm_outliers" name="e2e_tm_outliers_Outlier_table_is_displayed_with_proper_content."/>
  </testsuite>
  <testsuite name="shinytest2-tm_t_crosstable" timestamp="2026-01-21T16:12:04Z" hostname="e60e1a3ee018" tests="9" skipped="0" failures="0" errors="0" time="49.501">
    <testcase time="9.83699999999999" classname="shinytest2_tm_t_crosstable" name="e2e_tm_t_crosstable_Initializes_without_errors"/>
    <testcase time="0.00400000000013279" classname="shinytest2_tm_t_crosstable" name="e2e_tm_t_crosstable_Initializes_without_errors"/>
    <testcase time="0.00399999999990541" classname="shinytest2_tm_t_crosstable" name="e2e_tm_t_crosstable_Initializes_without_errors"/>
    <testcase time="12.001" classname="shinytest2_tm_t_crosstable" name="e2e_tm_t_crosstable_Verify_module_displays_data_table"/>
    <testcase time="9.79500000000007" classname="shinytest2_tm_t_crosstable" name="e2e_tm_t_crosstable_Verify_default_values_and_settings_data_extracts_for_data_selection"/>
    <testcase time="0.0489999999999782" classname="shinytest2_tm_t_crosstable" name="e2e_tm_t_crosstable_Verify_default_values_and_settings_data_extracts_for_data_selection"/>
    <testcase time="2.64499999999998" classname="shinytest2_tm_t_crosstable" name="e2e_tm_t_crosstable_Verify_default_values_and_settings_data_extracts_for_data_selection"/>
    <testcase time="12.3869999999999" classname="shinytest2_tm_t_crosstable" name="e2e_tm_t_crosstable_Change_plot_settings"/>
    <testcase time="2.779" classname="shinytest2_tm_t_crosstable" name="e2e_tm_t_crosstable_Change_plot_settings"/>
  </testsuite>
  <testsuite name="shinytest2-tm_variable_browser" timestamp="2026-01-21T16:12:54Z" hostname="e60e1a3ee018" tests="23" skipped="0" failures="0" errors="0" time="102.545">
    <testcase time="11.3710000000001" classname="shinytest2_tm_variable_browser" name="e2e_tm_variable_browser_content_is_displayed_correctly."/>
    <testcase time="0.00399999999990541" classname="shinytest2_tm_variable_browser" name="e2e_tm_variable_browser_content_is_displayed_correctly."/>
    <testcase time="2.08699999999999" classname="shinytest2_tm_variable_browser" name="e2e_tm_variable_browser_content_is_displayed_correctly."/>
    <testcase time="0.00400000000013279" classname="shinytest2_tm_variable_browser" name="e2e_tm_variable_browser_content_is_displayed_correctly."/>
    <testcase time="0.00399999999990541" classname="shinytest2_tm_variable_browser" name="e2e_tm_variable_browser_content_is_displayed_correctly."/>
    <testcase time="15.5900000000001" classname="shinytest2_tm_variable_browser" name="e2e_tm_variable_browser_Selecting_treat_variable_as_factor_changes_the_table_headers."/>
    <testcase time="13.1399999999999" classname="shinytest2_tm_variable_browser" name="e2e_tm_variable_browser_selection_of_categorical_variable_has_a_table_with_level_header."/>
    <testcase time="14.2830000000001" classname="shinytest2_tm_variable_browser" name="e2e_tm_variable_browser_changing_display_density_encoding_doesn_t_show_errors."/>
    <testcase time="2.94200000000001" classname="shinytest2_tm_variable_browser" name="e2e_tm_variable_browser_changing_display_density_encoding_doesn_t_show_errors."/>
    <testcase time="11.4009999999998" classname="shinytest2_tm_variable_browser" name="e2e_tm_variable_browser_changing_outlier_definition_encoding_doesn_t_show_errors."/>
    <testcase time="4.298" classname="shinytest2_tm_variable_browser" name="e2e_tm_variable_browser_changing_outlier_definition_encoding_doesn_t_show_errors."/>
    <testcase time="0.00400000000013279" classname="shinytest2_tm_variable_browser" name="e2e_tm_variable_browser_changing_outlier_definition_encoding_doesn_t_show_errors."/>
    <testcase time="1.846" classname="shinytest2_tm_variable_browser" name="e2e_tm_variable_browser_changing_outlier_definition_encoding_doesn_t_show_errors."/>
    <testcase time="2.97199999999998" classname="shinytest2_tm_variable_browser" name="e2e_tm_variable_browser_changing_outlier_definition_encoding_doesn_t_show_errors."/>
    <testcase time="12.623" classname="shinytest2_tm_variable_browser" name="e2e_tm_variable_browser_changing_plot_setting_encodings_doesn_t_show_errors."/>
    <testcase time="1.25199999999995" classname="shinytest2_tm_variable_browser" name="e2e_tm_variable_browser_changing_plot_setting_encodings_doesn_t_show_errors."/>
    <testcase time="1.22199999999998" classname="shinytest2_tm_variable_browser" name="e2e_tm_variable_browser_changing_plot_setting_encodings_doesn_t_show_errors."/>
    <testcase time="1.24800000000005" classname="shinytest2_tm_variable_browser" name="e2e_tm_variable_browser_changing_plot_setting_encodings_doesn_t_show_errors."/>
    <testcase time="1.25900000000001" classname="shinytest2_tm_variable_browser" name="e2e_tm_variable_browser_changing_plot_setting_encodings_doesn_t_show_errors."/>
    <testcase time="1.24399999999991" classname="shinytest2_tm_variable_browser" name="e2e_tm_variable_browser_changing_plot_setting_encodings_doesn_t_show_errors."/>
    <testcase time="1.25499999999988" classname="shinytest2_tm_variable_browser" name="e2e_tm_variable_browser_changing_plot_setting_encodings_doesn_t_show_errors."/>
    <testcase time="1.2510000000002" classname="shinytest2_tm_variable_browser" name="e2e_tm_variable_browser_changing_plot_setting_encodings_doesn_t_show_errors."/>
    <testcase time="1.24499999999989" classname="shinytest2_tm_variable_browser" name="e2e_tm_variable_browser_changing_plot_setting_encodings_doesn_t_show_errors."/>
  </testsuite>
  <testsuite name="tm_front_page" timestamp="2026-01-21T16:14:36Z" hostname="e60e1a3ee018" tests="28" skipped="1" failures="0" errors="0" time="0.571">
    <testcase time="0.110000000000127" classname="tm_front_page" name="tm_front_page_module_creation_creates_a_teal_module_object_with_default_options"/>
    <testcase time="0.00599999999985812" classname="tm_front_page" name="tm_front_page_module_creation_creates_a_module_that_is_bookmarkable"/>
    <testcase time="0.00999999999999091" classname="tm_front_page" name="tm_front_page_input_validation_fails_when_label_is_not_a_string"/>
    <testcase time="0.00700000000006185" classname="tm_front_page" name="tm_front_page_input_validation_fails_when_header_text_is_not_a_character_vector"/>
    <testcase time="0.00600000000008549" classname="tm_front_page" name="tm_front_page_input_validation_fails_when_header_text_is_not_a_character_vector"/>
    <testcase time="0.00699999999983447" classname="tm_front_page" name="tm_front_page_input_validation_fails_when_tables_is_not_a_named_list_of_data.frames"/>
    <testcase time="0.00500000000010914" classname="tm_front_page" name="tm_front_page_input_validation_fails_when_tables_is_not_a_named_list_of_data.frames"/>
    <testcase time="0.00599999999985812" classname="tm_front_page" name="tm_front_page_input_validation_fails_when_tables_is_not_a_named_list_of_data.frames"/>
    <testcase time="0.0080000000000382" classname="tm_front_page" name="tm_front_page_input_validation_fails_when_additional_tags_is_not_a_shiny.tag.list_or_html"/>
    <testcase time="0.00500000000010914" classname="tm_front_page" name="tm_front_page_input_validation_fails_when_additional_tags_is_not_a_shiny.tag.list_or_html"/>
    <testcase time="0.0080000000000382" classname="tm_front_page" name="tm_front_page_input_validation_fails_when_footnotes_is_not_a_character_vector"/>
    <testcase time="0.00499999999988177" classname="tm_front_page" name="tm_front_page_input_validation_fails_when_footnotes_is_not_a_character_vector"/>
    <testcase time="0.0080000000000382" classname="tm_front_page" name="tm_front_page_input_validation_fails_when_datanames_is_not_a_character_vector_or_NULL"/>
    <testcase time="0.00499999999988177" classname="tm_front_page" name="tm_front_page_input_validation_fails_when_datanames_is_not_a_character_vector_or_NULL"/>
    <testcase time="0.0080000000000382" classname="tm_front_page" name="tm_front_page_input_validation_fails_when_transformators_has_invalid_object_types"/>
    <testcase time="0.0299999999999727" classname="tm_front_page" name="tm_front_page_input_validation_show_metadata_is_deprecated"/>
    <testcase time="0.00400000000013279" classname="tm_front_page" name="tm_front_page_input_validation_accepts_valid_transformators"/>
    <testcase time="0.00700000000006185" classname="tm_front_page" name="tm_front_page_module_ui_behavior_returns_a_htmltools_tag_or_taglist_with_default_arguments"/>
    <testcase time="0.00899999999978718" classname="tm_front_page" name="tm_front_page_module_ui_behavior_returns_a_htmltools_tag_or_taglist_with_datanames"/>
    <testcase time="0.0080000000000382" classname="tm_front_page" name="tm_front_page_module_ui_behavior_returns_a_htmltools_tag_or_taglist_with_footnotes"/>
    <testcase time="0.00500000000010914" classname="tm_front_page" name="tm_front_page_module_ui_behavior_returns_a_htmltools_tag_or_taglist_with_footnotes"/>
    <testcase time="0.00700000000006185" classname="tm_front_page" name="tm_front_page_module_ui_behavior_returns_a_htmltools_tag_or_taglist_with_header"/>
    <testcase time="0.00499999999988177" classname="tm_front_page" name="tm_front_page_module_ui_behavior_returns_a_htmltools_tag_or_taglist_with_header"/>
    <testcase time="0.00700000000006185" classname="tm_front_page" name="tm_front_page_module_ui_behavior_returns_a_htmltools_tag_or_taglist_with_tables"/>
    <testcase time="0.115999999999985" classname="tm_front_page" name="tm_front_page_module_server_behavior_server_function_executes_generates_metadata_table"/>
    <testcase time="0.0570000000000164" classname="tm_front_page" name="tm_front_page_module_server_behavior_server_function_executes_generates_metadata_table"/>
    <testcase time="0.0829999999998563" classname="tm_front_page" name="tm_front_page_module_server_behavior_server_function_fails_to_validate_metadata_table"/>
    <testcase time="0.0289999999999964" classname="tm_front_page" name="tm_front_page_module_server_behavior_server_function_table_from_argument">
      <skipped message="Reason: empty test ('test-tm_front_page.R:137:3')"/>
    </testcase>
  </testsuite>
  <testsuite name="tm_g_association" timestamp="2026-01-21T16:14:37Z" hostname="e60e1a3ee018" tests="64" skipped="0" failures="0" errors="0" time="12.271">
    <testcase time="0.0210000000001855" classname="tm_g_association" name="tm_g_association_module_creation_creates_a_teal_module_object"/>
    <testcase time="0.00499999999988177" classname="tm_g_association" name="tm_g_association_module_creation_creates_a_teal_module_object_with_list_of_data_extract_specs"/>
    <testcase time="0.00500000000010914" classname="tm_g_association" name="tm_g_association_module_creation_creates_a_module_with_datanames_taken_from_data_extracts"/>
    <testcase time="0.00599999999985812" classname="tm_g_association" name="tm_g_association_module_creation_creates_a_module_that_is_bookmarkable"/>
    <testcase time="0.0109999999999673" classname="tm_g_association" name="tm_g_association_input_validation_fails_when_label_is_not_a_string"/>
    <testcase time="0.0080000000000382" classname="tm_g_association" name="tm_g_association_input_validation_fails_when_ref_is_not_a_data_extract_spec_or_list"/>
    <testcase time="0.0080000000000382" classname="tm_g_association" name="tm_g_association_input_validation_fails_when_ref_allows_multiple_selection"/>
    <testcase time="0.0080000000000382" classname="tm_g_association" name="tm_g_association_input_validation_fails_when_vars_is_not_a_data_extract_spec_or_list"/>
    <testcase time="0.00900000000001455" classname="tm_g_association" name="tm_g_association_input_validation_fails_when_plot_height_is_not_valid"/>
    <testcase time="0.0080000000000382" classname="tm_g_association" name="tm_g_association_input_validation_fails_when_plot_height_has_wrong_length"/>
    <testcase time="0.00900000000001455" classname="tm_g_association" name="tm_g_association_input_validation_fails_when_plot_width_is_not_valid"/>
    <testcase time="0.00399999999990541" classname="tm_g_association" name="tm_g_association_input_validation_accepts_NULL_plot_width"/>
    <testcase time="0.00900000000001455" classname="tm_g_association" name="tm_g_association_input_validation_fails_when_distribution_theme_is_invalid"/>
    <testcase time="0.00399999999990541" classname="tm_g_association" name="tm_g_association_input_validation_accepts_valid_distribution_theme_options"/>
    <testcase time="0.00199999999995271" classname="tm_g_association" name="tm_g_association_input_validation_accepts_valid_distribution_theme_options"/>
    <testcase time="0.00299999999992906" classname="tm_g_association" name="tm_g_association_input_validation_accepts_valid_distribution_theme_options"/>
    <testcase time="0.00199999999995271" classname="tm_g_association" name="tm_g_association_input_validation_accepts_valid_distribution_theme_options"/>
    <testcase time="0.00300000000015643" classname="tm_g_association" name="tm_g_association_input_validation_accepts_valid_distribution_theme_options"/>
    <testcase time="0.00299999999992906" classname="tm_g_association" name="tm_g_association_input_validation_accepts_valid_distribution_theme_options"/>
    <testcase time="0.00199999999995271" classname="tm_g_association" name="tm_g_association_input_validation_accepts_valid_distribution_theme_options"/>
    <testcase time="0.00299999999992906" classname="tm_g_association" name="tm_g_association_input_validation_accepts_valid_distribution_theme_options"/>
    <testcase time="0.0140000000001237" classname="tm_g_association" name="tm_g_association_input_validation_fails_when_association_theme_is_invalid"/>
    <testcase time="0.00499999999988177" classname="tm_g_association" name="tm_g_association_input_validation_accepts_valid_association_theme_options"/>
    <testcase time="0.00300000000015643" classname="tm_g_association" name="tm_g_association_input_validation_accepts_valid_association_theme_options"/>
    <testcase time="0.00299999999992906" classname="tm_g_association" name="tm_g_association_input_validation_accepts_valid_association_theme_options"/>
    <testcase time="0.00199999999995271" classname="tm_g_association" name="tm_g_association_input_validation_accepts_valid_association_theme_options"/>
    <testcase time="0.00300000000015643" classname="tm_g_association" name="tm_g_association_input_validation_accepts_valid_association_theme_options"/>
    <testcase time="0.00199999999995271" classname="tm_g_association" name="tm_g_association_input_validation_accepts_valid_association_theme_options"/>
    <testcase time="0.00299999999992906" classname="tm_g_association" name="tm_g_association_input_validation_accepts_valid_association_theme_options"/>
    <testcase time="0.00299999999992906" classname="tm_g_association" name="tm_g_association_input_validation_accepts_valid_association_theme_options"/>
    <testcase time="0.00900000000001455" classname="tm_g_association" name="tm_g_association_input_validation_fails_when_ggplot2_args_object_uses_a_named_object_that_is_not_supported"/>
    <testcase time="0.00500000000010914" classname="tm_g_association" name="tm_g_association_input_validation_accepts_valid_ggplot2_args"/>
    <testcase time="0.00900000000001455" classname="tm_g_association" name="tm_g_association_input_validation_fails_when_decorators_has_invalid_object_types"/>
    <testcase time="0.00499999999988177" classname="tm_g_association" name="tm_g_association_input_validation_accepts_valid_decorators"/>
    <testcase time="1.89200000000005" classname="tm_g_association" name="tm_g_association_module_server_behavior_server_function_executes_successfully_through_module_interface_with_factor_variables"/>
    <testcase time="0.00299999999992906" classname="tm_g_association" name="tm_g_association_module_server_behavior_server_function_executes_successfully_through_module_interface_with_factor_variables"/>
    <testcase time="0.00300000000015643" classname="tm_g_association" name="tm_g_association_module_server_behavior_server_function_executes_successfully_through_module_interface_with_factor_variables"/>
    <testcase time="1.01900000000001" classname="tm_g_association" name="tm_g_association_module_server_behavior_server_function_handles_show_dist_option_through_module_interface"/>
    <testcase time="0.00399999999990541" classname="tm_g_association" name="tm_g_association_module_server_behavior_server_function_handles_show_dist_option_through_module_interface"/>
    <testcase time="0.00299999999992906" classname="tm_g_association" name="tm_g_association_module_server_behavior_server_function_handles_show_dist_option_through_module_interface"/>
    <testcase time="0.884999999999991" classname="tm_g_association" name="tm_g_association_module_server_behavior_server_function_handles_association_toggle_through_module_interface"/>
    <testcase time="0.00300000000015643" classname="tm_g_association" name="tm_g_association_module_server_behavior_server_function_handles_association_toggle_through_module_interface"/>
    <testcase time="0.00299999999992906" classname="tm_g_association" name="tm_g_association_module_server_behavior_server_function_handles_association_toggle_through_module_interface"/>
    <testcase time="1.02500000000009" classname="tm_g_association" name="tm_g_association_module_server_behavior_server_function_handles_different_themes_through_module_interface"/>
    <testcase time="0.00399999999990541" classname="tm_g_association" name="tm_g_association_module_server_behavior_server_function_handles_different_themes_through_module_interface"/>
    <testcase time="1.16200000000003" classname="tm_g_association" name="tm_g_association_module_server_behavior_server_function_handles_different_themes_through_module_interface"/>
    <testcase time="0.00399999999990541" classname="tm_g_association" name="tm_g_association_module_server_behavior_server_function_handles_different_themes_through_module_interface"/>
    <testcase time="0.802000000000135" classname="tm_g_association" name="tm_g_association_module_server_behavior_server_function_handles_different_themes_through_module_interface"/>
    <testcase time="0.00399999999990541" classname="tm_g_association" name="tm_g_association_module_server_behavior_server_function_handles_different_themes_through_module_interface"/>
    <testcase time="0.957000000000107" classname="tm_g_association" name="tm_g_association_module_server_behavior_server_function_handles_rotate_xaxis_labels_option_through_module_interface"/>
    <testcase time="0.0109999999999673" classname="tm_g_association" name="tm_g_association_module_server_behavior_server_function_handles_rotate_xaxis_labels_option_through_module_interface"/>
    <testcase time="0.00299999999992906" classname="tm_g_association" name="tm_g_association_module_server_behavior_server_function_handles_rotate_xaxis_labels_option_through_module_interface"/>
    <testcase time="0.942000000000007" classname="tm_g_association" name="tm_g_association_module_server_behavior_server_function_handles_swap_axes_option_through_module_interface"/>
    <testcase time="0.00399999999990541" classname="tm_g_association" name="tm_g_association_module_server_behavior_server_function_handles_swap_axes_option_through_module_interface"/>
    <testcase time="0.00300000000015643" classname="tm_g_association" name="tm_g_association_module_server_behavior_server_function_handles_swap_axes_option_through_module_interface"/>
    <testcase time="1.00900000000001" classname="tm_g_association" name="tm_g_association_module_server_behavior_server_function_handles_numeric_variables_through_module_interface"/>
    <testcase time="0.00299999999992906" classname="tm_g_association" name="tm_g_association_module_server_behavior_server_function_handles_numeric_variables_through_module_interface"/>
    <testcase time="0.00299999999992906" classname="tm_g_association" name="tm_g_association_module_server_behavior_server_function_handles_numeric_variables_through_module_interface"/>
    <testcase time="1.06700000000001" classname="tm_g_association" name="tm_g_association_module_server_behavior_server_function_handles_log_transformation_for_numeric_variables_through_module_interface"/>
    <testcase time="0.00400000000013279" classname="tm_g_association" name="tm_g_association_module_server_behavior_server_function_handles_log_transformation_for_numeric_variables_through_module_interface"/>
[...]
 212.                                                                           ├─shiny::captureStackTraces(...)
 213.                                                                           │ └─promises::with_promise_domain(...)
 214.                                                                           │   └─domain$wrapSync(expr)
 215.                                                                           │     └─base::withCallingHandlers(expr, error = doCaptureStack)
 216.                                                                           └─env$runWith(self, func)
 217.                                                                             └─shiny (local) contextFunc()
 218.                                                                               ├─base::withCallingHandlers(...)
 219.                                                                               ├─base::withVisible(.func())
 220.                                                                               └─shiny (local) .func()
 221.                                                                                 ├─shiny::..stacktraceon..(`&lt;reactive&gt;`(...))
 222.                                                                                 └─teal.modules.general (local) `&lt;reactive&gt;`(...)
 223.                                                                                   ├─shiny::req(variable_plot_r())
 224.                                                                                   │ └─shiny:::dotloop(...)
 225.                                                                                   │   ├─shiny (local) fun_(eval(as.symbol(paste0("..", i))))
 226.                                                                                   │   │ └─shiny::isTruthy(item)
 227.                                                                                   │   └─base::eval(as.symbol(paste0("..", i)))
 228.                                                                                   │     └─base::eval(as.symbol(paste0("..", i)))
 229.                                                                                   └─shiny (local) variable_plot_r()
 230.                                                                                     ├─shiny::..stacktraceoff..(self$.updateValue())
 231.                                                                                     └─self$.updateValue()
 232.                                                                                       └─ctx$run(...)
 233.                                                                                         ├─promises::with_promise_domain(...)
 234.                                                                                         │ └─domain$wrapSync(expr)
 235.                                                                                         ├─shiny::withReactiveDomain(...)
 236.                                                                                         │ └─promises::with_promise_domain(...)
 237.                                                                                         │   └─domain$wrapSync(expr)
 238.                                                                                         │     └─base::force(expr)
 239.                                                                                         ├─shiny:::with_otel_span_context(...)
 240.                                                                                         │ └─base::force(expr)
 241.                                                                                         ├─shiny::captureStackTraces(...)
 242.                                                                                         │ └─promises::with_promise_domain(...)
 243.                                                                                         │   └─domain$wrapSync(expr)
 244.                                                                                         │     └─base::withCallingHandlers(expr, error = doCaptureStack)
 245.                                                                                         └─env$runWith(self, func)
 246.                                                                                           └─shiny (local) contextFunc()
 247.                                                                                             ├─base::withCallingHandlers(...)
 248.                                                                                             ├─base::withVisible(.func())
 249.                                                                                             └─shiny (local) .func()
 250.                                                                                               ├─shiny::..stacktraceon..(`&lt;reactive&gt;`(...))
 251.                                                                                               └─teal.modules.general (local) `&lt;reactive&gt;`(...)
 252.                                                                                                 └─teal.modules.general:::plot_var_summary(...)
 253.                                                                                                   └─ggplot2::is.ggplot(qenv_plot$plot)
 254.                                                                                                     └─ggplot2:::deprecate_soft0("3.5.2", "is.ggplot()", "is_ggplot()")</system-out>
    </testcase>
    <testcase time="1.12300000000005" classname="variable_browser" name="tm_variable_browser_module_server_behavior_server_function_executes_successfully_with_numeric_data"/>
    <testcase time="0.00300000000015643" classname="variable_browser" name="tm_variable_browser_module_server_behavior_server_function_executes_successfully_with_numeric_data"/>
    <testcase time="0.00299999999992906" classname="variable_browser" name="tm_variable_browser_module_server_behavior_server_function_executes_successfully_with_numeric_data"/>
    <testcase time="1.33999999999992" classname="variable_browser" name="tm_variable_browser_module_server_behavior_server_function_executes_successfully_with_factor_data"/>
    <testcase time="0.00300000000015643" classname="variable_browser" name="tm_variable_browser_module_server_behavior_server_function_executes_successfully_with_factor_data"/>
    <testcase time="0.00299999999992906" classname="variable_browser" name="tm_variable_browser_module_server_behavior_server_function_executes_successfully_with_factor_data"/>
    <testcase time="1.17000000000007" classname="variable_browser" name="tm_variable_browser_module_server_behavior_server_function_executes_successfully_with_Date_data"/>
    <testcase time="0.00299999999992906" classname="variable_browser" name="tm_variable_browser_module_server_behavior_server_function_executes_successfully_with_Date_data"/>
    <testcase time="0.00299999999992906" classname="variable_browser" name="tm_variable_browser_module_server_behavior_server_function_executes_successfully_with_Date_data"/>
    <testcase time="1.41399999999999" classname="variable_browser" name="tm_variable_browser_module_server_behavior_server_function_handles_mixed_data_types"/>
    <testcase time="0.00300000000015643" classname="variable_browser" name="tm_variable_browser_module_server_behavior_server_function_handles_mixed_data_types"/>
    <testcase time="0.00299999999992906" classname="variable_browser" name="tm_variable_browser_module_server_behavior_server_function_handles_mixed_data_types"/>
    <testcase time="1.14899999999989" classname="variable_browser" name="tm_variable_browser_module_server_behavior_server_function_handles_data_with_NA_values"/>
    <testcase time="0.00300000000015643" classname="variable_browser" name="tm_variable_browser_module_server_behavior_server_function_handles_data_with_NA_values"/>
    <testcase time="0.00299999999992906" classname="variable_browser" name="tm_variable_browser_module_server_behavior_server_function_handles_data_with_NA_values"/>
    <testcase time="1.125" classname="variable_browser" name="tm_variable_browser_module_server_behavior_server_function_handles_multiple_datasets"/>
    <testcase time="0.00299999999992906" classname="variable_browser" name="tm_variable_browser_module_server_behavior_server_function_handles_multiple_datasets"/>
    <testcase time="0.00400000000013279" classname="variable_browser" name="tm_variable_browser_module_server_behavior_server_function_handles_multiple_datasets"/>
    <testcase time="1.24199999999996" classname="variable_browser" name="tm_variable_browser_module_server_behavior_server_function_handles_parent_dataname_filtering"/>
    <testcase time="0.00299999999992906" classname="variable_browser" name="tm_variable_browser_module_server_behavior_server_function_handles_parent_dataname_filtering"/>
    <testcase time="0.00300000000015643" classname="variable_browser" name="tm_variable_browser_module_server_behavior_server_function_handles_parent_dataname_filtering"/>
    <testcase time="1.42699999999991" classname="variable_browser" name="tm_variable_browser_module_server_behavior_server_function_handles_numeric_variables_with_few_unique_values"/>
    <testcase time="0.00399999999990541" classname="variable_browser" name="tm_variable_browser_module_server_behavior_server_function_handles_numeric_variables_with_few_unique_values"/>
    <testcase time="0.00300000000015643" classname="variable_browser" name="tm_variable_browser_module_server_behavior_server_function_handles_numeric_variables_with_few_unique_values"/>
    <testcase time="1.37400000000002" classname="variable_browser" name="tm_variable_browser_module_server_behavior_server_function_handles_logical_variables"/>
    <testcase time="0.00299999999992906" classname="variable_browser" name="tm_variable_browser_module_server_behavior_server_function_handles_logical_variables"/>
    <testcase time="0.00299999999992906" classname="variable_browser" name="tm_variable_browser_module_server_behavior_server_function_handles_logical_variables"/>
    <testcase time="1.32400000000007" classname="variable_browser" name="tm_variable_browser_module_server_behavior_server_function_works_with_custom_ggplot2_args"/>
    <testcase time="0.00299999999992906" classname="variable_browser" name="tm_variable_browser_module_server_behavior_server_function_works_with_custom_ggplot2_args"/>
    <testcase time="0.00300000000015643" classname="variable_browser" name="tm_variable_browser_module_server_behavior_server_function_works_with_custom_ggplot2_args"/>
    <testcase time="0.273999999999887" classname="variable_browser" name="testServer_for_data_exceptions_server_function_handles_empty_dataframes"/>
    <testcase time="0.00299999999992906" classname="variable_browser" name="testServer_for_data_exceptions_server_function_handles_empty_dataframes"/>
    <testcase time="1.07000000000016" classname="variable_browser" name="testServer_for_data_exceptions_server_function_handles_single_row_dataframes"/>
    <testcase time="0.00399999999990541" classname="variable_browser" name="testServer_for_data_exceptions_server_function_handles_single_row_dataframes"/>
    <testcase time="0.00299999999992906" classname="variable_browser" name="testServer_for_data_exceptions_server_function_handles_single_row_dataframes"/>
    <testcase time="1.41300000000001" classname="variable_browser" name="testServer_for_data_exceptions_server_function_handles_single_column_dataframes"/>
    <testcase time="0.00400000000013279" classname="variable_browser" name="testServer_for_data_exceptions_server_function_handles_single_column_dataframes"/>
    <testcase time="0.00299999999992906" classname="variable_browser" name="testServer_for_data_exceptions_server_function_handles_single_column_dataframes"/>
    <testcase time="1.34400000000005" classname="variable_browser" name="testServer_for_data_exceptions_server_function_handles_different_ggplot_themes"/>
    <testcase time="0.701000000000022" classname="variable_browser" name="testServer_for_data_exceptions_server_function_handles_different_ggplot_themes"/>
    <testcase time="0.676999999999907" classname="variable_browser" name="testServer_for_data_exceptions_server_function_handles_different_ggplot_themes"/>
    <testcase time="0.682999999999993" classname="variable_browser" name="testServer_for_data_exceptions_server_function_handles_different_ggplot_themes"/>
    <testcase time="0.697000000000116" classname="variable_browser" name="testServer_for_data_exceptions_server_function_handles_different_ggplot_themes"/>
    <testcase time="1.7349999999999" classname="variable_browser" name="testServer_for_data_exceptions_server_function_handles_different_font_sizes"/>
    <testcase time="0.598999999999933" classname="variable_browser" name="testServer_for_data_exceptions_server_function_handles_different_font_sizes"/>
    <testcase time="0.609000000000151" classname="variable_browser" name="testServer_for_data_exceptions_server_function_handles_different_font_sizes"/>
    <testcase time="0.610999999999876" classname="variable_browser" name="testServer_for_data_exceptions_server_function_handles_different_font_sizes"/>
    <testcase time="0.601000000000113" classname="variable_browser" name="testServer_for_data_exceptions_server_function_handles_different_font_sizes"/>
    <testcase time="1.13499999999999" classname="variable_browser" name="testServer_for_data_exceptions_server_function_handles_different_label_rotations"/>
    <testcase time="0.605999999999995" classname="variable_browser" name="testServer_for_data_exceptions_server_function_handles_different_label_rotations"/>
    <testcase time="0.608999999999924" classname="variable_browser" name="testServer_for_data_exceptions_server_function_handles_different_label_rotations"/>
    <testcase time="1.34400000000005" classname="variable_browser" name="testServer_for_data_exceptions_server_function_handles_switching_between_different_variables"/>
    <testcase time="0.759000000000015" classname="variable_browser" name="testServer_for_data_exceptions_server_function_handles_switching_between_different_variables"/>
    <testcase time="1.22299999999996" classname="variable_browser" name="testServer_for_data_exceptions_server_function_handles_switching_between_different_variables"/>
    <testcase time="0.68100000000004" classname="variable_browser" name="testServer_for_data_exceptions_server_function_handles_switching_between_different_variables"/>
    <testcase time="1.03300000000013" classname="variable_browser" name="testServer_for_data_exceptions_server_function_handles_datasets_with_special_characters_in_names"/>
    <testcase time="1.18099999999981" classname="variable_browser" name="testServer_for_data_exceptions_server_function_handles_integer_variables"/>
    <testcase time="1.154" classname="variable_browser" name="testServer_for_data_exceptions_server_function_handles_factors_with_ordered_levels"/>
    <testcase time="1.82200000000012" classname="variable_browser" name="UI_switches_and_controls_server_handles_toggling_display_density_switch"/>
    <testcase time="0.710000000000036" classname="variable_browser" name="UI_switches_and_controls_server_handles_toggling_display_density_switch"/>
    <testcase time="1.95699999999988" classname="variable_browser" name="UI_switches_and_controls_server_handles_toggling_remove_NA_hist_for_categorical_variables"/>
    <testcase time="0.663000000000011" classname="variable_browser" name="UI_switches_and_controls_server_handles_toggling_remove_NA_hist_for_categorical_variables"/>
    <testcase time="2.35200000000009" classname="variable_browser" name="UI_switches_and_controls_server_handles_different_outlier_definition_thresholds"/>
    <testcase time="1.00900000000001" classname="variable_browser" name="UI_switches_and_controls_server_handles_different_outlier_definition_thresholds"/>
    <testcase time="1.04299999999989" classname="variable_browser" name="UI_switches_and_controls_server_handles_different_outlier_definition_thresholds"/>
    <testcase time="1.00999999999999" classname="variable_browser" name="UI_switches_and_controls_server_handles_different_outlier_definition_thresholds"/>
    <testcase time="1.05600000000004" classname="variable_browser" name="UI_switches_and_controls_server_handles_different_outlier_definition_thresholds"/>
    <testcase time="1.02500000000009" classname="variable_browser" name="UI_switches_and_controls_server_handles_different_outlier_definition_thresholds"/>
    <testcase time="1.02800000000002" classname="variable_browser" name="UI_switches_and_controls_server_handles_different_outlier_definition_thresholds"/>
    <testcase time="1.048" classname="variable_browser" name="UI_switches_and_controls_server_handles_different_outlier_definition_thresholds"/>
    <testcase time="1.048" classname="variable_browser" name="UI_switches_and_controls_server_handles_different_outlier_definition_thresholds"/>
    <testcase time="0.638999999999896" classname="variable_browser" name="UI_switches_and_controls_server_handles_different_outlier_definition_thresholds"/>
    <testcase time="2.03800000000001" classname="variable_browser" name="UI_switches_and_controls_server_handles_numeric_as_factor_checkbox_toggle"/>
    <testcase time="0.338999999999942" classname="variable_browser" name="UI_switches_and_controls_server_handles_numeric_as_factor_checkbox_toggle"/>
    <testcase time="1.46900000000005" classname="variable_browser" name="UI_switches_and_controls_server_handles_numeric_as_factor_checkbox_toggle"/>
    <testcase time="0.643000000000029" classname="variable_browser" name="UI_switches_and_controls_server_handles_numeric_as_factor_checkbox_toggle"/>
    <testcase time="1.59300000000007" classname="variable_browser" name="UI_switches_and_controls_server_handles_variables_with_different_unique_value_counts"/>
    <testcase time="0.828999999999951" classname="variable_browser" name="UI_switches_and_controls_server_handles_variables_with_different_unique_value_counts"/>
    <testcase time="0.826999999999998" classname="variable_browser" name="UI_switches_and_controls_server_handles_variables_with_different_unique_value_counts"/>
    <testcase time="1.05099999999993" classname="variable_browser" name="UI_switches_and_controls_server_handles_categorical_variables_with_many_levels"/>
    <testcase time="0.00400000000013279" classname="variable_browser" name="UI_switches_and_controls_server_handles_categorical_variables_with_many_levels"/>
    <testcase time="1.21299999999997" classname="variable_browser" name="UI_switches_and_controls_server_handles_data_without_join_keys"/>
    <testcase time="0.00399999999990541" classname="variable_browser" name="UI_switches_and_controls_server_handles_data_without_join_keys"/>
    <testcase time="0.854000000000042" classname="variable_browser" name="UI_switches_and_controls_server_handles_variables_with_all_NA_values"/>
    <testcase time="0.863000000000056" classname="variable_browser" name="UI_switches_and_controls_server_handles_variables_with_all_NA_values"/>
    <testcase time="0.888999999999896" classname="variable_browser" name="UI_switches_and_controls_server_handles_variables_with_all_NA_values"/>
    <testcase time="1.38300000000004" classname="variable_browser" name="UI_switches_and_controls_server_handles_wrap_character_parameter_for_long_labels"/>
    <testcase time="2.95000000000005" classname="variable_browser" name="UI_switches_and_controls_server_handles_combined_outlier_removal_and_density_display"/>
    <testcase time="0.923999999999978" classname="variable_browser" name="UI_switches_and_controls_server_handles_combined_outlier_removal_and_density_display"/>
    <testcase time="0.679000000000087" classname="variable_browser" name="UI_switches_and_controls_server_handles_combined_outlier_removal_and_density_display"/>
  </testsuite>
</testsuites>
