<?xml version="1.0" encoding="UTF-8"?>
<testsuites>
  <testsuite name="examples" timestamp="2026-01-21T11:02:37Z" hostname="859bbd731da8" tests="43" skipped="43" failures="0" errors="0" time="0.643">
    <testcase time="0.0209999999999999" classname="examples" name="example_add_facet_labels.Rd">
      <skipped message="Reason: On CRAN ('test-examples.R:143:7')"/>
    </testcase>
    <testcase time="0.052" classname="examples" name="example_call_fun_dots.Rd">
      <skipped message="Reason: On CRAN ('test-examples.R:143:7')"/>
    </testcase>
    <testcase time="0.0569999999999999" classname="examples" name="example_create_sparklines.Rd">
      <skipped message="Reason: On CRAN ('test-examples.R:143:7')"/>
    </testcase>
    <testcase time="0.0130000000000001" classname="examples" name="example_dot_markdown_internal.Rd">
      <skipped message="Reason: On CRAN ('test-examples.R:143:7')"/>
    </testcase>
    <testcase time="0.012" classname="examples" name="example_dot_scale_x_mosaic.Rd">
      <skipped message="Reason: On CRAN ('test-examples.R:143:7')"/>
    </testcase>
    <testcase time="0.012" classname="examples" name="example_establish_updating_selection.Rd">
      <skipped message="Reason: On CRAN ('test-examples.R:143:7')"/>
    </testcase>
    <testcase time="0.012" classname="examples" name="example_filter_outliers.Rd">
      <skipped message="Reason: On CRAN ('test-examples.R:143:7')"/>
    </testcase>
    <testcase time="0.012" classname="examples" name="example_geom_mosaic.Rd">
      <skipped message="Reason: On CRAN ('test-examples.R:143:7')"/>
    </testcase>
    <testcase time="0.0149999999999999" classname="examples" name="example_get_scatterplotmatrix_stats.Rd">
      <skipped message="Reason: On CRAN ('test-examples.R:143:7')"/>
    </testcase>
    <testcase time="0.0130000000000001" classname="examples" name="example_is_tab_active_js.Rd">
      <skipped message="Reason: On CRAN ('test-examples.R:143:7')"/>
    </testcase>
    <testcase time="0.012" classname="examples" name="example_plot_var_summary.Rd">
      <skipped message="Reason: On CRAN ('test-examples.R:143:7')"/>
    </testcase>
    <testcase time="0.0119999999999998" classname="examples" name="example_remove_outliers_from.Rd">
      <skipped message="Reason: On CRAN ('test-examples.R:143:7')"/>
    </testcase>
    <testcase time="0.012" classname="examples" name="example_render_single_tab.Rd">
      <skipped message="Reason: On CRAN ('test-examples.R:143:7')"/>
    </testcase>
    <testcase time="0.012" classname="examples" name="example_render_tab_header.Rd">
      <skipped message="Reason: On CRAN ('test-examples.R:143:7')"/>
    </testcase>
    <testcase time="0.016" classname="examples" name="example_render_tab_table.Rd">
      <skipped message="Reason: On CRAN ('test-examples.R:143:7')"/>
    </testcase>
    <testcase time="0.012" classname="examples" name="example_render_tabset_panel_content.Rd">
      <skipped message="Reason: On CRAN ('test-examples.R:143:7')"/>
    </testcase>
    <testcase time="0.012" classname="examples" name="example_select_decorators.Rd">
      <skipped message="Reason: On CRAN ('test-examples.R:143:7')"/>
    </testcase>
    <testcase time="0.0130000000000001" classname="examples" name="example_set_chunk_attrs.Rd">
      <skipped message="Reason: On CRAN ('test-examples.R:143:7')"/>
    </testcase>
    <testcase time="0.012" classname="examples" name="example_set_chunk_dims.Rd">
      <skipped message="Reason: On CRAN ('test-examples.R:143:7')"/>
    </testcase>
    <testcase time="0.012" classname="examples" name="example_shared_params.Rd">
      <skipped message="Reason: On CRAN ('test-examples.R:143:7')"/>
    </testcase>
    <testcase time="0.016" classname="examples" name="example_srv_decorate_teal_data.Rd">
      <skipped message="Reason: On CRAN ('test-examples.R:143:7')"/>
    </testcase>
    <testcase time="0.0119999999999998" classname="examples" name="example_teal.modules.general.Rd">
      <skipped message="Reason: On CRAN ('test-examples.R:143:7')"/>
    </testcase>
    <testcase time="0.0130000000000001" classname="examples" name="example_tm_a_pca.Rd">
      <skipped message="Reason: On CRAN ('test-examples.R:143:7')"/>
    </testcase>
    <testcase time="0.012" classname="examples" name="example_tm_a_regression.Rd">
      <skipped message="Reason: On CRAN ('test-examples.R:143:7')"/>
    </testcase>
    <testcase time="0.012" classname="examples" name="example_tm_data_table.Rd">
      <skipped message="Reason: On CRAN ('test-examples.R:143:7')"/>
    </testcase>
    <testcase time="0.012" classname="examples" name="example_tm_file_viewer.Rd">
      <skipped message="Reason: On CRAN ('test-examples.R:143:7')"/>
    </testcase>
    <testcase time="0.016" classname="examples" name="example_tm_front_page.Rd">
      <skipped message="Reason: On CRAN ('test-examples.R:143:7')"/>
    </testcase>
    <testcase time="0.012" classname="examples" name="example_tm_g_association.Rd">
      <skipped message="Reason: On CRAN ('test-examples.R:143:7')"/>
    </testcase>
    <testcase time="0.0129999999999999" classname="examples" name="example_tm_g_bivariate.Rd">
      <skipped message="Reason: On CRAN ('test-examples.R:143:7')"/>
    </testcase>
    <testcase time="0.012" classname="examples" name="example_tm_g_distribution.Rd">
      <skipped message="Reason: On CRAN ('test-examples.R:143:7')"/>
    </testcase>
    <testcase time="0.012" classname="examples" name="example_tm_g_response.Rd">
      <skipped message="Reason: On CRAN ('test-examples.R:143:7')"/>
    </testcase>
    <testcase time="0.012" classname="examples" name="example_tm_g_scatterplot.Rd">
      <skipped message="Reason: On CRAN ('test-examples.R:143:7')"/>
    </testcase>
    <testcase time="0.016" classname="examples" name="example_tm_g_scatterplotmatrix.Rd">
      <skipped message="Reason: On CRAN ('test-examples.R:143:7')"/>
    </testcase>
    <testcase time="0.012" classname="examples" name="example_tm_missing_data.Rd">
      <skipped message="Reason: On CRAN ('test-examples.R:143:7')"/>
    </testcase>
    <testcase time="0.012" classname="examples" name="example_tm_outliers.Rd">
      <skipped message="Reason: On CRAN ('test-examples.R:143:7')"/>
    </testcase>
    <testcase time="0.0129999999999999" classname="examples" name="example_tm_rmarkdown.Rd">
      <skipped message="Reason: On CRAN ('test-examples.R:143:7')"/>
    </testcase>
    <testcase time="0.012" classname="examples" name="example_tm_t_crosstable.Rd">
      <skipped message="Reason: On CRAN ('test-examples.R:143:7')"/>
    </testcase>
    <testcase time="0.0130000000000001" classname="examples" name="example_tm_variable_browser.Rd">
      <skipped message="Reason: On CRAN ('test-examples.R:143:7')"/>
    </testcase>
    <testcase time="0.0169999999999999" classname="examples" name="example_validate_input.Rd">
      <skipped message="Reason: On CRAN ('test-examples.R:143:7')"/>
    </testcase>
    <testcase time="0.012" classname="examples" name="example_var_missings_info.Rd">
      <skipped message="Reason: On CRAN ('test-examples.R:143:7')"/>
    </testcase>
    <testcase time="0.0129999999999999" classname="examples" name="example_var_summary_table.Rd">
      <skipped message="Reason: On CRAN ('test-examples.R:143:7')"/>
    </testcase>
    <testcase time="0.0130000000000001" classname="examples" name="example_variable_type_icons.Rd">
      <skipped message="Reason: On CRAN ('test-examples.R:143:7')"/>
    </testcase>
    <testcase time="0.012" classname="examples" name="example_varname_w_label.Rd">
      <skipped message="Reason: On CRAN ('test-examples.R:143:7')"/>
    </testcase>
  </testsuite>
  <testsuite name="shinytest2-tm_a_pca" timestamp="2026-01-21T11:02:38Z" hostname="859bbd731da8" tests="11" skipped="11" failures="0" errors="0" time="1.04">
    <testcase time="0.208" classname="shinytest2_tm_a_pca" name="e2e_tm_a_pca_Module_is_initialised_with_the_specified_defaults_in_function_call.">
      <skipped message="Reason: On CRAN ('test-shinytest2-tm_a_pca.R:39:3')"/>
    </testcase>
    <testcase time="0.0999999999999996" classname="shinytest2_tm_a_pca" name="e2e_tm_a_pca_Eigenvector_table_should_have_data_extract_selection_Murder_Assault_on_header.">
      <skipped message="Reason: On CRAN ('test-shinytest2-tm_a_pca.R:68:3')"/>
    </testcase>
    <testcase time="0.081" classname="shinytest2_tm_a_pca" name="e2e_tm_a_pca_Eigenvector_table_should_have_data_extract_selection_Murder_UrbanPop_on_header.">
      <skipped message="Reason: On CRAN ('test-shinytest2-tm_a_pca.R:85:3')"/>
    </testcase>
    <testcase time="0.0860000000000003" classname="shinytest2_tm_a_pca" name="e2e_tm_a_pca_Color_by_columns_data_extract_must_be_from_non_selected_variable_set.">
      <skipped message="Reason: On CRAN ('test-shinytest2-tm_a_pca.R:102:3')"/>
    </testcase>
    <testcase time="0.0800000000000001" classname="shinytest2_tm_a_pca" name="e2e_tm_a_pca_Changing_output_encodings_of_tables_display_does_not_generate_errors.">
      <skipped message="Reason: On CRAN ('test-shinytest2-tm_a_pca.R:119:3')"/>
    </testcase>
    <testcase time="0.081" classname="shinytest2_tm_a_pca" name="e2e_tm_a_pca_Changing_output_encodings_for_plot_type_does_not_generate_errors.">
      <skipped message="Reason: On CRAN ('test-shinytest2-tm_a_pca.R:140:3')"/>
    </testcase>
    <testcase time="0.0800000000000001" classname="shinytest2_tm_a_pca" name="e2e_tm_a_pca_Changing_output_encodings_of_standardization_does_not_generate_errors.">
      <skipped message="Reason: On CRAN ('test-shinytest2-tm_a_pca.R:163:3')"/>
    </testcase>
    <testcase time="0.0819999999999999" classname="shinytest2_tm_a_pca" name="e2e_tm_a_pca_Changing_output_encodings_of_NA_action_does_not_generate_errors.">
      <skipped message="Reason: On CRAN ('test-shinytest2-tm_a_pca.R:181:3')"/>
    </testcase>
    <testcase time="0.081" classname="shinytest2_tm_a_pca" name="e2e_tm_a_pca_Changing_output_encodings_of_plot_type_hides_and_shows_options.">
      <skipped message="Reason: On CRAN ('test-shinytest2-tm_a_pca.R:195:3')"/>
    </testcase>
    <testcase time="0.0800000000000001" classname="shinytest2_tm_a_pca" name="e2e_tm_a_pca_Changing_output_encodings_of_theme_does_not_generate_errors.">
      <skipped message="Reason: On CRAN ('test-shinytest2-tm_a_pca.R:223:3')"/>
    </testcase>
    <testcase time="0.081" classname="shinytest2_tm_a_pca" name="e2e_tm_a_pca_Changing_output_encodings_of_font_size_does_not_generate_errors.">
      <skipped message="Reason: On CRAN ('test-shinytest2-tm_a_pca.R:241:3')"/>
    </testcase>
  </testsuite>
  <testsuite name="shinytest2-tm_a_regression" timestamp="2026-01-21T11:02:39Z" hostname="859bbd731da8" tests="7" skipped="7" failures="0" errors="0" time="0.618">
    <testcase time="0.0960000000000001" classname="shinytest2_tm_a_regression" name="e2e_tm_a_regression_Data_parameter_and_module_label_is_passed_properly.">
      <skipped message="Reason: On CRAN ('test-shinytest2-tm_a_regression.R:53:3')"/>
    </testcase>
    <testcase time="0.108" classname="shinytest2_tm_a_regression" name="e2e_tm_a_regression_Data_extract_spec_elements_are_initialized_with_the_default_values_specified_by_response_and_regressor_arg.">
      <skipped message="Reason: On CRAN ('test-shinytest2-tm_a_regression.R:70:3')"/>
    </testcase>
    <testcase time="0.0829999999999997" classname="shinytest2_tm_a_regression" name="e2e_tm_a_regression_Plot_type_is_set_properly.">
      <skipped message="Reason: On CRAN ('test-shinytest2-tm_a_regression.R:93:3')"/>
    </testcase>
    <testcase time="0.0830000000000002" classname="shinytest2_tm_a_regression" name="e2e_tm_a_regression_Plot_type_has_7_specific_choices_changing_choices_does_not_throw_errors.">
      <skipped message="Reason: On CRAN ('test-shinytest2-tm_a_regression.R:106:3')"/>
    </testcase>
    <testcase time="0.0830000000000002" classname="shinytest2_tm_a_regression" name="e2e_tm_a_regression_Outlier_definition_and_label_are_visible_by_default.">
      <skipped message="Reason: On CRAN ('test-shinytest2-tm_a_regression.R:133:3')"/>
    </testcase>
    <testcase time="0.0829999999999997" classname="shinytest2_tm_a_regression" name="e2e_tm_a_regression_Outlier_definition_and_label_have_default_values_and_label_text.">
      <skipped message="Reason: On CRAN ('test-shinytest2-tm_a_regression.R:145:3')"/>
    </testcase>
    <testcase time="0.0819999999999999" classname="shinytest2_tm_a_regression" name="e2e_tm_a_regression_Unchecking_display_outlier_hides_outlier_label_and_definition.">
      <skipped message="Reason: On CRAN ('test-shinytest2-tm_a_regression.R:173:3')"/>
    </testcase>
  </testsuite>
  <testsuite name="shinytest2-tm_data_table" timestamp="2026-01-21T11:02:39Z" hostname="859bbd731da8" tests="4" skipped="4" failures="0" errors="0" time="0.366">
    <testcase time="0.0990000000000002" classname="shinytest2_tm_data_table" name="e2e_tm_data_table_Initializes_without_errors">
      <skipped message="Reason: On CRAN ('test-shinytest2-tm_data_table.R:26:3')"/>
    </testcase>
    <testcase time="0.0920000000000001" classname="shinytest2_tm_data_table" name="e2e_tm_data_table_Verify_checkbox_displayed_over_data_table">
      <skipped message="Reason: On CRAN ('test-shinytest2-tm_data_table.R:38:3')"/>
    </testcase>
    <testcase time="0.0880000000000001" classname="shinytest2_tm_data_table" name="e2e_tm_data_table_Verify_module_displays_data_table">
      <skipped message="Reason: On CRAN ('test-shinytest2-tm_data_table.R:47:3')"/>
    </testcase>
    <testcase time="0.0869999999999997" classname="shinytest2_tm_data_table" name="e2e_tm_data_table_Verify_default_variable_selection_and_set_new_selection">
      <skipped message="Reason: On CRAN ('test-shinytest2-tm_data_table.R:83:3')"/>
    </testcase>
  </testsuite>
  <testsuite name="shinytest2-tm_file_viewer" timestamp="2026-01-21T11:02:40Z" hostname="859bbd731da8" tests="4" skipped="4" failures="0" errors="0" time="1.179">
    <testcase time="0.654" classname="shinytest2_tm_file_viewer" name="e2e_tm_file_viewer_Initializes_without_errors_and_shows_files_tree_specified_in_input_path_argument">
      <skipped message="Reason: On CRAN ('test-shinytest2-tm_file_viewer.R:22:3')"/>
    </testcase>
    <testcase time="0.239" classname="shinytest2_tm_file_viewer" name="e2e_tm_file_viewer_Shows_selected_image_file">
      <skipped message="Reason: On CRAN ('test-shinytest2-tm_file_viewer.R:45:3')"/>
    </testcase>
    <testcase time="0.138" classname="shinytest2_tm_file_viewer" name="e2e_tm_file_viewer_Shows_selected_text_file">
      <skipped message="Reason: On CRAN ('test-shinytest2-tm_file_viewer.R:66:3')"/>
    </testcase>
    <testcase time="0.148000000000001" classname="shinytest2_tm_file_viewer" name="e2e_tm_file_viewer_Shows_selected_url">
      <skipped message="Reason: On CRAN ('test-shinytest2-tm_file_viewer.R:93:3')"/>
    </testcase>
  </testsuite>
  <testsuite name="shinytest2-tm_front_page" timestamp="2026-01-21T11:02:41Z" hostname="859bbd731da8" tests="3" skipped="3" failures="0" errors="0" time="0.52">
    <testcase time="0.149" classname="shinytest2_tm_front_page" name="e2e_tm_front_page_Initializes_without_errors_and_check_html_elements">
      <skipped message="Reason: On CRAN ('test-shinytest2-tm_front_page.R:27:3')"/>
    </testcase>
    <testcase time="0.14" classname="shinytest2_tm_front_page" name="e2e_tm_front_page_Verify_the_module_displays_tables">
      <skipped message="Reason: On CRAN ('test-shinytest2-tm_front_page.R:48:3')"/>
    </testcase>
    <testcase time="0.231" classname="shinytest2_tm_front_page" name="e2e_tm_front_page_Verify_the_module_displays_metadata">
      <skipped message="Reason: On CRAN ('test-shinytest2-tm_front_page.R:60:3')"/>
    </testcase>
  </testsuite>
  <testsuite name="shinytest2-tm_g_association" timestamp="2026-01-21T11:02:41Z" hostname="859bbd731da8" tests="4" skipped="4" failures="0" errors="0" time="0.06">
    <testcase time="0.016" classname="shinytest2_tm_g_association" name="e2e_tm_g_association_Data_parameter_and_module_label_is_passed_properly.">
      <skipped message="Reason: ggmosaic issue: will be resumed via the issue #925 in tmg ('test-shinytest2-tm_g_association.R:51:3')"/>
    </testcase>
    <testcase time="0.0140000000000002" classname="shinytest2_tm_g_association" name="e2e_tm_g_association_Data_extract_spec_elements_are_initialized_with_the_default_values_specified_by_ref_and_vars_arguments.">
      <skipped message="Reason: ggmosaic issue: will be resumed via the issue  ('test-shinytest2-tm_g_association.R:68:3')"/>
    </testcase>
    <testcase time="0.0149999999999997" classname="shinytest2_tm_g_association" name="e2e_tm_g_association_Module_plot_is_visible.">
      <skipped message="Reason: ggmosaic issue: will be resumed via the issue  ('test-shinytest2-tm_g_association.R:90:3')"/>
    </testcase>
    <testcase time="0.0150000000000006" classname="shinytest2_tm_g_association" name="e2e_tm_g_association_Check_and_set_default_values_for_radio_buttons.">
      <skipped message="Reason: ggmosaic issue: will be resumed via the issue  ('test-shinytest2-tm_g_association.R:100:3')"/>
    </testcase>
  </testsuite>
  <testsuite name="shinytest2-tm_g_bivariate" timestamp="2026-01-21T11:02:41Z" hostname="859bbd731da8" tests="4" skipped="4" failures="0" errors="0" time="0.368">
    <testcase time="0.105" classname="shinytest2_tm_g_bivariate" name="e2e_tm_g_bivariate_Module_is_initialised_with_the_specified_defaults.">
      <skipped message="Reason: On CRAN ('test-shinytest2-tm_g_bivariate.R:92:3')"/>
    </testcase>
    <testcase time="0.0950000000000006" classname="shinytest2_tm_g_bivariate" name="e2e_tm_g_bivariate_Coloring_options_are_hidden_when_coloring_is_toggled_off.">
      <skipped message="Reason: On CRAN ('test-shinytest2-tm_g_bivariate.R:119:3')"/>
    </testcase>
    <testcase time="0.0829999999999993" classname="shinytest2_tm_g_bivariate" name="e2e_tm_g_bivariate_Facetting_options_are_hidden_when_facet_is_toggled_off.">
      <skipped message="Reason: On CRAN ('test-shinytest2-tm_g_bivariate.R:161:3')"/>
    </testcase>
    <testcase time="0.085" classname="shinytest2_tm_g_bivariate" name="e2e_tm_g_bivariate_Setting_encoding_inputs_produces_outputs_without_validation_errors.">
      <skipped message="Reason: On CRAN ('test-shinytest2-tm_g_bivariate.R:197:3')"/>
    </testcase>
  </testsuite>
  <testsuite name="shinytest2-tm_g_distribution" timestamp="2026-01-21T11:02:42Z" hostname="859bbd731da8" tests="3" skipped="3" failures="0" errors="0" time="0.241">
    <testcase time="0.0810000000000004" classname="shinytest2_tm_g_distribution" name="e2e_tm_g_distribution_Module_is_initialised_with_the_specified_defaults.">
      <skipped message="Reason: On CRAN ('test-shinytest2-tm_g_distribution.R:52:3')"/>
    </testcase>
    <testcase time="0.0830000000000002" classname="shinytest2_tm_g_distribution" name="e2e_tm_g_distribution_Histogram_encoding_inputs_produce_output_without_validation_errors.">
      <skipped message="Reason: On CRAN ('test-shinytest2-tm_g_distribution.R:76:3')"/>
    </testcase>
    <testcase time="0.077" classname="shinytest2_tm_g_distribution" name="e2e_tm_g_distribution_QQ_plot_encoding_inputs_produce_output_without_validation_errors.">
      <skipped message="Reason: On CRAN ('test-shinytest2-tm_g_distribution.R:113:3')"/>
    </testcase>
  </testsuite>
  <testsuite name="shinytest2-tm_g_response" timestamp="2026-01-21T11:02:42Z" hostname="859bbd731da8" tests="4" skipped="4" failures="0" errors="0" time="0.331">
    <testcase time="0.0830000000000002" classname="shinytest2_tm_g_response" name="e2e_tm_g_response_module_is_initialised_with_the_specified_defaults.">
      <skipped message="Reason: On CRAN ('test-shinytest2-tm_g_response.R:47:3')"/>
    </testcase>
    <testcase time="0.0869999999999997" classname="shinytest2_tm_g_response" name="e2e_tm_g_response_encoding_inputs_produce_output_without_validation_errors.">
      <skipped message="Reason: On CRAN ('test-shinytest2-tm_g_response.R:65:3')"/>
    </testcase>
    <testcase time="0.0830000000000002" classname="shinytest2_tm_g_response" name="e2e_tm_g_response_deselecting_response_produces_validation_error.">
      <skipped message="Reason: On CRAN ('test-shinytest2-tm_g_response.R:95:3')"/>
    </testcase>
    <testcase time="0.0779999999999994" classname="shinytest2_tm_g_response" name="e2e_tm_g_response_deselecting_x_produces_validation_error.">
      <skipped message="Reason: On CRAN ('test-shinytest2-tm_g_response.R:106:3')"/>
    </testcase>
  </testsuite>
  <testsuite name="shinytest2-tm_g_scatterplot" timestamp="2026-01-21T11:02:42Z" hostname="859bbd731da8" tests="5" skipped="5" failures="0" errors="0" time="0.454">
    <testcase time="0.0960000000000001" classname="shinytest2_tm_g_scatterplot" name="e2e_tm_g_scatterplot_Module_is_initialised_with_the_specified_defaults.">
      <skipped message="Reason: On CRAN ('test-shinytest2-tm_g_scatterplot.R:91:3')"/>
    </testcase>
    <testcase time="0.0979999999999999" classname="shinytest2_tm_g_scatterplot" name="e2e_tm_g_scatterplot_Base_for_the_log_transformation_can_be_applied.">
      <skipped message="Reason: On CRAN ('test-shinytest2-tm_g_scatterplot.R:117:3')"/>
    </testcase>
    <testcase time="0.085" classname="shinytest2_tm_g_scatterplot" name="e2e_tm_g_scatterplot_The_log_transform_is_only_possible_for_positive_numeric_vars.">
      <skipped message="Reason: On CRAN ('test-shinytest2-tm_g_scatterplot.R:137:3')"/>
    </testcase>
    <testcase time="0.0890000000000004" classname="shinytest2_tm_g_scatterplot" name="e2e_tm_g_scatterplot_Get_validation_error_when_facetting_with_the_same_row_col_variable.">
      <skipped message="Reason: On CRAN ('test-shinytest2-tm_g_scatterplot.R:156:3')"/>
    </testcase>
    <testcase time="0.0859999999999994" classname="shinytest2_tm_g_scatterplot" name="e2e_tm_g_scatterplot_The_encoding_inputs_are_set_without_validation_errors.">
      <skipped message="Reason: On CRAN ('test-shinytest2-tm_g_scatterplot.R:168:3')"/>
    </testcase>
  </testsuite>
  <testsuite name="shinytest2-tm_g_scatterplotmatrix" timestamp="2026-01-21T11:02:43Z" hostname="859bbd731da8" tests="4" skipped="4" failures="0" errors="0" time="0.561">
    <testcase time="0.146" classname="shinytest2_tm_g_scatterplotmatrix" name="e2e_tm_g_scatterplotmatrix_Initializes_without_errors">
      <skipped message="Reason: On CRAN ('test-shinytest2-tm_g_scatterplotmatrix.R:50:3')"/>
    </testcase>
    <testcase time="0.146000000000001" classname="shinytest2_tm_g_scatterplotmatrix" name="e2e_tm_g_scatterplotmatrix_Verify_module_displays_data_table">
      <skipped message="Reason: On CRAN ('test-shinytest2-tm_g_scatterplotmatrix.R:64:3')"/>
    </testcase>
    <testcase time="0.133999999999999" classname="shinytest2_tm_g_scatterplotmatrix" name="e2e_tm_g_scatterplotmatrix_Verify_default_values_and_settings_data_extracts_for_data_selection">
      <skipped message="Reason: On CRAN ('test-shinytest2-tm_g_scatterplotmatrix.R:78:3')"/>
    </testcase>
    <testcase time="0.135" classname="shinytest2_tm_g_scatterplotmatrix" name="e2e_tm_g_scatterplotmatrix_Change_plot_settings">
      <skipped message="Reason: On CRAN ('test-shinytest2-tm_g_scatterplotmatrix.R:105:3')"/>
    </testcase>
  </testsuite>
  <testsuite name="shinytest2-tm_missing_data" timestamp="2026-01-21T11:02:43Z" hostname="859bbd731da8" tests="4" skipped="4" failures="0" errors="0" time="0.797">
    <testcase time="0.195" classname="shinytest2_tm_missing_data" name="e2e_tm_missing_data_Initializes_without_errors">
      <skipped message="Reason: On CRAN ('test-shinytest2-tm_missing_data.R:41:3')"/>
    </testcase>
    <testcase time="0.203" classname="shinytest2_tm_missing_data" name="e2e_tm_missing_data_Default_settings_and_visibility_of_the_summary_graph">
      <skipped message="Reason: On CRAN ('test-shinytest2-tm_missing_data.R:55:3')"/>
    </testcase>
    <testcase time="0.204999999999999" classname="shinytest2_tm_missing_data" name="e2e_tm_missing_data_Check_default_settings_and_visibility_of_the_combinations_graph_and_encodings">
      <skipped message="Reason: On CRAN ('test-shinytest2-tm_missing_data.R:83:3')"/>
    </testcase>
    <testcase time="0.194000000000001" classname="shinytest2_tm_missing_data" name="e2e_tm_missing_data_Validate_functionality_and_UI_response_for_By_Variable_Levels_">
      <skipped message="Reason: On CRAN ('test-shinytest2-tm_missing_data.R:113:3')"/>
    </testcase>
  </testsuite>
  <testsuite name="shinytest2-tm_outliers" timestamp="2026-01-21T11:02:44Z" hostname="859bbd731da8" tests="10" skipped="10" failures="0" errors="0" time="0.972">
    <testcase time="0.097999999999999" classname="shinytest2_tm_outliers" name="e2e_tm_outliers_Data_parameter_and_module_label_is_passed_properly.">
      <skipped message="Reason: On CRAN ('test-shinytest2-tm_outliers.R:56:3')"/>
    </testcase>
    <testcase time="0.107000000000001" classname="shinytest2_tm_outliers" name="e2e_tm_outliers_Data_extract_spec_elements_are_initialized_with_the_default_values_specified_by_outlier_var_and_categorical_var_argument.">
      <skipped message="Reason: On CRAN ('test-shinytest2-tm_outliers.R:73:3')"/>
    </testcase>
    <testcase time="0.0939999999999994" classname="shinytest2_tm_outliers" name="e2e_tm_outliers_Plot_type_is_correctly_set_by_default_and_has_appropriate_possible_options.">
      <skipped message="Reason: On CRAN ('test-shinytest2-tm_outliers.R:109:3')"/>
    </testcase>
    <testcase time="0.0960000000000001" classname="shinytest2_tm_outliers" name="e2e_tm_outliers_Module_is_divided_into_3_tabs.">
      <skipped message="Reason: On CRAN ('test-shinytest2-tm_outliers.R:126:3')"/>
    </testcase>
    <testcase time="0.093" classname="shinytest2_tm_outliers" name="e2e_tm_outliers_Plot_type_is_hidden_when_Boxplot_tab_is_not_selected.">
      <skipped message="Reason: On CRAN ('test-shinytest2-tm_outliers.R:143:3')"/>
    </testcase>
    <testcase time="0.0969999999999995" classname="shinytest2_tm_outliers" name="e2e_tm_outliers_Default_radio_buttons_are_set_properly.">
      <skipped message="Reason: On CRAN ('test-shinytest2-tm_outliers.R:160:3')"/>
    </testcase>
    <testcase time="0.0920000000000005" classname="shinytest2_tm_outliers" name="e2e_tm_outliers_Method_parameters_are_set_properly.">
      <skipped message="Reason: On CRAN ('test-shinytest2-tm_outliers.R:176:3')"/>
    </testcase>
    <testcase time="0.093" classname="shinytest2_tm_outliers" name="e2e_tm_outliers_Outlier_definition_text_and_range_are_displayed_properly_depending_on_method.">
      <skipped message="Reason: On CRAN ('test-shinytest2-tm_outliers.R:191:3')"/>
    </testcase>
    <testcase time="0.109" classname="shinytest2_tm_outliers" name="e2e_tm_outliers_Outliers_summary_table_is_displayed_with_proper_content.">
      <skipped message="Reason: On CRAN ('test-shinytest2-tm_outliers.R:252:3')"/>
    </testcase>
    <testcase time="0.093" classname="shinytest2_tm_outliers" name="e2e_tm_outliers_Outlier_table_is_displayed_with_proper_content.">
      <skipped message="Reason: On CRAN ('test-shinytest2-tm_outliers.R:302:3')"/>
    </testcase>
  </testsuite>
  <testsuite name="shinytest2-tm_t_crosstable" timestamp="2026-01-21T11:02:45Z" hostname="859bbd731da8" tests="4" skipped="4" failures="0" errors="0" time="0.751">
    <testcase time="0.368" classname="shinytest2_tm_t_crosstable" name="e2e_tm_t_crosstable_Initializes_without_errors">
      <skipped message="Reason: On CRAN ('test-shinytest2-tm_t_crosstable.R:49:3')"/>
    </testcase>
    <testcase time="0.154999999999999" classname="shinytest2_tm_t_crosstable" name="e2e_tm_t_crosstable_Verify_module_displays_data_table">
      <skipped message="Reason: On CRAN ('test-shinytest2-tm_t_crosstable.R:63:3')"/>
    </testcase>
    <testcase time="0.118" classname="shinytest2_tm_t_crosstable" name="e2e_tm_t_crosstable_Verify_default_values_and_settings_data_extracts_for_data_selection">
      <skipped message="Reason: On CRAN ('test-shinytest2-tm_t_crosstable.R:75:3')"/>
    </testcase>
    <testcase time="0.109999999999999" classname="shinytest2_tm_t_crosstable" name="e2e_tm_t_crosstable_Change_plot_settings">
      <skipped message="Reason: On CRAN ('test-shinytest2-tm_t_crosstable.R:98:3')"/>
    </testcase>
  </testsuite>
  <testsuite name="shinytest2-tm_variable_browser" timestamp="2026-01-21T11:02:46Z" hostname="859bbd731da8" tests="6" skipped="6" failures="0" errors="0" time="0.628">
    <testcase time="0.109" classname="shinytest2_tm_variable_browser" name="e2e_tm_variable_browser_content_is_displayed_correctly.">
      <skipped message="Reason: On CRAN ('test-shinytest2-tm_variable_browser.R:34:3')"/>
    </testcase>
    <testcase time="0.107000000000001" classname="shinytest2_tm_variable_browser" name="e2e_tm_variable_browser_Selecting_treat_variable_as_factor_changes_the_table_headers.">
      <skipped message="Reason: On CRAN ('test-shinytest2-tm_variable_browser.R:72:3')"/>
    </testcase>
    <testcase time="0.100999999999999" classname="shinytest2_tm_variable_browser" name="e2e_tm_variable_browser_selection_of_categorical_variable_has_a_table_with_level_header.">
      <skipped message="Reason: On CRAN ('test-shinytest2-tm_variable_browser.R:108:3')"/>
    </testcase>
    <testcase time="0.105" classname="shinytest2_tm_variable_browser" name="e2e_tm_variable_browser_changing_display_density_encoding_doesn_t_show_errors.">
      <skipped message="Reason: On CRAN ('test-shinytest2-tm_variable_browser.R:166:3')"/>
    </testcase>
    <testcase time="0.0999999999999996" classname="shinytest2_tm_variable_browser" name="e2e_tm_variable_browser_changing_outlier_definition_encoding_doesn_t_show_errors.">
      <skipped message="Reason: On CRAN ('test-shinytest2-tm_variable_browser.R:181:3')"/>
    </testcase>
    <testcase time="0.106" classname="shinytest2_tm_variable_browser" name="e2e_tm_variable_browser_changing_plot_setting_encodings_doesn_t_show_errors.">
      <skipped message="Reason: On CRAN ('test-shinytest2-tm_variable_browser.R:212:3')"/>
    </testcase>
  </testsuite>
  <testsuite name="tm_front_page" timestamp="2026-01-21T11:02:46Z" hostname="859bbd731da8" tests="28" skipped="1" failures="0" errors="0" time="0.513">
    <testcase time="0.0170000000000012" classname="tm_front_page" name="tm_front_page_module_creation_creates_a_teal_module_object_with_default_options"/>
    <testcase time="0.00600000000000023" classname="tm_front_page" name="tm_front_page_module_creation_creates_a_module_that_is_bookmarkable"/>
    <testcase time="0.0109999999999992" classname="tm_front_page" name="tm_front_page_input_validation_fails_when_label_is_not_a_string"/>
    <testcase time="0.0080000000000009" classname="tm_front_page" name="tm_front_page_input_validation_fails_when_header_text_is_not_a_character_vector"/>
    <testcase time="0.00499999999999901" classname="tm_front_page" name="tm_front_page_input_validation_fails_when_header_text_is_not_a_character_vector"/>
    <testcase time="0.0080000000000009" classname="tm_front_page" name="tm_front_page_input_validation_fails_when_tables_is_not_a_named_list_of_data.frames"/>
    <testcase time="0.00599999999999845" classname="tm_front_page" name="tm_front_page_input_validation_fails_when_tables_is_not_a_named_list_of_data.frames"/>
    <testcase time="0.00500000000000078" classname="tm_front_page" name="tm_front_page_input_validation_fails_when_tables_is_not_a_named_list_of_data.frames"/>
    <testcase time="0.00799999999999912" classname="tm_front_page" name="tm_front_page_input_validation_fails_when_additional_tags_is_not_a_shiny.tag.list_or_html"/>
    <testcase time="0.0100000000000016" classname="tm_front_page" name="tm_front_page_input_validation_fails_when_additional_tags_is_not_a_shiny.tag.list_or_html"/>
    <testcase time="0.00999999999999979" classname="tm_front_page" name="tm_front_page_input_validation_fails_when_footnotes_is_not_a_character_vector"/>
    <testcase time="0.00499999999999901" classname="tm_front_page" name="tm_front_page_input_validation_fails_when_footnotes_is_not_a_character_vector"/>
    <testcase time="0.0080000000000009" classname="tm_front_page" name="tm_front_page_input_validation_fails_when_datanames_is_not_a_character_vector_or_NULL"/>
    <testcase time="0.00600000000000023" classname="tm_front_page" name="tm_front_page_input_validation_fails_when_datanames_is_not_a_character_vector_or_NULL"/>
    <testcase time="0.00799999999999912" classname="tm_front_page" name="tm_front_page_input_validation_fails_when_transformators_has_invalid_object_types"/>
    <testcase time="0.0370000000000008" classname="tm_front_page" name="tm_front_page_input_validation_show_metadata_is_deprecated"/>
    <testcase time="0.00399999999999956" classname="tm_front_page" name="tm_front_page_input_validation_accepts_valid_transformators"/>
    <testcase time="0.00600000000000023" classname="tm_front_page" name="tm_front_page_module_ui_behavior_returns_a_htmltools_tag_or_taglist_with_default_arguments"/>
    <testcase time="0.00999999999999979" classname="tm_front_page" name="tm_front_page_module_ui_behavior_returns_a_htmltools_tag_or_taglist_with_datanames"/>
    <testcase time="0.00699999999999967" classname="tm_front_page" name="tm_front_page_module_ui_behavior_returns_a_htmltools_tag_or_taglist_with_footnotes"/>
    <testcase time="0.00500000000000078" classname="tm_front_page" name="tm_front_page_module_ui_behavior_returns_a_htmltools_tag_or_taglist_with_footnotes"/>
    <testcase time="0.00699999999999967" classname="tm_front_page" name="tm_front_page_module_ui_behavior_returns_a_htmltools_tag_or_taglist_with_header"/>
    <testcase time="0.00499999999999901" classname="tm_front_page" name="tm_front_page_module_ui_behavior_returns_a_htmltools_tag_or_taglist_with_header"/>
    <testcase time="0.00700000000000145" classname="tm_front_page" name="tm_front_page_module_ui_behavior_returns_a_htmltools_tag_or_taglist_with_tables"/>
    <testcase time="0.123999999999999" classname="tm_front_page" name="tm_front_page_module_server_behavior_server_function_executes_generates_metadata_table"/>
    <testcase time="0.0670000000000002" classname="tm_front_page" name="tm_front_page_module_server_behavior_server_function_executes_generates_metadata_table"/>
    <testcase time="0.0760000000000005" classname="tm_front_page" name="tm_front_page_module_server_behavior_server_function_fails_to_validate_metadata_table"/>
    <testcase time="0.036999999999999" classname="tm_front_page" name="tm_front_page_module_server_behavior_server_function_table_from_argument">
      <skipped message="Reason: empty test ('test-tm_front_page.R:137:3')"/>
    </testcase>
  </testsuite>
  <testsuite name="tm_g_association" timestamp="2026-01-21T11:02:47Z" hostname="859bbd731da8" tests="64" skipped="0" failures="0" errors="0" time="12.953">
    <testcase time="0.0220000000000002" classname="tm_g_association" name="tm_g_association_module_creation_creates_a_teal_module_object"/>
    <testcase time="0.00500000000000078" classname="tm_g_association" name="tm_g_association_module_creation_creates_a_teal_module_object_with_list_of_data_extract_specs"/>
    <testcase time="0.00600000000000023" classname="tm_g_association" name="tm_g_association_module_creation_creates_a_module_with_datanames_taken_from_data_extracts"/>
    <testcase time="0.00600000000000023" classname="tm_g_association" name="tm_g_association_module_creation_creates_a_module_that_is_bookmarkable"/>
    <testcase time="0.0109999999999992" classname="tm_g_association" name="tm_g_association_input_validation_fails_when_label_is_not_a_string"/>
    <testcase time="0.0080000000000009" classname="tm_g_association" name="tm_g_association_input_validation_fails_when_ref_is_not_a_data_extract_spec_or_list"/>
    <testcase time="0.00799999999999912" classname="tm_g_association" name="tm_g_association_input_validation_fails_when_ref_allows_multiple_selection"/>
    <testcase time="0.0080000000000009" classname="tm_g_association" name="tm_g_association_input_validation_fails_when_vars_is_not_a_data_extract_spec_or_list"/>
    <testcase time="0.00899999999999856" classname="tm_g_association" name="tm_g_association_input_validation_fails_when_plot_height_is_not_valid"/>
    <testcase time="0.0080000000000009" classname="tm_g_association" name="tm_g_association_input_validation_fails_when_plot_height_has_wrong_length"/>
    <testcase time="0.00900000000000034" classname="tm_g_association" name="tm_g_association_input_validation_fails_when_plot_width_is_not_valid"/>
    <testcase time="0.00499999999999901" classname="tm_g_association" name="tm_g_association_input_validation_accepts_NULL_plot_width"/>
    <testcase time="0.0140000000000011" classname="tm_g_association" name="tm_g_association_input_validation_fails_when_distribution_theme_is_invalid"/>
    <testcase time="0.00599999999999845" classname="tm_g_association" name="tm_g_association_input_validation_accepts_valid_distribution_theme_options"/>
    <testcase time="0.00300000000000011" classname="tm_g_association" name="tm_g_association_input_validation_accepts_valid_distribution_theme_options"/>
    <testcase time="0.00300000000000011" classname="tm_g_association" name="tm_g_association_input_validation_accepts_valid_distribution_theme_options"/>
    <testcase time="0.00200000000000067" classname="tm_g_association" name="tm_g_association_input_validation_accepts_valid_distribution_theme_options"/>
    <testcase time="0.00300000000000011" classname="tm_g_association" name="tm_g_association_input_validation_accepts_valid_distribution_theme_options"/>
    <testcase time="0.00300000000000011" classname="tm_g_association" name="tm_g_association_input_validation_accepts_valid_distribution_theme_options"/>
    <testcase time="0.00300000000000011" classname="tm_g_association" name="tm_g_association_input_validation_accepts_valid_distribution_theme_options"/>
    <testcase time="0.00199999999999889" classname="tm_g_association" name="tm_g_association_input_validation_accepts_valid_distribution_theme_options"/>
    <testcase time="0.00900000000000034" classname="tm_g_association" name="tm_g_association_input_validation_fails_when_association_theme_is_invalid"/>
    <testcase time="0.00500000000000078" classname="tm_g_association" name="tm_g_association_input_validation_accepts_valid_association_theme_options"/>
    <testcase time="0.00300000000000011" classname="tm_g_association" name="tm_g_association_input_validation_accepts_valid_association_theme_options"/>
    <testcase time="0.00199999999999889" classname="tm_g_association" name="tm_g_association_input_validation_accepts_valid_association_theme_options"/>
    <testcase time="0.00300000000000011" classname="tm_g_association" name="tm_g_association_input_validation_accepts_valid_association_theme_options"/>
    <testcase time="0.00300000000000011" classname="tm_g_association" name="tm_g_association_input_validation_accepts_valid_association_theme_options"/>
    <testcase time="0.00300000000000011" classname="tm_g_association" name="tm_g_association_input_validation_accepts_valid_association_theme_options"/>
    <testcase time="0.00300000000000011" classname="tm_g_association" name="tm_g_association_input_validation_accepts_valid_association_theme_options"/>
    <testcase time="0.00200000000000067" classname="tm_g_association" name="tm_g_association_input_validation_accepts_valid_association_theme_options"/>
    <testcase time="0.00899999999999856" classname="tm_g_association" name="tm_g_association_input_validation_fails_when_ggplot2_args_object_uses_a_named_object_that_is_not_supported"/>
    <testcase time="0.00500000000000078" classname="tm_g_association" name="tm_g_association_input_validation_accepts_valid_ggplot2_args"/>
    <testcase time="0.00900000000000034" classname="tm_g_association" name="tm_g_association_input_validation_fails_when_decorators_has_invalid_object_types"/>
    <testcase time="0.00499999999999901" classname="tm_g_association" name="tm_g_association_input_validation_accepts_valid_decorators"/>
    <testcase time="2.341" classname="tm_g_association" name="tm_g_association_module_server_behavior_server_function_executes_successfully_through_module_interface_with_factor_variables"/>
    <testcase time="0.00300000000000011" classname="tm_g_association" name="tm_g_association_module_server_behavior_server_function_executes_successfully_through_module_interface_with_factor_variables"/>
    <testcase time="0.00300000000000011" classname="tm_g_association" name="tm_g_association_module_server_behavior_server_function_executes_successfully_through_module_interface_with_factor_variables"/>
    <testcase time="0.984999999999999" classname="tm_g_association" name="tm_g_association_module_server_behavior_server_function_handles_show_dist_option_through_module_interface"/>
    <testcase time="0.00300000000000011" classname="tm_g_association" name="tm_g_association_module_server_behavior_server_function_handles_show_dist_option_through_module_interface"/>
    <testcase time="0.00399999999999956" classname="tm_g_association" name="tm_g_association_module_server_behavior_server_function_handles_show_dist_option_through_module_interface"/>
    <testcase time="0.851000000000001" classname="tm_g_association" name="tm_g_association_module_server_behavior_server_function_handles_association_toggle_through_module_interface"/>
    <testcase time="0.00300000000000011" classname="tm_g_association" name="tm_g_association_module_server_behavior_server_function_handles_association_toggle_through_module_interface"/>
    <testcase time="0.00399999999999956" classname="tm_g_association" name="tm_g_association_module_server_behavior_server_function_handles_association_toggle_through_module_interface"/>
    <testcase time="0.970000000000001" classname="tm_g_association" name="tm_g_association_module_server_behavior_server_function_handles_different_themes_through_module_interface"/>
    <testcase time="0.00399999999999778" classname="tm_g_association" name="tm_g_association_module_server_behavior_server_function_handles_different_themes_through_module_interface"/>
    <testcase time="0.821000000000002" classname="tm_g_association" name="tm_g_association_module_server_behavior_server_function_handles_different_themes_through_module_interface"/>
    <testcase time="0.00300000000000011" classname="tm_g_association" name="tm_g_association_module_server_behavior_server_function_handles_different_themes_through_module_interface"/>
    <testcase time="0.829999999999998" classname="tm_g_association" name="tm_g_association_module_server_behavior_server_function_handles_different_themes_through_module_interface"/>
    <testcase time="0.00400000000000134" classname="tm_g_association" name="tm_g_association_module_server_behavior_server_function_handles_different_themes_through_module_interface"/>
    <testcase time="1.066" classname="tm_g_association" name="tm_g_association_module_server_behavior_server_function_handles_rotate_xaxis_labels_option_through_module_interface"/>
    <testcase time="0.00300000000000011" classname="tm_g_association" name="tm_g_association_module_server_behavior_server_function_handles_rotate_xaxis_labels_option_through_module_interface"/>
    <testcase time="0.00300000000000011" classname="tm_g_association" name="tm_g_association_module_server_behavior_server_function_handles_rotate_xaxis_labels_option_through_module_interface"/>
    <testcase time="0.996000000000002" classname="tm_g_association" name="tm_g_association_module_server_behavior_server_function_handles_swap_axes_option_through_module_interface"/>
    <testcase time="0.00300000000000011" classname="tm_g_association" name="tm_g_association_module_server_behavior_server_function_handles_swap_axes_option_through_module_interface"/>
    <testcase time="0.00399999999999778" classname="tm_g_association" name="tm_g_association_module_server_behavior_server_function_handles_swap_axes_option_through_module_interface"/>
    <testcase time="1.099" classname="tm_g_association" name="tm_g_association_module_server_behavior_server_function_handles_numeric_variables_through_module_interface"/>
    <testcase time="0.00300000000000011" classname="tm_g_association" name="tm_g_association_module_server_behavior_server_function_handles_numeric_variables_through_module_interface"/>
    <testcase time="0.00300000000000011" classname="tm_g_association" name="tm_g_association_module_server_behavior_server_function_handles_numeric_variables_through_module_interface"/>
    <testcase time="1.145" classname="tm_g_association" name="tm_g_association_module_server_behavior_server_function_handles_log_transformation_for_numeric_variables_through_module_interface"/>
    <testcase time="0.00300000000000011" classname="tm_g_association" name="tm_g_association_module_server_behavior_server_function_handles_log_transformation_for_numeric_variables_through_module_interface"/>
    <testcase time="0.00400000000000134" classname="tm_g_association" name="tm_g_association_module_server_behavior_server_function_handles_log_transformation_for_numeric_variables_through_module_interface"/>
    <testcase time="1.58" classname="tm_g_association" name="tm_g_association_module_server_behavior_server_function_handles_mixed_factor_and_numeric_variables_through_module_interface"/>
    <testcase time="0.00400000000000134" classname="tm_g_association" name="tm_g_association_module_server_behavior_server_function_handles_mixed_factor_and_numeric_variables_through_module_interface"/>
    <testcase time="0.00300000000000011" classname="tm_g_association" name="tm_g_association_module_server_behavior_server_function_handles_mixed_factor_and_numeric_variables_through_module_interface"/>
  </testsuite>
  <testsuite name="tm_g_bivariate" timestamp="2026-01-21T11:03:00Z" hostname="859bbd731da8" tests="18" skipped="0" failures="0" errors="0" time="0.137">
    <testcase time="0.0159999999999982" classname="tm_g_bivariate" name="tm_g_bivariate_creates_a_teal_module_object"/>
    <testcase time="0.00500000000000256" classname="tm_g_bivariate" name="tm_g_bivariate_creates_a_teal_module_object_with_default_options"/>
    <testcase time="0.00600000000000023" classname="tm_g_bivariate" name="tm_g_bivariate_creates_a_teal_module_object_with_multiple_data_extract_specs"/>
    <testcase time="0.00499999999999901" classname="tm_g_bivariate" name="tm_g_bivariate_creates_a_module_with_datanames_taken_from_data_extracts"/>
    <testcase time="0.00799999999999912" classname="tm_g_bivariate" name="tm_g_bivariate_fails_when_x_contains_a_spec_with_multiple_selection"/>
    <testcase time="0.00700000000000145" classname="tm_g_bivariate" name="tm_g_bivariate_fails_when_x_contains_multiple_spec_with_at_least_one_multiple_selection"/>
    <testcase time="0.00799999999999912" classname="tm_g_bivariate" name="tm_g_bivariate_fails_when_x_contains_multiple_spec_with_at_least_one_multiple_selection"/>
    <testcase time="0.00799999999999912" classname="tm_g_bivariate" name="tm_g_bivariate_fails_when_y_contains_multiple_spec_with_at_least_one_multiple_selection"/>
    <testcase time="0.00700000000000145" classname="tm_g_bivariate" name="tm_g_bivariate_fails_when_plot_height_is_not_valid"/>
    <testcase time="0.00799999999999912" classname="tm_g_bivariate" name="tm_g_bivariate_fails_when_plot_height_is_not_valid"/>
    <testcase time="0.00700000000000145" classname="tm_g_bivariate" name="tm_g_bivariate_fails_when_plot_height_is_not_valid"/>
    <testcase time="0.00799999999999912" classname="tm_g_bivariate" name="tm_g_bivariate_fails_when_plot_width_is_not_valid"/>
    <testcase time="0.00700000000000145" classname="tm_g_bivariate" name="tm_g_bivariate_fails_when_plot_width_is_not_valid"/>
    <testcase time="0.00799999999999912" classname="tm_g_bivariate" name="tm_g_bivariate_fails_when_plot_width_is_not_valid"/>
    <testcase time="0.00799999999999912" classname="tm_g_bivariate" name="tm_g_bivariate_fails_when_color_setting_is_FALSE_and_color_is_supplied"/>
    <testcase time="0.00700000000000145" classname="tm_g_bivariate" name="tm_g_bivariate_fails_when_color_setting_is_FALSE_and_size_is_supplied"/>
    <testcase time="0.00799999999999912" classname="tm_g_bivariate" name="tm_g_bivariate_fails_when_color_setting_is_FALSE_and_fill_is_supplied"/>
    <testcase time="0.00600000000000023" classname="tm_g_bivariate" name="tm_g_bivariate_determines_color_size_and_fill_when_color_setting_is_TRUE"/>
  </testsuite>
  <testsuite name="tm_g_response" timestamp="2026-01-21T11:03:00Z" hostname="859bbd731da8" tests="36" skipped="0" failures="0" errors="0" time="3.149">
    <testcase time="0.00900000000000034" classname="tm_g_response" name="tm_g_response_module_creation_creates_a_teal_module_object"/>
    <testcase time="0.00499999999999901" classname="tm_g_response" name="tm_g_response_module_creation_creates_a_teal_module_object_with_default_options"/>
    <testcase time="0.00499999999999901" classname="tm_g_response" name="tm_g_response_module_creation_creates_a_teal_module_object_with_list_of_data_extract_specs"/>
    <testcase time="0.00500000000000256" classname="tm_g_response" name="tm_g_response_module_creation_creates_a_module_with_datanames_taken_from_data_extracts"/>
    <testcase time="0.0069999999999979" classname="tm_g_response" name="tm_g_response_module_creation_creates_a_module_that_is_bookmarkable"/>
    <testcase time="0.0100000000000016" classname="tm_g_response" name="tm_g_response_input_validation_fails_when_label_is_not_a_string"/>
    <testcase time="0.00799999999999912" classname="tm_g_response" name="tm_g_response_input_validation_fails_when_response_is_not_a_data_extract_spec_or_list"/>
    <testcase time="0.0159999999999982" classname="tm_g_response" name="tm_g_response_input_validation_fails_when_response_allows_multiple_selection"/>
    <testcase time="0.00800000000000267" classname="tm_g_response" name="tm_g_response_input_validation_fails_when_x_is_not_a_data_extract_spec_or_list"/>
    <testcase time="0.00900000000000034" classname="tm_g_response" name="tm_g_response_input_validation_fails_when_x_allows_multiple_selection"/>
    <testcase time="0.00799999999999912" classname="tm_g_response" name="tm_g_response_input_validation_fails_when_plot_height_is_not_valid"/>
    <testcase time="0.00799999999999912" classname="tm_g_response" name="tm_g_response_input_validation_fails_when_plot_height_has_wrong_length"/>
    <testcase time="0.00900000000000034" classname="tm_g_response" name="tm_g_response_input_validation_fails_when_plot_width_is_not_valid"/>
    <testcase time="0.00499999999999901" classname="tm_g_response" name="tm_g_response_input_validation_accepts_NULL_plot_width"/>
    <testcase time="0.00800000000000267" classname="tm_g_response" name="tm_g_response_input_validation_fails_when_ggtheme_is_invalid"/>
    <testcase time="0.00499999999999901" classname="tm_g_response" name="tm_g_response_input_validation_accepts_valid_ggtheme_options"/>
    <testcase time="0.00300000000000011" classname="tm_g_response" name="tm_g_response_input_validation_accepts_valid_ggtheme_options"/>
    <testcase time="0.00199999999999889" classname="tm_g_response" name="tm_g_response_input_validation_accepts_valid_ggtheme_options"/>
    <testcase time="0.00300000000000011" classname="tm_g_response" name="tm_g_response_input_validation_accepts_valid_ggtheme_options"/>
    <testcase time="0.00300000000000011" classname="tm_g_response" name="tm_g_response_input_validation_accepts_valid_ggtheme_options"/>
    <testcase time="0.00300000000000011" classname="tm_g_response" name="tm_g_response_input_validation_accepts_valid_ggtheme_options"/>
    <testcase time="0.00199999999999889" classname="tm_g_response" name="tm_g_response_input_validation_accepts_valid_ggtheme_options"/>
    <testcase time="0.00300000000000011" classname="tm_g_response" name="tm_g_response_input_validation_accepts_valid_ggtheme_options"/>
    <testcase time="0.00900000000000034" classname="tm_g_response" name="tm_g_response_input_validation_fails_when_ggplot2_args_object_does_not_inherit_from_ggplot2_args_"/>
    <testcase time="0.00400000000000134" classname="tm_g_response" name="tm_g_response_input_validation_accepts_valid_ggplot2_args"/>
    <testcase time="0.00900000000000034" classname="tm_g_response" name="tm_g_response_input_validation_fails_when_decorators_has_invalid_object_types"/>
    <testcase time="0.00499999999999901" classname="tm_g_response" name="tm_g_response_input_validation_accepts_valid_decorators"/>
    <testcase time="0.986000000000001" classname="tm_g_response" name="tm_g_response_module_server_behavior_server_function_executes_successfully_through_module_interface"/>
    <testcase time="0.00399999999999778" classname="tm_g_response" name="tm_g_response_module_server_behavior_server_function_executes_successfully_through_module_interface"/>
    <testcase time="0.00300000000000011" classname="tm_g_response" name="tm_g_response_module_server_behavior_server_function_executes_successfully_through_module_interface"/>
    <testcase time="0.98" classname="tm_g_response" name="tm_g_response_module_server_behavior_server_function_generates_frequency_plot_through_module_interface"/>
    <testcase time="0.00300000000000011" classname="tm_g_response" name="tm_g_response_module_server_behavior_server_function_generates_frequency_plot_through_module_interface"/>
    <testcase time="0.00300000000000011" classname="tm_g_response" name="tm_g_response_module_server_behavior_server_function_generates_frequency_plot_through_module_interface"/>
    <testcase time="0.992000000000001" classname="tm_g_response" name="tm_g_response_module_server_behavior_server_function_generates_density_plot_through_module_interface"/>
    <testcase time="0.00400000000000134" classname="tm_g_response" name="tm_g_response_module_server_behavior_server_function_generates_density_plot_through_module_interface"/>
    <testcase time="0.00300000000000011" classname="tm_g_response" name="tm_g_response_module_server_behavior_server_function_generates_density_plot_through_module_interface"/>
  </testsuite>
  <testsuite name="tm_g_scatterplotmatrix" timestamp="2026-01-21T11:03:03Z" hostname="859bbd731da8" tests="19" skipped="0" failures="0" errors="0" time="1.283">
    <testcase time="0.0139999999999993" classname="tm_g_scatterplotmatrix" name="tm_g_scatterplotmatrix_module_creation_creates_a_teal_module_object"/>
    <testcase time="0.00499999999999901" classname="tm_g_scatterplotmatrix" name="tm_g_scatterplotmatrix_module_creation_creates_a_teal_module_object_with_default_options"/>
    <testcase time="0.00400000000000134" classname="tm_g_scatterplotmatrix" name="tm_g_scatterplotmatrix_module_creation_creates_a_teal_module_object_with_list_of_data_extract_specs"/>
    <testcase time="0.00499999999999901" classname="tm_g_scatterplotmatrix" name="tm_g_scatterplotmatrix_module_creation_creates_a_module_with_datanames_taken_from_data_extracts"/>
    <testcase time="0.00600000000000023" classname="tm_g_scatterplotmatrix" name="tm_g_scatterplotmatrix_module_creation_creates_a_module_that_is_bookmarkable"/>
    <testcase time="0.00999999999999801" classname="tm_g_scatterplotmatrix" name="tm_g_scatterplotmatrix_input_validation_fails_when_label_is_not_a_string"/>
    <testcase time="0.00800000000000267" classname="tm_g_scatterplotmatrix" name="tm_g_scatterplotmatrix_input_validation_fails_when_variables_is_not_a_data_extract_spec_or_list"/>
    <testcase time="0.00799999999999912" classname="tm_g_scatterplotmatrix" name="tm_g_scatterplotmatrix_input_validation_fails_when_plot_height_is_not_valid"/>
    <testcase time="0.00799999999999912" classname="tm_g_scatterplotmatrix" name="tm_g_scatterplotmatrix_input_validation_fails_when_plot_height_has_wrong_length"/>
    <testcase time="0.00799999999999912" classname="tm_g_scatterplotmatrix" name="tm_g_scatterplotmatrix_input_validation_fails_when_plot_width_is_not_valid"/>
    <testcase time="0.00500000000000256" classname="tm_g_scatterplotmatrix" name="tm_g_scatterplotmatrix_input_validation_accepts_NULL_plot_width"/>
    <testcase time="0.00799999999999912" classname="tm_g_scatterplotmatrix" name="tm_g_scatterplotmatrix_input_validation_fails_when_decorators_has_invalid_object_types"/>
    <testcase time="0.00400000000000134" classname="tm_g_scatterplotmatrix" name="tm_g_scatterplotmatrix_input_validation_accepts_valid_decorators"/>
    <testcase time="0.605" classname="tm_g_scatterplotmatrix" name="tm_g_scatterplotmatrix_module_server_behavior_server_function_executes_successfully_through_module_interface"/>
    <testcase time="0.00299999999999656" classname="tm_g_scatterplotmatrix" name="tm_g_scatterplotmatrix_module_server_behavior_server_function_executes_successfully_through_module_interface"/>
    <testcase time="0.00300000000000011" classname="tm_g_scatterplotmatrix" name="tm_g_scatterplotmatrix_module_server_behavior_server_function_executes_successfully_through_module_interface"/>
    <testcase time="0.573" classname="tm_g_scatterplotmatrix" name="tm_g_scatterplotmatrix_module_server_behavior_server_function_generates_scatterplot_matrix_with_two_variables"/>
    <testcase time="0.00300000000000011" classname="tm_g_scatterplotmatrix" name="tm_g_scatterplotmatrix_module_server_behavior_server_function_generates_scatterplot_matrix_with_two_variables"/>
    <testcase time="0.00300000000000011" classname="tm_g_scatterplotmatrix" name="tm_g_scatterplotmatrix_module_server_behavior_server_function_generates_scatterplot_matrix_with_two_variables"/>
  </testsuite>
  <testsuite name="tm_missing_data" timestamp="2026-01-21T11:03:04Z" hostname="859bbd731da8" tests="41" skipped="0" failures="0" errors="0" time="11.519">
    <testcase time="0.0159999999999982" classname="tm_missing_data" name="tm_missing_data_module_creation_creates_a_teal_module_object"/>
    <testcase time="0.00600000000000023" classname="tm_missing_data" name="tm_missing_data_module_creation_creates_a_teal_module_object_with_pre_output"/>
    <testcase time="0.00200000000000244" classname="tm_missing_data" name="tm_missing_data_module_creation_creates_a_teal_module_object_with_pre_output"/>
    <testcase time="0.00600000000000023" classname="tm_missing_data" name="tm_missing_data_module_creation_creates_a_teal_module_object_with_post_output"/>
    <testcase time="0.00199999999999889" classname="tm_missing_data" name="tm_missing_data_module_creation_creates_a_teal_module_object_with_post_output"/>
    <testcase time="0.00400000000000134" classname="tm_missing_data" name="tm_missing_data_module_creation_accepts_valid_ggtheme_theme_options"/>
    <testcase time="0.00199999999999889" classname="tm_missing_data" name="tm_missing_data_module_creation_accepts_valid_ggtheme_theme_options"/>
    <testcase time="0.00199999999999889" classname="tm_missing_data" name="tm_missing_data_module_creation_accepts_valid_ggtheme_theme_options"/>
    <testcase time="0.00199999999999889" classname="tm_missing_data" name="tm_missing_data_module_creation_accepts_valid_ggtheme_theme_options"/>
    <testcase time="0.00200000000000244" classname="tm_missing_data" name="tm_missing_data_module_creation_accepts_valid_ggtheme_theme_options"/>
    <testcase time="0.00199999999999889" classname="tm_missing_data" name="tm_missing_data_module_creation_accepts_valid_ggtheme_theme_options"/>
    <testcase time="0.00199999999999889" classname="tm_missing_data" name="tm_missing_data_module_creation_accepts_valid_ggtheme_theme_options"/>
    <testcase time="0.00200000000000244" classname="tm_missing_data" name="tm_missing_data_module_creation_accepts_valid_ggtheme_theme_options"/>
    <testcase time="0.00499999999999901" classname="tm_missing_data" name="tm_missing_data_module_creation_accepts_a_decorator"/>
    <testcase time="0.00400000000000134" classname="tm_missing_data" name="tm_missing_data_module_creation_accepts_multiple_decorators"/>
    <testcase time="0.00399999999999778" classname="tm_missing_data" name="tm_missing_data_module_creation_accepts_a_transformator"/>
    <testcase time="0.00500000000000256" classname="tm_missing_data" name="tm_missing_data_module_creation_creates_a_module_with_specified_datanames"/>
    <testcase time="0.00399999999999778" classname="tm_missing_data" name="tm_missing_data_module_creation_creates_a_module_with_datanames_all_"/>
    <testcase time="0.00600000000000023" classname="tm_missing_data" name="tm_missing_data_module_creation_creates_a_module_that_is_bookmarkable"/>
    <testcase time="0.00400000000000134" classname="tm_missing_data" name="tm_missing_data_module_creation_accepts_NULL_plot_width"/>
    <testcase time="0.00399999999999778" classname="tm_missing_data" name="tm_missing_data_module_creation_accepts_valid_ggplot2_args"/>
    <testcase time="0.0100000000000016" classname="tm_missing_data" name="tm_missing_data_input_validation_fails_when_plot_height_is_not_valid"/>
    <testcase time="0.0169999999999995" classname="tm_missing_data" name="tm_missing_data_input_validation_fails_when_plot_height_has_wrong_length"/>
    <testcase time="0.00799999999999912" classname="tm_missing_data" name="tm_missing_data_input_validation_fails_when_plot_width_is_not_valid"/>
    <testcase time="0.00800000000000267" classname="tm_missing_data" name="tm_missing_data_input_validation_fails_when_datanames_is_wrong_type"/>
    <testcase time="0.0069999999999979" classname="tm_missing_data" name="tm_missing_data_input_validation_fails_when_ggtheme_is_invalid_name"/>
    <testcase time="0.00799999999999912" classname="tm_missing_data" name="tm_missing_data_input_validation_fails_when_ggplot_args_has_not_valid_type"/>
    <testcase time="0.00800000000000267" classname="tm_missing_data" name="tm_missing_data_input_validation_fails_if_decorators_has_not_valid_type"/>
    <testcase time="0.00399999999999778" classname="tm_missing_data" name="tm_missing_data_input_validation_accepts_valid_decorators_with_all_allowed_names"/>
    <testcase time="0.00900000000000034" classname="tm_missing_data" name="tm_missing_data_input_validation_fails_if_transformators_has_not_valid_type"/>
    <testcase time="0.00700000000000145" classname="tm_missing_data" name="tm_missing_data_input_validation_fails_when_label_is_not_a_string"/>
    <testcase time="0.00700000000000145" classname="tm_missing_data" name="tm_missing_data_input_validation_fails_when_ggplot2_args_has_invalid_names"/>
    <testcase time="0.215" classname="tm_missing_data" name="tm_missing_data_using_single_or_all_datasets_ui_functions_uses_diferent_functions_in_single_or_all_datasets"/>
    <testcase time="1.801" classname="tm_missing_data" name="tm_missing_data_module_server_behavior_server_function_executes_successfully_through_module_interface_with_Summary_tab"/>
    <testcase time="1.86" classname="tm_missing_data" name="tm_missing_data_module_server_behavior_server_function_handles_Combinations_tab"/>
    <testcase time="1.726" classname="tm_missing_data" name="tm_missing_data_module_server_behavior_server_function_handles_By_Variable_Levels_tab"/>
    <testcase time="1.814" classname="tm_missing_data" name="tm_missing_data_module_server_behavior_server_function_handles_By_Variable_Levels_tab_with_proportions"/>
    <testcase time="2.216" classname="tm_missing_data" name="tm_missing_data_module_server_behavior_server_function_handles_Grouped_by_Subject_tab"/>
    <testcase time="1.701" classname="tm_missing_data" name="tm_missing_data_module_server_behavior_server_function_handles_By_Variable_Levels_tab_with_labeled_columns"/>
    <testcase time="0.00300000000000011" classname="tm_missing_data" name="tm_missing_data_module_server_behavior_server_function_handles_By_Variable_Levels_tab_with_labeled_columns"/>
    <testcase time="0.00399999999999778" classname="tm_missing_data" name="tm_missing_data_module_server_behavior_server_function_handles_By_Variable_Levels_tab_with_labeled_columns"/>
  </testsuite>
  <testsuite name="tm_rmarkdown" timestamp="2026-01-21T11:03:16Z" hostname="859bbd731da8" tests="4" skipped="0" failures="0" errors="0" time="0.302">
    <testcase time="0.136000000000003" classname="tm_rmarkdown" name="srv_rmarkdown_renders_number_of_rows_of_my_data_to_markdown_file"/>
    <testcase time="0.0159999999999982" classname="tm_rmarkdown" name="srv_rmarkdown_returns_a_teal.reporter_reactive"/>
    <testcase time="0.0670000000000002" classname="tm_rmarkdown" name="srv_rmarkdown_returns_a_teal.reporter_reactive"/>
    <testcase time="0.0829999999999984" classname="tm_rmarkdown" name="srv_rmarkdown_renders_expected_html"/>
  </testsuite>
  <testsuite name="tm_t_crosstable" timestamp="2026-01-21T11:03:16Z" hostname="859bbd731da8" tests="23" skipped="0" failures="0" errors="0" time="3.052">
    <testcase time="0.0129999999999981" classname="tm_t_crosstable" name="tm_t_crosstable_module_creation_creates_a_teal_module_object"/>
    <testcase time="0.00500000000000256" classname="tm_t_crosstable" name="tm_t_crosstable_module_creation_creates_a_teal_module_object_with_default_options"/>
    <testcase time="0.00500000000000256" classname="tm_t_crosstable" name="tm_t_crosstable_module_creation_creates_a_teal_module_object_with_list_of_data_extract_specs"/>
    <testcase time="0.00600000000000023" classname="tm_t_crosstable" name="tm_t_crosstable_module_creation_creates_a_module_with_datanames_taken_from_data_extracts"/>
    <testcase time="0.00600000000000023" classname="tm_t_crosstable" name="tm_t_crosstable_module_creation_creates_a_module_that_is_bookmarkable"/>
    <testcase time="0.0109999999999957" classname="tm_t_crosstable" name="tm_t_crosstable_input_validation_fails_when_label_is_not_a_string"/>
    <testcase time="0.00900000000000034" classname="tm_t_crosstable" name="tm_t_crosstable_input_validation_fails_when_x_is_not_a_data_extract_spec_or_list"/>
    <testcase time="0.00800000000000267" classname="tm_t_crosstable" name="tm_t_crosstable_input_validation_fails_when_y_is_not_a_data_extract_spec_or_list"/>
    <testcase time="0.357999999999997" classname="tm_t_crosstable" name="tm_t_crosstable_input_validation_fails_when_y_allows_multiple_selection"/>
    <testcase time="0.00900000000000034" classname="tm_t_crosstable" name="tm_t_crosstable_input_validation_fails_when_show_percentage_is_not_logical"/>
    <testcase time="0.00900000000000034" classname="tm_t_crosstable" name="tm_t_crosstable_input_validation_fails_when_show_total_is_not_logical"/>
    <testcase time="0.00800000000000267" classname="tm_t_crosstable" name="tm_t_crosstable_input_validation_fails_when_remove_zero_columns_is_not_logical"/>
    <testcase time="0.00900000000000034" classname="tm_t_crosstable" name="tm_t_crosstable_input_validation_fails_when_decorators_has_invalid_object_types"/>
    <testcase time="0.00499999999999545" classname="tm_t_crosstable" name="tm_t_crosstable_input_validation_accepts_valid_decorators"/>
    <testcase time="1.308" classname="tm_t_crosstable" name="tm_t_crosstable_module_server_behavior_server_function_executes_successfully_through_module_interface"/>
    <testcase time="0.00300000000000011" classname="tm_t_crosstable" name="tm_t_crosstable_module_server_behavior_server_function_executes_successfully_through_module_interface"/>
    <testcase time="0.00300000000000011" classname="tm_t_crosstable" name="tm_t_crosstable_module_server_behavior_server_function_executes_successfully_through_module_interface"/>
    <testcase time="0.632999999999996" classname="tm_t_crosstable" name="tm_t_crosstable_module_server_behavior_server_function_generates_table_with_show_percentage_enabled"/>
    <testcase time="0.00400000000000489" classname="tm_t_crosstable" name="tm_t_crosstable_module_server_behavior_server_function_generates_table_with_show_percentage_enabled"/>
    <testcase time="0.00300000000000011" classname="tm_t_crosstable" name="tm_t_crosstable_module_server_behavior_server_function_generates_table_with_show_percentage_enabled"/>
    <testcase time="0.629999999999995" classname="tm_t_crosstable" name="tm_t_crosstable_module_server_behavior_server_function_generates_table_with_show_total_enabled"/>
    <testcase time="0.00400000000000489" classname="tm_t_crosstable" name="tm_t_crosstable_module_server_behavior_server_function_generates_table_with_show_total_enabled"/>
    <testcase time="0.00300000000000011" classname="tm_t_crosstable" name="tm_t_crosstable_module_server_behavior_server_function_generates_table_with_show_total_enabled"/>
  </testsuite>
  <testsuite name="utils" timestamp="2026-01-21T11:03:19Z" hostname="859bbd731da8" tests="12" skipped="0" failures="0" errors="0" time="0.061">
    <testcase time="0.0129999999999981" classname="utils" name="set_chunk_attrs_changes_last_chunk_output_with_default_parameters"/>
    <testcase time="0.00199999999999534" classname="utils" name="set_chunk_attrs_changes_last_chunk_output_with_default_parameters"/>
    <testcase time="0.00400000000000489" classname="utils" name="set_chunk_attrs_changes_last_2_chunks"/>
    <testcase time="0.000999999999997669" classname="utils" name="set_chunk_attrs_changes_last_2_chunks"/>
    <testcase time="0.00399999999999778" classname="utils" name="set_chunk_attrs_only_changes_the_numeric_chunk_outputs"/>
    <testcase time="0.00200000000000244" classname="utils" name="set_chunk_attrs_only_changes_the_numeric_chunk_outputs"/>
    <testcase time="0.00399999999999778" classname="utils" name="set_chunk_attrs_throws_warning_when_last_chunk_is_not_chunk_output"/>
    <testcase time="0.00500000000000256" classname="utils" name="set_chunk_attrs_throws_warning_when_second_to_last_chunk_is_not_chunk_output"/>
    <testcase time="0.00399999999999778" classname="utils" name="set_chunk_attrs_modifies_all_elements_up_until_the_first_non_chunk_output"/>
    <testcase time="0.00300000000000011" classname="utils" name="set_chunk_attrs_modifies_all_elements_up_until_the_first_non_chunk_output"/>
    <testcase time="0.00200000000000244" classname="utils" name="set_chunk_attrs_modifies_all_elements_up_until_the_first_non_chunk_output"/>
    <testcase time="0.017000000000003" classname="utils" name="set_chunk_dims_skips_when_one_of_the_dimensions_is_auto_string"/>
  </testsuite>
  <testsuite name="bivariate_ggplot_call" timestamp="2026-01-21T11:03:19Z" hostname="859bbd731da8" tests="23" skipped="0" failures="0" errors="0" time="0.102">
    <testcase time="0.00899999999999324" classname="bivariate_ggplot_call" name="bivariate_ggplot_call_with_numerics"/>
    <testcase time="0.00300000000000011" classname="bivariate_ggplot_call" name="bivariate_ggplot_call_with_numerics"/>
    <testcase time="0.00300000000000011" classname="bivariate_ggplot_call" name="bivariate_ggplot_call_with_numerics"/>
    <testcase time="0.00200000000000244" classname="bivariate_ggplot_call" name="bivariate_ggplot_call_with_numerics"/>
    <testcase time="0.00600000000000023" classname="bivariate_ggplot_call" name="bivariate_ggplot_call_with_arguments_factor_and_factor"/>
    <testcase time="0.00500000000000256" classname="bivariate_ggplot_call" name="bivariate_ggplot_call_with_arguments_logical_and_factor"/>
    <testcase time="0.00499999999999545" classname="bivariate_ggplot_call" name="bivariate_ggplot_call_with_arguments_character_and_factor"/>
    <testcase time="0.00500000000000256" classname="bivariate_ggplot_call" name="bivariate_ggplot_call_with_arguments_factor_and_logical"/>
    <testcase time="0.00500000000000256" classname="bivariate_ggplot_call" name="bivariate_ggplot_call_with_arguments_logical_and_logical"/>
    <testcase time="0.00499999999999545" classname="bivariate_ggplot_call" name="bivariate_ggplot_call_with_arguments_character_and_logical"/>
    <testcase time="0.00500000000000256" classname="bivariate_ggplot_call" name="bivariate_ggplot_call_with_arguments_factor_and_character"/>
    <testcase time="0.00500000000000256" classname="bivariate_ggplot_call" name="bivariate_ggplot_call_with_arguments_logical_and_character"/>
    <testcase time="0.00499999999999545" classname="bivariate_ggplot_call" name="bivariate_ggplot_call_with_arguments_character_and_character"/>
    <testcase time="0.00600000000000023" classname="bivariate_ggplot_call" name="bivariate_ggplot_call_with_single_data_numeric"/>
    <testcase time="0.00300000000000011" classname="bivariate_ggplot_call" name="bivariate_ggplot_call_with_single_data_numeric"/>
    <testcase time="0.00300000000000011" classname="bivariate_ggplot_call" name="bivariate_ggplot_call_with_single_data_numeric"/>
    <testcase time="0.00200000000000244" classname="bivariate_ggplot_call" name="bivariate_ggplot_call_with_single_data_numeric"/>
    <testcase time="0.00300000000000011" classname="bivariate_ggplot_call" name="bivariate_ggplot_call_with_single_data_numeric"/>
    <testcase time="0.00199999999999534" classname="bivariate_ggplot_call" name="bivariate_ggplot_call_with_single_data_numeric"/>
    <testcase time="0.00399999999999778" classname="bivariate_ggplot_call" name="bivariate_ggplot_call_with_single_data_factor"/>
    <testcase time="0.00300000000000011" classname="bivariate_ggplot_call" name="bivariate_ggplot_call_with_single_data_factor"/>
    <testcase time="0.00300000000000011" classname="bivariate_ggplot_call" name="bivariate_ggplot_call_with_single_data_factor"/>
    <testcase time="0.00999999999999801" classname="bivariate_ggplot_call" name="bivariate_ggplot_call_with_single_data_factor"/>
  </testsuite>
  <testsuite name="front_page" timestamp="2026-01-21T11:03:20Z" hostname="859bbd731da8" tests="4" skipped="0" failures="0" errors="0" time="0.02">
    <testcase time="0.007000000000005" classname="front_page" name="convert_metadata_to_dataframe_returns_a_data_frame_with_no_rows_if_no_metadata"/>
    <testcase time="0.00399999999999778" classname="front_page" name="convert_metadata_to_dataframe_returns_a_data_frame_with_metadata_if_more_than_one_dataset"/>
    <testcase time="0.00500000000000256" classname="front_page" name="convert_metadata_to_dataframe_returns_a_data_frame_with_metadata_if_one_dataset"/>
    <testcase time="0.00399999999999778" classname="front_page" name="convert_metadata_to_dataframe_converts_metadata_values_to_characters"/>
  </testsuite>
  <testsuite name="g_expert_cl" timestamp="2026-01-21T11:03:20Z" hostname="859bbd731da8" tests="15" skipped="0" failures="0" errors="0" time="0.032">
    <testcase time="0.0069999999999979" classname="g_expert_cl" name="coloring_ggplot_call_can_work_with_all_combinations"/>
    <testcase time="0.000999999999997669" classname="g_expert_cl" name="coloring_ggplot_call_can_work_with_all_combinations"/>
    <testcase time="0.00200000000000244" classname="g_expert_cl" name="coloring_ggplot_call_can_work_with_all_combinations"/>
    <testcase time="0.000999999999997669" classname="g_expert_cl" name="coloring_ggplot_call_can_work_with_all_combinations"/>
    <testcase time="0.00200000000000244" classname="g_expert_cl" name="coloring_ggplot_call_can_work_with_all_combinations"/>
    <testcase time="0.000999999999997669" classname="g_expert_cl" name="coloring_ggplot_call_can_work_with_all_combinations"/>
    <testcase time="0.00100000000000477" classname="g_expert_cl" name="coloring_ggplot_call_can_work_with_all_combinations"/>
    <testcase time="0.00399999999999778" classname="g_expert_cl" name="coloring_ggplot_call_can_work_with_all_combinations_without_colour_var"/>
    <testcase time="0.00200000000000244" classname="g_expert_cl" name="coloring_ggplot_call_can_work_with_all_combinations_without_colour_var"/>
    <testcase time="0.000999999999997669" classname="g_expert_cl" name="coloring_ggplot_call_can_work_with_all_combinations_without_colour_var"/>
    <testcase time="0.00200000000000244" classname="g_expert_cl" name="coloring_ggplot_call_can_work_with_all_combinations_without_colour_var"/>
    <testcase time="0.000999999999997669" classname="g_expert_cl" name="coloring_ggplot_call_can_work_with_all_combinations_without_colour_var"/>
    <testcase time="0.00399999999999778" classname="g_expert_cl" name="coloring_ggplot_call_can_work_size_var"/>
    <testcase time="0.00100000000000477" classname="g_expert_cl" name="coloring_ggplot_call_can_work_size_var"/>
    <testcase time="0.00199999999999534" classname="g_expert_cl" name="coloring_ggplot_call_can_work_size_var"/>
  </testsuite>
  <testsuite name="scatterplotmatrix_get_stats" timestamp="2026-01-21T11:03:20Z" hostname="859bbd731da8" tests="6" skipped="0" failures="0" errors="0" time="0.025">
    <testcase time="0.00900000000000034" classname="scatterplotmatrix_get_stats" name="get_scatterplotmatrix_stats_x_y_numeric"/>
    <testcase time="0.00300000000000011" classname="scatterplotmatrix_get_stats" name="get_scatterplotmatrix_stats_x_y_numeric"/>
    <testcase time="0.00400000000000489" classname="scatterplotmatrix_get_stats" name="get_scatterplotmatrix_stats_x_y_numeric"/>
    <testcase time="0.00399999999999778" classname="scatterplotmatrix_get_stats" name="get_scatterplotmatrix_stats_x_y_character"/>
    <testcase time="0.00200000000000244" classname="scatterplotmatrix_get_stats" name="get_scatterplotmatrix_stats_x_y_character"/>
    <testcase time="0.00300000000000011" classname="scatterplotmatrix_get_stats" name="get_scatterplotmatrix_stats_x_y_character"/>
  </testsuite>
  <testsuite name="variable_browser" timestamp="2026-01-21T11:03:20Z" hostname="859bbd731da8" tests="145" skipped="0" failures="0" errors="0" time="69.634">
    <testcase time="0.0189999999999984" classname="variable_browser" name="tests_for_create_sparklines_exported_S3_methods_creates_sparkline_for_numeric_vectors"/>
    <testcase time="0.000999999999997669" classname="variable_browser" name="tests_for_create_sparklines_exported_S3_methods_creates_sparkline_for_numeric_vectors"/>
    <testcase time="0.0100000000000051" classname="variable_browser" name="tests_for_create_sparklines_exported_S3_methods_creates_sparkline_for_factor_vectors"/>
    <testcase time="0.00199999999999534" classname="variable_browser" name="tests_for_create_sparklines_exported_S3_methods_creates_sparkline_for_factor_vectors"/>
    <testcase time="0.0190000000000055" classname="variable_browser" name="tests_for_create_sparklines_exported_S3_methods_creates_sparkline_for_logical_vectors"/>
    <testcase time="0.00300000000000011" classname="variable_browser" name="tests_for_create_sparklines_exported_S3_methods_creates_sparkline_for_logical_vectors"/>
    <testcase time="0.00799999999999557" classname="variable_browser" name="tests_for_create_sparklines_exported_S3_methods_creates_sparkline_for_character_vectors"/>
    <testcase time="0.00200000000000244" classname="variable_browser" name="tests_for_create_sparklines_exported_S3_methods_creates_sparkline_for_character_vectors"/>
    <testcase time="0.00900000000000034" classname="variable_browser" name="tests_for_create_sparklines_exported_S3_methods_creates_sparkline_for_Date_vectors"/>
    <testcase time="0.000999999999997669" classname="variable_browser" name="tests_for_create_sparklines_exported_S3_methods_creates_sparkline_for_Date_vectors"/>
    <testcase time="0.00900000000000034" classname="variable_browser" name="tests_for_create_sparklines_exported_S3_methods_creates_sparkline_for_POSIXct_vectors"/>
    <testcase time="0.000999999999997669" classname="variable_browser" name="tests_for_create_sparklines_exported_S3_methods_creates_sparkline_for_POSIXct_vectors"/>
    <testcase time="0.0100000000000051" classname="variable_browser" name="tests_for_create_sparklines_exported_S3_methods_creates_sparkline_for_POSIXlt_vectors"/>
    <testcase time="0.000999999999997669" classname="variable_browser" name="tests_for_create_sparklines_exported_S3_methods_creates_sparkline_for_POSIXlt_vectors"/>
[...]
 210.                                                                           ├─shiny:::with_otel_span_context(...)
 211.                                                                           │ └─base::force(expr)
 212.                                                                           ├─shiny::captureStackTraces(...)
 213.                                                                           │ └─promises::with_promise_domain(...)
 214.                                                                           │   └─domain$wrapSync(expr)
 215.                                                                           │     └─base::withCallingHandlers(expr, error = doCaptureStack)
 216.                                                                           └─env$runWith(self, func)
 217.                                                                             └─shiny (local) contextFunc()
 218.                                                                               ├─base::withCallingHandlers(...)
 219.                                                                               ├─base::withVisible(.func())
 220.                                                                               └─shiny (local) .func()
 221.                                                                                 ├─shiny::..stacktraceon..(`&lt;reactive&gt;`(...))
 222.                                                                                 └─teal.modules.general (local) `&lt;reactive&gt;`(...)
 223.                                                                                   ├─shiny::req(variable_plot_r())
 224.                                                                                   │ └─shiny:::dotloop(...)
 225.                                                                                   │   ├─shiny (local) fun_(eval(as.symbol(paste0("..", i))))
 226.                                                                                   │   │ └─shiny::isTruthy(item)
 227.                                                                                   │   └─base::eval(as.symbol(paste0("..", i)))
 228.                                                                                   │     └─base::eval(as.symbol(paste0("..", i)))
 229.                                                                                   └─shiny (local) variable_plot_r()
 230.                                                                                     ├─shiny::..stacktraceoff..(self$.updateValue())
 231.                                                                                     └─self$.updateValue()
 232.                                                                                       └─ctx$run(...)
 233.                                                                                         ├─promises::with_promise_domain(...)
 234.                                                                                         │ └─domain$wrapSync(expr)
 235.                                                                                         ├─shiny::withReactiveDomain(...)
 236.                                                                                         │ └─promises::with_promise_domain(...)
 237.                                                                                         │   └─domain$wrapSync(expr)
 238.                                                                                         │     └─base::force(expr)
 239.                                                                                         ├─shiny:::with_otel_span_context(...)
 240.                                                                                         │ └─base::force(expr)
 241.                                                                                         ├─shiny::captureStackTraces(...)
 242.                                                                                         │ └─promises::with_promise_domain(...)
 243.                                                                                         │   └─domain$wrapSync(expr)
 244.                                                                                         │     └─base::withCallingHandlers(expr, error = doCaptureStack)
 245.                                                                                         └─env$runWith(self, func)
 246.                                                                                           └─shiny (local) contextFunc()
 247.                                                                                             ├─base::withCallingHandlers(...)
 248.                                                                                             ├─base::withVisible(.func())
 249.                                                                                             └─shiny (local) .func()
 250.                                                                                               ├─shiny::..stacktraceon..(`&lt;reactive&gt;`(...))
 251.                                                                                               └─teal.modules.general (local) `&lt;reactive&gt;`(...)
 252.                                                                                                 └─teal.modules.general:::plot_var_summary(...)
 253.                                                                                                   └─ggplot2::is.ggplot(qenv_plot$plot)
 254.                                                                                                     └─ggplot2:::deprecate_soft0("3.5.2", "is.ggplot()", "is_ggplot()")</system-out>
    </testcase>
    <testcase time="0.623000000000005" classname="variable_browser" name="tm_variable_browser_module_server_behavior_server_function_executes_successfully_with_numeric_data"/>
    <testcase time="0.00300000000000011" classname="variable_browser" name="tm_variable_browser_module_server_behavior_server_function_executes_successfully_with_numeric_data"/>
    <testcase time="0.00300000000000011" classname="variable_browser" name="tm_variable_browser_module_server_behavior_server_function_executes_successfully_with_numeric_data"/>
    <testcase time="1.473" classname="variable_browser" name="tm_variable_browser_module_server_behavior_server_function_executes_successfully_with_factor_data"/>
    <testcase time="0.00399999999999778" classname="variable_browser" name="tm_variable_browser_module_server_behavior_server_function_executes_successfully_with_factor_data"/>
    <testcase time="0.00300000000000011" classname="variable_browser" name="tm_variable_browser_module_server_behavior_server_function_executes_successfully_with_factor_data"/>
    <testcase time="1.252" classname="variable_browser" name="tm_variable_browser_module_server_behavior_server_function_executes_successfully_with_Date_data"/>
    <testcase time="0.00300000000000011" classname="variable_browser" name="tm_variable_browser_module_server_behavior_server_function_executes_successfully_with_Date_data"/>
    <testcase time="0.00199999999999534" classname="variable_browser" name="tm_variable_browser_module_server_behavior_server_function_executes_successfully_with_Date_data"/>
    <testcase time="1.856" classname="variable_browser" name="tm_variable_browser_module_server_behavior_server_function_handles_mixed_data_types"/>
    <testcase time="0.00300000000000011" classname="variable_browser" name="tm_variable_browser_module_server_behavior_server_function_handles_mixed_data_types"/>
    <testcase time="0.00300000000000011" classname="variable_browser" name="tm_variable_browser_module_server_behavior_server_function_handles_mixed_data_types"/>
    <testcase time="1.154" classname="variable_browser" name="tm_variable_browser_module_server_behavior_server_function_handles_data_with_NA_values"/>
    <testcase time="0.00300000000000011" classname="variable_browser" name="tm_variable_browser_module_server_behavior_server_function_handles_data_with_NA_values"/>
    <testcase time="0.00300000000000011" classname="variable_browser" name="tm_variable_browser_module_server_behavior_server_function_handles_data_with_NA_values"/>
    <testcase time="1.142" classname="variable_browser" name="tm_variable_browser_module_server_behavior_server_function_handles_multiple_datasets"/>
    <testcase time="0.00300000000000011" classname="variable_browser" name="tm_variable_browser_module_server_behavior_server_function_handles_multiple_datasets"/>
    <testcase time="0.00300000000000011" classname="variable_browser" name="tm_variable_browser_module_server_behavior_server_function_handles_multiple_datasets"/>
    <testcase time="1.158" classname="variable_browser" name="tm_variable_browser_module_server_behavior_server_function_handles_parent_dataname_filtering"/>
    <testcase time="0.00300000000000011" classname="variable_browser" name="tm_variable_browser_module_server_behavior_server_function_handles_parent_dataname_filtering"/>
    <testcase time="0.00300000000000011" classname="variable_browser" name="tm_variable_browser_module_server_behavior_server_function_handles_parent_dataname_filtering"/>
    <testcase time="1.443" classname="variable_browser" name="tm_variable_browser_module_server_behavior_server_function_handles_numeric_variables_with_few_unique_values"/>
    <testcase time="0.00300000000000011" classname="variable_browser" name="tm_variable_browser_module_server_behavior_server_function_handles_numeric_variables_with_few_unique_values"/>
    <testcase time="0.00300000000000011" classname="variable_browser" name="tm_variable_browser_module_server_behavior_server_function_handles_numeric_variables_with_few_unique_values"/>
    <testcase time="1.666" classname="variable_browser" name="tm_variable_browser_module_server_behavior_server_function_handles_logical_variables"/>
    <testcase time="0.00300000000000011" classname="variable_browser" name="tm_variable_browser_module_server_behavior_server_function_handles_logical_variables"/>
    <testcase time="0.00300000000000011" classname="variable_browser" name="tm_variable_browser_module_server_behavior_server_function_handles_logical_variables"/>
    <testcase time="1.242" classname="variable_browser" name="tm_variable_browser_module_server_behavior_server_function_works_with_custom_ggplot2_args"/>
    <testcase time="0.00300000000000011" classname="variable_browser" name="tm_variable_browser_module_server_behavior_server_function_works_with_custom_ggplot2_args"/>
    <testcase time="0.00300000000000011" classname="variable_browser" name="tm_variable_browser_module_server_behavior_server_function_works_with_custom_ggplot2_args"/>
    <testcase time="0.256" classname="variable_browser" name="testServer_for_data_exceptions_server_function_handles_empty_dataframes"/>
    <testcase time="0.00300000000000011" classname="variable_browser" name="testServer_for_data_exceptions_server_function_handles_empty_dataframes"/>
    <testcase time="1.004" classname="variable_browser" name="testServer_for_data_exceptions_server_function_handles_single_row_dataframes"/>
    <testcase time="0.00300000000000011" classname="variable_browser" name="testServer_for_data_exceptions_server_function_handles_single_row_dataframes"/>
    <testcase time="0.00300000000000011" classname="variable_browser" name="testServer_for_data_exceptions_server_function_handles_single_row_dataframes"/>
    <testcase time="1.335" classname="variable_browser" name="testServer_for_data_exceptions_server_function_handles_single_column_dataframes"/>
    <testcase time="0.00300000000000011" classname="variable_browser" name="testServer_for_data_exceptions_server_function_handles_single_column_dataframes"/>
    <testcase time="0.00300000000000011" classname="variable_browser" name="testServer_for_data_exceptions_server_function_handles_single_column_dataframes"/>
    <testcase time="1.29" classname="variable_browser" name="testServer_for_data_exceptions_server_function_handles_different_ggplot_themes"/>
    <testcase time="0.643000000000001" classname="variable_browser" name="testServer_for_data_exceptions_server_function_handles_different_ggplot_themes"/>
    <testcase time="0.658999999999999" classname="variable_browser" name="testServer_for_data_exceptions_server_function_handles_different_ggplot_themes"/>
    <testcase time="0.655000000000001" classname="variable_browser" name="testServer_for_data_exceptions_server_function_handles_different_ggplot_themes"/>
    <testcase time="0.687999999999995" classname="variable_browser" name="testServer_for_data_exceptions_server_function_handles_different_ggplot_themes"/>
    <testcase time="1.254" classname="variable_browser" name="testServer_for_data_exceptions_server_function_handles_different_font_sizes"/>
    <testcase time="0.674999999999997" classname="variable_browser" name="testServer_for_data_exceptions_server_function_handles_different_font_sizes"/>
    <testcase time="0.695999999999998" classname="variable_browser" name="testServer_for_data_exceptions_server_function_handles_different_font_sizes"/>
    <testcase time="0.695000000000007" classname="variable_browser" name="testServer_for_data_exceptions_server_function_handles_different_font_sizes"/>
    <testcase time="0.698999999999998" classname="variable_browser" name="testServer_for_data_exceptions_server_function_handles_different_font_sizes"/>
    <testcase time="1.627" classname="variable_browser" name="testServer_for_data_exceptions_server_function_handles_different_label_rotations"/>
    <testcase time="0.597000000000008" classname="variable_browser" name="testServer_for_data_exceptions_server_function_handles_different_label_rotations"/>
    <testcase time="0.605999999999995" classname="variable_browser" name="testServer_for_data_exceptions_server_function_handles_different_label_rotations"/>
    <testcase time="1.33200000000001" classname="variable_browser" name="testServer_for_data_exceptions_server_function_handles_switching_between_different_variables"/>
    <testcase time="0.74799999999999" classname="variable_browser" name="testServer_for_data_exceptions_server_function_handles_switching_between_different_variables"/>
    <testcase time="0.749000000000009" classname="variable_browser" name="testServer_for_data_exceptions_server_function_handles_switching_between_different_variables"/>
    <testcase time="0.702999999999989" classname="variable_browser" name="testServer_for_data_exceptions_server_function_handles_switching_between_different_variables"/>
    <testcase time="1.051" classname="variable_browser" name="testServer_for_data_exceptions_server_function_handles_datasets_with_special_characters_in_names"/>
    <testcase time="1.286" classname="variable_browser" name="testServer_for_data_exceptions_server_function_handles_integer_variables"/>
    <testcase time="1.16800000000001" classname="variable_browser" name="testServer_for_data_exceptions_server_function_handles_factors_with_ordered_levels"/>
    <testcase time="1.869" classname="variable_browser" name="UI_switches_and_controls_server_handles_toggling_display_density_switch"/>
    <testcase time="0.716999999999999" classname="variable_browser" name="UI_switches_and_controls_server_handles_toggling_display_density_switch"/>
    <testcase time="1.877" classname="variable_browser" name="UI_switches_and_controls_server_handles_toggling_remove_NA_hist_for_categorical_variables"/>
    <testcase time="0.656999999999996" classname="variable_browser" name="UI_switches_and_controls_server_handles_toggling_remove_NA_hist_for_categorical_variables"/>
    <testcase time="2.47200000000001" classname="variable_browser" name="UI_switches_and_controls_server_handles_different_outlier_definition_thresholds"/>
    <testcase time="1.02499999999999" classname="variable_browser" name="UI_switches_and_controls_server_handles_different_outlier_definition_thresholds"/>
    <testcase time="1.024" classname="variable_browser" name="UI_switches_and_controls_server_handles_different_outlier_definition_thresholds"/>
    <testcase time="1.02500000000001" classname="variable_browser" name="UI_switches_and_controls_server_handles_different_outlier_definition_thresholds"/>
    <testcase time="1.068" classname="variable_browser" name="UI_switches_and_controls_server_handles_different_outlier_definition_thresholds"/>
    <testcase time="1.03700000000001" classname="variable_browser" name="UI_switches_and_controls_server_handles_different_outlier_definition_thresholds"/>
    <testcase time="1.03399999999999" classname="variable_browser" name="UI_switches_and_controls_server_handles_different_outlier_definition_thresholds"/>
    <testcase time="1.048" classname="variable_browser" name="UI_switches_and_controls_server_handles_different_outlier_definition_thresholds"/>
    <testcase time="1.039" classname="variable_browser" name="UI_switches_and_controls_server_handles_different_outlier_definition_thresholds"/>
    <testcase time="0.657000000000011" classname="variable_browser" name="UI_switches_and_controls_server_handles_different_outlier_definition_thresholds"/>
    <testcase time="2.09899999999999" classname="variable_browser" name="UI_switches_and_controls_server_handles_numeric_as_factor_checkbox_toggle"/>
    <testcase time="0.300000000000011" classname="variable_browser" name="UI_switches_and_controls_server_handles_numeric_as_factor_checkbox_toggle"/>
    <testcase time="1.497" classname="variable_browser" name="UI_switches_and_controls_server_handles_numeric_as_factor_checkbox_toggle"/>
    <testcase time="0.646999999999991" classname="variable_browser" name="UI_switches_and_controls_server_handles_numeric_as_factor_checkbox_toggle"/>
    <testcase time="1.574" classname="variable_browser" name="UI_switches_and_controls_server_handles_variables_with_different_unique_value_counts"/>
    <testcase time="0.847999999999999" classname="variable_browser" name="UI_switches_and_controls_server_handles_variables_with_different_unique_value_counts"/>
    <testcase time="0.847000000000008" classname="variable_browser" name="UI_switches_and_controls_server_handles_variables_with_different_unique_value_counts"/>
    <testcase time="1.113" classname="variable_browser" name="UI_switches_and_controls_server_handles_categorical_variables_with_many_levels"/>
    <testcase time="0.00399999999999068" classname="variable_browser" name="UI_switches_and_controls_server_handles_categorical_variables_with_many_levels"/>
    <testcase time="1.19000000000001" classname="variable_browser" name="UI_switches_and_controls_server_handles_data_without_join_keys"/>
    <testcase time="0.00399999999999068" classname="variable_browser" name="UI_switches_and_controls_server_handles_data_without_join_keys"/>
    <testcase time="0.841000000000008" classname="variable_browser" name="UI_switches_and_controls_server_handles_variables_with_all_NA_values"/>
    <testcase time="0.87299999999999" classname="variable_browser" name="UI_switches_and_controls_server_handles_variables_with_all_NA_values"/>
    <testcase time="0.876000000000005" classname="variable_browser" name="UI_switches_and_controls_server_handles_variables_with_all_NA_values"/>
    <testcase time="1.82899999999999" classname="variable_browser" name="UI_switches_and_controls_server_handles_wrap_character_parameter_for_long_labels"/>
    <testcase time="2.26400000000001" classname="variable_browser" name="UI_switches_and_controls_server_handles_combined_outlier_removal_and_density_display"/>
    <testcase time="0.930999999999997" classname="variable_browser" name="UI_switches_and_controls_server_handles_combined_outlier_removal_and_density_display"/>
    <testcase time="0.676000000000002" classname="variable_browser" name="UI_switches_and_controls_server_handles_combined_outlier_removal_and_density_display"/>
  </testsuite>
</testsuites>
