<?xml version="1.0" encoding="UTF-8"?>
<testsuites>
  <testsuite name="shinytest2-tm_g_scatterplotmatrix" timestamp="2024-04-17T06:38:05Z" hostname="da956caeb7fe" tests="4" skipped="0" failures="0" errors="4" time="0.216">
    <testcase time="0.0619999999999998" classname="shinytest2_tm_g_scatterplotmatrix" name="e2e_tm_g_scatterplotmatrix_initializes_without_errors">
      <error type="error" message="Error in `tm_g_scatterplotmatrixmatrix(label = &quot;Scatterplot matrix&quot;, variables = list(data_extract_spec(dataname = &quot;ADSL&quot;,  ('test-shinytest2-tm_g_scatterplotmatrix.R:48:3')">Error in `tm_g_scatterplotmatrixmatrix(label = "Scatterplot matrix", variables = list(data_extract_spec(dataname = "ADSL", 
    select = select_spec(label = "Select variables:", choices = variable_choices(data[["ADSL"]]), 
        selected = c("AGE", "RACE", "SEX"), multiple = TRUE, 
        ordered = TRUE, fixed = FALSE)), data_extract_spec(dataname = "ADRS", 
    filter = filter_spec(label = "Select endpoints:", vars = c("PARAMCD", 
        "AVISIT"), choices = value_choices(data[["ADRS"]], c("PARAMCD", 
        "AVISIT"), c("PARAM", "AVISIT")), selected = "INVET - END OF INDUCTION", 
        multiple = TRUE), select = select_spec(label = "Select variables:", 
        choices = variable_choices(data[["ADRS"]]), selected = c("AGE", 
            "AVAL", "ADY"), multiple = TRUE, ordered = TRUE, 
        fixed = FALSE))), plot_height = c(600, 200, 2000), plot_width = NULL, 
    pre_output = NULL, post_output = NULL)`: could not find function "tm_g_scatterplotmatrixmatrix"
Backtrace:
    ▆
 1. └─teal.modules.general (local) app_driver_tm_g_scatterplotmatrix() at test-shinytest2-tm_g_scatterplotmatrix.R:48:3
 2.   └─TealAppDriver$new(...) at test-shinytest2-tm_g_scatterplotmatrix.R:2:3
 3.     └─teal (local) initialize(...)</error>
    </testcase>
    <testcase time="0.0830000000000002" classname="shinytest2_tm_g_scatterplotmatrix" name="e2e_tm_g_scatterplotmatrix_displays_data_table">
      <error type="error" message="Error in `tm_g_scatterplotmatrixmatrix(label = &quot;Scatterplot matrix&quot;, variables = list(data_extract_spec(dataname = &quot;ADSL&quot;,  ('test-shinytest2-tm_g_scatterplotmatrix.R:56:3')">Error in `tm_g_scatterplotmatrixmatrix(label = "Scatterplot matrix", variables = list(data_extract_spec(dataname = "ADSL", 
    select = select_spec(label = "Select variables:", choices = variable_choices(data[["ADSL"]]), 
        selected = c("AGE", "RACE", "SEX"), multiple = TRUE, 
        ordered = TRUE, fixed = FALSE)), data_extract_spec(dataname = "ADRS", 
    filter = filter_spec(label = "Select endpoints:", vars = c("PARAMCD", 
        "AVISIT"), choices = value_choices(data[["ADRS"]], c("PARAMCD", 
        "AVISIT"), c("PARAM", "AVISIT")), selected = "INVET - END OF INDUCTION", 
        multiple = TRUE), select = select_spec(label = "Select variables:", 
        choices = variable_choices(data[["ADRS"]]), selected = c("AGE", 
            "AVAL", "ADY"), multiple = TRUE, ordered = TRUE, 
        fixed = FALSE))), plot_height = c(600, 200, 2000), plot_width = NULL, 
    pre_output = NULL, post_output = NULL)`: could not find function "tm_g_scatterplotmatrixmatrix"
Backtrace:
    ▆
 1. └─teal.modules.general (local) app_driver_tm_g_scatterplotmatrix() at test-shinytest2-tm_g_scatterplotmatrix.R:56:3
 2.   └─TealAppDriver$new(...) at test-shinytest2-tm_g_scatterplotmatrix.R:2:3
 3.     └─teal (local) initialize(...)</error>
    </testcase>
    <testcase time="0.0479999999999998" classname="shinytest2_tm_g_scatterplotmatrix" name="e2e_tm_g_scatterplotmatrix_data_selection_data_extracts_default_value_and_setting">
      <error type="error" message="Error in `tm_g_scatterplotmatrixmatrix(label = &quot;Scatterplot matrix&quot;, variables = list(data_extract_spec(dataname = &quot;ADSL&quot;,  ('test-shinytest2-tm_g_scatterplotmatrix.R:66:3')">Error in `tm_g_scatterplotmatrixmatrix(label = "Scatterplot matrix", variables = list(data_extract_spec(dataname = "ADSL", 
    select = select_spec(label = "Select variables:", choices = variable_choices(data[["ADSL"]]), 
        selected = c("AGE", "RACE", "SEX"), multiple = TRUE, 
        ordered = TRUE, fixed = FALSE)), data_extract_spec(dataname = "ADRS", 
    filter = filter_spec(label = "Select endpoints:", vars = c("PARAMCD", 
        "AVISIT"), choices = value_choices(data[["ADRS"]], c("PARAMCD", 
        "AVISIT"), c("PARAM", "AVISIT")), selected = "INVET - END OF INDUCTION", 
        multiple = TRUE), select = select_spec(label = "Select variables:", 
        choices = variable_choices(data[["ADRS"]]), selected = c("AGE", 
            "AVAL", "ADY"), multiple = TRUE, ordered = TRUE, 
        fixed = FALSE))), plot_height = c(600, 200, 2000), plot_width = NULL, 
    pre_output = NULL, post_output = NULL)`: could not find function "tm_g_scatterplotmatrixmatrix"
Backtrace:
    ▆
 1. └─teal.modules.general (local) app_driver_tm_g_scatterplotmatrix() at test-shinytest2-tm_g_scatterplotmatrix.R:66:3
 2.   └─TealAppDriver$new(...) at test-shinytest2-tm_g_scatterplotmatrix.R:2:3
 3.     └─teal (local) initialize(...)</error>
    </testcase>
    <testcase time="0.0230000000000001" classname="shinytest2_tm_g_scatterplotmatrix" name="e2e_tm_g_scatterplotmatrix_changes_plot_settings">
      <error type="error" message="Error in `tm_g_scatterplotmatrixmatrix(label = &quot;Scatterplot matrix&quot;, variables = list(data_extract_spec(dataname = &quot;ADSL&quot;,  ('test-shinytest2-tm_g_scatterplotmatrix.R:92:3')">Error in `tm_g_scatterplotmatrixmatrix(label = "Scatterplot matrix", variables = list(data_extract_spec(dataname = "ADSL", 
    select = select_spec(label = "Select variables:", choices = variable_choices(data[["ADSL"]]), 
        selected = c("AGE", "RACE", "SEX"), multiple = TRUE, 
        ordered = TRUE, fixed = FALSE)), data_extract_spec(dataname = "ADRS", 
    filter = filter_spec(label = "Select endpoints:", vars = c("PARAMCD", 
        "AVISIT"), choices = value_choices(data[["ADRS"]], c("PARAMCD", 
        "AVISIT"), c("PARAM", "AVISIT")), selected = "INVET - END OF INDUCTION", 
        multiple = TRUE), select = select_spec(label = "Select variables:", 
        choices = variable_choices(data[["ADRS"]]), selected = c("AGE", 
            "AVAL", "ADY"), multiple = TRUE, ordered = TRUE, 
        fixed = FALSE))), plot_height = c(600, 200, 2000), plot_width = NULL, 
    pre_output = NULL, post_output = NULL)`: could not find function "tm_g_scatterplotmatrixmatrix"
Backtrace:
    ▆
 1. └─teal.modules.general (local) app_driver_tm_g_scatterplotmatrix() at test-shinytest2-tm_g_scatterplotmatrix.R:92:3
 2.   └─TealAppDriver$new(...) at test-shinytest2-tm_g_scatterplotmatrix.R:2:3
 3.     └─teal (local) initialize(...)</error>
    </testcase>
  </testsuite>
  <testsuite name="tm_g_bivariate" timestamp="2024-04-17T06:38:05Z" hostname="da956caeb7fe" tests="18" skipped="0" failures="0" errors="0" time="0.146">
    <testcase time="0.032" classname="tm_g_bivariate" name="tm_g_bivariate_creates_a_teal_module_object"/>
    <testcase time="0.004" classname="tm_g_bivariate" name="tm_g_bivariate_creates_a_teal_module_object_with_default_options"/>
    <testcase time="0.00499999999999989" classname="tm_g_bivariate" name="tm_g_bivariate_creates_a_teal_module_object_with_multiple_data_extract_specs"/>
    <testcase time="0.00500000000000012" classname="tm_g_bivariate" name="tm_g_bivariate_creates_a_module_with_datanames_taken_from_data_extracts"/>
    <testcase time="0.0069999999999999" classname="tm_g_bivariate" name="tm_g_bivariate_fails_when_x_contains_a_spec_with_multiple_selection"/>
    <testcase time="0.00700000000000012" classname="tm_g_bivariate" name="tm_g_bivariate_fails_when_x_contains_multiple_spec_with_at_least_one_multiple_selection"/>
    <testcase time="0.00999999999999979" classname="tm_g_bivariate" name="tm_g_bivariate_fails_when_x_contains_multiple_spec_with_at_least_one_multiple_selection"/>
    <testcase time="0.00700000000000012" classname="tm_g_bivariate" name="tm_g_bivariate_fails_when_y_contains_multiple_spec_with_at_least_one_multiple_selection"/>
    <testcase time="0.00800000000000001" classname="tm_g_bivariate" name="tm_g_bivariate_fails_when_plot_height_is_not_valid"/>
    <testcase time="0.0069999999999999" classname="tm_g_bivariate" name="tm_g_bivariate_fails_when_plot_height_is_not_valid"/>
    <testcase time="0.00700000000000012" classname="tm_g_bivariate" name="tm_g_bivariate_fails_when_plot_height_is_not_valid"/>
    <testcase time="0.0069999999999999" classname="tm_g_bivariate" name="tm_g_bivariate_fails_when_plot_width_is_not_valid"/>
    <testcase time="0.00700000000000012" classname="tm_g_bivariate" name="tm_g_bivariate_fails_when_plot_width_is_not_valid"/>
    <testcase time="0.0069999999999999" classname="tm_g_bivariate" name="tm_g_bivariate_fails_when_plot_width_is_not_valid"/>
    <testcase time="0.00700000000000012" classname="tm_g_bivariate" name="tm_g_bivariate_fails_when_color_setting_is_FALSE_and_color_is_supplied"/>
    <testcase time="0.0069999999999999" classname="tm_g_bivariate" name="tm_g_bivariate_fails_when_color_setting_is_FALSE_and_size_is_supplied"/>
    <testcase time="0.00700000000000012" classname="tm_g_bivariate" name="tm_g_bivariate_fails_when_color_setting_is_FALSE_and_fill_is_supplied"/>
    <testcase time="0.00499999999999989" classname="tm_g_bivariate" name="tm_g_bivariate_determines_color_size_and_fill_when_color_setting_is_TRUE"/>
  </testsuite>
  <testsuite name="bivariate_ggplot_call" timestamp="2024-04-17T06:38:05Z" hostname="da956caeb7fe" tests="21" skipped="0" failures="0" errors="0" time="0.074">
    <testcase time="0.016" classname="bivariate_ggplot_call" name="bivariate_ggplot_call_with_numerics"/>
    <testcase time="0.00300000000000011" classname="bivariate_ggplot_call" name="bivariate_ggplot_call_with_numerics"/>
    <testcase time="0.002" classname="bivariate_ggplot_call" name="bivariate_ggplot_call_with_numerics"/>
    <testcase time="0.002" classname="bivariate_ggplot_call" name="bivariate_ggplot_call_with_numerics"/>
    <testcase time="0.00499999999999989" classname="bivariate_ggplot_call" name="bivariate_ggplot_call_with_factor_char_logical"/>
    <testcase time="0.002" classname="bivariate_ggplot_call" name="bivariate_ggplot_call_with_factor_char_logical"/>
    <testcase time="0.00600000000000001" classname="bivariate_ggplot_call" name="bivariate_ggplot_call_with_factor_char_logical"/>
    <testcase time="0.002" classname="bivariate_ggplot_call" name="bivariate_ggplot_call_with_factor_char_logical"/>
    <testcase time="0.00300000000000011" classname="bivariate_ggplot_call" name="bivariate_ggplot_call_with_factor_char_logical"/>
    <testcase time="0.002" classname="bivariate_ggplot_call" name="bivariate_ggplot_call_with_factor_char_logical"/>
    <testcase time="0.002" classname="bivariate_ggplot_call" name="bivariate_ggplot_call_with_factor_char_logical"/>
    <testcase time="0.00499999999999989" classname="bivariate_ggplot_call" name="bivariate_ggplot_call_with_single_data_numeric"/>
    <testcase time="0.002" classname="bivariate_ggplot_call" name="bivariate_ggplot_call_with_single_data_numeric"/>
    <testcase time="0.00299999999999989" classname="bivariate_ggplot_call" name="bivariate_ggplot_call_with_single_data_numeric"/>
    <testcase time="0.002" classname="bivariate_ggplot_call" name="bivariate_ggplot_call_with_single_data_numeric"/>
    <testcase time="0.00300000000000011" classname="bivariate_ggplot_call" name="bivariate_ggplot_call_with_single_data_numeric"/>
    <testcase time="0.002" classname="bivariate_ggplot_call" name="bivariate_ggplot_call_with_single_data_numeric"/>
    <testcase time="0.00499999999999989" classname="bivariate_ggplot_call" name="bivariate_ggplot_call_with_single_data_factor"/>
    <testcase time="0.002" classname="bivariate_ggplot_call" name="bivariate_ggplot_call_with_single_data_factor"/>
    <testcase time="0.00300000000000011" classname="bivariate_ggplot_call" name="bivariate_ggplot_call_with_single_data_factor"/>
    <testcase time="0.002" classname="bivariate_ggplot_call" name="bivariate_ggplot_call_with_single_data_factor"/>
  </testsuite>
  <testsuite name="front_page" timestamp="2024-04-17T06:38:05Z" hostname="da956caeb7fe" tests="4" skipped="0" failures="0" errors="0" time="0.019">
    <testcase time="0.00600000000000001" classname="front_page" name="convert_metadata_to_dataframe_returns_a_data_frame_with_no_rows_if_no_metadata"/>
    <testcase time="0.00499999999999989" classname="front_page" name="convert_metadata_to_dataframe_returns_a_data_frame_with_metadata_if_more_than_one_dataset"/>
    <testcase time="0.00300000000000011" classname="front_page" name="convert_metadata_to_dataframe_returns_a_data_frame_with_metadata_if_one_dataset"/>
    <testcase time="0.00499999999999989" classname="front_page" name="convert_metadata_to_dataframe_converts_metadata_values_to_characters"/>
  </testsuite>
  <testsuite name="g_expert_cl" timestamp="2024-04-17T06:38:05Z" hostname="da956caeb7fe" tests="15" skipped="0" failures="0" errors="0" time="0.025">
    <testcase time="0.00500000000000012" classname="g_expert_cl" name="coloring_ggplot_call_can_work_with_all_combinations"/>
    <testcase time="0.00099999999999989" classname="g_expert_cl" name="coloring_ggplot_call_can_work_with_all_combinations"/>
    <testcase time="0.00100000000000011" classname="g_expert_cl" name="coloring_ggplot_call_can_work_with_all_combinations"/>
    <testcase time="0.00099999999999989" classname="g_expert_cl" name="coloring_ggplot_call_can_work_with_all_combinations"/>
    <testcase time="0.002" classname="g_expert_cl" name="coloring_ggplot_call_can_work_with_all_combinations"/>
    <testcase time="0.00100000000000011" classname="g_expert_cl" name="coloring_ggplot_call_can_work_with_all_combinations"/>
    <testcase time="0.00099999999999989" classname="g_expert_cl" name="coloring_ggplot_call_can_work_with_all_combinations"/>
    <testcase time="0.00300000000000011" classname="g_expert_cl" name="coloring_ggplot_call_can_work_with_all_combinations_without_colour_var"/>
    <testcase time="0.00099999999999989" classname="g_expert_cl" name="coloring_ggplot_call_can_work_with_all_combinations_without_colour_var"/>
    <testcase time="0.00100000000000011" classname="g_expert_cl" name="coloring_ggplot_call_can_work_with_all_combinations_without_colour_var"/>
    <testcase time="0.002" classname="g_expert_cl" name="coloring_ggplot_call_can_work_with_all_combinations_without_colour_var"/>
    <testcase time="0.00099999999999989" classname="g_expert_cl" name="coloring_ggplot_call_can_work_with_all_combinations_without_colour_var"/>
    <testcase time="0.00300000000000011" classname="g_expert_cl" name="coloring_ggplot_call_can_work_size_var"/>
    <testcase time="0.00099999999999989" classname="g_expert_cl" name="coloring_ggplot_call_can_work_size_var"/>
    <testcase time="0.00100000000000011" classname="g_expert_cl" name="coloring_ggplot_call_can_work_size_var"/>
  </testsuite>
  <testsuite name="scatterplotmatrix_get_stats" timestamp="2024-04-17T06:38:05Z" hostname="da956caeb7fe" tests="6" skipped="0" failures="0" errors="0" time="0.024">
    <testcase time="0.0089999999999999" classname="scatterplotmatrix_get_stats" name="get_scatterplotmatrix_stats_x_y_numeric"/>
    <testcase time="0.00300000000000011" classname="scatterplotmatrix_get_stats" name="get_scatterplotmatrix_stats_x_y_numeric"/>
    <testcase time="0.00299999999999989" classname="scatterplotmatrix_get_stats" name="get_scatterplotmatrix_stats_x_y_numeric"/>
    <testcase time="0.004" classname="scatterplotmatrix_get_stats" name="get_scatterplotmatrix_stats_x_y_character"/>
    <testcase time="0.002" classname="scatterplotmatrix_get_stats" name="get_scatterplotmatrix_stats_x_y_character"/>
    <testcase time="0.00300000000000011" classname="scatterplotmatrix_get_stats" name="get_scatterplotmatrix_stats_x_y_character"/>
  </testsuite>
  <testsuite name="variable_browser" timestamp="2024-04-17T06:38:05Z" hostname="da956caeb7fe" tests="3" skipped="0" failures="0" errors="0" time="0.012">
    <testcase time="0.00499999999999989" classname="variable_browser" name="remove_outliers_from_does_not_remove_outliers_when_outlier_definition_is_zero"/>
    <testcase time="0.004" classname="variable_browser" name="remove_outliers_from_removes_outliers_when_outlier_definition_is_non_zero"/>
    <testcase time="0.00300000000000011" classname="variable_browser" name="remove_outliers_from_keeps_missing_values_unchanged"/>
  </testsuite>
</testsuites>
