<?xml version="1.0" encoding="UTF-8"?>
<testsuites>
  <testsuite name="examples" timestamp="2026-01-16T01:05:31Z" hostname="208e8c608ef8" tests="43" skipped="43" failures="0" errors="0" time="0.643">
    <testcase time="0.0210000000000001" classname="examples" name="example_add_facet_labels.Rd">
      <skipped message="Reason: On CRAN ('test-examples.R:143:7')"/>
    </testcase>
    <testcase time="0.054" classname="examples" name="example_call_fun_dots.Rd">
      <skipped message="Reason: On CRAN ('test-examples.R:143:7')"/>
    </testcase>
    <testcase time="0.0589999999999999" classname="examples" name="example_create_sparklines.Rd">
      <skipped message="Reason: On CRAN ('test-examples.R:143:7')"/>
    </testcase>
    <testcase time="0.0129999999999999" classname="examples" name="example_dot_markdown_internal.Rd">
      <skipped message="Reason: On CRAN ('test-examples.R:143:7')"/>
    </testcase>
    <testcase time="0.0130000000000001" classname="examples" name="example_dot_scale_x_mosaic.Rd">
      <skipped message="Reason: On CRAN ('test-examples.R:143:7')"/>
    </testcase>
    <testcase time="0.012" classname="examples" name="example_establish_updating_selection.Rd">
      <skipped message="Reason: On CRAN ('test-examples.R:143:7')"/>
    </testcase>
    <testcase time="0.012" classname="examples" name="example_filter_outliers.Rd">
      <skipped message="Reason: On CRAN ('test-examples.R:143:7')"/>
    </testcase>
    <testcase time="0.012" classname="examples" name="example_geom_mosaic.Rd">
      <skipped message="Reason: On CRAN ('test-examples.R:143:7')"/>
    </testcase>
    <testcase time="0.0149999999999999" classname="examples" name="example_get_scatterplotmatrix_stats.Rd">
      <skipped message="Reason: On CRAN ('test-examples.R:143:7')"/>
    </testcase>
    <testcase time="0.012" classname="examples" name="example_is_tab_active_js.Rd">
      <skipped message="Reason: On CRAN ('test-examples.R:143:7')"/>
    </testcase>
    <testcase time="0.012" classname="examples" name="example_plot_var_summary.Rd">
      <skipped message="Reason: On CRAN ('test-examples.R:143:7')"/>
    </testcase>
    <testcase time="0.0130000000000001" classname="examples" name="example_remove_outliers_from.Rd">
      <skipped message="Reason: On CRAN ('test-examples.R:143:7')"/>
    </testcase>
    <testcase time="0.012" classname="examples" name="example_render_single_tab.Rd">
      <skipped message="Reason: On CRAN ('test-examples.R:143:7')"/>
    </testcase>
    <testcase time="0.012" classname="examples" name="example_render_tab_header.Rd">
      <skipped message="Reason: On CRAN ('test-examples.R:143:7')"/>
    </testcase>
    <testcase time="0.0149999999999999" classname="examples" name="example_render_tab_table.Rd">
      <skipped message="Reason: On CRAN ('test-examples.R:143:7')"/>
    </testcase>
    <testcase time="0.0130000000000001" classname="examples" name="example_render_tabset_panel_content.Rd">
      <skipped message="Reason: On CRAN ('test-examples.R:143:7')"/>
    </testcase>
    <testcase time="0.012" classname="examples" name="example_select_decorators.Rd">
      <skipped message="Reason: On CRAN ('test-examples.R:143:7')"/>
    </testcase>
    <testcase time="0.0129999999999999" classname="examples" name="example_set_chunk_attrs.Rd">
      <skipped message="Reason: On CRAN ('test-examples.R:143:7')"/>
    </testcase>
    <testcase time="0.012" classname="examples" name="example_set_chunk_dims.Rd">
      <skipped message="Reason: On CRAN ('test-examples.R:143:7')"/>
    </testcase>
    <testcase time="0.012" classname="examples" name="example_shared_params.Rd">
      <skipped message="Reason: On CRAN ('test-examples.R:143:7')"/>
    </testcase>
    <testcase time="0.016" classname="examples" name="example_srv_decorate_teal_data.Rd">
      <skipped message="Reason: On CRAN ('test-examples.R:143:7')"/>
    </testcase>
    <testcase time="0.012" classname="examples" name="example_teal.modules.general.Rd">
      <skipped message="Reason: On CRAN ('test-examples.R:143:7')"/>
    </testcase>
    <testcase time="0.0129999999999999" classname="examples" name="example_tm_a_pca.Rd">
      <skipped message="Reason: On CRAN ('test-examples.R:143:7')"/>
    </testcase>
    <testcase time="0.012" classname="examples" name="example_tm_a_regression.Rd">
      <skipped message="Reason: On CRAN ('test-examples.R:143:7')"/>
    </testcase>
    <testcase time="0.012" classname="examples" name="example_tm_data_table.Rd">
      <skipped message="Reason: On CRAN ('test-examples.R:143:7')"/>
    </testcase>
    <testcase time="0.012" classname="examples" name="example_tm_file_viewer.Rd">
      <skipped message="Reason: On CRAN ('test-examples.R:143:7')"/>
    </testcase>
    <testcase time="0.0150000000000001" classname="examples" name="example_tm_front_page.Rd">
      <skipped message="Reason: On CRAN ('test-examples.R:143:7')"/>
    </testcase>
    <testcase time="0.012" classname="examples" name="example_tm_g_association.Rd">
      <skipped message="Reason: On CRAN ('test-examples.R:143:7')"/>
    </testcase>
    <testcase time="0.0129999999999999" classname="examples" name="example_tm_g_bivariate.Rd">
      <skipped message="Reason: On CRAN ('test-examples.R:143:7')"/>
    </testcase>
    <testcase time="0.012" classname="examples" name="example_tm_g_distribution.Rd">
      <skipped message="Reason: On CRAN ('test-examples.R:143:7')"/>
    </testcase>
    <testcase time="0.012" classname="examples" name="example_tm_g_response.Rd">
      <skipped message="Reason: On CRAN ('test-examples.R:143:7')"/>
    </testcase>
    <testcase time="0.012" classname="examples" name="example_tm_g_scatterplot.Rd">
      <skipped message="Reason: On CRAN ('test-examples.R:143:7')"/>
    </testcase>
    <testcase time="0.016" classname="examples" name="example_tm_g_scatterplotmatrix.Rd">
      <skipped message="Reason: On CRAN ('test-examples.R:143:7')"/>
    </testcase>
    <testcase time="0.0129999999999999" classname="examples" name="example_tm_missing_data.Rd">
      <skipped message="Reason: On CRAN ('test-examples.R:143:7')"/>
    </testcase>
    <testcase time="0.012" classname="examples" name="example_tm_outliers.Rd">
      <skipped message="Reason: On CRAN ('test-examples.R:143:7')"/>
    </testcase>
    <testcase time="0.012" classname="examples" name="example_tm_rmarkdown.Rd">
      <skipped message="Reason: On CRAN ('test-examples.R:143:7')"/>
    </testcase>
    <testcase time="0.012" classname="examples" name="example_tm_t_crosstable.Rd">
      <skipped message="Reason: On CRAN ('test-examples.R:143:7')"/>
    </testcase>
    <testcase time="0.012" classname="examples" name="example_tm_variable_browser.Rd">
      <skipped message="Reason: On CRAN ('test-examples.R:143:7')"/>
    </testcase>
    <testcase time="0.0149999999999999" classname="examples" name="example_validate_input.Rd">
      <skipped message="Reason: On CRAN ('test-examples.R:143:7')"/>
    </testcase>
    <testcase time="0.012" classname="examples" name="example_var_missings_info.Rd">
      <skipped message="Reason: On CRAN ('test-examples.R:143:7')"/>
    </testcase>
    <testcase time="0.0129999999999999" classname="examples" name="example_var_summary_table.Rd">
      <skipped message="Reason: On CRAN ('test-examples.R:143:7')"/>
    </testcase>
    <testcase time="0.012" classname="examples" name="example_variable_type_icons.Rd">
      <skipped message="Reason: On CRAN ('test-examples.R:143:7')"/>
    </testcase>
    <testcase time="0.012" classname="examples" name="example_varname_w_label.Rd">
      <skipped message="Reason: On CRAN ('test-examples.R:143:7')"/>
    </testcase>
  </testsuite>
  <testsuite name="shinytest2-tm_a_pca" timestamp="2026-01-16T01:05:32Z" hostname="208e8c608ef8" tests="11" skipped="0" failures="0" errors="11" time="1.24">
    <testcase time="0.209" classname="shinytest2_tm_a_pca" name="e2e_tm_a_pca_Module_is_initialised_with_the_specified_defaults_in_function_call.">
      <error type="error" message="Error in `initialize(...)`: Assertion on 'app' failed: Must inherit from class 'teal_app', but has class 'list'. ('test-shinytest2-tm_a_pca.R:40:3')">Error in `initialize(...)`: Assertion on 'app' failed: Must inherit from class 'teal_app', but has class 'list'.
Backtrace:
    ▆
 1. └─teal.modules.general (local) app_driver_tm_a_pca() at test-shinytest2-tm_a_pca.R:40:3
 2.   └─teal.modules.general:::init_teal_app_driver(...) at test-shinytest2-tm_a_pca.R:9:3
 3.     ├─testthat::with_mocked_bindings(...) at ./helper-TealAppDriver.R:7:3
 4.     └─TealAppDriver$new(dots) at ./helper-TealAppDriver.R:17:7
 5.       └─teal (local) initialize(...)
 6.         └─checkmate::assert_class(app, "teal_app")
 7.           └─checkmate::makeAssertion(x, res, .var.name, add)
 8.             └─checkmate:::mstop(...)</error>
    </testcase>
    <testcase time="0.125" classname="shinytest2_tm_a_pca" name="e2e_tm_a_pca_Eigenvector_table_should_have_data_extract_selection_Murder_Assault_on_header.">
      <error type="error" message="Error in `initialize(...)`: Assertion on 'app' failed: Must inherit from class 'teal_app', but has class 'list'. ('test-shinytest2-tm_a_pca.R:69:3')">Error in `initialize(...)`: Assertion on 'app' failed: Must inherit from class 'teal_app', but has class 'list'.
Backtrace:
    ▆
 1. └─teal.modules.general (local) app_driver_tm_a_pca() at test-shinytest2-tm_a_pca.R:69:3
 2.   └─teal.modules.general:::init_teal_app_driver(...) at test-shinytest2-tm_a_pca.R:9:3
 3.     ├─testthat::with_mocked_bindings(...) at ./helper-TealAppDriver.R:7:3
 4.     └─TealAppDriver$new(dots) at ./helper-TealAppDriver.R:17:7
 5.       └─teal (local) initialize(...)
 6.         └─checkmate::assert_class(app, "teal_app")
 7.           └─checkmate::makeAssertion(x, res, .var.name, add)
 8.             └─checkmate:::mstop(...)</error>
    </testcase>
    <testcase time="0.0960000000000001" classname="shinytest2_tm_a_pca" name="e2e_tm_a_pca_Eigenvector_table_should_have_data_extract_selection_Murder_UrbanPop_on_header.">
      <error type="error" message="Error in `initialize(...)`: Assertion on 'app' failed: Must inherit from class 'teal_app', but has class 'list'. ('test-shinytest2-tm_a_pca.R:86:3')">Error in `initialize(...)`: Assertion on 'app' failed: Must inherit from class 'teal_app', but has class 'list'.
Backtrace:
    ▆
 1. └─teal.modules.general (local) app_driver_tm_a_pca() at test-shinytest2-tm_a_pca.R:86:3
 2.   └─teal.modules.general:::init_teal_app_driver(...) at test-shinytest2-tm_a_pca.R:9:3
 3.     ├─testthat::with_mocked_bindings(...) at ./helper-TealAppDriver.R:7:3
 4.     └─TealAppDriver$new(dots) at ./helper-TealAppDriver.R:17:7
 5.       └─teal (local) initialize(...)
 6.         └─checkmate::assert_class(app, "teal_app")
 7.           └─checkmate::makeAssertion(x, res, .var.name, add)
 8.             └─checkmate:::mstop(...)</error>
    </testcase>
    <testcase time="0.1" classname="shinytest2_tm_a_pca" name="e2e_tm_a_pca_Color_by_columns_data_extract_must_be_from_non_selected_variable_set.">
      <error type="error" message="Error in `initialize(...)`: Assertion on 'app' failed: Must inherit from class 'teal_app', but has class 'list'. ('test-shinytest2-tm_a_pca.R:103:3')">Error in `initialize(...)`: Assertion on 'app' failed: Must inherit from class 'teal_app', but has class 'list'.
Backtrace:
    ▆
 1. └─teal.modules.general (local) app_driver_tm_a_pca() at test-shinytest2-tm_a_pca.R:103:3
 2.   └─teal.modules.general:::init_teal_app_driver(...) at test-shinytest2-tm_a_pca.R:9:3
 3.     ├─testthat::with_mocked_bindings(...) at ./helper-TealAppDriver.R:7:3
 4.     └─TealAppDriver$new(dots) at ./helper-TealAppDriver.R:17:7
 5.       └─teal (local) initialize(...)
 6.         └─checkmate::assert_class(app, "teal_app")
 7.           └─checkmate::makeAssertion(x, res, .var.name, add)
 8.             └─checkmate:::mstop(...)</error>
    </testcase>
    <testcase time="0.0960000000000001" classname="shinytest2_tm_a_pca" name="e2e_tm_a_pca_Changing_output_encodings_of_tables_display_does_not_generate_errors.">
      <error type="error" message="Error in `initialize(...)`: Assertion on 'app' failed: Must inherit from class 'teal_app', but has class 'list'. ('test-shinytest2-tm_a_pca.R:120:3')">Error in `initialize(...)`: Assertion on 'app' failed: Must inherit from class 'teal_app', but has class 'list'.
Backtrace:
    ▆
 1. └─teal.modules.general (local) app_driver_tm_a_pca() at test-shinytest2-tm_a_pca.R:120:3
 2.   └─teal.modules.general:::init_teal_app_driver(...) at test-shinytest2-tm_a_pca.R:9:3
 3.     ├─testthat::with_mocked_bindings(...) at ./helper-TealAppDriver.R:7:3
 4.     └─TealAppDriver$new(dots) at ./helper-TealAppDriver.R:17:7
 5.       └─teal (local) initialize(...)
 6.         └─checkmate::assert_class(app, "teal_app")
 7.           └─checkmate::makeAssertion(x, res, .var.name, add)
 8.             └─checkmate:::mstop(...)</error>
    </testcase>
    <testcase time="0.0979999999999999" classname="shinytest2_tm_a_pca" name="e2e_tm_a_pca_Changing_output_encodings_for_plot_type_does_not_generate_errors.">
      <error type="error" message="Error in `initialize(...)`: Assertion on 'app' failed: Must inherit from class 'teal_app', but has class 'list'. ('test-shinytest2-tm_a_pca.R:141:3')">Error in `initialize(...)`: Assertion on 'app' failed: Must inherit from class 'teal_app', but has class 'list'.
Backtrace:
    ▆
 1. └─teal.modules.general (local) app_driver_tm_a_pca() at test-shinytest2-tm_a_pca.R:141:3
 2.   └─teal.modules.general:::init_teal_app_driver(...) at test-shinytest2-tm_a_pca.R:9:3
 3.     ├─testthat::with_mocked_bindings(...) at ./helper-TealAppDriver.R:7:3
 4.     └─TealAppDriver$new(dots) at ./helper-TealAppDriver.R:17:7
 5.       └─teal (local) initialize(...)
 6.         └─checkmate::assert_class(app, "teal_app")
 7.           └─checkmate::makeAssertion(x, res, .var.name, add)
 8.             └─checkmate:::mstop(...)</error>
    </testcase>
    <testcase time="0.101" classname="shinytest2_tm_a_pca" name="e2e_tm_a_pca_Changing_output_encodings_of_standardization_does_not_generate_errors.">
      <error type="error" message="Error in `initialize(...)`: Assertion on 'app' failed: Must inherit from class 'teal_app', but has class 'list'. ('test-shinytest2-tm_a_pca.R:164:3')">Error in `initialize(...)`: Assertion on 'app' failed: Must inherit from class 'teal_app', but has class 'list'.
Backtrace:
    ▆
 1. └─teal.modules.general (local) app_driver_tm_a_pca() at test-shinytest2-tm_a_pca.R:164:3
 2.   └─teal.modules.general:::init_teal_app_driver(...) at test-shinytest2-tm_a_pca.R:9:3
 3.     ├─testthat::with_mocked_bindings(...) at ./helper-TealAppDriver.R:7:3
 4.     └─TealAppDriver$new(dots) at ./helper-TealAppDriver.R:17:7
 5.       └─teal (local) initialize(...)
 6.         └─checkmate::assert_class(app, "teal_app")
 7.           └─checkmate::makeAssertion(x, res, .var.name, add)
 8.             └─checkmate:::mstop(...)</error>
    </testcase>
    <testcase time="0.097" classname="shinytest2_tm_a_pca" name="e2e_tm_a_pca_Changing_output_encodings_of_NA_action_does_not_generate_errors.">
      <error type="error" message="Error in `initialize(...)`: Assertion on 'app' failed: Must inherit from class 'teal_app', but has class 'list'. ('test-shinytest2-tm_a_pca.R:182:3')">Error in `initialize(...)`: Assertion on 'app' failed: Must inherit from class 'teal_app', but has class 'list'.
Backtrace:
    ▆
 1. └─teal.modules.general (local) app_driver_tm_a_pca() at test-shinytest2-tm_a_pca.R:182:3
 2.   └─teal.modules.general:::init_teal_app_driver(...) at test-shinytest2-tm_a_pca.R:9:3
 3.     ├─testthat::with_mocked_bindings(...) at ./helper-TealAppDriver.R:7:3
 4.     └─TealAppDriver$new(dots) at ./helper-TealAppDriver.R:17:7
 5.       └─teal (local) initialize(...)
 6.         └─checkmate::assert_class(app, "teal_app")
 7.           └─checkmate::makeAssertion(x, res, .var.name, add)
 8.             └─checkmate:::mstop(...)</error>
    </testcase>
    <testcase time="0.102" classname="shinytest2_tm_a_pca" name="e2e_tm_a_pca_Changing_output_encodings_of_plot_type_hides_and_shows_options.">
      <error type="error" message="Error in `initialize(...)`: Assertion on 'app' failed: Must inherit from class 'teal_app', but has class 'list'. ('test-shinytest2-tm_a_pca.R:196:3')">Error in `initialize(...)`: Assertion on 'app' failed: Must inherit from class 'teal_app', but has class 'list'.
Backtrace:
    ▆
 1. └─teal.modules.general (local) app_driver_tm_a_pca() at test-shinytest2-tm_a_pca.R:196:3
 2.   └─teal.modules.general:::init_teal_app_driver(...) at test-shinytest2-tm_a_pca.R:9:3
 3.     ├─testthat::with_mocked_bindings(...) at ./helper-TealAppDriver.R:7:3
 4.     └─TealAppDriver$new(dots) at ./helper-TealAppDriver.R:17:7
 5.       └─teal (local) initialize(...)
 6.         └─checkmate::assert_class(app, "teal_app")
 7.           └─checkmate::makeAssertion(x, res, .var.name, add)
 8.             └─checkmate:::mstop(...)</error>
    </testcase>
    <testcase time="0.117" classname="shinytest2_tm_a_pca" name="e2e_tm_a_pca_Changing_output_encodings_of_theme_does_not_generate_errors.">
      <error type="error" message="Error in `initialize(...)`: Assertion on 'app' failed: Must inherit from class 'teal_app', but has class 'list'. ('test-shinytest2-tm_a_pca.R:224:3')">Error in `initialize(...)`: Assertion on 'app' failed: Must inherit from class 'teal_app', but has class 'list'.
Backtrace:
    ▆
 1. └─teal.modules.general (local) app_driver_tm_a_pca() at test-shinytest2-tm_a_pca.R:224:3
 2.   └─teal.modules.general:::init_teal_app_driver(...) at test-shinytest2-tm_a_pca.R:9:3
 3.     ├─testthat::with_mocked_bindings(...) at ./helper-TealAppDriver.R:7:3
 4.     └─TealAppDriver$new(dots) at ./helper-TealAppDriver.R:17:7
 5.       └─teal (local) initialize(...)
 6.         └─checkmate::assert_class(app, "teal_app")
 7.           └─checkmate::makeAssertion(x, res, .var.name, add)
 8.             └─checkmate:::mstop(...)</error>
    </testcase>
    <testcase time="0.0989999999999998" classname="shinytest2_tm_a_pca" name="e2e_tm_a_pca_Changing_output_encodings_of_font_size_does_not_generate_errors.">
      <error type="error" message="Error in `initialize(...)`: Assertion on 'app' failed: Must inherit from class 'teal_app', but has class 'list'. ('test-shinytest2-tm_a_pca.R:242:3')">Error in `initialize(...)`: Assertion on 'app' failed: Must inherit from class 'teal_app', but has class 'list'.
Backtrace:
    ▆
 1. └─teal.modules.general (local) app_driver_tm_a_pca() at test-shinytest2-tm_a_pca.R:242:3
 2.   └─teal.modules.general:::init_teal_app_driver(...) at test-shinytest2-tm_a_pca.R:9:3
 3.     ├─testthat::with_mocked_bindings(...) at ./helper-TealAppDriver.R:7:3
 4.     └─TealAppDriver$new(dots) at ./helper-TealAppDriver.R:17:7
 5.       └─teal (local) initialize(...)
 6.         └─checkmate::assert_class(app, "teal_app")
 7.           └─checkmate::makeAssertion(x, res, .var.name, add)
 8.             └─checkmate:::mstop(...)</error>
    </testcase>
  </testsuite>
  <testsuite name="shinytest2-tm_a_regression" timestamp="2026-01-16T01:05:33Z" hostname="208e8c608ef8" tests="7" skipped="0" failures="0" errors="7" time="0.709">
    <testcase time="0.114" classname="shinytest2_tm_a_regression" name="e2e_tm_a_regression_Data_parameter_and_module_label_is_passed_properly.">
      <error type="error" message="Error in `initialize(...)`: Assertion on 'app' failed: Must inherit from class 'teal_app', but has class 'list'. ('test-shinytest2-tm_a_regression.R:54:3')">Error in `initialize(...)`: Assertion on 'app' failed: Must inherit from class 'teal_app', but has class 'list'.
Backtrace:
    ▆
 1. └─teal.modules.general (local) app_driver_tm_a_regression() at test-shinytest2-tm_a_regression.R:54:3
 2.   └─teal.modules.general:::init_teal_app_driver(...) at test-shinytest2-tm_a_regression.R:7:3
 3.     ├─testthat::with_mocked_bindings(...) at ./helper-TealAppDriver.R:7:3
 4.     └─TealAppDriver$new(dots) at ./helper-TealAppDriver.R:17:7
 5.       └─teal (local) initialize(...)
 6.         └─checkmate::assert_class(app, "teal_app")
 7.           └─checkmate::makeAssertion(x, res, .var.name, add)
 8.             └─checkmate:::mstop(...)</error>
    </testcase>
    <testcase time="0.104" classname="shinytest2_tm_a_regression" name="e2e_tm_a_regression_Data_extract_spec_elements_are_initialized_with_the_default_values_specified_by_response_and_regressor_arg.">
      <error type="error" message="Error in `initialize(...)`: Assertion on 'app' failed: Must inherit from class 'teal_app', but has class 'list'. ('test-shinytest2-tm_a_regression.R:71:3')">Error in `initialize(...)`: Assertion on 'app' failed: Must inherit from class 'teal_app', but has class 'list'.
Backtrace:
    ▆
 1. └─teal.modules.general (local) app_driver_tm_a_regression() at test-shinytest2-tm_a_regression.R:71:3
 2.   └─teal.modules.general:::init_teal_app_driver(...) at test-shinytest2-tm_a_regression.R:7:3
 3.     ├─testthat::with_mocked_bindings(...) at ./helper-TealAppDriver.R:7:3
 4.     └─TealAppDriver$new(dots) at ./helper-TealAppDriver.R:17:7
 5.       └─teal (local) initialize(...)
 6.         └─checkmate::assert_class(app, "teal_app")
 7.           └─checkmate::makeAssertion(x, res, .var.name, add)
 8.             └─checkmate:::mstop(...)</error>
    </testcase>
    <testcase time="0.102" classname="shinytest2_tm_a_regression" name="e2e_tm_a_regression_Plot_type_is_set_properly.">
      <error type="error" message="Error in `initialize(...)`: Assertion on 'app' failed: Must inherit from class 'teal_app', but has class 'list'. ('test-shinytest2-tm_a_regression.R:94:3')">Error in `initialize(...)`: Assertion on 'app' failed: Must inherit from class 'teal_app', but has class 'list'.
Backtrace:
    ▆
 1. └─teal.modules.general (local) app_driver_tm_a_regression() at test-shinytest2-tm_a_regression.R:94:3
 2.   └─teal.modules.general:::init_teal_app_driver(...) at test-shinytest2-tm_a_regression.R:7:3
 3.     ├─testthat::with_mocked_bindings(...) at ./helper-TealAppDriver.R:7:3
 4.     └─TealAppDriver$new(dots) at ./helper-TealAppDriver.R:17:7
 5.       └─teal (local) initialize(...)
 6.         └─checkmate::assert_class(app, "teal_app")
 7.           └─checkmate::makeAssertion(x, res, .var.name, add)
 8.             └─checkmate:::mstop(...)</error>
    </testcase>
    <testcase time="0.0959999999999996" classname="shinytest2_tm_a_regression" name="e2e_tm_a_regression_Plot_type_has_7_specific_choices_changing_choices_does_not_throw_errors.">
      <error type="error" message="Error in `initialize(...)`: Assertion on 'app' failed: Must inherit from class 'teal_app', but has class 'list'. ('test-shinytest2-tm_a_regression.R:107:3')">Error in `initialize(...)`: Assertion on 'app' failed: Must inherit from class 'teal_app', but has class 'list'.
Backtrace:
    ▆
 1. └─teal.modules.general (local) app_driver_tm_a_regression() at test-shinytest2-tm_a_regression.R:107:3
 2.   └─teal.modules.general:::init_teal_app_driver(...) at test-shinytest2-tm_a_regression.R:7:3
 3.     ├─testthat::with_mocked_bindings(...) at ./helper-TealAppDriver.R:7:3
 4.     └─TealAppDriver$new(dots) at ./helper-TealAppDriver.R:17:7
 5.       └─teal (local) initialize(...)
 6.         └─checkmate::assert_class(app, "teal_app")
 7.           └─checkmate::makeAssertion(x, res, .var.name, add)
 8.             └─checkmate:::mstop(...)</error>
    </testcase>
    <testcase time="0.0960000000000001" classname="shinytest2_tm_a_regression" name="e2e_tm_a_regression_Outlier_definition_and_label_are_visible_by_default.">
      <error type="error" message="Error in `initialize(...)`: Assertion on 'app' failed: Must inherit from class 'teal_app', but has class 'list'. ('test-shinytest2-tm_a_regression.R:134:3')">Error in `initialize(...)`: Assertion on 'app' failed: Must inherit from class 'teal_app', but has class 'list'.
Backtrace:
    ▆
 1. └─teal.modules.general (local) app_driver_tm_a_regression() at test-shinytest2-tm_a_regression.R:134:3
 2.   └─teal.modules.general:::init_teal_app_driver(...) at test-shinytest2-tm_a_regression.R:7:3
 3.     ├─testthat::with_mocked_bindings(...) at ./helper-TealAppDriver.R:7:3
 4.     └─TealAppDriver$new(dots) at ./helper-TealAppDriver.R:17:7
 5.       └─teal (local) initialize(...)
 6.         └─checkmate::assert_class(app, "teal_app")
 7.           └─checkmate::makeAssertion(x, res, .var.name, add)
 8.             └─checkmate:::mstop(...)</error>
    </testcase>
    <testcase time="0.101" classname="shinytest2_tm_a_regression" name="e2e_tm_a_regression_Outlier_definition_and_label_have_default_values_and_label_text.">
      <error type="error" message="Error in `initialize(...)`: Assertion on 'app' failed: Must inherit from class 'teal_app', but has class 'list'. ('test-shinytest2-tm_a_regression.R:146:3')">Error in `initialize(...)`: Assertion on 'app' failed: Must inherit from class 'teal_app', but has class 'list'.
Backtrace:
    ▆
 1. └─teal.modules.general (local) app_driver_tm_a_regression() at test-shinytest2-tm_a_regression.R:146:3
 2.   └─teal.modules.general:::init_teal_app_driver(...) at test-shinytest2-tm_a_regression.R:7:3
 3.     ├─testthat::with_mocked_bindings(...) at ./helper-TealAppDriver.R:7:3
 4.     └─TealAppDriver$new(dots) at ./helper-TealAppDriver.R:17:7
 5.       └─teal (local) initialize(...)
 6.         └─checkmate::assert_class(app, "teal_app")
 7.           └─checkmate::makeAssertion(x, res, .var.name, add)
 8.             └─checkmate:::mstop(...)</error>
    </testcase>
    <testcase time="0.0960000000000001" classname="shinytest2_tm_a_regression" name="e2e_tm_a_regression_Unchecking_display_outlier_hides_outlier_label_and_definition.">
      <error type="error" message="Error in `initialize(...)`: Assertion on 'app' failed: Must inherit from class 'teal_app', but has class 'list'. ('test-shinytest2-tm_a_regression.R:174:3')">Error in `initialize(...)`: Assertion on 'app' failed: Must inherit from class 'teal_app', but has class 'list'.
Backtrace:
    ▆
 1. └─teal.modules.general (local) app_driver_tm_a_regression() at test-shinytest2-tm_a_regression.R:174:3
 2.   └─teal.modules.general:::init_teal_app_driver(...) at test-shinytest2-tm_a_regression.R:7:3
 3.     ├─testthat::with_mocked_bindings(...) at ./helper-TealAppDriver.R:7:3
 4.     └─TealAppDriver$new(dots) at ./helper-TealAppDriver.R:17:7
 5.       └─teal (local) initialize(...)
 6.         └─checkmate::assert_class(app, "teal_app")
 7.           └─checkmate::makeAssertion(x, res, .var.name, add)
 8.             └─checkmate:::mstop(...)</error>
    </testcase>
  </testsuite>
  <testsuite name="shinytest2-tm_data_table" timestamp="2026-01-16T01:05:34Z" hostname="208e8c608ef8" tests="4" skipped="0" failures="0" errors="4" time="0.43">
    <testcase time="0.117" classname="shinytest2_tm_data_table" name="e2e_tm_data_table_Initializes_without_errors">
      <error type="error" message="Error in `initialize(...)`: Assertion on 'app' failed: Must inherit from class 'teal_app', but has class 'list'. ('test-shinytest2-tm_data_table.R:27:3')">Error in `initialize(...)`: Assertion on 'app' failed: Must inherit from class 'teal_app', but has class 'list'.
Backtrace:
    ▆
 1. └─teal.modules.general (local) app_driver_tm_data_table() at test-shinytest2-tm_data_table.R:27:3
 2.   └─teal.modules.general:::init_teal_app_driver(...) at test-shinytest2-tm_data_table.R:2:3
 3.     ├─testthat::with_mocked_bindings(...) at ./helper-TealAppDriver.R:7:3
 4.     └─TealAppDriver$new(dots) at ./helper-TealAppDriver.R:17:7
 5.       └─teal (local) initialize(...)
 6.         └─checkmate::assert_class(app, "teal_app")
 7.           └─checkmate::makeAssertion(x, res, .var.name, add)
 8.             └─checkmate:::mstop(...)</error>
    </testcase>
    <testcase time="0.103" classname="shinytest2_tm_data_table" name="e2e_tm_data_table_Verify_checkbox_displayed_over_data_table">
      <error type="error" message="Error in `initialize(...)`: Assertion on 'app' failed: Must inherit from class 'teal_app', but has class 'list'. ('test-shinytest2-tm_data_table.R:39:3')">Error in `initialize(...)`: Assertion on 'app' failed: Must inherit from class 'teal_app', but has class 'list'.
Backtrace:
    ▆
 1. └─teal.modules.general (local) app_driver_tm_data_table() at test-shinytest2-tm_data_table.R:39:3
 2.   └─teal.modules.general:::init_teal_app_driver(...) at test-shinytest2-tm_data_table.R:2:3
 3.     ├─testthat::with_mocked_bindings(...) at ./helper-TealAppDriver.R:7:3
 4.     └─TealAppDriver$new(dots) at ./helper-TealAppDriver.R:17:7
 5.       └─teal (local) initialize(...)
 6.         └─checkmate::assert_class(app, "teal_app")
 7.           └─checkmate::makeAssertion(x, res, .var.name, add)
 8.             └─checkmate:::mstop(...)</error>
    </testcase>
    <testcase time="0.101" classname="shinytest2_tm_data_table" name="e2e_tm_data_table_Verify_module_displays_data_table">
      <error type="error" message="Error in `initialize(...)`: Assertion on 'app' failed: Must inherit from class 'teal_app', but has class 'list'. ('test-shinytest2-tm_data_table.R:48:3')">Error in `initialize(...)`: Assertion on 'app' failed: Must inherit from class 'teal_app', but has class 'list'.
Backtrace:
    ▆
 1. └─teal.modules.general (local) app_driver_tm_data_table() at test-shinytest2-tm_data_table.R:48:3
 2.   └─teal.modules.general:::init_teal_app_driver(...) at test-shinytest2-tm_data_table.R:2:3
 3.     ├─testthat::with_mocked_bindings(...) at ./helper-TealAppDriver.R:7:3
 4.     └─TealAppDriver$new(dots) at ./helper-TealAppDriver.R:17:7
 5.       └─teal (local) initialize(...)
 6.         └─checkmate::assert_class(app, "teal_app")
 7.           └─checkmate::makeAssertion(x, res, .var.name, add)
 8.             └─checkmate:::mstop(...)</error>
    </testcase>
    <testcase time="0.109" classname="shinytest2_tm_data_table" name="e2e_tm_data_table_Verify_default_variable_selection_and_set_new_selection">
      <error type="error" message="Error in `initialize(...)`: Assertion on 'app' failed: Must inherit from class 'teal_app', but has class 'list'. ('test-shinytest2-tm_data_table.R:84:3')">Error in `initialize(...)`: Assertion on 'app' failed: Must inherit from class 'teal_app', but has class 'list'.
Backtrace:
    ▆
 1. └─teal.modules.general (local) app_driver_tm_data_table() at test-shinytest2-tm_data_table.R:84:3
 2.   └─teal.modules.general:::init_teal_app_driver(...) at test-shinytest2-tm_data_table.R:2:3
 3.     ├─testthat::with_mocked_bindings(...) at ./helper-TealAppDriver.R:7:3
 4.     └─TealAppDriver$new(dots) at ./helper-TealAppDriver.R:17:7
 5.       └─teal (local) initialize(...)
 6.         └─checkmate::assert_class(app, "teal_app")
 7.           └─checkmate::makeAssertion(x, res, .var.name, add)
 8.             └─checkmate:::mstop(...)</error>
    </testcase>
  </testsuite>
  <testsuite name="shinytest2-tm_file_viewer" timestamp="2026-01-16T01:05:34Z" hostname="208e8c608ef8" tests="4" skipped="0" failures="0" errors="4" time="1.456">
    <testcase time="0.566000000000001" classname="shinytest2_tm_file_viewer" name="e2e_tm_file_viewer_Initializes_without_errors_and_shows_files_tree_specified_in_input_path_argument">
      <error type="error" message="Error in `initialize(...)`: Assertion on 'app' failed: Must inherit from class 'teal_app', but has class 'list'. ('test-shinytest2-tm_file_viewer.R:23:3')">Error in `initialize(...)`: Assertion on 'app' failed: Must inherit from class 'teal_app', but has class 'list'.
Backtrace:
    ▆
 1. └─teal.modules.general (local) app_driver_tm_file_viewer() at test-shinytest2-tm_file_viewer.R:23:3
 2.   └─teal.modules.general:::init_teal_app_driver(...) at test-shinytest2-tm_file_viewer.R:4:3
 3.     ├─testthat::with_mocked_bindings(...) at ./helper-TealAppDriver.R:7:3
 4.     └─TealAppDriver$new(dots) at ./helper-TealAppDriver.R:17:7
 5.       └─teal (local) initialize(...)
 6.         └─checkmate::assert_class(app, "teal_app")
 7.           └─checkmate::makeAssertion(x, res, .var.name, add)
 8.             └─checkmate:::mstop(...)</error>
    </testcase>
    <testcase time="0.454999999999999" classname="shinytest2_tm_file_viewer" name="e2e_tm_file_viewer_Shows_selected_image_file">
      <error type="error" message="Error in `initialize(...)`: Assertion on 'app' failed: Must inherit from class 'teal_app', but has class 'list'. ('test-shinytest2-tm_file_viewer.R:46:3')">Error in `initialize(...)`: Assertion on 'app' failed: Must inherit from class 'teal_app', but has class 'list'.
Backtrace:
    ▆
 1. └─teal.modules.general (local) app_driver_tm_file_viewer() at test-shinytest2-tm_file_viewer.R:46:3
 2.   └─teal.modules.general:::init_teal_app_driver(...) at test-shinytest2-tm_file_viewer.R:4:3
 3.     ├─testthat::with_mocked_bindings(...) at ./helper-TealAppDriver.R:7:3
 4.     └─TealAppDriver$new(dots) at ./helper-TealAppDriver.R:17:7
 5.       └─teal (local) initialize(...)
 6.         └─checkmate::assert_class(app, "teal_app")
 7.           └─checkmate::makeAssertion(x, res, .var.name, add)
 8.             └─checkmate:::mstop(...)</error>
    </testcase>
    <testcase time="0.27" classname="shinytest2_tm_file_viewer" name="e2e_tm_file_viewer_Shows_selected_text_file">
      <error type="error" message="Error in `initialize(...)`: Assertion on 'app' failed: Must inherit from class 'teal_app', but has class 'list'. ('test-shinytest2-tm_file_viewer.R:67:3')">Error in `initialize(...)`: Assertion on 'app' failed: Must inherit from class 'teal_app', but has class 'list'.
Backtrace:
    ▆
 1. └─teal.modules.general (local) app_driver_tm_file_viewer() at test-shinytest2-tm_file_viewer.R:67:3
 2.   └─teal.modules.general:::init_teal_app_driver(...) at test-shinytest2-tm_file_viewer.R:4:3
 3.     ├─testthat::with_mocked_bindings(...) at ./helper-TealAppDriver.R:7:3
 4.     └─TealAppDriver$new(dots) at ./helper-TealAppDriver.R:17:7
 5.       └─teal (local) initialize(...)
 6.         └─checkmate::assert_class(app, "teal_app")
 7.           └─checkmate::makeAssertion(x, res, .var.name, add)
 8.             └─checkmate:::mstop(...)</error>
    </testcase>
    <testcase time="0.165" classname="shinytest2_tm_file_viewer" name="e2e_tm_file_viewer_Shows_selected_url">
      <error type="error" message="Error in `initialize(...)`: Assertion on 'app' failed: Must inherit from class 'teal_app', but has class 'list'. ('test-shinytest2-tm_file_viewer.R:94:3')">Error in `initialize(...)`: Assertion on 'app' failed: Must inherit from class 'teal_app', but has class 'list'.
Backtrace:
    ▆
 1. └─teal.modules.general (local) app_driver_tm_file_viewer() at test-shinytest2-tm_file_viewer.R:94:3
 2.   └─teal.modules.general:::init_teal_app_driver(...) at test-shinytest2-tm_file_viewer.R:4:3
 3.     ├─testthat::with_mocked_bindings(...) at ./helper-TealAppDriver.R:7:3
 4.     └─TealAppDriver$new(dots) at ./helper-TealAppDriver.R:17:7
 5.       └─teal (local) initialize(...)
 6.         └─checkmate::assert_class(app, "teal_app")
 7.           └─checkmate::makeAssertion(x, res, .var.name, add)
 8.             └─checkmate:::mstop(...)</error>
    </testcase>
  </testsuite>
  <testsuite name="shinytest2-tm_front_page" timestamp="2026-01-16T01:05:36Z" hostname="208e8c608ef8" tests="3" skipped="0" failures="0" errors="3" time="0.438">
    <testcase time="0.167" classname="shinytest2_tm_front_page" name="e2e_tm_front_page_Initializes_without_errors_and_check_html_elements">
      <error type="error" message="Error in `initialize(...)`: Assertion on 'app' failed: Must inherit from class 'teal_app', but has class 'list'. ('test-shinytest2-tm_front_page.R:28:3')">Error in `initialize(...)`: Assertion on 'app' failed: Must inherit from class 'teal_app', but has class 'list'.
Backtrace:
    ▆
 1. └─teal.modules.general (local) app_driver_tm_front_page() at test-shinytest2-tm_front_page.R:28:3
 2.   └─teal.modules.general:::init_teal_app_driver(...) at test-shinytest2-tm_front_page.R:7:3
 3.     ├─testthat::with_mocked_bindings(...) at ./helper-TealAppDriver.R:7:3
 4.     └─TealAppDriver$new(dots) at ./helper-TealAppDriver.R:17:7
 5.       └─teal (local) initialize(...)
 6.         └─checkmate::assert_class(app, "teal_app")
 7.           └─checkmate::makeAssertion(x, res, .var.name, add)
 8.             └─checkmate:::mstop(...)</error>
    </testcase>
    <testcase time="0.135" classname="shinytest2_tm_front_page" name="e2e_tm_front_page_Verify_the_module_displays_tables">
      <error type="error" message="Error in `initialize(...)`: Assertion on 'app' failed: Must inherit from class 'teal_app', but has class 'list'. ('test-shinytest2-tm_front_page.R:49:3')">Error in `initialize(...)`: Assertion on 'app' failed: Must inherit from class 'teal_app', but has class 'list'.
Backtrace:
    ▆
 1. └─teal.modules.general (local) app_driver_tm_front_page() at test-shinytest2-tm_front_page.R:49:3
 2.   └─teal.modules.general:::init_teal_app_driver(...) at test-shinytest2-tm_front_page.R:7:3
 3.     ├─testthat::with_mocked_bindings(...) at ./helper-TealAppDriver.R:7:3
 4.     └─TealAppDriver$new(dots) at ./helper-TealAppDriver.R:17:7
 5.       └─teal (local) initialize(...)
 6.         └─checkmate::assert_class(app, "teal_app")
 7.           └─checkmate::makeAssertion(x, res, .var.name, add)
 8.             └─checkmate:::mstop(...)</error>
    </testcase>
    <testcase time="0.136" classname="shinytest2_tm_front_page" name="e2e_tm_front_page_Verify_the_module_displays_metadata">
      <error type="error" message="Error in `initialize(...)`: Assertion on 'app' failed: Must inherit from class 'teal_app', but has class 'list'. ('test-shinytest2-tm_front_page.R:61:3')">Error in `initialize(...)`: Assertion on 'app' failed: Must inherit from class 'teal_app', but has class 'list'.
Backtrace:
    ▆
 1. └─teal.modules.general (local) app_driver_tm_front_page() at test-shinytest2-tm_front_page.R:61:3
 2.   └─teal.modules.general:::init_teal_app_driver(...) at test-shinytest2-tm_front_page.R:7:3
 3.     ├─testthat::with_mocked_bindings(...) at ./helper-TealAppDriver.R:7:3
 4.     └─TealAppDriver$new(dots) at ./helper-TealAppDriver.R:17:7
 5.       └─teal (local) initialize(...)
 6.         └─checkmate::assert_class(app, "teal_app")
 7.           └─checkmate::makeAssertion(x, res, .var.name, add)
 8.             └─checkmate:::mstop(...)</error>
    </testcase>
  </testsuite>
  <testsuite name="shinytest2-tm_g_association" timestamp="2026-01-16T01:05:36Z" hostname="208e8c608ef8" tests="4" skipped="4" failures="0" errors="0" time="0.06">
    <testcase time="0.024" classname="shinytest2_tm_g_association" name="e2e_tm_g_association_Data_parameter_and_module_label_is_passed_properly.">
      <skipped message="Reason: ggmosaic issue: will be resumed via the issue #925 in tmg ('test-shinytest2-tm_g_association.R:52:3')"/>
    </testcase>
    <testcase time="0.0120000000000005" classname="shinytest2_tm_g_association" name="e2e_tm_g_association_Data_extract_spec_elements_are_initialized_with_the_default_values_specified_by_ref_and_vars_arguments.">
      <skipped message="Reason: ggmosaic issue: will be resumed via the issue  ('test-shinytest2-tm_g_association.R:69:3')"/>
    </testcase>
    <testcase time="0.0119999999999996" classname="shinytest2_tm_g_association" name="e2e_tm_g_association_Module_plot_is_visible.">
      <skipped message="Reason: ggmosaic issue: will be resumed via the issue  ('test-shinytest2-tm_g_association.R:91:3')"/>
    </testcase>
    <testcase time="0.0120000000000005" classname="shinytest2_tm_g_association" name="e2e_tm_g_association_Check_and_set_default_values_for_radio_buttons.">
      <skipped message="Reason: ggmosaic issue: will be resumed via the issue  ('test-shinytest2-tm_g_association.R:101:3')"/>
    </testcase>
  </testsuite>
  <testsuite name="shinytest2-tm_g_bivariate" timestamp="2026-01-16T01:05:36Z" hostname="208e8c608ef8" tests="4" skipped="0" failures="0" errors="4" time="0.417">
    <testcase time="0.0960000000000001" classname="shinytest2_tm_g_bivariate" name="e2e_tm_g_bivariate_Module_is_initialised_with_the_specified_defaults.">
      <error type="error" message="Error in `initialize(...)`: Assertion on 'app' failed: Must inherit from class 'teal_app', but has class 'list'. ('test-shinytest2-tm_g_bivariate.R:93:3')">Error in `initialize(...)`: Assertion on 'app' failed: Must inherit from class 'teal_app', but has class 'list'.
Backtrace:
    ▆
 1. └─teal.modules.general (local) app_driver_tm_g_bivariate() at test-shinytest2-tm_g_bivariate.R:93:3
 2.   └─teal.modules.general:::init_teal_app_driver(...) at test-shinytest2-tm_g_bivariate.R:8:3
 3.     ├─testthat::with_mocked_bindings(...) at ./helper-TealAppDriver.R:7:3
 4.     └─TealAppDriver$new(dots) at ./helper-TealAppDriver.R:17:7
 5.       └─teal (local) initialize(...)
 6.         └─checkmate::assert_class(app, "teal_app")
 7.           └─checkmate::makeAssertion(x, res, .var.name, add)
 8.             └─checkmate:::mstop(...)</error>
    </testcase>
    <testcase time="0.124" classname="shinytest2_tm_g_bivariate" name="e2e_tm_g_bivariate_Coloring_options_are_hidden_when_coloring_is_toggled_off.">
      <error type="error" message="Error in `initialize(...)`: Assertion on 'app' failed: Must inherit from class 'teal_app', but has class 'list'. ('test-shinytest2-tm_g_bivariate.R:120:3')">Error in `initialize(...)`: Assertion on 'app' failed: Must inherit from class 'teal_app', but has class 'list'.
Backtrace:
    ▆
 1. └─teal.modules.general (local) app_driver_tm_g_bivariate() at test-shinytest2-tm_g_bivariate.R:120:3
 2.   └─teal.modules.general:::init_teal_app_driver(...) at test-shinytest2-tm_g_bivariate.R:8:3
 3.     ├─testthat::with_mocked_bindings(...) at ./helper-TealAppDriver.R:7:3
 4.     └─TealAppDriver$new(dots) at ./helper-TealAppDriver.R:17:7
 5.       └─teal (local) initialize(...)
 6.         └─checkmate::assert_class(app, "teal_app")
 7.           └─checkmate::makeAssertion(x, res, .var.name, add)
 8.             └─checkmate:::mstop(...)</error>
    </testcase>
    <testcase time="0.101" classname="shinytest2_tm_g_bivariate" name="e2e_tm_g_bivariate_Facetting_options_are_hidden_when_facet_is_toggled_off.">
      <error type="error" message="Error in `initialize(...)`: Assertion on 'app' failed: Must inherit from class 'teal_app', but has class 'list'. ('test-shinytest2-tm_g_bivariate.R:162:3')">Error in `initialize(...)`: Assertion on 'app' failed: Must inherit from class 'teal_app', but has class 'list'.
Backtrace:
    ▆
 1. └─teal.modules.general (local) app_driver_tm_g_bivariate() at test-shinytest2-tm_g_bivariate.R:162:3
 2.   └─teal.modules.general:::init_teal_app_driver(...) at test-shinytest2-tm_g_bivariate.R:8:3
 3.     ├─testthat::with_mocked_bindings(...) at ./helper-TealAppDriver.R:7:3
 4.     └─TealAppDriver$new(dots) at ./helper-TealAppDriver.R:17:7
 5.       └─teal (local) initialize(...)
 6.         └─checkmate::assert_class(app, "teal_app")
 7.           └─checkmate::makeAssertion(x, res, .var.name, add)
 8.             └─checkmate:::mstop(...)</error>
    </testcase>
    <testcase time="0.0960000000000001" classname="shinytest2_tm_g_bivariate" name="e2e_tm_g_bivariate_Setting_encoding_inputs_produces_outputs_without_validation_errors.">
      <error type="error" message="Error in `initialize(...)`: Assertion on 'app' failed: Must inherit from class 'teal_app', but has class 'list'. ('test-shinytest2-tm_g_bivariate.R:198:3')">Error in `initialize(...)`: Assertion on 'app' failed: Must inherit from class 'teal_app', but has class 'list'.
Backtrace:
    ▆
 1. └─teal.modules.general (local) app_driver_tm_g_bivariate() at test-shinytest2-tm_g_bivariate.R:198:3
 2.   └─teal.modules.general:::init_teal_app_driver(...) at test-shinytest2-tm_g_bivariate.R:8:3
 3.     ├─testthat::with_mocked_bindings(...) at ./helper-TealAppDriver.R:7:3
 4.     └─TealAppDriver$new(dots) at ./helper-TealAppDriver.R:17:7
 5.       └─teal (local) initialize(...)
 6.         └─checkmate::assert_class(app, "teal_app")
 7.           └─checkmate::makeAssertion(x, res, .var.name, add)
 8.             └─checkmate:::mstop(...)</error>
    </testcase>
  </testsuite>
  <testsuite name="shinytest2-tm_g_distribution" timestamp="2026-01-16T01:05:37Z" hostname="208e8c608ef8" tests="3" skipped="0" failures="0" errors="3" time="0.275">
    <testcase time="0.0949999999999998" classname="shinytest2_tm_g_distribution" name="e2e_tm_g_distribution_Module_is_initialised_with_the_specified_defaults.">
      <error type="error" message="Error in `initialize(...)`: Assertion on 'app' failed: Must inherit from class 'teal_app', but has class 'list'. ('test-shinytest2-tm_g_distribution.R:53:3')">Error in `initialize(...)`: Assertion on 'app' failed: Must inherit from class 'teal_app', but has class 'list'.
Backtrace:
    ▆
 1. └─teal.modules.general (local) app_driver_tm_g_distribution() at test-shinytest2-tm_g_distribution.R:53:3
 2.   └─teal.modules.general:::init_teal_app_driver(...) at test-shinytest2-tm_g_distribution.R:11:3
 3.     ├─testthat::with_mocked_bindings(...) at ./helper-TealAppDriver.R:7:3
 4.     └─TealAppDriver$new(dots) at ./helper-TealAppDriver.R:17:7
 5.       └─teal (local) initialize(...)
 6.         └─checkmate::assert_class(app, "teal_app")
 7.           └─checkmate::makeAssertion(x, res, .var.name, add)
 8.             └─checkmate:::mstop(...)</error>
    </testcase>
    <testcase time="0.0940000000000003" classname="shinytest2_tm_g_distribution" name="e2e_tm_g_distribution_Histogram_encoding_inputs_produce_output_without_validation_errors.">
      <error type="error" message="Error in `initialize(...)`: Assertion on 'app' failed: Must inherit from class 'teal_app', but has class 'list'. ('test-shinytest2-tm_g_distribution.R:77:3')">Error in `initialize(...)`: Assertion on 'app' failed: Must inherit from class 'teal_app', but has class 'list'.
Backtrace:
    ▆
 1. └─teal.modules.general (local) app_driver_tm_g_distribution() at test-shinytest2-tm_g_distribution.R:77:3
 2.   └─teal.modules.general:::init_teal_app_driver(...) at test-shinytest2-tm_g_distribution.R:11:3
 3.     ├─testthat::with_mocked_bindings(...) at ./helper-TealAppDriver.R:7:3
 4.     └─TealAppDriver$new(dots) at ./helper-TealAppDriver.R:17:7
 5.       └─teal (local) initialize(...)
 6.         └─checkmate::assert_class(app, "teal_app")
 7.           └─checkmate::makeAssertion(x, res, .var.name, add)
 8.             └─checkmate:::mstop(...)</error>
    </testcase>
    <testcase time="0.0860000000000003" classname="shinytest2_tm_g_distribution" name="e2e_tm_g_distribution_QQ_plot_encoding_inputs_produce_output_without_validation_errors.">
      <error type="error" message="Error in `initialize(...)`: Assertion on 'app' failed: Must inherit from class 'teal_app', but has class 'list'. ('test-shinytest2-tm_g_distribution.R:114:3')">Error in `initialize(...)`: Assertion on 'app' failed: Must inherit from class 'teal_app', but has class 'list'.
Backtrace:
    ▆
 1. └─teal.modules.general (local) app_driver_tm_g_distribution() at test-shinytest2-tm_g_distribution.R:114:3
 2.   └─teal.modules.general:::init_teal_app_driver(...) at test-shinytest2-tm_g_distribution.R:11:3
 3.     ├─testthat::with_mocked_bindings(...) at ./helper-TealAppDriver.R:7:3
 4.     └─TealAppDriver$new(dots) at ./helper-TealAppDriver.R:17:7
 5.       └─teal (local) initialize(...)
 6.         └─checkmate::assert_class(app, "teal_app")
 7.           └─checkmate::makeAssertion(x, res, .var.name, add)
 8.             └─checkmate:::mstop(...)</error>
    </testcase>
  </testsuite>
  <testsuite name="shinytest2-tm_g_response" timestamp="2026-01-16T01:05:37Z" hostname="208e8c608ef8" tests="4" skipped="0" failures="0" errors="4" time="0.384">
    <testcase time="0.0989999999999993" classname="shinytest2_tm_g_response" name="e2e_tm_g_response_module_is_initialised_with_the_specified_defaults.">
      <error type="error" message="Error in `initialize(...)`: Assertion on 'app' failed: Must inherit from class 'teal_app', but has class 'list'. ('test-shinytest2-tm_g_response.R:48:3')">Error in `initialize(...)`: Assertion on 'app' failed: Must inherit from class 'teal_app', but has class 'list'.
Backtrace:
    ▆
 1. └─teal.modules.general (local) app_driver_tm_g_response() at test-shinytest2-tm_g_response.R:48:3
 2.   └─teal.modules.general:::init_teal_app_driver(...) at test-shinytest2-tm_g_response.R:9:3
 3.     ├─testthat::with_mocked_bindings(...) at ./helper-TealAppDriver.R:7:3
 4.     └─TealAppDriver$new(dots) at ./helper-TealAppDriver.R:17:7
 5.       └─teal (local) initialize(...)
 6.         └─checkmate::assert_class(app, "teal_app")
 7.           └─checkmate::makeAssertion(x, res, .var.name, add)
 8.             └─checkmate:::mstop(...)</error>
    </testcase>
    <testcase time="0.0990000000000002" classname="shinytest2_tm_g_response" name="e2e_tm_g_response_encoding_inputs_produce_output_without_validation_errors.">
      <error type="error" message="Error in `initialize(...)`: Assertion on 'app' failed: Must inherit from class 'teal_app', but has class 'list'. ('test-shinytest2-tm_g_response.R:66:3')">Error in `initialize(...)`: Assertion on 'app' failed: Must inherit from class 'teal_app', but has class 'list'.
Backtrace:
    ▆
 1. └─teal.modules.general (local) app_driver_tm_g_response() at test-shinytest2-tm_g_response.R:66:3
 2.   └─teal.modules.general:::init_teal_app_driver(...) at test-shinytest2-tm_g_response.R:9:3
 3.     ├─testthat::with_mocked_bindings(...) at ./helper-TealAppDriver.R:7:3
 4.     └─TealAppDriver$new(dots) at ./helper-TealAppDriver.R:17:7
 5.       └─teal (local) initialize(...)
 6.         └─checkmate::assert_class(app, "teal_app")
 7.           └─checkmate::makeAssertion(x, res, .var.name, add)
 8.             └─checkmate:::mstop(...)</error>
    </testcase>
    <testcase time="0.0940000000000003" classname="shinytest2_tm_g_response" name="e2e_tm_g_response_deselecting_response_produces_validation_error.">
      <error type="error" message="Error in `initialize(...)`: Assertion on 'app' failed: Must inherit from class 'teal_app', but has class 'list'. ('test-shinytest2-tm_g_response.R:96:3')">Error in `initialize(...)`: Assertion on 'app' failed: Must inherit from class 'teal_app', but has class 'list'.
Backtrace:
    ▆
 1. └─teal.modules.general (local) app_driver_tm_g_response() at test-shinytest2-tm_g_response.R:96:3
 2.   └─teal.modules.general:::init_teal_app_driver(...) at test-shinytest2-tm_g_response.R:9:3
 3.     ├─testthat::with_mocked_bindings(...) at ./helper-TealAppDriver.R:7:3
 4.     └─TealAppDriver$new(dots) at ./helper-TealAppDriver.R:17:7
 5.       └─teal (local) initialize(...)
 6.         └─checkmate::assert_class(app, "teal_app")
 7.           └─checkmate::makeAssertion(x, res, .var.name, add)
 8.             └─checkmate:::mstop(...)</error>
    </testcase>
    <testcase time="0.0919999999999996" classname="shinytest2_tm_g_response" name="e2e_tm_g_response_deselecting_x_produces_validation_error.">
      <error type="error" message="Error in `initialize(...)`: Assertion on 'app' failed: Must inherit from class 'teal_app', but has class 'list'. ('test-shinytest2-tm_g_response.R:107:3')">Error in `initialize(...)`: Assertion on 'app' failed: Must inherit from class 'teal_app', but has class 'list'.
Backtrace:
    ▆
 1. └─teal.modules.general (local) app_driver_tm_g_response() at test-shinytest2-tm_g_response.R:107:3
 2.   └─teal.modules.general:::init_teal_app_driver(...) at test-shinytest2-tm_g_response.R:9:3
 3.     ├─testthat::with_mocked_bindings(...) at ./helper-TealAppDriver.R:7:3
 4.     └─TealAppDriver$new(dots) at ./helper-TealAppDriver.R:17:7
 5.       └─teal (local) initialize(...)
 6.         └─checkmate::assert_class(app, "teal_app")
 7.           └─checkmate::makeAssertion(x, res, .var.name, add)
 8.             └─checkmate:::mstop(...)</error>
    </testcase>
  </testsuite>
  <testsuite name="shinytest2-tm_g_scatterplot" timestamp="2026-01-16T01:05:37Z" hostname="208e8c608ef8" tests="5" skipped="0" failures="0" errors="5" time="0.52">
    <testcase time="0.109" classname="shinytest2_tm_g_scatterplot" name="e2e_tm_g_scatterplot_Module_is_initialised_with_the_specified_defaults.">
      <error type="error" message="Error in `initialize(...)`: Assertion on 'app' failed: Must inherit from class 'teal_app', but has class 'list'. ('test-shinytest2-tm_g_scatterplot.R:92:3')">Error in `initialize(...)`: Assertion on 'app' failed: Must inherit from class 'teal_app', but has class 'list'.
Backtrace:
    ▆
 1. └─teal.modules.general (local) app_driver_tm_g_scatterplot() at test-shinytest2-tm_g_scatterplot.R:92:3
 2.   └─teal.modules.general:::init_teal_app_driver(...) at test-shinytest2-tm_g_scatterplot.R:9:3
 3.     ├─testthat::with_mocked_bindings(...) at ./helper-TealAppDriver.R:7:3
 4.     └─TealAppDriver$new(dots) at ./helper-TealAppDriver.R:17:7
 5.       └─teal (local) initialize(...)
 6.         └─checkmate::assert_class(app, "teal_app")
 7.           └─checkmate::makeAssertion(x, res, .var.name, add)
 8.             └─checkmate:::mstop(...)</error>
    </testcase>
    <testcase time="0.111" classname="shinytest2_tm_g_scatterplot" name="e2e_tm_g_scatterplot_Base_for_the_log_transformation_can_be_applied.">
      <error type="error" message="Error in `initialize(...)`: Assertion on 'app' failed: Must inherit from class 'teal_app', but has class 'list'. ('test-shinytest2-tm_g_scatterplot.R:118:3')">Error in `initialize(...)`: Assertion on 'app' failed: Must inherit from class 'teal_app', but has class 'list'.
Backtrace:
    ▆
 1. └─teal.modules.general (local) app_driver_tm_g_scatterplot() at test-shinytest2-tm_g_scatterplot.R:118:3
 2.   └─teal.modules.general:::init_teal_app_driver(...) at test-shinytest2-tm_g_scatterplot.R:9:3
 3.     ├─testthat::with_mocked_bindings(...) at ./helper-TealAppDriver.R:7:3
 4.     └─TealAppDriver$new(dots) at ./helper-TealAppDriver.R:17:7
 5.       └─teal (local) initialize(...)
 6.         └─checkmate::assert_class(app, "teal_app")
 7.           └─checkmate::makeAssertion(x, res, .var.name, add)
 8.             └─checkmate:::mstop(...)</error>
    </testcase>
    <testcase time="0.101" classname="shinytest2_tm_g_scatterplot" name="e2e_tm_g_scatterplot_The_log_transform_is_only_possible_for_positive_numeric_vars.">
      <error type="error" message="Error in `initialize(...)`: Assertion on 'app' failed: Must inherit from class 'teal_app', but has class 'list'. ('test-shinytest2-tm_g_scatterplot.R:138:3')">Error in `initialize(...)`: Assertion on 'app' failed: Must inherit from class 'teal_app', but has class 'list'.
Backtrace:
    ▆
 1. └─teal.modules.general (local) app_driver_tm_g_scatterplot() at test-shinytest2-tm_g_scatterplot.R:138:3
 2.   └─teal.modules.general:::init_teal_app_driver(...) at test-shinytest2-tm_g_scatterplot.R:9:3
 3.     ├─testthat::with_mocked_bindings(...) at ./helper-TealAppDriver.R:7:3
 4.     └─TealAppDriver$new(dots) at ./helper-TealAppDriver.R:17:7
 5.       └─teal (local) initialize(...)
 6.         └─checkmate::assert_class(app, "teal_app")
 7.           └─checkmate::makeAssertion(x, res, .var.name, add)
 8.             └─checkmate:::mstop(...)</error>
    </testcase>
    <testcase time="0.0980000000000008" classname="shinytest2_tm_g_scatterplot" name="e2e_tm_g_scatterplot_Get_validation_error_when_facetting_with_the_same_row_col_variable.">
      <error type="error" message="Error in `initialize(...)`: Assertion on 'app' failed: Must inherit from class 'teal_app', but has class 'list'. ('test-shinytest2-tm_g_scatterplot.R:157:3')">Error in `initialize(...)`: Assertion on 'app' failed: Must inherit from class 'teal_app', but has class 'list'.
Backtrace:
    ▆
 1. └─teal.modules.general (local) app_driver_tm_g_scatterplot() at test-shinytest2-tm_g_scatterplot.R:157:3
 2.   └─teal.modules.general:::init_teal_app_driver(...) at test-shinytest2-tm_g_scatterplot.R:9:3
 3.     ├─testthat::with_mocked_bindings(...) at ./helper-TealAppDriver.R:7:3
 4.     └─TealAppDriver$new(dots) at ./helper-TealAppDriver.R:17:7
 5.       └─teal (local) initialize(...)
 6.         └─checkmate::assert_class(app, "teal_app")
 7.           └─checkmate::makeAssertion(x, res, .var.name, add)
 8.             └─checkmate:::mstop(...)</error>
    </testcase>
    <testcase time="0.101" classname="shinytest2_tm_g_scatterplot" name="e2e_tm_g_scatterplot_The_encoding_inputs_are_set_without_validation_errors.">
      <error type="error" message="Error in `initialize(...)`: Assertion on 'app' failed: Must inherit from class 'teal_app', but has class 'list'. ('test-shinytest2-tm_g_scatterplot.R:169:3')">Error in `initialize(...)`: Assertion on 'app' failed: Must inherit from class 'teal_app', but has class 'list'.
Backtrace:
    ▆
 1. └─teal.modules.general (local) app_driver_tm_g_scatterplot() at test-shinytest2-tm_g_scatterplot.R:169:3
 2.   └─teal.modules.general:::init_teal_app_driver(...) at test-shinytest2-tm_g_scatterplot.R:9:3
 3.     ├─testthat::with_mocked_bindings(...) at ./helper-TealAppDriver.R:7:3
 4.     └─TealAppDriver$new(dots) at ./helper-TealAppDriver.R:17:7
 5.       └─teal (local) initialize(...)
 6.         └─checkmate::assert_class(app, "teal_app")
 7.           └─checkmate::makeAssertion(x, res, .var.name, add)
 8.             └─checkmate:::mstop(...)</error>
    </testcase>
  </testsuite>
  <testsuite name="shinytest2-tm_g_scatterplotmatrix" timestamp="2026-01-16T01:05:38Z" hostname="208e8c608ef8" tests="4" skipped="0" failures="0" errors="4" time="0.604">
    <testcase time="0.153" classname="shinytest2_tm_g_scatterplotmatrix" name="e2e_tm_g_scatterplotmatrix_Initializes_without_errors">
      <error type="error" message="Error in `initialize(...)`: Assertion on 'app' failed: Must inherit from class 'teal_app', but has class 'list'. ('test-shinytest2-tm_g_scatterplotmatrix.R:51:3')">Error in `initialize(...)`: Assertion on 'app' failed: Must inherit from class 'teal_app', but has class 'list'.
Backtrace:
    ▆
 1. └─teal.modules.general (local) app_driver_tm_g_scatterplotmatrix() at test-shinytest2-tm_g_scatterplotmatrix.R:51:3
 2.   └─teal.modules.general:::init_teal_app_driver(...) at test-shinytest2-tm_g_scatterplotmatrix.R:3:3
 3.     ├─testthat::with_mocked_bindings(...) at ./helper-TealAppDriver.R:7:3
 4.     └─TealAppDriver$new(dots) at ./helper-TealAppDriver.R:17:7
 5.       └─teal (local) initialize(...)
 6.         └─checkmate::assert_class(app, "teal_app")
 7.           └─checkmate::makeAssertion(x, res, .var.name, add)
 8.             └─checkmate:::mstop(...)</error>
    </testcase>
    <testcase time="0.155" classname="shinytest2_tm_g_scatterplotmatrix" name="e2e_tm_g_scatterplotmatrix_Verify_module_displays_data_table">
      <error type="error" message="Error in `initialize(...)`: Assertion on 'app' failed: Must inherit from class 'teal_app', but has class 'list'. ('test-shinytest2-tm_g_scatterplotmatrix.R:65:3')">Error in `initialize(...)`: Assertion on 'app' failed: Must inherit from class 'teal_app', but has class 'list'.
Backtrace:
    ▆
 1. └─teal.modules.general (local) app_driver_tm_g_scatterplotmatrix() at test-shinytest2-tm_g_scatterplotmatrix.R:65:3
 2.   └─teal.modules.general:::init_teal_app_driver(...) at test-shinytest2-tm_g_scatterplotmatrix.R:3:3
 3.     ├─testthat::with_mocked_bindings(...) at ./helper-TealAppDriver.R:7:3
 4.     └─TealAppDriver$new(dots) at ./helper-TealAppDriver.R:17:7
 5.       └─teal (local) initialize(...)
 6.         └─checkmate::assert_class(app, "teal_app")
 7.           └─checkmate::makeAssertion(x, res, .var.name, add)
 8.             └─checkmate:::mstop(...)</error>
    </testcase>
    <testcase time="0.148" classname="shinytest2_tm_g_scatterplotmatrix" name="e2e_tm_g_scatterplotmatrix_Verify_default_values_and_settings_data_extracts_for_data_selection">
      <error type="error" message="Error in `initialize(...)`: Assertion on 'app' failed: Must inherit from class 'teal_app', but has class 'list'. ('test-shinytest2-tm_g_scatterplotmatrix.R:79:3')">Error in `initialize(...)`: Assertion on 'app' failed: Must inherit from class 'teal_app', but has class 'list'.
Backtrace:
    ▆
 1. └─teal.modules.general (local) app_driver_tm_g_scatterplotmatrix() at test-shinytest2-tm_g_scatterplotmatrix.R:79:3
 2.   └─teal.modules.general:::init_teal_app_driver(...) at test-shinytest2-tm_g_scatterplotmatrix.R:3:3
 3.     ├─testthat::with_mocked_bindings(...) at ./helper-TealAppDriver.R:7:3
 4.     └─TealAppDriver$new(dots) at ./helper-TealAppDriver.R:17:7
 5.       └─teal (local) initialize(...)
 6.         └─checkmate::assert_class(app, "teal_app")
 7.           └─checkmate::makeAssertion(x, res, .var.name, add)
 8.             └─checkmate:::mstop(...)</error>
    </testcase>
    <testcase time="0.148" classname="shinytest2_tm_g_scatterplotmatrix" name="e2e_tm_g_scatterplotmatrix_Change_plot_settings">
      <error type="error" message="Error in `initialize(...)`: Assertion on 'app' failed: Must inherit from class 'teal_app', but has class 'list'. ('test-shinytest2-tm_g_scatterplotmatrix.R:106:3')">Error in `initialize(...)`: Assertion on 'app' failed: Must inherit from class 'teal_app', but has class 'list'.
Backtrace:
    ▆
 1. └─teal.modules.general (local) app_driver_tm_g_scatterplotmatrix() at test-shinytest2-tm_g_scatterplotmatrix.R:106:3
 2.   └─teal.modules.general:::init_teal_app_driver(...) at test-shinytest2-tm_g_scatterplotmatrix.R:3:3
 3.     ├─testthat::with_mocked_bindings(...) at ./helper-TealAppDriver.R:7:3
 4.     └─TealAppDriver$new(dots) at ./helper-TealAppDriver.R:17:7
 5.       └─teal (local) initialize(...)
 6.         └─checkmate::assert_class(app, "teal_app")
 7.           └─checkmate::makeAssertion(x, res, .var.name, add)
 8.             └─checkmate:::mstop(...)</error>
    </testcase>
  </testsuite>
  <testsuite name="shinytest2-tm_missing_data" timestamp="2026-01-16T01:05:38Z" hostname="208e8c608ef8" tests="4" skipped="0" failures="0" errors="4" time="0.849">
    <testcase time="0.210000000000001" classname="shinytest2_tm_missing_data" name="e2e_tm_missing_data_Initializes_without_errors">
      <error type="error" message="Error in `initialize(...)`: Assertion on 'app' failed: Must inherit from class 'teal_app', but has class 'list'. ('test-shinytest2-tm_missing_data.R:42:3')">Error in `initialize(...)`: Assertion on 'app' failed: Must inherit from class 'teal_app', but has class 'list'.
Backtrace:
    ▆
 1. └─teal.modules.general (local) app_driver_tm_missing_data() at test-shinytest2-tm_missing_data.R:42:3
 2.   └─teal.modules.general:::init_teal_app_driver(...) at test-shinytest2-tm_missing_data.R:16:3
 3.     ├─testthat::with_mocked_bindings(...) at ./helper-TealAppDriver.R:7:3
 4.     └─TealAppDriver$new(dots) at ./helper-TealAppDriver.R:17:7
 5.       └─teal (local) initialize(...)
 6.         └─checkmate::assert_class(app, "teal_app")
 7.           └─checkmate::makeAssertion(x, res, .var.name, add)
 8.             └─checkmate:::mstop(...)</error>
    </testcase>
    <testcase time="0.217000000000001" classname="shinytest2_tm_missing_data" name="e2e_tm_missing_data_Default_settings_and_visibility_of_the_summary_graph">
      <error type="error" message="Error in `initialize(...)`: Assertion on 'app' failed: Must inherit from class 'teal_app', but has class 'list'. ('test-shinytest2-tm_missing_data.R:56:3')">Error in `initialize(...)`: Assertion on 'app' failed: Must inherit from class 'teal_app', but has class 'list'.
Backtrace:
    ▆
 1. └─teal.modules.general (local) app_driver_tm_missing_data() at test-shinytest2-tm_missing_data.R:56:3
 2.   └─teal.modules.general:::init_teal_app_driver(...) at test-shinytest2-tm_missing_data.R:16:3
 3.     ├─testthat::with_mocked_bindings(...) at ./helper-TealAppDriver.R:7:3
 4.     └─TealAppDriver$new(dots) at ./helper-TealAppDriver.R:17:7
 5.       └─teal (local) initialize(...)
 6.         └─checkmate::assert_class(app, "teal_app")
 7.           └─checkmate::makeAssertion(x, res, .var.name, add)
 8.             └─checkmate:::mstop(...)</error>
    </testcase>
    <testcase time="0.216999999999999" classname="shinytest2_tm_missing_data" name="e2e_tm_missing_data_Check_default_settings_and_visibility_of_the_combinations_graph_and_encodings">
      <error type="error" message="Error in `initialize(...)`: Assertion on 'app' failed: Must inherit from class 'teal_app', but has class 'list'. ('test-shinytest2-tm_missing_data.R:84:3')">Error in `initialize(...)`: Assertion on 'app' failed: Must inherit from class 'teal_app', but has class 'list'.
Backtrace:
    ▆
 1. └─teal.modules.general (local) app_driver_tm_missing_data() at test-shinytest2-tm_missing_data.R:84:3
 2.   └─teal.modules.general:::init_teal_app_driver(...) at test-shinytest2-tm_missing_data.R:16:3
 3.     ├─testthat::with_mocked_bindings(...) at ./helper-TealAppDriver.R:7:3
 4.     └─TealAppDriver$new(dots) at ./helper-TealAppDriver.R:17:7
 5.       └─teal (local) initialize(...)
 6.         └─checkmate::assert_class(app, "teal_app")
 7.           └─checkmate::makeAssertion(x, res, .var.name, add)
 8.             └─checkmate:::mstop(...)</error>
    </testcase>
    <testcase time="0.205" classname="shinytest2_tm_missing_data" name="e2e_tm_missing_data_Validate_functionality_and_UI_response_for_By_Variable_Levels_">
      <error type="error" message="Error in `initialize(...)`: Assertion on 'app' failed: Must inherit from class 'teal_app', but has class 'list'. ('test-shinytest2-tm_missing_data.R:114:3')">Error in `initialize(...)`: Assertion on 'app' failed: Must inherit from class 'teal_app', but has class 'list'.
Backtrace:
    ▆
 1. └─teal.modules.general (local) app_driver_tm_missing_data() at test-shinytest2-tm_missing_data.R:114:3
 2.   └─teal.modules.general:::init_teal_app_driver(...) at test-shinytest2-tm_missing_data.R:16:3
 3.     ├─testthat::with_mocked_bindings(...) at ./helper-TealAppDriver.R:7:3
 4.     └─TealAppDriver$new(dots) at ./helper-TealAppDriver.R:17:7
 5.       └─teal (local) initialize(...)
 6.         └─checkmate::assert_class(app, "teal_app")
 7.           └─checkmate::makeAssertion(x, res, .var.name, add)
 8.             └─checkmate:::mstop(...)</error>
    </testcase>
  </testsuite>
  <testsuite name="shinytest2-tm_outliers" timestamp="2026-01-16T01:05:39Z" hostname="208e8c608ef8" tests="10" skipped="0" failures="0" errors="10" time="1.119">
    <testcase time="0.113" classname="shinytest2_tm_outliers" name="e2e_tm_outliers_Data_parameter_and_module_label_is_passed_properly.">
      <error type="error" message="Error in `initialize(...)`: Assertion on 'app' failed: Must inherit from class 'teal_app', but has class 'list'. ('test-shinytest2-tm_outliers.R:57:3')">Error in `initialize(...)`: Assertion on 'app' failed: Must inherit from class 'teal_app', but has class 'list'.
Backtrace:
    ▆
 1. └─teal.modules.general (local) app_driver_tm_outlier() at test-shinytest2-tm_outliers.R:57:3
 2.   └─teal.modules.general:::init_teal_app_driver(...) at test-shinytest2-tm_outliers.R:16:3
 3.     ├─testthat::with_mocked_bindings(...) at ./helper-TealAppDriver.R:7:3
 4.     └─TealAppDriver$new(dots) at ./helper-TealAppDriver.R:17:7
 5.       └─teal (local) initialize(...)
 6.         └─checkmate::assert_class(app, "teal_app")
 7.           └─checkmate::makeAssertion(x, res, .var.name, add)
 8.             └─checkmate:::mstop(...)</error>
    </testcase>
    <testcase time="0.121" classname="shinytest2_tm_outliers" name="e2e_tm_outliers_Data_extract_spec_elements_are_initialized_with_the_default_values_specified_by_outlier_var_and_categorical_var_argument.">
      <error type="error" message="Error in `initialize(...)`: Assertion on 'app' failed: Must inherit from class 'teal_app', but has class 'list'. ('test-shinytest2-tm_outliers.R:74:3')">Error in `initialize(...)`: Assertion on 'app' failed: Must inherit from class 'teal_app', but has class 'list'.
Backtrace:
    ▆
 1. └─teal.modules.general (local) app_driver_tm_outlier() at test-shinytest2-tm_outliers.R:74:3
 2.   └─teal.modules.general:::init_teal_app_driver(...) at test-shinytest2-tm_outliers.R:16:3
 3.     ├─testthat::with_mocked_bindings(...) at ./helper-TealAppDriver.R:7:3
 4.     └─TealAppDriver$new(dots) at ./helper-TealAppDriver.R:17:7
 5.       └─teal (local) initialize(...)
 6.         └─checkmate::assert_class(app, "teal_app")
 7.           └─checkmate::makeAssertion(x, res, .var.name, add)
 8.             └─checkmate:::mstop(...)</error>
    </testcase>
    <testcase time="0.106" classname="shinytest2_tm_outliers" name="e2e_tm_outliers_Plot_type_is_correctly_set_by_default_and_has_appropriate_possible_options.">
      <error type="error" message="Error in `initialize(...)`: Assertion on 'app' failed: Must inherit from class 'teal_app', but has class 'list'. ('test-shinytest2-tm_outliers.R:110:3')">Error in `initialize(...)`: Assertion on 'app' failed: Must inherit from class 'teal_app', but has class 'list'.
Backtrace:
    ▆
 1. └─teal.modules.general (local) app_driver_tm_outlier() at test-shinytest2-tm_outliers.R:110:3
 2.   └─teal.modules.general:::init_teal_app_driver(...) at test-shinytest2-tm_outliers.R:16:3
 3.     ├─testthat::with_mocked_bindings(...) at ./helper-TealAppDriver.R:7:3
 4.     └─TealAppDriver$new(dots) at ./helper-TealAppDriver.R:17:7
 5.       └─teal (local) initialize(...)
 6.         └─checkmate::assert_class(app, "teal_app")
 7.           └─checkmate::makeAssertion(x, res, .var.name, add)
 8.             └─checkmate:::mstop(...)</error>
    </testcase>
    <testcase time="0.113000000000001" classname="shinytest2_tm_outliers" name="e2e_tm_outliers_Module_is_divided_into_3_tabs.">
      <error type="error" message="Error in `initialize(...)`: Assertion on 'app' failed: Must inherit from class 'teal_app', but has class 'list'. ('test-shinytest2-tm_outliers.R:127:3')">Error in `initialize(...)`: Assertion on 'app' failed: Must inherit from class 'teal_app', but has class 'list'.
Backtrace:
    ▆
 1. └─teal.modules.general (local) app_driver_tm_outlier() at test-shinytest2-tm_outliers.R:127:3
 2.   └─teal.modules.general:::init_teal_app_driver(...) at test-shinytest2-tm_outliers.R:16:3
 3.     ├─testthat::with_mocked_bindings(...) at ./helper-TealAppDriver.R:7:3
 4.     └─TealAppDriver$new(dots) at ./helper-TealAppDriver.R:17:7
 5.       └─teal (local) initialize(...)
 6.         └─checkmate::assert_class(app, "teal_app")
 7.           └─checkmate::makeAssertion(x, res, .var.name, add)
 8.             └─checkmate:::mstop(...)</error>
    </testcase>
    <testcase time="0.106" classname="shinytest2_tm_outliers" name="e2e_tm_outliers_Plot_type_is_hidden_when_Boxplot_tab_is_not_selected.">
      <error type="error" message="Error in `initialize(...)`: Assertion on 'app' failed: Must inherit from class 'teal_app', but has class 'list'. ('test-shinytest2-tm_outliers.R:144:3')">Error in `initialize(...)`: Assertion on 'app' failed: Must inherit from class 'teal_app', but has class 'list'.
Backtrace:
    ▆
 1. └─teal.modules.general (local) app_driver_tm_outlier() at test-shinytest2-tm_outliers.R:144:3
 2.   └─teal.modules.general:::init_teal_app_driver(...) at test-shinytest2-tm_outliers.R:16:3
 3.     ├─testthat::with_mocked_bindings(...) at ./helper-TealAppDriver.R:7:3
 4.     └─TealAppDriver$new(dots) at ./helper-TealAppDriver.R:17:7
 5.       └─teal (local) initialize(...)
 6.         └─checkmate::assert_class(app, "teal_app")
 7.           └─checkmate::makeAssertion(x, res, .var.name, add)
 8.             └─checkmate:::mstop(...)</error>
    </testcase>
    <testcase time="0.122" classname="shinytest2_tm_outliers" name="e2e_tm_outliers_Default_radio_buttons_are_set_properly.">
      <error type="error" message="Error in `initialize(...)`: Assertion on 'app' failed: Must inherit from class 'teal_app', but has class 'list'. ('test-shinytest2-tm_outliers.R:161:3')">Error in `initialize(...)`: Assertion on 'app' failed: Must inherit from class 'teal_app', but has class 'list'.
Backtrace:
    ▆
 1. └─teal.modules.general (local) app_driver_tm_outlier() at test-shinytest2-tm_outliers.R:161:3
 2.   └─teal.modules.general:::init_teal_app_driver(...) at test-shinytest2-tm_outliers.R:16:3
 3.     ├─testthat::with_mocked_bindings(...) at ./helper-TealAppDriver.R:7:3
 4.     └─TealAppDriver$new(dots) at ./helper-TealAppDriver.R:17:7
 5.       └─teal (local) initialize(...)
 6.         └─checkmate::assert_class(app, "teal_app")
 7.           └─checkmate::makeAssertion(x, res, .var.name, add)
 8.             └─checkmate:::mstop(...)</error>
    </testcase>
    <testcase time="0.106" classname="shinytest2_tm_outliers" name="e2e_tm_outliers_Method_parameters_are_set_properly.">
      <error type="error" message="Error in `initialize(...)`: Assertion on 'app' failed: Must inherit from class 'teal_app', but has class 'list'. ('test-shinytest2-tm_outliers.R:177:3')">Error in `initialize(...)`: Assertion on 'app' failed: Must inherit from class 'teal_app', but has class 'list'.
Backtrace:
    ▆
 1. └─teal.modules.general (local) app_driver_tm_outlier() at test-shinytest2-tm_outliers.R:177:3
 2.   └─teal.modules.general:::init_teal_app_driver(...) at test-shinytest2-tm_outliers.R:16:3
 3.     ├─testthat::with_mocked_bindings(...) at ./helper-TealAppDriver.R:7:3
 4.     └─TealAppDriver$new(dots) at ./helper-TealAppDriver.R:17:7
 5.       └─teal (local) initialize(...)
 6.         └─checkmate::assert_class(app, "teal_app")
 7.           └─checkmate::makeAssertion(x, res, .var.name, add)
 8.             └─checkmate:::mstop(...)</error>
    </testcase>
    <testcase time="0.113" classname="shinytest2_tm_outliers" name="e2e_tm_outliers_Outlier_definition_text_and_range_are_displayed_properly_depending_on_method.">
      <error type="error" message="Error in `initialize(...)`: Assertion on 'app' failed: Must inherit from class 'teal_app', but has class 'list'. ('test-shinytest2-tm_outliers.R:192:3')">Error in `initialize(...)`: Assertion on 'app' failed: Must inherit from class 'teal_app', but has class 'list'.
Backtrace:
    ▆
 1. └─teal.modules.general (local) app_driver_tm_outlier() at test-shinytest2-tm_outliers.R:192:3
 2.   └─teal.modules.general:::init_teal_app_driver(...) at test-shinytest2-tm_outliers.R:16:3
 3.     ├─testthat::with_mocked_bindings(...) at ./helper-TealAppDriver.R:7:3
 4.     └─TealAppDriver$new(dots) at ./helper-TealAppDriver.R:17:7
 5.       └─teal (local) initialize(...)
 6.         └─checkmate::assert_class(app, "teal_app")
 7.           └─checkmate::makeAssertion(x, res, .var.name, add)
 8.             └─checkmate:::mstop(...)</error>
    </testcase>
    <testcase time="0.106" classname="shinytest2_tm_outliers" name="e2e_tm_outliers_Outliers_summary_table_is_displayed_with_proper_content.">
      <error type="error" message="Error in `initialize(...)`: Assertion on 'app' failed: Must inherit from class 'teal_app', but has class 'list'. ('test-shinytest2-tm_outliers.R:253:3')">Error in `initialize(...)`: Assertion on 'app' failed: Must inherit from class 'teal_app', but has class 'list'.
Backtrace:
    ▆
 1. └─teal.modules.general (local) app_driver_tm_outlier() at test-shinytest2-tm_outliers.R:253:3
 2.   └─teal.modules.general:::init_teal_app_driver(...) at test-shinytest2-tm_outliers.R:16:3
 3.     ├─testthat::with_mocked_bindings(...) at ./helper-TealAppDriver.R:7:3
 4.     └─TealAppDriver$new(dots) at ./helper-TealAppDriver.R:17:7
 5.       └─teal (local) initialize(...)
 6.         └─checkmate::assert_class(app, "teal_app")
 7.           └─checkmate::makeAssertion(x, res, .var.name, add)
 8.             └─checkmate:::mstop(...)</error>
    </testcase>
    <testcase time="0.113" classname="shinytest2_tm_outliers" name="e2e_tm_outliers_Outlier_table_is_displayed_with_proper_content.">
      <error type="error" message="Error in `initialize(...)`: Assertion on 'app' failed: Must inherit from class 'teal_app', but has class 'list'. ('test-shinytest2-tm_outliers.R:303:3')">Error in `initialize(...)`: Assertion on 'app' failed: Must inherit from class 'teal_app', but has class 'list'.
Backtrace:
    ▆
 1. └─teal.modules.general (local) app_driver_tm_outlier() at test-shinytest2-tm_outliers.R:303:3
 2.   └─teal.modules.general:::init_teal_app_driver(...) at test-shinytest2-tm_outliers.R:16:3
 3.     ├─testthat::with_mocked_bindings(...) at ./helper-TealAppDriver.R:7:3
 4.     └─TealAppDriver$new(dots) at ./helper-TealAppDriver.R:17:7
 5.       └─teal (local) initialize(...)
 6.         └─checkmate::assert_class(app, "teal_app")
 7.           └─checkmate::makeAssertion(x, res, .var.name, add)
 8.             └─checkmate:::mstop(...)</error>
    </testcase>
  </testsuite>
  <testsuite name="shinytest2-tm_t_crosstable" timestamp="2026-01-16T01:05:40Z" hostname="208e8c608ef8" tests="4" skipped="0" failures="0" errors="4" time="0.781">
    <testcase time="0.389000000000001" classname="shinytest2_tm_t_crosstable" name="e2e_tm_t_crosstable_Initializes_without_errors">
      <error type="error" message="Error in `initialize(...)`: Assertion on 'app' failed: Must inherit from class 'teal_app', but has class 'list'. ('test-shinytest2-tm_t_crosstable.R:50:3')">Error in `initialize(...)`: Assertion on 'app' failed: Must inherit from class 'teal_app', but has class 'list'.
Backtrace:
    ▆
 1. └─teal.modules.general (local) app_driver_tm_t_crosstable() at test-shinytest2-tm_t_crosstable.R:50:3
 2.   └─teal.modules.general:::init_teal_app_driver(...) at test-shinytest2-tm_t_crosstable.R:3:3
 3.     ├─testthat::with_mocked_bindings(...) at ./helper-TealAppDriver.R:7:3
 4.     └─TealAppDriver$new(dots) at ./helper-TealAppDriver.R:17:7
 5.       └─teal (local) initialize(...)
 6.         └─checkmate::assert_class(app, "teal_app")
 7.           └─checkmate::makeAssertion(x, res, .var.name, add)
 8.             └─checkmate:::mstop(...)</error>
    </testcase>
    <testcase time="0.139999999999999" classname="shinytest2_tm_t_crosstable" name="e2e_tm_t_crosstable_Verify_module_displays_data_table">
      <error type="error" message="Error in `initialize(...)`: Assertion on 'app' failed: Must inherit from class 'teal_app', but has class 'list'. ('test-shinytest2-tm_t_crosstable.R:64:3')">Error in `initialize(...)`: Assertion on 'app' failed: Must inherit from class 'teal_app', but has class 'list'.
Backtrace:
    ▆
 1. └─teal.modules.general (local) app_driver_tm_t_crosstable() at test-shinytest2-tm_t_crosstable.R:64:3
 2.   └─teal.modules.general:::init_teal_app_driver(...) at test-shinytest2-tm_t_crosstable.R:3:3
 3.     ├─testthat::with_mocked_bindings(...) at ./helper-TealAppDriver.R:7:3
 4.     └─TealAppDriver$new(dots) at ./helper-TealAppDriver.R:17:7
 5.       └─teal (local) initialize(...)
 6.         └─checkmate::assert_class(app, "teal_app")
 7.           └─checkmate::makeAssertion(x, res, .var.name, add)
 8.             └─checkmate:::mstop(...)</error>
    </testcase>
    <testcase time="0.129000000000001" classname="shinytest2_tm_t_crosstable" name="e2e_tm_t_crosstable_Verify_default_values_and_settings_data_extracts_for_data_selection">
      <error type="error" message="Error in `initialize(...)`: Assertion on 'app' failed: Must inherit from class 'teal_app', but has class 'list'. ('test-shinytest2-tm_t_crosstable.R:76:3')">Error in `initialize(...)`: Assertion on 'app' failed: Must inherit from class 'teal_app', but has class 'list'.
Backtrace:
    ▆
 1. └─teal.modules.general (local) app_driver_tm_t_crosstable() at test-shinytest2-tm_t_crosstable.R:76:3
 2.   └─teal.modules.general:::init_teal_app_driver(...) at test-shinytest2-tm_t_crosstable.R:3:3
 3.     ├─testthat::with_mocked_bindings(...) at ./helper-TealAppDriver.R:7:3
 4.     └─TealAppDriver$new(dots) at ./helper-TealAppDriver.R:17:7
 5.       └─teal (local) initialize(...)
 6.         └─checkmate::assert_class(app, "teal_app")
 7.           └─checkmate::makeAssertion(x, res, .var.name, add)
 8.             └─checkmate:::mstop(...)</error>
    </testcase>
    <testcase time="0.122999999999999" classname="shinytest2_tm_t_crosstable" name="e2e_tm_t_crosstable_Change_plot_settings">
      <error type="error" message="Error in `initialize(...)`: Assertion on 'app' failed: Must inherit from class 'teal_app', but has class 'list'. ('test-shinytest2-tm_t_crosstable.R:99:3')">Error in `initialize(...)`: Assertion on 'app' failed: Must inherit from class 'teal_app', but has class 'list'.
Backtrace:
    ▆
 1. └─teal.modules.general (local) app_driver_tm_t_crosstable() at test-shinytest2-tm_t_crosstable.R:99:3
 2.   └─teal.modules.general:::init_teal_app_driver(...) at test-shinytest2-tm_t_crosstable.R:3:3
 3.     ├─testthat::with_mocked_bindings(...) at ./helper-TealAppDriver.R:7:3
 4.     └─TealAppDriver$new(dots) at ./helper-TealAppDriver.R:17:7
 5.       └─teal (local) initialize(...)
 6.         └─checkmate::assert_class(app, "teal_app")
 7.           └─checkmate::makeAssertion(x, res, .var.name, add)
 8.             └─checkmate:::mstop(...)</error>
    </testcase>
  </testsuite>
  <testsuite name="shinytest2-tm_variable_browser" timestamp="2026-01-16T01:05:41Z" hostname="208e8c608ef8" tests="6" skipped="0" failures="0" errors="6" time="0.698">
    <testcase time="0.122" classname="shinytest2_tm_variable_browser" name="e2e_tm_variable_browser_content_is_displayed_correctly.">
      <error type="error" message="Error in `initialize(...)`: Assertion on 'app' failed: Must inherit from class 'teal_app', but has class 'list'. ('test-shinytest2-tm_variable_browser.R:35:3')">Error in `initialize(...)`: Assertion on 'app' failed: Must inherit from class 'teal_app', but has class 'list'.
Backtrace:
    ▆
 1. └─teal.modules.general (local) app_driver_tm_variable_browser() at test-shinytest2-tm_variable_browser.R:35:3
 2.   └─teal.modules.general:::init_teal_app_driver(...) at test-shinytest2-tm_variable_browser.R:14:3
 3.     ├─testthat::with_mocked_bindings(...) at ./helper-TealAppDriver.R:7:3
 4.     └─TealAppDriver$new(dots) at ./helper-TealAppDriver.R:17:7
 5.       └─teal (local) initialize(...)
 6.         └─checkmate::assert_class(app, "teal_app")
 7.           └─checkmate::makeAssertion(x, res, .var.name, add)
 8.             └─checkmate:::mstop(...)</error>
    </testcase>
    <testcase time="0.117000000000001" classname="shinytest2_tm_variable_browser" name="e2e_tm_variable_browser_Selecting_treat_variable_as_factor_changes_the_table_headers.">
      <error type="error" message="Error in `initialize(...)`: Assertion on 'app' failed: Must inherit from class 'teal_app', but has class 'list'. ('test-shinytest2-tm_variable_browser.R:73:3')">Error in `initialize(...)`: Assertion on 'app' failed: Must inherit from class 'teal_app', but has class 'list'.
Backtrace:
    ▆
 1. └─teal.modules.general (local) app_driver_tm_variable_browser() at test-shinytest2-tm_variable_browser.R:73:3
 2.   └─teal.modules.general:::init_teal_app_driver(...) at test-shinytest2-tm_variable_browser.R:14:3
 3.     ├─testthat::with_mocked_bindings(...) at ./helper-TealAppDriver.R:7:3
 4.     └─TealAppDriver$new(dots) at ./helper-TealAppDriver.R:17:7
 5.       └─teal (local) initialize(...)
 6.         └─checkmate::assert_class(app, "teal_app")
 7.           └─checkmate::makeAssertion(x, res, .var.name, add)
 8.             └─checkmate:::mstop(...)</error>
    </testcase>
    <testcase time="0.112" classname="shinytest2_tm_variable_browser" name="e2e_tm_variable_browser_selection_of_categorical_variable_has_a_table_with_level_header.">
      <error type="error" message="Error in `initialize(...)`: Assertion on 'app' failed: Must inherit from class 'teal_app', but has class 'list'. ('test-shinytest2-tm_variable_browser.R:109:3')">Error in `initialize(...)`: Assertion on 'app' failed: Must inherit from class 'teal_app', but has class 'list'.
Backtrace:
    ▆
 1. └─teal.modules.general (local) app_driver_tm_variable_browser() at test-shinytest2-tm_variable_browser.R:109:3
 2.   └─teal.modules.general:::init_teal_app_driver(...) at test-shinytest2-tm_variable_browser.R:14:3
 3.     ├─testthat::with_mocked_bindings(...) at ./helper-TealAppDriver.R:7:3
 4.     └─TealAppDriver$new(dots) at ./helper-TealAppDriver.R:17:7
 5.       └─teal (local) initialize(...)
 6.         └─checkmate::assert_class(app, "teal_app")
 7.           └─checkmate::makeAssertion(x, res, .var.name, add)
 8.             └─checkmate:::mstop(...)</error>
    </testcase>
    <testcase time="0.116999999999999" classname="shinytest2_tm_variable_browser" name="e2e_tm_variable_browser_changing_display_density_encoding_doesn_t_show_errors.">
      <error type="error" message="Error in `initialize(...)`: Assertion on 'app' failed: Must inherit from class 'teal_app', but has class 'list'. ('test-shinytest2-tm_variable_browser.R:167:3')">Error in `initialize(...)`: Assertion on 'app' failed: Must inherit from class 'teal_app', but has class 'list'.
Backtrace:
    ▆
 1. └─teal.modules.general (local) app_driver_tm_variable_browser() at test-shinytest2-tm_variable_browser.R:167:3
 2.   └─teal.modules.general:::init_teal_app_driver(...) at test-shinytest2-tm_variable_browser.R:14:3
 3.     ├─testthat::with_mocked_bindings(...) at ./helper-TealAppDriver.R:7:3
 4.     └─TealAppDriver$new(dots) at ./helper-TealAppDriver.R:17:7
 5.       └─teal (local) initialize(...)
 6.         └─checkmate::assert_class(app, "teal_app")
 7.           └─checkmate::makeAssertion(x, res, .var.name, add)
 8.             └─checkmate:::mstop(...)</error>
    </testcase>
    <testcase time="0.118" classname="shinytest2_tm_variable_browser" name="e2e_tm_variable_browser_changing_outlier_definition_encoding_doesn_t_show_errors.">
      <error type="error" message="Error in `initialize(...)`: Assertion on 'app' failed: Must inherit from class 'teal_app', but has class 'list'. ('test-shinytest2-tm_variable_browser.R:182:3')">Error in `initialize(...)`: Assertion on 'app' failed: Must inherit from class 'teal_app', but has class 'list'.
Backtrace:
    ▆
 1. └─teal.modules.general (local) app_driver_tm_variable_browser() at test-shinytest2-tm_variable_browser.R:182:3
 2.   └─teal.modules.general:::init_teal_app_driver(...) at test-shinytest2-tm_variable_browser.R:14:3
 3.     ├─testthat::with_mocked_bindings(...) at ./helper-TealAppDriver.R:7:3
 4.     └─TealAppDriver$new(dots) at ./helper-TealAppDriver.R:17:7
 5.       └─teal (local) initialize(...)
 6.         └─checkmate::assert_class(app, "teal_app")
 7.           └─checkmate::makeAssertion(x, res, .var.name, add)
 8.             └─checkmate:::mstop(...)</error>
    </testcase>
    <testcase time="0.112" classname="shinytest2_tm_variable_browser" name="e2e_tm_variable_browser_changing_plot_setting_encodings_doesn_t_show_errors.">
      <error type="error" message="Error in `initialize(...)`: Assertion on 'app' failed: Must inherit from class 'teal_app', but has class 'list'. ('test-shinytest2-tm_variable_browser.R:213:3')">Error in `initialize(...)`: Assertion on 'app' failed: Must inherit from class 'teal_app', but has class 'list'.
Backtrace:
    ▆
 1. └─teal.modules.general (local) app_driver_tm_variable_browser() at test-shinytest2-tm_variable_browser.R:213:3
 2.   └─teal.modules.general:::init_teal_app_driver(...) at test-shinytest2-tm_variable_browser.R:14:3
 3.     ├─testthat::with_mocked_bindings(...) at ./helper-TealAppDriver.R:7:3
 4.     └─TealAppDriver$new(dots) at ./helper-TealAppDriver.R:17:7
 5.       └─teal (local) initialize(...)
 6.         └─checkmate::assert_class(app, "teal_app")
 7.           └─checkmate::makeAssertion(x, res, .var.name, add)
 8.             └─checkmate:::mstop(...)</error>
    </testcase>
  </testsuite>
  <testsuite name="tm_g_association" timestamp="2026-01-16T01:05:42Z" hostname="208e8c608ef8" tests="64" skipped="0" failures="0" errors="0" time="13.036">
    <testcase time="0.0329999999999995" classname="tm_g_association" name="tm_g_association_module_creation_creates_a_teal_module_object"/>
    <testcase time="0.00500000000000078" classname="tm_g_association" name="tm_g_association_module_creation_creates_a_teal_module_object_with_list_of_data_extract_specs"/>
    <testcase time="0.00600000000000023" classname="tm_g_association" name="tm_g_association_module_creation_creates_a_module_with_datanames_taken_from_data_extracts"/>
    <testcase time="0.00600000000000023" classname="tm_g_association" name="tm_g_association_module_creation_creates_a_module_that_is_bookmarkable"/>
    <testcase time="0.0109999999999992" classname="tm_g_association" name="tm_g_association_input_validation_fails_when_label_is_not_a_string"/>
    <testcase time="0.0080000000000009" classname="tm_g_association" name="tm_g_association_input_validation_fails_when_ref_is_not_a_data_extract_spec_or_list"/>
    <testcase time="0.00799999999999912" classname="tm_g_association" name="tm_g_association_input_validation_fails_when_ref_allows_multiple_selection"/>
    <testcase time="0.0080000000000009" classname="tm_g_association" name="tm_g_association_input_validation_fails_when_vars_is_not_a_data_extract_spec_or_list"/>
    <testcase time="0.00899999999999856" classname="tm_g_association" name="tm_g_association_input_validation_fails_when_plot_height_is_not_valid"/>
    <testcase time="0.0080000000000009" classname="tm_g_association" name="tm_g_association_input_validation_fails_when_plot_height_has_wrong_length"/>
    <testcase time="0.00900000000000034" classname="tm_g_association" name="tm_g_association_input_validation_fails_when_plot_width_is_not_valid"/>
    <testcase time="0.00499999999999901" classname="tm_g_association" name="tm_g_association_input_validation_accepts_NULL_plot_width"/>
    <testcase time="0.00900000000000034" classname="tm_g_association" name="tm_g_association_input_validation_fails_when_distribution_theme_is_invalid"/>
    <testcase time="0.00500000000000078" classname="tm_g_association" name="tm_g_association_input_validation_accepts_valid_distribution_theme_options"/>
    <testcase time="0.00300000000000011" classname="tm_g_association" name="tm_g_association_input_validation_accepts_valid_distribution_theme_options"/>
    <testcase time="0.00300000000000011" classname="tm_g_association" name="tm_g_association_input_validation_accepts_valid_distribution_theme_options"/>
    <testcase time="0.00299999999999834" classname="tm_g_association" name="tm_g_association_input_validation_accepts_valid_distribution_theme_options"/>
    <testcase time="0.00200000000000067" classname="tm_g_association" name="tm_g_association_input_validation_accepts_valid_distribution_theme_options"/>
    <testcase time="0.00300000000000011" classname="tm_g_association" name="tm_g_association_input_validation_accepts_valid_distribution_theme_options"/>
    <testcase time="0.00699999999999967" classname="tm_g_association" name="tm_g_association_input_validation_accepts_valid_distribution_theme_options"/>
    <testcase time="0.00399999999999956" classname="tm_g_association" name="tm_g_association_input_validation_accepts_valid_distribution_theme_options"/>
    <testcase time="0.00900000000000034" classname="tm_g_association" name="tm_g_association_input_validation_fails_when_association_theme_is_invalid"/>
    <testcase time="0.00500000000000078" classname="tm_g_association" name="tm_g_association_input_validation_accepts_valid_association_theme_options"/>
    <testcase time="0.00300000000000011" classname="tm_g_association" name="tm_g_association_input_validation_accepts_valid_association_theme_options"/>
    <testcase time="0.00300000000000011" classname="tm_g_association" name="tm_g_association_input_validation_accepts_valid_association_theme_options"/>
    <testcase time="0.00300000000000011" classname="tm_g_association" name="tm_g_association_input_validation_accepts_valid_association_theme_options"/>
    <testcase time="0.00199999999999889" classname="tm_g_association" name="tm_g_association_input_validation_accepts_valid_association_theme_options"/>
    <testcase time="0.00300000000000011" classname="tm_g_association" name="tm_g_association_input_validation_accepts_valid_association_theme_options"/>
    <testcase time="0.00300000000000011" classname="tm_g_association" name="tm_g_association_input_validation_accepts_valid_association_theme_options"/>
    <testcase time="0.00200000000000067" classname="tm_g_association" name="tm_g_association_input_validation_accepts_valid_association_theme_options"/>
    <testcase time="0.00999999999999979" classname="tm_g_association" name="tm_g_association_input_validation_fails_when_ggplot2_args_object_uses_a_named_object_that_is_not_supported"/>
    <testcase time="0.00499999999999901" classname="tm_g_association" name="tm_g_association_input_validation_accepts_valid_ggplot2_args"/>
    <testcase time="0.0080000000000009" classname="tm_g_association" name="tm_g_association_input_validation_fails_when_decorators_has_invalid_object_types"/>
    <testcase time="0.00600000000000023" classname="tm_g_association" name="tm_g_association_input_validation_accepts_valid_decorators"/>
    <testcase time="2.437" classname="tm_g_association" name="tm_g_association_module_server_behavior_server_function_executes_successfully_through_module_interface_with_factor_variables"/>
    <testcase time="0.00300000000000011" classname="tm_g_association" name="tm_g_association_module_server_behavior_server_function_executes_successfully_through_module_interface_with_factor_variables"/>
    <testcase time="0.00399999999999956" classname="tm_g_association" name="tm_g_association_module_server_behavior_server_function_executes_successfully_through_module_interface_with_factor_variables"/>
    <testcase time="0.99" classname="tm_g_association" name="tm_g_association_module_server_behavior_server_function_handles_show_dist_option_through_module_interface"/>
    <testcase time="0.00400000000000134" classname="tm_g_association" name="tm_g_association_module_server_behavior_server_function_handles_show_dist_option_through_module_interface"/>
    <testcase time="0.00299999999999834" classname="tm_g_association" name="tm_g_association_module_server_behavior_server_function_handles_show_dist_option_through_module_interface"/>
    <testcase time="0.871000000000002" classname="tm_g_association" name="tm_g_association_module_server_behavior_server_function_handles_association_toggle_through_module_interface"/>
    <testcase time="0.00300000000000011" classname="tm_g_association" name="tm_g_association_module_server_behavior_server_function_handles_association_toggle_through_module_interface"/>
    <testcase time="0.00399999999999778" classname="tm_g_association" name="tm_g_association_module_server_behavior_server_function_handles_association_toggle_through_module_interface"/>
    <testcase time="0.978000000000002" classname="tm_g_association" name="tm_g_association_module_server_behavior_server_function_handles_different_themes_through_module_interface"/>
    <testcase time="0.00399999999999778" classname="tm_g_association" name="tm_g_association_module_server_behavior_server_function_handles_different_themes_through_module_interface"/>
    <testcase time="0.824000000000002" classname="tm_g_association" name="tm_g_association_module_server_behavior_server_function_handles_different_themes_through_module_interface"/>
    <testcase time="0.00300000000000011" classname="tm_g_association" name="tm_g_association_module_server_behavior_server_function_handles_different_themes_through_module_interface"/>
    <testcase time="0.834" classname="tm_g_association" name="tm_g_association_module_server_behavior_server_function_handles_different_themes_through_module_interface"/>
    <testcase time="0.00400000000000134" classname="tm_g_association" name="tm_g_association_module_server_behavior_server_function_handles_different_themes_through_module_interface"/>
    <testcase time="1.074" classname="tm_g_association" name="tm_g_association_module_server_behavior_server_function_handles_rotate_xaxis_labels_option_through_module_interface"/>
    <testcase time="0.00300000000000011" classname="tm_g_association" name="tm_g_association_module_server_behavior_server_function_handles_rotate_xaxis_labels_option_through_module_interface"/>
    <testcase time="0.00300000000000011" classname="tm_g_association" name="tm_g_association_module_server_behavior_server_function_handles_rotate_xaxis_labels_option_through_module_interface"/>
    <testcase time="1.032" classname="tm_g_association" name="tm_g_association_module_server_behavior_server_function_handles_swap_axes_option_through_module_interface"/>
    <testcase time="0.00300000000000011" classname="tm_g_association" name="tm_g_association_module_server_behavior_server_function_handles_swap_axes_option_through_module_interface"/>
    <testcase time="0.00400000000000134" classname="tm_g_association" name="tm_g_association_module_server_behavior_server_function_handles_swap_axes_option_through_module_interface"/>
    <testcase time="1.101" classname="tm_g_association" name="tm_g_association_module_server_behavior_server_function_handles_numeric_variables_through_module_interface"/>
    <testcase time="0.0100000000000016" classname="tm_g_association" name="tm_g_association_module_server_behavior_server_function_handles_numeric_variables_through_module_interface"/>
    <testcase time="0.00400000000000134" classname="tm_g_association" name="tm_g_association_module_server_behavior_server_function_handles_numeric_variables_through_module_interface"/>
    <testcase time="1.208" classname="tm_g_association" name="tm_g_association_module_server_behavior_server_function_handles_log_transformation_for_numeric_variables_through_module_interface"/>
    <testcase time="0.00400000000000134" classname="tm_g_association" name="tm_g_association_module_server_behavior_server_function_handles_log_transformation_for_numeric_variables_through_module_interface"/>
    <testcase time="0.00300000000000011" classname="tm_g_association" name="tm_g_association_module_server_behavior_server_function_handles_log_transformation_for_numeric_variables_through_module_interface"/>
    <testcase time="1.397" classname="tm_g_association" name="tm_g_association_module_server_behavior_server_function_handles_mixed_factor_and_numeric_variables_through_module_interface"/>
    <testcase time="0.00400000000000134" classname="tm_g_association" name="tm_g_association_module_server_behavior_server_function_handles_mixed_factor_and_numeric_variables_through_module_interface"/>
    <testcase time="0.00300000000000011" classname="tm_g_association" name="tm_g_association_module_server_behavior_server_function_handles_mixed_factor_and_numeric_variables_through_module_interface"/>
  </testsuite>
  <testsuite name="tm_g_bivariate" timestamp="2026-01-16T01:05:55Z" hostname="208e8c608ef8" tests="18" skipped="0" failures="0" errors="0" time="0.154">
    <testcase time="0.0169999999999995" classname="tm_g_bivariate" name="tm_g_bivariate_creates_a_teal_module_object"/>
    <testcase time="0.00499999999999901" classname="tm_g_bivariate" name="tm_g_bivariate_creates_a_teal_module_object_with_default_options"/>
    <testcase time="0.00600000000000023" classname="tm_g_bivariate" name="tm_g_bivariate_creates_a_teal_module_object_with_multiple_data_extract_specs"/>
    <testcase time="0.00500000000000256" classname="tm_g_bivariate" name="tm_g_bivariate_creates_a_module_with_datanames_taken_from_data_extracts"/>
    <testcase time="0.0069999999999979" classname="tm_g_bivariate" name="tm_g_bivariate_fails_when_x_contains_a_spec_with_multiple_selection"/>
    <testcase time="0.00799999999999912" classname="tm_g_bivariate" name="tm_g_bivariate_fails_when_x_contains_multiple_spec_with_at_least_one_multiple_selection"/>
    <testcase time="0.00800000000000267" classname="tm_g_bivariate" name="tm_g_bivariate_fails_when_x_contains_multiple_spec_with_at_least_one_multiple_selection"/>
    <testcase time="0.00799999999999912" classname="tm_g_bivariate" name="tm_g_bivariate_fails_when_y_contains_multiple_spec_with_at_least_one_multiple_selection"/>
    <testcase time="0.00799999999999912" classname="tm_g_bivariate" name="tm_g_bivariate_fails_when_plot_height_is_not_valid"/>
    <testcase time="0.00799999999999912" classname="tm_g_bivariate" name="tm_g_bivariate_fails_when_plot_height_is_not_valid"/>
    <testcase time="0.0160000000000018" classname="tm_g_bivariate" name="tm_g_bivariate_fails_when_plot_height_is_not_valid"/>
    <testcase time="0.00999999999999801" classname="tm_g_bivariate" name="tm_g_bivariate_fails_when_plot_width_is_not_valid"/>
    <testcase time="0.00900000000000034" classname="tm_g_bivariate" name="tm_g_bivariate_fails_when_plot_width_is_not_valid"/>
    <testcase time="0.00900000000000034" classname="tm_g_bivariate" name="tm_g_bivariate_fails_when_plot_width_is_not_valid"/>
    <testcase time="0.00799999999999912" classname="tm_g_bivariate" name="tm_g_bivariate_fails_when_color_setting_is_FALSE_and_color_is_supplied"/>
    <testcase time="0.00800000000000267" classname="tm_g_bivariate" name="tm_g_bivariate_fails_when_color_setting_is_FALSE_and_size_is_supplied"/>
    <testcase time="0.00799999999999912" classname="tm_g_bivariate" name="tm_g_bivariate_fails_when_color_setting_is_FALSE_and_fill_is_supplied"/>
    <testcase time="0.00600000000000023" classname="tm_g_bivariate" name="tm_g_bivariate_determines_color_size_and_fill_when_color_setting_is_TRUE"/>
  </testsuite>
  <testsuite name="tm_g_response" timestamp="2026-01-16T01:05:55Z" hostname="208e8c608ef8" tests="36" skipped="0" failures="0" errors="0" time="3.758">
    <testcase time="0.00999999999999801" classname="tm_g_response" name="tm_g_response_module_creation_creates_a_teal_module_object"/>
    <testcase time="0.00500000000000256" classname="tm_g_response" name="tm_g_response_module_creation_creates_a_teal_module_object_with_default_options"/>
    <testcase time="0.00499999999999901" classname="tm_g_response" name="tm_g_response_module_creation_creates_a_teal_module_object_with_list_of_data_extract_specs"/>
    <testcase time="0.00600000000000023" classname="tm_g_response" name="tm_g_response_module_creation_creates_a_module_with_datanames_taken_from_data_extracts"/>
    <testcase time="0.00700000000000145" classname="tm_g_response" name="tm_g_response_module_creation_creates_a_module_that_is_bookmarkable"/>
    <testcase time="0.0109999999999992" classname="tm_g_response" name="tm_g_response_input_validation_fails_when_label_is_not_a_string"/>
    <testcase time="0.00900000000000034" classname="tm_g_response" name="tm_g_response_input_validation_fails_when_response_is_not_a_data_extract_spec_or_list"/>
    <testcase time="0.00799999999999912" classname="tm_g_response" name="tm_g_response_input_validation_fails_when_response_allows_multiple_selection"/>
    <testcase time="0.00900000000000034" classname="tm_g_response" name="tm_g_response_input_validation_fails_when_x_is_not_a_data_extract_spec_or_list"/>
    <testcase time="0.00799999999999912" classname="tm_g_response" name="tm_g_response_input_validation_fails_when_x_allows_multiple_selection"/>
    <testcase time="0.0150000000000006" classname="tm_g_response" name="tm_g_response_input_validation_fails_when_plot_height_is_not_valid"/>
    <testcase time="0.0109999999999992" classname="tm_g_response" name="tm_g_response_input_validation_fails_when_plot_height_has_wrong_length"/>
    <testcase time="0.0109999999999992" classname="tm_g_response" name="tm_g_response_input_validation_fails_when_plot_width_is_not_valid"/>
    <testcase time="0.00500000000000256" classname="tm_g_response" name="tm_g_response_input_validation_accepts_NULL_plot_width"/>
    <testcase time="0.00900000000000034" classname="tm_g_response" name="tm_g_response_input_validation_fails_when_ggtheme_is_invalid"/>
    <testcase time="0.00499999999999901" classname="tm_g_response" name="tm_g_response_input_validation_accepts_valid_ggtheme_options"/>
    <testcase time="0.00300000000000011" classname="tm_g_response" name="tm_g_response_input_validation_accepts_valid_ggtheme_options"/>
    <testcase time="0.00300000000000011" classname="tm_g_response" name="tm_g_response_input_validation_accepts_valid_ggtheme_options"/>
    <testcase time="0.00300000000000011" classname="tm_g_response" name="tm_g_response_input_validation_accepts_valid_ggtheme_options"/>
    <testcase time="0.00199999999999889" classname="tm_g_response" name="tm_g_response_input_validation_accepts_valid_ggtheme_options"/>
    <testcase time="0.00300000000000011" classname="tm_g_response" name="tm_g_response_input_validation_accepts_valid_ggtheme_options"/>
    <testcase time="0.00300000000000011" classname="tm_g_response" name="tm_g_response_input_validation_accepts_valid_ggtheme_options"/>
    <testcase time="0.00300000000000011" classname="tm_g_response" name="tm_g_response_input_validation_accepts_valid_ggtheme_options"/>
    <testcase time="0.0100000000000016" classname="tm_g_response" name="tm_g_response_input_validation_fails_when_ggplot2_args_object_does_not_inherit_from_ggplot2_args_"/>
    <testcase time="0.00499999999999901" classname="tm_g_response" name="tm_g_response_input_validation_accepts_valid_ggplot2_args"/>
    <testcase time="0.00900000000000034" classname="tm_g_response" name="tm_g_response_input_validation_fails_when_decorators_has_invalid_object_types"/>
    <testcase time="0.00499999999999901" classname="tm_g_response" name="tm_g_response_input_validation_accepts_valid_decorators"/>
    <testcase time="1.121" classname="tm_g_response" name="tm_g_response_module_server_behavior_server_function_executes_successfully_through_module_interface"/>
    <testcase time="0.00400000000000134" classname="tm_g_response" name="tm_g_response_module_server_behavior_server_function_executes_successfully_through_module_interface"/>
    <testcase time="0.00300000000000011" classname="tm_g_response" name="tm_g_response_module_server_behavior_server_function_executes_successfully_through_module_interface"/>
    <testcase time="1.422" classname="tm_g_response" name="tm_g_response_module_server_behavior_server_function_generates_frequency_plot_through_module_interface"/>
    <testcase time="0.00300000000000011" classname="tm_g_response" name="tm_g_response_module_server_behavior_server_function_generates_frequency_plot_through_module_interface"/>
    <testcase time="0.00399999999999778" classname="tm_g_response" name="tm_g_response_module_server_behavior_server_function_generates_frequency_plot_through_module_interface"/>
    <testcase time="1.011" classname="tm_g_response" name="tm_g_response_module_server_behavior_server_function_generates_density_plot_through_module_interface"/>
    <testcase time="0.00399999999999778" classname="tm_g_response" name="tm_g_response_module_server_behavior_server_function_generates_density_plot_through_module_interface"/>
    <testcase time="0.00300000000000011" classname="tm_g_response" name="tm_g_response_module_server_behavior_server_function_generates_density_plot_through_module_interface"/>
  </testsuite>
  <testsuite name="tm_g_scatterplotmatrix" timestamp="2026-01-16T01:05:59Z" hostname="208e8c608ef8" tests="19" skipped="0" failures="0" errors="0" time="1.296">
    <testcase time="0.0150000000000006" classname="tm_g_scatterplotmatrix" name="tm_g_scatterplotmatrix_module_creation_creates_a_teal_module_object"/>
    <testcase time="0.00499999999999901" classname="tm_g_scatterplotmatrix" name="tm_g_scatterplotmatrix_module_creation_creates_a_teal_module_object_with_default_options"/>
    <testcase time="0.00500000000000256" classname="tm_g_scatterplotmatrix" name="tm_g_scatterplotmatrix_module_creation_creates_a_teal_module_object_with_list_of_data_extract_specs"/>
    <testcase time="0.00399999999999778" classname="tm_g_scatterplotmatrix" name="tm_g_scatterplotmatrix_module_creation_creates_a_module_with_datanames_taken_from_data_extracts"/>
    <testcase time="0.00600000000000023" classname="tm_g_scatterplotmatrix" name="tm_g_scatterplotmatrix_module_creation_creates_a_module_that_is_bookmarkable"/>
    <testcase time="0.0100000000000016" classname="tm_g_scatterplotmatrix" name="tm_g_scatterplotmatrix_input_validation_fails_when_label_is_not_a_string"/>
    <testcase time="0.00799999999999912" classname="tm_g_scatterplotmatrix" name="tm_g_scatterplotmatrix_input_validation_fails_when_variables_is_not_a_data_extract_spec_or_list"/>
    <testcase time="0.00799999999999912" classname="tm_g_scatterplotmatrix" name="tm_g_scatterplotmatrix_input_validation_fails_when_plot_height_is_not_valid"/>
    <testcase time="0.00900000000000034" classname="tm_g_scatterplotmatrix" name="tm_g_scatterplotmatrix_input_validation_fails_when_plot_height_has_wrong_length"/>
    <testcase time="0.00799999999999912" classname="tm_g_scatterplotmatrix" name="tm_g_scatterplotmatrix_input_validation_fails_when_plot_width_is_not_valid"/>
    <testcase time="0.00500000000000256" classname="tm_g_scatterplotmatrix" name="tm_g_scatterplotmatrix_input_validation_accepts_NULL_plot_width"/>
    <testcase time="0.00799999999999912" classname="tm_g_scatterplotmatrix" name="tm_g_scatterplotmatrix_input_validation_fails_when_decorators_has_invalid_object_types"/>
    <testcase time="0.00499999999999901" classname="tm_g_scatterplotmatrix" name="tm_g_scatterplotmatrix_input_validation_accepts_valid_decorators"/>
    <testcase time="0.621000000000002" classname="tm_g_scatterplotmatrix" name="tm_g_scatterplotmatrix_module_server_behavior_server_function_executes_successfully_through_module_interface"/>
    <testcase time="0.00300000000000011" classname="tm_g_scatterplotmatrix" name="tm_g_scatterplotmatrix_module_server_behavior_server_function_executes_successfully_through_module_interface"/>
    <testcase time="0.00299999999999656" classname="tm_g_scatterplotmatrix" name="tm_g_scatterplotmatrix_module_server_behavior_server_function_executes_successfully_through_module_interface"/>
    <testcase time="0.566000000000003" classname="tm_g_scatterplotmatrix" name="tm_g_scatterplotmatrix_module_server_behavior_server_function_generates_scatterplot_matrix_with_two_variables"/>
    <testcase time="0.00399999999999778" classname="tm_g_scatterplotmatrix" name="tm_g_scatterplotmatrix_module_server_behavior_server_function_generates_scatterplot_matrix_with_two_variables"/>
    <testcase time="0.00300000000000011" classname="tm_g_scatterplotmatrix" name="tm_g_scatterplotmatrix_module_server_behavior_server_function_generates_scatterplot_matrix_with_two_variables"/>
  </testsuite>
  <testsuite name="tm_rmarkdown" timestamp="2026-01-16T01:06:00Z" hostname="208e8c608ef8" tests="4" skipped="0" failures="0" errors="0" time="0.301">
    <testcase time="0.123000000000001" classname="tm_rmarkdown" name="srv_rmarkdown_renders_number_of_rows_of_my_data_to_markdown_file"/>
    <testcase time="0.0160000000000018" classname="tm_rmarkdown" name="srv_rmarkdown_returns_a_teal.reporter_reactive"/>
    <testcase time="0.0670000000000002" classname="tm_rmarkdown" name="srv_rmarkdown_returns_a_teal.reporter_reactive"/>
    <testcase time="0.0949999999999989" classname="tm_rmarkdown" name="srv_rmarkdown_renders_expected_html"/>
  </testsuite>
  <testsuite name="tm_t_crosstable" timestamp="2026-01-16T01:06:00Z" hostname="208e8c608ef8" tests="23" skipped="0" failures="0" errors="0" time="3.293">
    <testcase time="0.0129999999999981" classname="tm_t_crosstable" name="tm_t_crosstable_module_creation_creates_a_teal_module_object"/>
    <testcase time="0.00500000000000256" classname="tm_t_crosstable" name="tm_t_crosstable_module_creation_creates_a_teal_module_object_with_default_options"/>
    <testcase time="0.00600000000000023" classname="tm_t_crosstable" name="tm_t_crosstable_module_creation_creates_a_teal_module_object_with_list_of_data_extract_specs"/>
    <testcase time="0.00499999999999901" classname="tm_t_crosstable" name="tm_t_crosstable_module_creation_creates_a_module_with_datanames_taken_from_data_extracts"/>
    <testcase time="0.0069999999999979" classname="tm_t_crosstable" name="tm_t_crosstable_module_creation_creates_a_module_that_is_bookmarkable"/>
    <testcase time="0.0110000000000028" classname="tm_t_crosstable" name="tm_t_crosstable_input_validation_fails_when_label_is_not_a_string"/>
    <testcase time="0.00900000000000034" classname="tm_t_crosstable" name="tm_t_crosstable_input_validation_fails_when_x_is_not_a_data_extract_spec_or_list"/>
    <testcase time="0.00899999999999679" classname="tm_t_crosstable" name="tm_t_crosstable_input_validation_fails_when_y_is_not_a_data_extract_spec_or_list"/>
    <testcase time="0.00800000000000267" classname="tm_t_crosstable" name="tm_t_crosstable_input_validation_fails_when_y_allows_multiple_selection"/>
    <testcase time="0.00900000000000034" classname="tm_t_crosstable" name="tm_t_crosstable_input_validation_fails_when_show_percentage_is_not_logical"/>
    <testcase time="0.00900000000000034" classname="tm_t_crosstable" name="tm_t_crosstable_input_validation_fails_when_show_total_is_not_logical"/>
    <testcase time="0.00899999999999679" classname="tm_t_crosstable" name="tm_t_crosstable_input_validation_fails_when_remove_zero_columns_is_not_logical"/>
    <testcase time="0.0100000000000016" classname="tm_t_crosstable" name="tm_t_crosstable_input_validation_fails_when_decorators_has_invalid_object_types"/>
    <testcase time="0.00499999999999901" classname="tm_t_crosstable" name="tm_t_crosstable_input_validation_accepts_valid_decorators"/>
    <testcase time="1.49" classname="tm_t_crosstable" name="tm_t_crosstable_module_server_behavior_server_function_executes_successfully_through_module_interface"/>
    <testcase time="0.00300000000000011" classname="tm_t_crosstable" name="tm_t_crosstable_module_server_behavior_server_function_executes_successfully_through_module_interface"/>
    <testcase time="0.00300000000000011" classname="tm_t_crosstable" name="tm_t_crosstable_module_server_behavior_server_function_executes_successfully_through_module_interface"/>
    <testcase time="1.026" classname="tm_t_crosstable" name="tm_t_crosstable_module_server_behavior_server_function_generates_table_with_show_percentage_enabled"/>
    <testcase time="0.00300000000000011" classname="tm_t_crosstable" name="tm_t_crosstable_module_server_behavior_server_function_generates_table_with_show_percentage_enabled"/>
    <testcase time="0.00400000000000489" classname="tm_t_crosstable" name="tm_t_crosstable_module_server_behavior_server_function_generates_table_with_show_percentage_enabled"/>
    <testcase time="0.641999999999996" classname="tm_t_crosstable" name="tm_t_crosstable_module_server_behavior_server_function_generates_table_with_show_total_enabled"/>
    <testcase time="0.00400000000000489" classname="tm_t_crosstable" name="tm_t_crosstable_module_server_behavior_server_function_generates_table_with_show_total_enabled"/>
    <testcase time="0.00300000000000011" classname="tm_t_crosstable" name="tm_t_crosstable_module_server_behavior_server_function_generates_table_with_show_total_enabled"/>
  </testsuite>
  <testsuite name="utils" timestamp="2026-01-16T01:06:04Z" hostname="208e8c608ef8" tests="12" skipped="0" failures="0" errors="0" time="0.063">
    <testcase time="0.0139999999999958" classname="utils" name="set_chunk_attrs_changes_last_chunk_output_with_default_parameters"/>
    <testcase time="0.00200000000000244" classname="utils" name="set_chunk_attrs_changes_last_chunk_output_with_default_parameters"/>
    <testcase time="0.00399999999999778" classname="utils" name="set_chunk_attrs_changes_last_2_chunks"/>
    <testcase time="0.000999999999997669" classname="utils" name="set_chunk_attrs_changes_last_2_chunks"/>
    <testcase time="0.00400000000000489" classname="utils" name="set_chunk_attrs_only_changes_the_numeric_chunk_outputs"/>
    <testcase time="0.00199999999999534" classname="utils" name="set_chunk_attrs_only_changes_the_numeric_chunk_outputs"/>
    <testcase time="0.00400000000000489" classname="utils" name="set_chunk_attrs_throws_warning_when_last_chunk_is_not_chunk_output"/>
    <testcase time="0.00499999999999545" classname="utils" name="set_chunk_attrs_throws_warning_when_second_to_last_chunk_is_not_chunk_output"/>
    <testcase time="0.00500000000000256" classname="utils" name="set_chunk_attrs_modifies_all_elements_up_until_the_first_non_chunk_output"/>
    <testcase time="0.00300000000000011" classname="utils" name="set_chunk_attrs_modifies_all_elements_up_until_the_first_non_chunk_output"/>
    <testcase time="0.000999999999997669" classname="utils" name="set_chunk_attrs_modifies_all_elements_up_until_the_first_non_chunk_output"/>
    <testcase time="0.0180000000000007" classname="utils" name="set_chunk_dims_skips_when_one_of_the_dimensions_is_auto_string"/>
  </testsuite>
  <testsuite name="bivariate_ggplot_call" timestamp="2026-01-16T01:06:04Z" hostname="208e8c608ef8" tests="23" skipped="0" failures="0" errors="0" time="0.097">
    <testcase time="0.00900000000000034" classname="bivariate_ggplot_call" name="bivariate_ggplot_call_with_numerics"/>
    <testcase time="0.00300000000000011" classname="bivariate_ggplot_call" name="bivariate_ggplot_call_with_numerics"/>
    <testcase time="0.00300000000000011" classname="bivariate_ggplot_call" name="bivariate_ggplot_call_with_numerics"/>
    <testcase time="0.00200000000000244" classname="bivariate_ggplot_call" name="bivariate_ggplot_call_with_numerics"/>
    <testcase time="0.00600000000000023" classname="bivariate_ggplot_call" name="bivariate_ggplot_call_with_arguments_factor_and_factor"/>
    <testcase time="0.00499999999999545" classname="bivariate_ggplot_call" name="bivariate_ggplot_call_with_arguments_logical_and_factor"/>
    <testcase time="0.00500000000000256" classname="bivariate_ggplot_call" name="bivariate_ggplot_call_with_arguments_character_and_factor"/>
    <testcase time="0.00500000000000256" classname="bivariate_ggplot_call" name="bivariate_ggplot_call_with_arguments_factor_and_logical"/>
    <testcase time="0.00499999999999545" classname="bivariate_ggplot_call" name="bivariate_ggplot_call_with_arguments_logical_and_logical"/>
    <testcase time="0.00500000000000256" classname="bivariate_ggplot_call" name="bivariate_ggplot_call_with_arguments_character_and_logical"/>
    <testcase time="0.00500000000000256" classname="bivariate_ggplot_call" name="bivariate_ggplot_call_with_arguments_factor_and_character"/>
    <testcase time="0.00499999999999545" classname="bivariate_ggplot_call" name="bivariate_ggplot_call_with_arguments_logical_and_character"/>
    <testcase time="0.00500000000000256" classname="bivariate_ggplot_call" name="bivariate_ggplot_call_with_arguments_character_and_character"/>
    <testcase time="0.0069999999999979" classname="bivariate_ggplot_call" name="bivariate_ggplot_call_with_single_data_numeric"/>
    <testcase time="0.00300000000000011" classname="bivariate_ggplot_call" name="bivariate_ggplot_call_with_single_data_numeric"/>
    <testcase time="0.00200000000000244" classname="bivariate_ggplot_call" name="bivariate_ggplot_call_with_single_data_numeric"/>
    <testcase time="0.00300000000000011" classname="bivariate_ggplot_call" name="bivariate_ggplot_call_with_single_data_numeric"/>
    <testcase time="0.00199999999999534" classname="bivariate_ggplot_call" name="bivariate_ggplot_call_with_single_data_numeric"/>
    <testcase time="0.00300000000000011" classname="bivariate_ggplot_call" name="bivariate_ggplot_call_with_single_data_numeric"/>
    <testcase time="0.00600000000000023" classname="bivariate_ggplot_call" name="bivariate_ggplot_call_with_single_data_factor"/>
    <testcase time="0.00200000000000244" classname="bivariate_ggplot_call" name="bivariate_ggplot_call_with_single_data_factor"/>
    <testcase time="0.00300000000000011" classname="bivariate_ggplot_call" name="bivariate_ggplot_call_with_single_data_factor"/>
    <testcase time="0.00300000000000011" classname="bivariate_ggplot_call" name="bivariate_ggplot_call_with_single_data_factor"/>
  </testsuite>
  <testsuite name="front_page" timestamp="2026-01-16T01:06:04Z" hostname="208e8c608ef8" tests="4" skipped="0" failures="0" errors="0" time="0.022">
    <testcase time="0.00800000000000267" classname="front_page" name="convert_metadata_to_dataframe_returns_a_data_frame_with_no_rows_if_no_metadata"/>
    <testcase time="0.00499999999999545" classname="front_page" name="convert_metadata_to_dataframe_returns_a_data_frame_with_metadata_if_more_than_one_dataset"/>
    <testcase time="0.00400000000000489" classname="front_page" name="convert_metadata_to_dataframe_returns_a_data_frame_with_metadata_if_one_dataset"/>
    <testcase time="0.00499999999999545" classname="front_page" name="convert_metadata_to_dataframe_converts_metadata_values_to_characters"/>
  </testsuite>
  <testsuite name="g_expert_cl" timestamp="2026-01-16T01:06:04Z" hostname="208e8c608ef8" tests="15" skipped="0" failures="0" errors="0" time="0.033">
    <testcase time="0.007000000000005" classname="g_expert_cl" name="coloring_ggplot_call_can_work_with_all_combinations"/>
    <testcase time="0.000999999999997669" classname="g_expert_cl" name="coloring_ggplot_call_can_work_with_all_combinations"/>
    <testcase time="0.00200000000000244" classname="g_expert_cl" name="coloring_ggplot_call_can_work_with_all_combinations"/>
    <testcase time="0.000999999999997669" classname="g_expert_cl" name="coloring_ggplot_call_can_work_with_all_combinations"/>
    <testcase time="0.00199999999999534" classname="g_expert_cl" name="coloring_ggplot_call_can_work_with_all_combinations"/>
    <testcase time="0.00100000000000477" classname="g_expert_cl" name="coloring_ggplot_call_can_work_with_all_combinations"/>
    <testcase time="0.00199999999999534" classname="g_expert_cl" name="coloring_ggplot_call_can_work_with_all_combinations"/>
    <testcase time="0.00400000000000489" classname="g_expert_cl" name="coloring_ggplot_call_can_work_with_all_combinations_without_colour_var"/>
    <testcase time="0.000999999999997669" classname="g_expert_cl" name="coloring_ggplot_call_can_work_with_all_combinations_without_colour_var"/>
    <testcase time="0.00200000000000244" classname="g_expert_cl" name="coloring_ggplot_call_can_work_with_all_combinations_without_colour_var"/>
    <testcase time="0.000999999999997669" classname="g_expert_cl" name="coloring_ggplot_call_can_work_with_all_combinations_without_colour_var"/>
    <testcase time="0.00200000000000244" classname="g_expert_cl" name="coloring_ggplot_call_can_work_with_all_combinations_without_colour_var"/>
    <testcase time="0.00399999999999778" classname="g_expert_cl" name="coloring_ggplot_call_can_work_size_var"/>
    <testcase time="0.00200000000000244" classname="g_expert_cl" name="coloring_ggplot_call_can_work_size_var"/>
    <testcase time="0.000999999999997669" classname="g_expert_cl" name="coloring_ggplot_call_can_work_size_var"/>
  </testsuite>
  <testsuite name="scatterplotmatrix_get_stats" timestamp="2026-01-16T01:06:04Z" hostname="208e8c608ef8" tests="6" skipped="0" failures="0" errors="0" time="0.035">
    <testcase time="0.0180000000000007" classname="scatterplotmatrix_get_stats" name="get_scatterplotmatrix_stats_x_y_numeric"/>
    <testcase time="0.00300000000000011" classname="scatterplotmatrix_get_stats" name="get_scatterplotmatrix_stats_x_y_numeric"/>
    <testcase time="0.00399999999999778" classname="scatterplotmatrix_get_stats" name="get_scatterplotmatrix_stats_x_y_numeric"/>
    <testcase time="0.00400000000000489" classname="scatterplotmatrix_get_stats" name="get_scatterplotmatrix_stats_x_y_character"/>
    <testcase time="0.00300000000000011" classname="scatterplotmatrix_get_stats" name="get_scatterplotmatrix_stats_x_y_character"/>
    <testcase time="0.00300000000000011" classname="scatterplotmatrix_get_stats" name="get_scatterplotmatrix_stats_x_y_character"/>
  </testsuite>
  <testsuite name="variable_browser" timestamp="2026-01-16T01:06:04Z" hostname="208e8c608ef8" tests="3" skipped="0" failures="0" errors="0" time="0.014">
    <testcase time="0.00599999999999312" classname="variable_browser" name="remove_outliers_from_does_not_remove_outliers_when_outlier_definition_is_zero"/>
    <testcase time="0.00400000000000489" classname="variable_browser" name="remove_outliers_from_removes_outliers_when_outlier_definition_is_non_zero"/>
    <testcase time="0.00399999999999778" classname="variable_browser" name="remove_outliers_from_keeps_missing_values_unchanged"/>
  </testsuite>
</testsuites>
