<?xml version="1.0" encoding="UTF-8"?>
<testsuites>
  <testsuite name="examples" timestamp="2026-01-16T10:50:53Z" hostname="ca4cf59c769b" tests="43" skipped="1" failures="0" errors="0" time="5.147">
    <testcase time="1.986" classname="examples" name="example_add_facet_labels.Rd"/>
    <testcase time="0.0540000000000003" classname="examples" name="example_call_fun_dots.Rd"/>
    <testcase time="0.0199999999999996" classname="examples" name="example_create_sparklines.Rd"/>
    <testcase time="0.00700000000000012" classname="examples" name="example_dot_markdown_internal.Rd"/>
    <testcase time="0.00600000000000023" classname="examples" name="example_dot_scale_x_mosaic.Rd"/>
    <testcase time="0.00699999999999967" classname="examples" name="example_establish_updating_selection.Rd"/>
    <testcase time="0.00600000000000023" classname="examples" name="example_filter_outliers.Rd"/>
    <testcase time="0.02" classname="examples" name="example_geom_mosaic.Rd"/>
    <testcase time="0.0150000000000001" classname="examples" name="example_get_scatterplotmatrix_stats.Rd"/>
    <testcase time="0.00599999999999978" classname="examples" name="example_is_tab_active_js.Rd"/>
    <testcase time="0.00600000000000023" classname="examples" name="example_plot_var_summary.Rd"/>
    <testcase time="0.00699999999999967" classname="examples" name="example_remove_outliers_from.Rd"/>
    <testcase time="0.00600000000000023" classname="examples" name="example_render_single_tab.Rd"/>
    <testcase time="0.00700000000000012" classname="examples" name="example_render_tab_header.Rd"/>
    <testcase time="0.00599999999999978" classname="examples" name="example_render_tab_table.Rd"/>
    <testcase time="0.00600000000000023" classname="examples" name="example_render_tabset_panel_content.Rd"/>
    <testcase time="0.00699999999999967" classname="examples" name="example_select_decorators.Rd"/>
    <testcase time="0.00600000000000023" classname="examples" name="example_set_chunk_attrs.Rd"/>
    <testcase time="0.00700000000000012" classname="examples" name="example_set_chunk_dims.Rd"/>
    <testcase time="0.00699999999999967" classname="examples" name="example_shared_params.Rd"/>
    <testcase time="0.00600000000000023" classname="examples" name="example_srv_decorate_teal_data.Rd"/>
    <testcase time="0.00699999999999967" classname="examples" name="example_teal.modules.general.Rd"/>
    <testcase time="0.192" classname="examples" name="example_tm_a_pca.Rd"/>
    <testcase time="0.132" classname="examples" name="example_tm_a_regression.Rd"/>
    <testcase time="0.136" classname="examples" name="example_tm_data_table.Rd"/>
    <testcase time="0.221" classname="examples" name="example_tm_file_viewer.Rd"/>
    <testcase time="0.0869999999999997" classname="examples" name="example_tm_front_page.Rd"/>
    <testcase time="0.168" classname="examples" name="example_tm_g_association.Rd"/>
    <testcase time="0.145" classname="examples" name="example_tm_g_bivariate.Rd"/>
    <testcase time="0.00399999999999956" classname="examples" name="example_tm_g_distribution.Rd">
      <skipped message="Reason: distribution initializes with short validation error ('test-examples.R:145:9')"/>
    </testcase>
    <testcase time="0.187" classname="examples" name="example_tm_g_response.Rd"/>
    <testcase time="0.149" classname="examples" name="example_tm_g_scatterplot.Rd"/>
    <testcase time="0.399" classname="examples" name="example_tm_g_scatterplotmatrix.Rd"/>
    <testcase time="0.244" classname="examples" name="example_tm_missing_data.Rd"/>
    <testcase time="0.159" classname="examples" name="example_tm_outliers.Rd"/>
    <testcase time="0.0960000000000001" classname="examples" name="example_tm_rmarkdown.Rd"/>
    <testcase time="0.419" classname="examples" name="example_tm_t_crosstable.Rd"/>
    <testcase time="0.17" classname="examples" name="example_tm_variable_browser.Rd"/>
    <testcase time="0.00699999999999967" classname="examples" name="example_validate_input.Rd"/>
    <testcase time="0.00700000000000056" classname="examples" name="example_var_missings_info.Rd"/>
    <testcase time="0.00699999999999967" classname="examples" name="example_var_summary_table.Rd"/>
    <testcase time="0.00600000000000023" classname="examples" name="example_variable_type_icons.Rd"/>
    <testcase time="0.00699999999999967" classname="examples" name="example_varname_w_label.Rd"/>
  </testsuite>
  <testsuite name="shinytest2-tm_a_pca" timestamp="2026-01-16T10:50:58Z" hostname="ca4cf59c769b" tests="49" skipped="0" failures="0" errors="0" time="221.3">
    <testcase time="11.195" classname="shinytest2_tm_a_pca" name="e2e_tm_a_pca_Module_is_initialised_with_the_specified_defaults_in_function_call."/>
    <testcase time="0.00900000000000034" classname="shinytest2_tm_a_pca" name="e2e_tm_a_pca_Module_is_initialised_with_the_specified_defaults_in_function_call."/>
    <testcase time="0.00400000000000134" classname="shinytest2_tm_a_pca" name="e2e_tm_a_pca_Module_is_initialised_with_the_specified_defaults_in_function_call."/>
    <testcase time="0.00399999999999778" classname="shinytest2_tm_a_pca" name="e2e_tm_a_pca_Module_is_initialised_with_the_specified_defaults_in_function_call."/>
    <testcase time="0.0500000000000007" classname="shinytest2_tm_a_pca" name="e2e_tm_a_pca_Module_is_initialised_with_the_specified_defaults_in_function_call."/>
    <testcase time="0.0470000000000006" classname="shinytest2_tm_a_pca" name="e2e_tm_a_pca_Module_is_initialised_with_the_specified_defaults_in_function_call."/>
    <testcase time="0.0489999999999995" classname="shinytest2_tm_a_pca" name="e2e_tm_a_pca_Module_is_initialised_with_the_specified_defaults_in_function_call."/>
    <testcase time="10.445" classname="shinytest2_tm_a_pca" name="e2e_tm_a_pca_Eigenvector_table_should_have_data_extract_selection_Murder_Assault_on_header."/>
    <testcase time="0.0530000000000008" classname="shinytest2_tm_a_pca" name="e2e_tm_a_pca_Eigenvector_table_should_have_data_extract_selection_Murder_Assault_on_header."/>
    <testcase time="0.093" classname="shinytest2_tm_a_pca" name="e2e_tm_a_pca_Eigenvector_table_should_have_data_extract_selection_Murder_Assault_on_header."/>
    <testcase time="0.093" classname="shinytest2_tm_a_pca" name="e2e_tm_a_pca_Eigenvector_table_should_have_data_extract_selection_Murder_Assault_on_header."/>
    <testcase time="13.634" classname="shinytest2_tm_a_pca" name="e2e_tm_a_pca_Eigenvector_table_should_have_data_extract_selection_Murder_UrbanPop_on_header."/>
    <testcase time="0.054000000000002" classname="shinytest2_tm_a_pca" name="e2e_tm_a_pca_Eigenvector_table_should_have_data_extract_selection_Murder_UrbanPop_on_header."/>
    <testcase time="0.0929999999999964" classname="shinytest2_tm_a_pca" name="e2e_tm_a_pca_Eigenvector_table_should_have_data_extract_selection_Murder_UrbanPop_on_header."/>
    <testcase time="0.0930000000000035" classname="shinytest2_tm_a_pca" name="e2e_tm_a_pca_Eigenvector_table_should_have_data_extract_selection_Murder_UrbanPop_on_header."/>
    <testcase time="13.213" classname="shinytest2_tm_a_pca" name="e2e_tm_a_pca_Color_by_columns_data_extract_must_be_from_non_selected_variable_set."/>
    <testcase time="0.769999999999996" classname="shinytest2_tm_a_pca" name="e2e_tm_a_pca_Color_by_columns_data_extract_must_be_from_non_selected_variable_set."/>
    <testcase time="10.207" classname="shinytest2_tm_a_pca" name="e2e_tm_a_pca_Changing_output_encodings_of_tables_display_does_not_generate_errors."/>
    <testcase time="0.552999999999997" classname="shinytest2_tm_a_pca" name="e2e_tm_a_pca_Changing_output_encodings_of_tables_display_does_not_generate_errors."/>
    <testcase time="0.00800000000000978" classname="shinytest2_tm_a_pca" name="e2e_tm_a_pca_Changing_output_encodings_of_tables_display_does_not_generate_errors."/>
    <testcase time="0.046999999999997" classname="shinytest2_tm_a_pca" name="e2e_tm_a_pca_Changing_output_encodings_of_tables_display_does_not_generate_errors."/>
    <testcase time="0.0480000000000018" classname="shinytest2_tm_a_pca" name="e2e_tm_a_pca_Changing_output_encodings_of_tables_display_does_not_generate_errors."/>
    <testcase time="0.046999999999997" classname="shinytest2_tm_a_pca" name="e2e_tm_a_pca_Changing_output_encodings_of_tables_display_does_not_generate_errors."/>
    <testcase time="11.973" classname="shinytest2_tm_a_pca" name="e2e_tm_a_pca_Changing_output_encodings_for_plot_type_does_not_generate_errors."/>
    <testcase time="1.38" classname="shinytest2_tm_a_pca" name="e2e_tm_a_pca_Changing_output_encodings_for_plot_type_does_not_generate_errors."/>
    <testcase time="1.104" classname="shinytest2_tm_a_pca" name="e2e_tm_a_pca_Changing_output_encodings_for_plot_type_does_not_generate_errors."/>
    <testcase time="1.41300000000001" classname="shinytest2_tm_a_pca" name="e2e_tm_a_pca_Changing_output_encodings_for_plot_type_does_not_generate_errors."/>
    <testcase time="10.262" classname="shinytest2_tm_a_pca" name="e2e_tm_a_pca_Changing_output_encodings_of_standardization_does_not_generate_errors."/>
    <testcase time="1.61799999999999" classname="shinytest2_tm_a_pca" name="e2e_tm_a_pca_Changing_output_encodings_of_standardization_does_not_generate_errors."/>
    <testcase time="1.556" classname="shinytest2_tm_a_pca" name="e2e_tm_a_pca_Changing_output_encodings_of_standardization_does_not_generate_errors."/>
    <testcase time="1.55800000000001" classname="shinytest2_tm_a_pca" name="e2e_tm_a_pca_Changing_output_encodings_of_standardization_does_not_generate_errors."/>
    <testcase time="10.447" classname="shinytest2_tm_a_pca" name="e2e_tm_a_pca_Changing_output_encodings_of_NA_action_does_not_generate_errors."/>
    <testcase time="13.377" classname="shinytest2_tm_a_pca" name="e2e_tm_a_pca_Changing_output_encodings_of_plot_type_hides_and_shows_options."/>
    <testcase time="2.67399999999999" classname="shinytest2_tm_a_pca" name="e2e_tm_a_pca_Changing_output_encodings_of_plot_type_hides_and_shows_options."/>
    <testcase time="2.15000000000001" classname="shinytest2_tm_a_pca" name="e2e_tm_a_pca_Changing_output_encodings_of_plot_type_hides_and_shows_options."/>
    <testcase time="2.14999999999999" classname="shinytest2_tm_a_pca" name="e2e_tm_a_pca_Changing_output_encodings_of_plot_type_hides_and_shows_options."/>
    <testcase time="3.38200000000001" classname="shinytest2_tm_a_pca" name="e2e_tm_a_pca_Changing_output_encodings_of_plot_type_hides_and_shows_options."/>
    <testcase time="2.16400000000002" classname="shinytest2_tm_a_pca" name="e2e_tm_a_pca_Changing_output_encodings_of_plot_type_hides_and_shows_options."/>
    <testcase time="3.52199999999999" classname="shinytest2_tm_a_pca" name="e2e_tm_a_pca_Changing_output_encodings_of_plot_type_hides_and_shows_options."/>
    <testcase time="2.166" classname="shinytest2_tm_a_pca" name="e2e_tm_a_pca_Changing_output_encodings_of_plot_type_hides_and_shows_options."/>
    <testcase time="2.16" classname="shinytest2_tm_a_pca" name="e2e_tm_a_pca_Changing_output_encodings_of_plot_type_hides_and_shows_options."/>
    <testcase time="10.228" classname="shinytest2_tm_a_pca" name="e2e_tm_a_pca_Changing_output_encodings_of_theme_does_not_generate_errors."/>
    <testcase time="0.531000000000006" classname="shinytest2_tm_a_pca" name="e2e_tm_a_pca_Changing_output_encodings_of_theme_does_not_generate_errors."/>
    <testcase time="0.528999999999996" classname="shinytest2_tm_a_pca" name="e2e_tm_a_pca_Changing_output_encodings_of_theme_does_not_generate_errors."/>
    <testcase time="0.528999999999996" classname="shinytest2_tm_a_pca" name="e2e_tm_a_pca_Changing_output_encodings_of_theme_does_not_generate_errors."/>
    <testcase time="10.444" classname="shinytest2_tm_a_pca" name="e2e_tm_a_pca_Changing_output_encodings_of_font_size_does_not_generate_errors."/>
    <testcase time="1.32500000000002" classname="shinytest2_tm_a_pca" name="e2e_tm_a_pca_Changing_output_encodings_of_font_size_does_not_generate_errors."/>
    <testcase time="1.31899999999999" classname="shinytest2_tm_a_pca" name="e2e_tm_a_pca_Changing_output_encodings_of_font_size_does_not_generate_errors."/>
    <testcase time="60.53" classname="shinytest2_tm_a_pca" name="e2e_tm_a_pca_Changing_output_encodings_of_font_size_does_not_generate_errors."/>
  </testsuite>
  <testsuite name="shinytest2-tm_a_regression" timestamp="2026-01-16T10:54:39Z" hostname="ca4cf59c769b" tests="31" skipped="0" failures="0" errors="0" time="84.787">
    <testcase time="8.88" classname="shinytest2_tm_a_regression" name="e2e_tm_a_regression_Data_parameter_and_module_label_is_passed_properly."/>
    <testcase time="0.0040000000000191" classname="shinytest2_tm_a_regression" name="e2e_tm_a_regression_Data_parameter_and_module_label_is_passed_properly."/>
    <testcase time="0.0029999999999859" classname="shinytest2_tm_a_regression" name="e2e_tm_a_regression_Data_parameter_and_module_label_is_passed_properly."/>
    <testcase time="8.86500000000001" classname="shinytest2_tm_a_regression" name="e2e_tm_a_regression_Data_extract_spec_elements_are_initialized_with_the_default_values_specified_by_response_and_regressor_arg."/>
    <testcase time="0.00399999999999068" classname="shinytest2_tm_a_regression" name="e2e_tm_a_regression_Data_extract_spec_elements_are_initialized_with_the_default_values_specified_by_response_and_regressor_arg."/>
    <testcase time="11.073" classname="shinytest2_tm_a_regression" name="e2e_tm_a_regression_Plot_type_is_set_properly."/>
    <testcase time="8.87600000000003" classname="shinytest2_tm_a_regression" name="e2e_tm_a_regression_Plot_type_has_7_specific_choices_changing_choices_does_not_throw_errors."/>
    <testcase time="2.11799999999999" classname="shinytest2_tm_a_regression" name="e2e_tm_a_regression_Plot_type_has_7_specific_choices_changing_choices_does_not_throw_errors."/>
    <testcase time="0.000999999999976353" classname="shinytest2_tm_a_regression" name="e2e_tm_a_regression_Plot_type_has_7_specific_choices_changing_choices_does_not_throw_errors."/>
    <testcase time="1.31700000000001" classname="shinytest2_tm_a_regression" name="e2e_tm_a_regression_Plot_type_has_7_specific_choices_changing_choices_does_not_throw_errors."/>
    <testcase time="0.000999999999976353" classname="shinytest2_tm_a_regression" name="e2e_tm_a_regression_Plot_type_has_7_specific_choices_changing_choices_does_not_throw_errors."/>
    <testcase time="1.37599999999998" classname="shinytest2_tm_a_regression" name="e2e_tm_a_regression_Plot_type_has_7_specific_choices_changing_choices_does_not_throw_errors."/>
    <testcase time="0.00200000000000955" classname="shinytest2_tm_a_regression" name="e2e_tm_a_regression_Plot_type_has_7_specific_choices_changing_choices_does_not_throw_errors."/>
    <testcase time="1.29900000000004" classname="shinytest2_tm_a_regression" name="e2e_tm_a_regression_Plot_type_has_7_specific_choices_changing_choices_does_not_throw_errors."/>
    <testcase time="0.000999999999976353" classname="shinytest2_tm_a_regression" name="e2e_tm_a_regression_Plot_type_has_7_specific_choices_changing_choices_does_not_throw_errors."/>
    <testcase time="1.30099999999999" classname="shinytest2_tm_a_regression" name="e2e_tm_a_regression_Plot_type_has_7_specific_choices_changing_choices_does_not_throw_errors."/>
    <testcase time="0.0010000000000332" classname="shinytest2_tm_a_regression" name="e2e_tm_a_regression_Plot_type_has_7_specific_choices_changing_choices_does_not_throw_errors."/>
    <testcase time="1.55699999999996" classname="shinytest2_tm_a_regression" name="e2e_tm_a_regression_Plot_type_has_7_specific_choices_changing_choices_does_not_throw_errors."/>
    <testcase time="0.00200000000000955" classname="shinytest2_tm_a_regression" name="e2e_tm_a_regression_Plot_type_has_7_specific_choices_changing_choices_does_not_throw_errors."/>
    <testcase time="1.46600000000001" classname="shinytest2_tm_a_regression" name="e2e_tm_a_regression_Plot_type_has_7_specific_choices_changing_choices_does_not_throw_errors."/>
    <testcase time="8.87099999999998" classname="shinytest2_tm_a_regression" name="e2e_tm_a_regression_Outlier_definition_and_label_are_visible_by_default."/>
    <testcase time="2.15200000000004" classname="shinytest2_tm_a_regression" name="e2e_tm_a_regression_Outlier_definition_and_label_are_visible_by_default."/>
    <testcase time="2.149" classname="shinytest2_tm_a_regression" name="e2e_tm_a_regression_Outlier_definition_and_label_are_visible_by_default."/>
    <testcase time="8.91999999999996" classname="shinytest2_tm_a_regression" name="e2e_tm_a_regression_Outlier_definition_and_label_have_default_values_and_label_text."/>
    <testcase time="0.0040000000000191" classname="shinytest2_tm_a_regression" name="e2e_tm_a_regression_Outlier_definition_and_label_have_default_values_and_label_text."/>
    <testcase time="0.00200000000000955" classname="shinytest2_tm_a_regression" name="e2e_tm_a_regression_Outlier_definition_and_label_have_default_values_and_label_text."/>
    <testcase time="0.00799999999998136" classname="shinytest2_tm_a_regression" name="e2e_tm_a_regression_Outlier_definition_and_label_have_default_values_and_label_text."/>
    <testcase time="0.0480000000000018" classname="shinytest2_tm_a_regression" name="e2e_tm_a_regression_Outlier_definition_and_label_have_default_values_and_label_text."/>
    <testcase time="12.331" classname="shinytest2_tm_a_regression" name="e2e_tm_a_regression_Unchecking_display_outlier_hides_outlier_label_and_definition."/>
    <testcase time="2.14999999999998" classname="shinytest2_tm_a_regression" name="e2e_tm_a_regression_Unchecking_display_outlier_hides_outlier_label_and_definition."/>
    <testcase time="0.00499999999999545" classname="shinytest2_tm_a_regression" name="e2e_tm_a_regression_Unchecking_display_outlier_hides_outlier_label_and_definition."/>
  </testsuite>
  <testsuite name="shinytest2-tm_data_table" timestamp="2026-01-16T10:56:04Z" hostname="ca4cf59c769b" tests="10" skipped="0" failures="0" errors="0" time="36.598">
    <testcase time="8.12800000000004" classname="shinytest2_tm_data_table" name="e2e_tm_data_table_Initializes_without_errors"/>
    <testcase time="0.00399999999996226" classname="shinytest2_tm_data_table" name="e2e_tm_data_table_Initializes_without_errors"/>
    <testcase time="8.17500000000001" classname="shinytest2_tm_data_table" name="e2e_tm_data_table_Verify_checkbox_displayed_over_data_table"/>
    <testcase time="8.28899999999999" classname="shinytest2_tm_data_table" name="e2e_tm_data_table_Verify_module_displays_data_table"/>
    <testcase time="2.06600000000003" classname="shinytest2_tm_data_table" name="e2e_tm_data_table_Verify_module_displays_data_table"/>
    <testcase time="0.0190000000000055" classname="shinytest2_tm_data_table" name="e2e_tm_data_table_Verify_module_displays_data_table"/>
    <testcase time="0.887" classname="shinytest2_tm_data_table" name="e2e_tm_data_table_Verify_module_displays_data_table"/>
    <testcase time="8.149" classname="shinytest2_tm_data_table" name="e2e_tm_data_table_Verify_default_variable_selection_and_set_new_selection"/>
    <testcase time="0.871999999999957" classname="shinytest2_tm_data_table" name="e2e_tm_data_table_Verify_default_variable_selection_and_set_new_selection"/>
    <testcase time="0.00900000000001455" classname="shinytest2_tm_data_table" name="e2e_tm_data_table_Verify_default_variable_selection_and_set_new_selection"/>
  </testsuite>
  <testsuite name="shinytest2-tm_file_viewer" timestamp="2026-01-16T10:56:40Z" hostname="ca4cf59c769b" tests="13" skipped="0" failures="0" errors="0" time="41.158">
    <testcase time="6.49799999999999" classname="shinytest2_tm_file_viewer" name="e2e_tm_file_viewer_Initializes_without_errors_and_shows_files_tree_specified_in_input_path_argument"/>
    <testcase time="0.00499999999999545" classname="shinytest2_tm_file_viewer" name="e2e_tm_file_viewer_Initializes_without_errors_and_shows_files_tree_specified_in_input_path_argument"/>
    <testcase time="2.04700000000003" classname="shinytest2_tm_file_viewer" name="e2e_tm_file_viewer_Initializes_without_errors_and_shows_files_tree_specified_in_input_path_argument"/>
    <testcase time="0.0029999999999859" classname="shinytest2_tm_file_viewer" name="e2e_tm_file_viewer_Initializes_without_errors_and_shows_files_tree_specified_in_input_path_argument"/>
    <testcase time="0.0040000000000191" classname="shinytest2_tm_file_viewer" name="e2e_tm_file_viewer_Initializes_without_errors_and_shows_files_tree_specified_in_input_path_argument"/>
    <testcase time="10.831" classname="shinytest2_tm_file_viewer" name="e2e_tm_file_viewer_Shows_selected_image_file"/>
    <testcase time="0.00499999999999545" classname="shinytest2_tm_file_viewer" name="e2e_tm_file_viewer_Shows_selected_image_file"/>
    <testcase time="10.837" classname="shinytest2_tm_file_viewer" name="e2e_tm_file_viewer_Shows_selected_text_file"/>
    <testcase time="0.007000000000005" classname="shinytest2_tm_file_viewer" name="e2e_tm_file_viewer_Shows_selected_text_file"/>
    <testcase time="0.00200000000000955" classname="shinytest2_tm_file_viewer" name="e2e_tm_file_viewer_Shows_selected_text_file"/>
    <testcase time="0.05499999999995" classname="shinytest2_tm_file_viewer" name="e2e_tm_file_viewer_Shows_selected_text_file"/>
    <testcase time="10.8560000000001" classname="shinytest2_tm_file_viewer" name="e2e_tm_file_viewer_Shows_selected_url"/>
    <testcase time="0.00799999999998136" classname="shinytest2_tm_file_viewer" name="e2e_tm_file_viewer_Shows_selected_url"/>
  </testsuite>
  <testsuite name="shinytest2-tm_front_page" timestamp="2026-01-16T10:57:22Z" hostname="ca4cf59c769b" tests="9" skipped="0" failures="0" errors="0" time="32.345">
    <testcase time="7.66899999999998" classname="shinytest2_tm_front_page" name="e2e_tm_front_page_Initializes_without_errors_and_check_html_elements"/>
    <testcase time="0.0040000000000191" classname="shinytest2_tm_front_page" name="e2e_tm_front_page_Initializes_without_errors_and_check_html_elements"/>
    <testcase time="0.00599999999997181" classname="shinytest2_tm_front_page" name="e2e_tm_front_page_Initializes_without_errors_and_check_html_elements"/>
    <testcase time="0.00600000000002865" classname="shinytest2_tm_front_page" name="e2e_tm_front_page_Initializes_without_errors_and_check_html_elements"/>
    <testcase time="7.78699999999998" classname="shinytest2_tm_front_page" name="e2e_tm_front_page_Verify_the_module_displays_tables"/>
    <testcase time="2.06100000000004" classname="shinytest2_tm_front_page" name="e2e_tm_front_page_Verify_the_module_displays_tables"/>
    <testcase time="0.0529999999999973" classname="shinytest2_tm_front_page" name="e2e_tm_front_page_Verify_the_module_displays_tables"/>
    <testcase time="2.06399999999996" classname="shinytest2_tm_front_page" name="e2e_tm_front_page_Verify_the_module_displays_tables"/>
    <testcase time="12.695" classname="shinytest2_tm_front_page" name="e2e_tm_front_page_Verify_the_module_displays_metadata"/>
  </testsuite>
  <testsuite name="shinytest2-tm_g_association" timestamp="2026-01-16T10:57:54Z" hostname="ca4cf59c769b" tests="4" skipped="4" failures="0" errors="0" time="0.14">
    <testcase time="0.0880000000000223" classname="shinytest2_tm_g_association" name="e2e_tm_g_association_Data_parameter_and_module_label_is_passed_properly.">
      <skipped message="Reason: ggmosaic issue: will be resumed via the issue #925 in tmg ('test-shinytest2-tm_g_association.R:52:3')"/>
    </testcase>
    <testcase time="0.0199999999999818" classname="shinytest2_tm_g_association" name="e2e_tm_g_association_Data_extract_spec_elements_are_initialized_with_the_default_values_specified_by_ref_and_vars_arguments.">
      <skipped message="Reason: ggmosaic issue: will be resumed via the issue  ('test-shinytest2-tm_g_association.R:69:3')"/>
    </testcase>
    <testcase time="0.0200000000000387" classname="shinytest2_tm_g_association" name="e2e_tm_g_association_Module_plot_is_visible.">
      <skipped message="Reason: ggmosaic issue: will be resumed via the issue  ('test-shinytest2-tm_g_association.R:91:3')"/>
    </testcase>
    <testcase time="0.0120000000000005" classname="shinytest2_tm_g_association" name="e2e_tm_g_association_Check_and_set_default_values_for_radio_buttons.">
      <skipped message="Reason: ggmosaic issue: will be resumed via the issue  ('test-shinytest2-tm_g_association.R:101:3')"/>
    </testcase>
  </testsuite>
  <testsuite name="shinytest2-tm_g_bivariate" timestamp="2026-01-16T10:57:54Z" hostname="ca4cf59c769b" tests="44" skipped="0" failures="0" errors="0" time="100.835">
    <testcase time="9.39400000000001" classname="shinytest2_tm_g_bivariate" name="e2e_tm_g_bivariate_Module_is_initialised_with_the_specified_defaults."/>
    <testcase time="0.00799999999998136" classname="shinytest2_tm_g_bivariate" name="e2e_tm_g_bivariate_Module_is_initialised_with_the_specified_defaults."/>
    <testcase time="0.0480000000000018" classname="shinytest2_tm_g_bivariate" name="e2e_tm_g_bivariate_Module_is_initialised_with_the_specified_defaults."/>
    <testcase time="0.0500000000000114" classname="shinytest2_tm_g_bivariate" name="e2e_tm_g_bivariate_Module_is_initialised_with_the_specified_defaults."/>
    <testcase time="0.0480000000000018" classname="shinytest2_tm_g_bivariate" name="e2e_tm_g_bivariate_Module_is_initialised_with_the_specified_defaults."/>
    <testcase time="0.0480000000000018" classname="shinytest2_tm_g_bivariate" name="e2e_tm_g_bivariate_Module_is_initialised_with_the_specified_defaults."/>
    <testcase time="0.0499999999999545" classname="shinytest2_tm_g_bivariate" name="e2e_tm_g_bivariate_Module_is_initialised_with_the_specified_defaults."/>
    <testcase time="0.0480000000000018" classname="shinytest2_tm_g_bivariate" name="e2e_tm_g_bivariate_Module_is_initialised_with_the_specified_defaults."/>
    <testcase time="0.0480000000000018" classname="shinytest2_tm_g_bivariate" name="e2e_tm_g_bivariate_Module_is_initialised_with_the_specified_defaults."/>
    <testcase time="0.0480000000000018" classname="shinytest2_tm_g_bivariate" name="e2e_tm_g_bivariate_Module_is_initialised_with_the_specified_defaults."/>
    <testcase time="0.049000000000035" classname="shinytest2_tm_g_bivariate" name="e2e_tm_g_bivariate_Module_is_initialised_with_the_specified_defaults."/>
    <testcase time="0.0489999999999782" classname="shinytest2_tm_g_bivariate" name="e2e_tm_g_bivariate_Module_is_initialised_with_the_specified_defaults."/>
    <testcase time="0.0489999999999782" classname="shinytest2_tm_g_bivariate" name="e2e_tm_g_bivariate_Module_is_initialised_with_the_specified_defaults."/>
    <testcase time="0.0510000000000446" classname="shinytest2_tm_g_bivariate" name="e2e_tm_g_bivariate_Module_is_initialised_with_the_specified_defaults."/>
    <testcase time="0.0480000000000018" classname="shinytest2_tm_g_bivariate" name="e2e_tm_g_bivariate_Module_is_initialised_with_the_specified_defaults."/>
    <testcase time="0.0480000000000018" classname="shinytest2_tm_g_bivariate" name="e2e_tm_g_bivariate_Module_is_initialised_with_the_specified_defaults."/>
    <testcase time="0.0480000000000018" classname="shinytest2_tm_g_bivariate" name="e2e_tm_g_bivariate_Module_is_initialised_with_the_specified_defaults."/>
    <testcase time="0.0489999999999782" classname="shinytest2_tm_g_bivariate" name="e2e_tm_g_bivariate_Module_is_initialised_with_the_specified_defaults."/>
    <testcase time="11.707" classname="shinytest2_tm_g_bivariate" name="e2e_tm_g_bivariate_Coloring_options_are_hidden_when_coloring_is_toggled_off."/>
    <testcase time="2.18099999999998" classname="shinytest2_tm_g_bivariate" name="e2e_tm_g_bivariate_Coloring_options_are_hidden_when_coloring_is_toggled_off."/>
    <testcase time="2.18200000000002" classname="shinytest2_tm_g_bivariate" name="e2e_tm_g_bivariate_Coloring_options_are_hidden_when_coloring_is_toggled_off."/>
    <testcase time="3.52600000000001" classname="shinytest2_tm_g_bivariate" name="e2e_tm_g_bivariate_Coloring_options_are_hidden_when_coloring_is_toggled_off."/>
    <testcase time="2.17099999999999" classname="shinytest2_tm_g_bivariate" name="e2e_tm_g_bivariate_Coloring_options_are_hidden_when_coloring_is_toggled_off."/>
    <testcase time="2.17399999999998" classname="shinytest2_tm_g_bivariate" name="e2e_tm_g_bivariate_Coloring_options_are_hidden_when_coloring_is_toggled_off."/>
    <testcase time="11.775" classname="shinytest2_tm_g_bivariate" name="e2e_tm_g_bivariate_Facetting_options_are_hidden_when_facet_is_toggled_off."/>
    <testcase time="2.17899999999997" classname="shinytest2_tm_g_bivariate" name="e2e_tm_g_bivariate_Facetting_options_are_hidden_when_facet_is_toggled_off."/>
    <testcase time="2.18100000000004" classname="shinytest2_tm_g_bivariate" name="e2e_tm_g_bivariate_Facetting_options_are_hidden_when_facet_is_toggled_off."/>
    <testcase time="2.17999999999995" classname="shinytest2_tm_g_bivariate" name="e2e_tm_g_bivariate_Facetting_options_are_hidden_when_facet_is_toggled_off."/>
    <testcase time="3.34100000000001" classname="shinytest2_tm_g_bivariate" name="e2e_tm_g_bivariate_Facetting_options_are_hidden_when_facet_is_toggled_off."/>
    <testcase time="2.18000000000001" classname="shinytest2_tm_g_bivariate" name="e2e_tm_g_bivariate_Facetting_options_are_hidden_when_facet_is_toggled_off."/>
    <testcase time="2.37400000000002" classname="shinytest2_tm_g_bivariate" name="e2e_tm_g_bivariate_Facetting_options_are_hidden_when_facet_is_toggled_off."/>
    <testcase time="2.17899999999997" classname="shinytest2_tm_g_bivariate" name="e2e_tm_g_bivariate_Facetting_options_are_hidden_when_facet_is_toggled_off."/>
    <testcase time="10.903" classname="shinytest2_tm_g_bivariate" name="e2e_tm_g_bivariate_Setting_encoding_inputs_produces_outputs_without_validation_errors."/>
    <testcase time="0.522999999999968" classname="shinytest2_tm_g_bivariate" name="e2e_tm_g_bivariate_Setting_encoding_inputs_produces_outputs_without_validation_errors."/>
    <testcase time="1.44500000000005" classname="shinytest2_tm_g_bivariate" name="e2e_tm_g_bivariate_Setting_encoding_inputs_produces_outputs_without_validation_errors."/>
    <testcase time="2.93799999999999" classname="shinytest2_tm_g_bivariate" name="e2e_tm_g_bivariate_Setting_encoding_inputs_produces_outputs_without_validation_errors."/>
    <testcase time="1.67199999999997" classname="shinytest2_tm_g_bivariate" name="e2e_tm_g_bivariate_Setting_encoding_inputs_produces_outputs_without_validation_errors."/>
    <testcase time="2.86100000000005" classname="shinytest2_tm_g_bivariate" name="e2e_tm_g_bivariate_Setting_encoding_inputs_produces_outputs_without_validation_errors."/>
    <testcase time="2.875" classname="shinytest2_tm_g_bivariate" name="e2e_tm_g_bivariate_Setting_encoding_inputs_produces_outputs_without_validation_errors."/>
    <testcase time="2.93499999999995" classname="shinytest2_tm_g_bivariate" name="e2e_tm_g_bivariate_Setting_encoding_inputs_produces_outputs_without_validation_errors."/>
    <testcase time="2.90100000000001" classname="shinytest2_tm_g_bivariate" name="e2e_tm_g_bivariate_Setting_encoding_inputs_produces_outputs_without_validation_errors."/>
    <testcase time="3.12700000000007" classname="shinytest2_tm_g_bivariate" name="e2e_tm_g_bivariate_Setting_encoding_inputs_produces_outputs_without_validation_errors."/>
    <testcase time="3.29599999999994" classname="shinytest2_tm_g_bivariate" name="e2e_tm_g_bivariate_Setting_encoding_inputs_produces_outputs_without_validation_errors."/>
    <testcase time="2.84800000000007" classname="shinytest2_tm_g_bivariate" name="e2e_tm_g_bivariate_Setting_encoding_inputs_produces_outputs_without_validation_errors."/>
  </testsuite>
  <testsuite name="shinytest2-tm_g_distribution" timestamp="2026-01-16T11:00:42Z" hostname="ca4cf59c769b" tests="20" skipped="0" failures="0" errors="0" time="115.352">
    <testcase time="75.8819999999999" classname="shinytest2_tm_g_distribution" name="e2e_tm_g_distribution_Module_is_initialised_with_the_specified_defaults."/>
    <testcase time="0.0480000000000018" classname="shinytest2_tm_g_distribution" name="e2e_tm_g_distribution_Module_is_initialised_with_the_specified_defaults."/>
    <testcase time="0.0489999999999782" classname="shinytest2_tm_g_distribution" name="e2e_tm_g_distribution_Module_is_initialised_with_the_specified_defaults."/>
    <testcase time="0.0480000000000018" classname="shinytest2_tm_g_distribution" name="e2e_tm_g_distribution_Module_is_initialised_with_the_specified_defaults."/>
    <testcase time="0.0500000000000682" classname="shinytest2_tm_g_distribution" name="e2e_tm_g_distribution_Module_is_initialised_with_the_specified_defaults."/>
    <testcase time="0.0470000000000255" classname="shinytest2_tm_g_distribution" name="e2e_tm_g_distribution_Module_is_initialised_with_the_specified_defaults."/>
    <testcase time="0.0529999999999973" classname="shinytest2_tm_g_distribution" name="e2e_tm_g_distribution_Module_is_initialised_with_the_specified_defaults."/>
    <testcase time="0.0480000000000018" classname="shinytest2_tm_g_distribution" name="e2e_tm_g_distribution_Module_is_initialised_with_the_specified_defaults."/>
    <testcase time="0.0480000000000018" classname="shinytest2_tm_g_distribution" name="e2e_tm_g_distribution_Module_is_initialised_with_the_specified_defaults."/>
    <testcase time="0.694999999999936" classname="shinytest2_tm_g_distribution" name="e2e_tm_g_distribution_Module_is_initialised_with_the_specified_defaults."/>
    <testcase time="10.372" classname="shinytest2_tm_g_distribution" name="e2e_tm_g_distribution_Histogram_encoding_inputs_produce_output_without_validation_errors."/>
    <testcase time="2.9670000000001" classname="shinytest2_tm_g_distribution" name="e2e_tm_g_distribution_Histogram_encoding_inputs_produce_output_without_validation_errors."/>
    <testcase time="1.96999999999991" classname="shinytest2_tm_g_distribution" name="e2e_tm_g_distribution_Histogram_encoding_inputs_produce_output_without_validation_errors."/>
    <testcase time="1.15700000000004" classname="shinytest2_tm_g_distribution" name="e2e_tm_g_distribution_Histogram_encoding_inputs_produce_output_without_validation_errors."/>
    <testcase time="2.32899999999995" classname="shinytest2_tm_g_distribution" name="e2e_tm_g_distribution_Histogram_encoding_inputs_produce_output_without_validation_errors."/>
    <testcase time="2.15200000000004" classname="shinytest2_tm_g_distribution" name="e2e_tm_g_distribution_Histogram_encoding_inputs_produce_output_without_validation_errors."/>
    <testcase time="1.279" classname="shinytest2_tm_g_distribution" name="e2e_tm_g_distribution_Histogram_encoding_inputs_produce_output_without_validation_errors."/>
    <testcase time="1.24800000000005" classname="shinytest2_tm_g_distribution" name="e2e_tm_g_distribution_Histogram_encoding_inputs_produce_output_without_validation_errors."/>
    <testcase time="10.317" classname="shinytest2_tm_g_distribution" name="e2e_tm_g_distribution_QQ_plot_encoding_inputs_produce_output_without_validation_errors."/>
    <testcase time="4.59299999999996" classname="shinytest2_tm_g_distribution" name="e2e_tm_g_distribution_QQ_plot_encoding_inputs_produce_output_without_validation_errors."/>
  </testsuite>
  <testsuite name="shinytest2-tm_g_response" timestamp="2026-01-16T11:01:30Z" hostname="ca4cf59c769b" tests="17" skipped="0" failures="0" errors="0" time="46.223">
    <testcase time="8.81200000000001" classname="shinytest2_tm_g_response" name="e2e_tm_g_response_module_is_initialised_with_the_specified_defaults."/>
    <testcase time="0.0489999999999782" classname="shinytest2_tm_g_response" name="e2e_tm_g_response_module_is_initialised_with_the_specified_defaults."/>
    <testcase time="0.0489999999999782" classname="shinytest2_tm_g_response" name="e2e_tm_g_response_module_is_initialised_with_the_specified_defaults."/>
    <testcase time="0.0480000000000018" classname="shinytest2_tm_g_response" name="e2e_tm_g_response_module_is_initialised_with_the_specified_defaults."/>
    <testcase time="0.0489999999999782" classname="shinytest2_tm_g_response" name="e2e_tm_g_response_module_is_initialised_with_the_specified_defaults."/>
    <testcase time="0.0490000000000919" classname="shinytest2_tm_g_response" name="e2e_tm_g_response_module_is_initialised_with_the_specified_defaults."/>
    <testcase time="0.0489999999999782" classname="shinytest2_tm_g_response" name="e2e_tm_g_response_module_is_initialised_with_the_specified_defaults."/>
    <testcase time="0.0480000000000018" classname="shinytest2_tm_g_response" name="e2e_tm_g_response_module_is_initialised_with_the_specified_defaults."/>
    <testcase time="10.394" classname="shinytest2_tm_g_response" name="e2e_tm_g_response_encoding_inputs_produce_output_without_validation_errors."/>
    <testcase time="1.61199999999997" classname="shinytest2_tm_g_response" name="e2e_tm_g_response_encoding_inputs_produce_output_without_validation_errors."/>
    <testcase time="1.28300000000002" classname="shinytest2_tm_g_response" name="e2e_tm_g_response_encoding_inputs_produce_output_without_validation_errors."/>
    <testcase time="1.15899999999999" classname="shinytest2_tm_g_response" name="e2e_tm_g_response_encoding_inputs_produce_output_without_validation_errors."/>
    <testcase time="1.16999999999996" classname="shinytest2_tm_g_response" name="e2e_tm_g_response_encoding_inputs_produce_output_without_validation_errors."/>
    <testcase time="1.18799999999999" classname="shinytest2_tm_g_response" name="e2e_tm_g_response_encoding_inputs_produce_output_without_validation_errors."/>
    <testcase time="1.226" classname="shinytest2_tm_g_response" name="e2e_tm_g_response_encoding_inputs_produce_output_without_validation_errors."/>
    <testcase time="9.55500000000006" classname="shinytest2_tm_g_response" name="e2e_tm_g_response_deselecting_response_produces_validation_error."/>
    <testcase time="9.48299999999995" classname="shinytest2_tm_g_response" name="e2e_tm_g_response_deselecting_x_produces_validation_error."/>
  </testsuite>
  <testsuite name="shinytest2-tm_g_scatterplot" timestamp="2026-01-16T11:02:17Z" hostname="ca4cf59c769b" tests="35" skipped="0" failures="0" errors="0" time="138.156">
    <testcase time="9.04300000000001" classname="shinytest2_tm_g_scatterplot" name="e2e_tm_g_scatterplot_Module_is_initialised_with_the_specified_defaults."/>
    <testcase time="0.0080000000000382" classname="shinytest2_tm_g_scatterplot" name="e2e_tm_g_scatterplot_Module_is_initialised_with_the_specified_defaults."/>
    <testcase time="0.0480000000000018" classname="shinytest2_tm_g_scatterplot" name="e2e_tm_g_scatterplot_Module_is_initialised_with_the_specified_defaults."/>
    <testcase time="0.0489999999999782" classname="shinytest2_tm_g_scatterplot" name="e2e_tm_g_scatterplot_Module_is_initialised_with_the_specified_defaults."/>
    <testcase time="0.0500000000000682" classname="shinytest2_tm_g_scatterplot" name="e2e_tm_g_scatterplot_Module_is_initialised_with_the_specified_defaults."/>
    <testcase time="0.0480000000000018" classname="shinytest2_tm_g_scatterplot" name="e2e_tm_g_scatterplot_Module_is_initialised_with_the_specified_defaults."/>
    <testcase time="0.0480000000000018" classname="shinytest2_tm_g_scatterplot" name="e2e_tm_g_scatterplot_Module_is_initialised_with_the_specified_defaults."/>
    <testcase time="0.0489999999999782" classname="shinytest2_tm_g_scatterplot" name="e2e_tm_g_scatterplot_Module_is_initialised_with_the_specified_defaults."/>
    <testcase time="0.0489999999999782" classname="shinytest2_tm_g_scatterplot" name="e2e_tm_g_scatterplot_Module_is_initialised_with_the_specified_defaults."/>
    <testcase time="0.0480000000000018" classname="shinytest2_tm_g_scatterplot" name="e2e_tm_g_scatterplot_Module_is_initialised_with_the_specified_defaults."/>
    <testcase time="0.0480000000000018" classname="shinytest2_tm_g_scatterplot" name="e2e_tm_g_scatterplot_Module_is_initialised_with_the_specified_defaults."/>
    <testcase time="0.0480000000000018" classname="shinytest2_tm_g_scatterplot" name="e2e_tm_g_scatterplot_Module_is_initialised_with_the_specified_defaults."/>
    <testcase time="0.0529999999999973" classname="shinytest2_tm_g_scatterplot" name="e2e_tm_g_scatterplot_Module_is_initialised_with_the_specified_defaults."/>
    <testcase time="0.0499999999999545" classname="shinytest2_tm_g_scatterplot" name="e2e_tm_g_scatterplot_Module_is_initialised_with_the_specified_defaults."/>
    <testcase time="0.0480000000000018" classname="shinytest2_tm_g_scatterplot" name="e2e_tm_g_scatterplot_Module_is_initialised_with_the_specified_defaults."/>
    <testcase time="0.0470000000000255" classname="shinytest2_tm_g_scatterplot" name="e2e_tm_g_scatterplot_Module_is_initialised_with_the_specified_defaults."/>
    <testcase time="10.0930000000001" classname="shinytest2_tm_g_scatterplot" name="e2e_tm_g_scatterplot_Base_for_the_log_transformation_can_be_applied."/>
    <testcase time="0.973999999999933" classname="shinytest2_tm_g_scatterplot" name="e2e_tm_g_scatterplot_Base_for_the_log_transformation_can_be_applied."/>
    <testcase time="1.18700000000001" classname="shinytest2_tm_g_scatterplot" name="e2e_tm_g_scatterplot_Base_for_the_log_transformation_can_be_applied."/>
    <testcase time="0.966000000000008" classname="shinytest2_tm_g_scatterplot" name="e2e_tm_g_scatterplot_Base_for_the_log_transformation_can_be_applied."/>
    <testcase time="10.873" classname="shinytest2_tm_g_scatterplot" name="e2e_tm_g_scatterplot_The_log_transform_is_only_possible_for_positive_numeric_vars."/>
    <testcase time="1.27999999999997" classname="shinytest2_tm_g_scatterplot" name="e2e_tm_g_scatterplot_The_log_transform_is_only_possible_for_positive_numeric_vars."/>
    <testcase time="1.66300000000001" classname="shinytest2_tm_g_scatterplot" name="e2e_tm_g_scatterplot_The_log_transform_is_only_possible_for_positive_numeric_vars."/>
    <testcase time="11.5129999999999" classname="shinytest2_tm_g_scatterplot" name="e2e_tm_g_scatterplot_Get_validation_error_when_facetting_with_the_same_row_col_variable."/>
    <testcase time="10.7660000000001" classname="shinytest2_tm_g_scatterplot" name="e2e_tm_g_scatterplot_The_encoding_inputs_are_set_without_validation_errors."/>
    <testcase time="1.38400000000001" classname="shinytest2_tm_g_scatterplot" name="e2e_tm_g_scatterplot_The_encoding_inputs_are_set_without_validation_errors."/>
    <testcase time="1.50399999999991" classname="shinytest2_tm_g_scatterplot" name="e2e_tm_g_scatterplot_The_encoding_inputs_are_set_without_validation_errors."/>
    <testcase time="1.7940000000001" classname="shinytest2_tm_g_scatterplot" name="e2e_tm_g_scatterplot_The_encoding_inputs_are_set_without_validation_errors."/>
    <testcase time="1.68899999999996" classname="shinytest2_tm_g_scatterplot" name="e2e_tm_g_scatterplot_The_encoding_inputs_are_set_without_validation_errors."/>
    <testcase time="1.64499999999998" classname="shinytest2_tm_g_scatterplot" name="e2e_tm_g_scatterplot_The_encoding_inputs_are_set_without_validation_errors."/>
    <testcase time="1.67899999999997" classname="shinytest2_tm_g_scatterplot" name="e2e_tm_g_scatterplot_The_encoding_inputs_are_set_without_validation_errors."/>
    <testcase time="60.533" classname="shinytest2_tm_g_scatterplot" name="e2e_tm_g_scatterplot_The_encoding_inputs_are_set_without_validation_errors."/>
    <testcase time="1.76100000000008" classname="shinytest2_tm_g_scatterplot" name="e2e_tm_g_scatterplot_The_encoding_inputs_are_set_without_validation_errors."/>
    <testcase time="4.226" classname="shinytest2_tm_g_scatterplot" name="e2e_tm_g_scatterplot_The_encoding_inputs_are_set_without_validation_errors."/>
    <testcase time="2.89199999999994" classname="shinytest2_tm_g_scatterplot" name="e2e_tm_g_scatterplot_The_encoding_inputs_are_set_without_validation_errors."/>
  </testsuite>
  <testsuite name="shinytest2-tm_g_scatterplotmatrix" timestamp="2026-01-16T11:04:35Z" hostname="ca4cf59c769b" tests="9" skipped="0" failures="0" errors="0" time="45.06">
    <testcase time="9.14300000000003" classname="shinytest2_tm_g_scatterplotmatrix" name="e2e_tm_g_scatterplotmatrix_Initializes_without_errors"/>
    <testcase time="0.0040000000000191" classname="shinytest2_tm_g_scatterplotmatrix" name="e2e_tm_g_scatterplotmatrix_Initializes_without_errors"/>
    <testcase time="0.00399999999990541" classname="shinytest2_tm_g_scatterplotmatrix" name="e2e_tm_g_scatterplotmatrix_Initializes_without_errors"/>
    <testcase time="11.6080000000001" classname="shinytest2_tm_g_scatterplotmatrix" name="e2e_tm_g_scatterplotmatrix_Verify_module_displays_data_table"/>
    <testcase time="9.43499999999995" classname="shinytest2_tm_g_scatterplotmatrix" name="e2e_tm_g_scatterplotmatrix_Verify_default_values_and_settings_data_extracts_for_data_selection"/>
    <testcase time="0.00200000000006639" classname="shinytest2_tm_g_scatterplotmatrix" name="e2e_tm_g_scatterplotmatrix_Verify_default_values_and_settings_data_extracts_for_data_selection"/>
    <testcase time="1.42399999999998" classname="shinytest2_tm_g_scatterplotmatrix" name="e2e_tm_g_scatterplotmatrix_Verify_default_values_and_settings_data_extracts_for_data_selection"/>
    <testcase time="10.8049999999999" classname="shinytest2_tm_g_scatterplotmatrix" name="e2e_tm_g_scatterplotmatrix_Change_plot_settings"/>
    <testcase time="2.6350000000001" classname="shinytest2_tm_g_scatterplotmatrix" name="e2e_tm_g_scatterplotmatrix_Change_plot_settings"/>
  </testsuite>
  <testsuite name="shinytest2-tm_missing_data" timestamp="2026-01-16T11:05:20Z" hostname="ca4cf59c769b" tests="22" skipped="0" failures="2" errors="0" time="127.785">
    <testcase time="10.1819999999999" classname="shinytest2_tm_missing_data" name="e2e_tm_missing_data_Initializes_without_errors"/>
    <testcase time="0.00300000000004275" classname="shinytest2_tm_missing_data" name="e2e_tm_missing_data_Initializes_without_errors"/>
    <testcase time="0.0040000000000191" classname="shinytest2_tm_missing_data" name="e2e_tm_missing_data_Initializes_without_errors"/>
    <testcase time="10.2719999999999" classname="shinytest2_tm_missing_data" name="e2e_tm_missing_data_Default_settings_and_visibility_of_the_summary_graph"/>
    <testcase time="0.0480000000000018" classname="shinytest2_tm_missing_data" name="e2e_tm_missing_data_Default_settings_and_visibility_of_the_summary_graph"/>
    <testcase time="3.197" classname="shinytest2_tm_missing_data" name="e2e_tm_missing_data_Default_settings_and_visibility_of_the_summary_graph"/>
    <testcase time="3.01100000000008" classname="shinytest2_tm_missing_data" name="e2e_tm_missing_data_Default_settings_and_visibility_of_the_summary_graph"/>
    <testcase time="2.61899999999991" classname="shinytest2_tm_missing_data" name="e2e_tm_missing_data_Default_settings_and_visibility_of_the_summary_graph"/>
    <testcase time="10.3440000000001" classname="shinytest2_tm_missing_data" name="e2e_tm_missing_data_Check_default_settings_and_visibility_of_the_combinations_graph_and_encodings"/>
    <testcase time="2.44100000000003" classname="shinytest2_tm_missing_data" name="e2e_tm_missing_data_Check_default_settings_and_visibility_of_the_combinations_graph_and_encodings"/>
    <testcase time="2.62199999999996" classname="shinytest2_tm_missing_data" name="e2e_tm_missing_data_Check_default_settings_and_visibility_of_the_combinations_graph_and_encodings"/>
    <testcase time="2.10699999999997" classname="shinytest2_tm_missing_data" name="e2e_tm_missing_data_Check_default_settings_and_visibility_of_the_combinations_graph_and_encodings"/>
    <testcase time="0.0080000000000382" classname="shinytest2_tm_missing_data" name="e2e_tm_missing_data_Check_default_settings_and_visibility_of_the_combinations_graph_and_encodings"/>
    <testcase time="1.93600000000004" classname="shinytest2_tm_missing_data" name="e2e_tm_missing_data_Check_default_settings_and_visibility_of_the_combinations_graph_and_encodings"/>
    <testcase time="0.00599999999997181" classname="shinytest2_tm_missing_data" name="e2e_tm_missing_data_Check_default_settings_and_visibility_of_the_combinations_graph_and_encodings"/>
    <testcase time="12.098" classname="shinytest2_tm_missing_data" name="e2e_tm_missing_data_Validate_functionality_and_UI_response_for_By_Variable_Levels_"/>
    <testcase time="0.51400000000001" classname="shinytest2_tm_missing_data" name="e2e_tm_missing_data_Validate_functionality_and_UI_response_for_By_Variable_Levels_"/>
    <testcase time="0.0489999999999782" classname="shinytest2_tm_missing_data" name="e2e_tm_missing_data_Validate_functionality_and_UI_response_for_By_Variable_Levels_"/>
    <testcase time="1.50700000000006" classname="shinytest2_tm_missing_data" name="e2e_tm_missing_data_Validate_functionality_and_UI_response_for_By_Variable_Levels_"/>
    <testcase time="0.51400000000001" classname="shinytest2_tm_missing_data" name="e2e_tm_missing_data_Validate_functionality_and_UI_response_for_By_Variable_Levels_"/>
    <testcase time="64.279" classname="shinytest2_tm_missing_data" name="e2e_tm_missing_data_Validate_functionality_and_UI_response_for_By_Variable_Levels_">
      <failure type="failure" message="CSS selector '#teal-teal_modules-nav-missing_data-module-iris-levels_table' does not produce any visible elements. ('test-shinytest2-tm_missing_data.R:139:3')">CSS selector '#teal-teal_modules-nav-missing_data-module-iris-levels_table' does not produce any visible elements.
Backtrace:
    ▆
 1. └─app_driver$expect_visible(app_driver$namespaces(TRUE)$module("iris-levels_table")) at test-shinytest2-tm_missing_data.R:139:3
 2.   └─base::tryCatch(...)
 3.     └─base (local) tryCatchList(expr, classes, parentenv, handlers)
 4.       └─base (local) tryCatchOne(expr, names, parentenv, handlers[[1L]])
 5.         └─value[[3L]](cond)</failure>
    </testcase>
    <testcase time="0.0240000000000009" classname="shinytest2_tm_missing_data" name="e2e_tm_missing_data_Validate_functionality_and_UI_response_for_By_Variable_Levels_">
      <failure type="failure" message="Expected `paste(table_contents[table_contents != &quot;&quot;], collapse = &quot; &quot;)` to match regexp &quot;[0-9]+ Sepal[.]Length 0+[.][0-9]+ 0[.][0-9]+&quot;. ('test-shinytest2-tm_missing_data.R:147:3')">Expected `paste(table_contents[table_contents != ""], collapse = " ")` to match regexp "[0-9]+ Sepal[.]Length 0+[.][0-9]+ 0[.][0-9]+".
Actual text:
✖ │ </failure>
    </testcase>
  </testsuite>
  <testsuite name="shinytest2-tm_outliers" timestamp="2026-01-16T11:07:28Z" hostname="ca4cf59c769b" tests="61" skipped="0" failures="0" errors="0" time="173.498">
    <testcase time="11.612" classname="shinytest2_tm_outliers" name="e2e_tm_outliers_Data_parameter_and_module_label_is_passed_properly."/>
    <testcase time="0.0040000000000191" classname="shinytest2_tm_outliers" name="e2e_tm_outliers_Data_parameter_and_module_label_is_passed_properly."/>
    <testcase time="0.0040000000000191" classname="shinytest2_tm_outliers" name="e2e_tm_outliers_Data_parameter_and_module_label_is_passed_properly."/>
    <testcase time="0.000999999999976353" classname="shinytest2_tm_outliers" name="e2e_tm_outliers_Data_parameter_and_module_label_is_passed_properly."/>
    <testcase time="12.0120000000001" classname="shinytest2_tm_outliers" name="e2e_tm_outliers_Data_extract_spec_elements_are_initialized_with_the_default_values_specified_by_outlier_var_and_categorical_var_argument."/>
    <testcase time="0.00899999999990087" classname="shinytest2_tm_outliers" name="e2e_tm_outliers_Data_extract_spec_elements_are_initialized_with_the_default_values_specified_by_outlier_var_and_categorical_var_argument."/>
    <testcase time="2.24300000000005" classname="shinytest2_tm_outliers" name="e2e_tm_outliers_Data_extract_spec_elements_are_initialized_with_the_default_values_specified_by_outlier_var_and_categorical_var_argument."/>
    <testcase time="0.00999999999999091" classname="shinytest2_tm_outliers" name="e2e_tm_outliers_Data_extract_spec_elements_are_initialized_with_the_default_values_specified_by_outlier_var_and_categorical_var_argument."/>
    <testcase time="0.0480000000000018" classname="shinytest2_tm_outliers" name="e2e_tm_outliers_Data_extract_spec_elements_are_initialized_with_the_default_values_specified_by_outlier_var_and_categorical_var_argument."/>
    <testcase time="1.49699999999996" classname="shinytest2_tm_outliers" name="e2e_tm_outliers_Data_extract_spec_elements_are_initialized_with_the_default_values_specified_by_outlier_var_and_categorical_var_argument."/>
    <testcase time="0.81899999999996" classname="shinytest2_tm_outliers" name="e2e_tm_outliers_Data_extract_spec_elements_are_initialized_with_the_default_values_specified_by_outlier_var_and_categorical_var_argument."/>
    <testcase time="11.7" classname="shinytest2_tm_outliers" name="e2e_tm_outliers_Plot_type_is_correctly_set_by_default_and_has_appropriate_possible_options."/>
    <testcase time="0.00900000000001455" classname="shinytest2_tm_outliers" name="e2e_tm_outliers_Plot_type_is_correctly_set_by_default_and_has_appropriate_possible_options."/>
    <testcase time="0.00400000000013279" classname="shinytest2_tm_outliers" name="e2e_tm_outliers_Plot_type_is_correctly_set_by_default_and_has_appropriate_possible_options."/>
    <testcase time="2.13599999999997" classname="shinytest2_tm_outliers" name="e2e_tm_outliers_Plot_type_is_correctly_set_by_default_and_has_appropriate_possible_options."/>
    <testcase time="11.894" classname="shinytest2_tm_outliers" name="e2e_tm_outliers_Module_is_divided_into_3_tabs."/>
    <testcase time="0.00799999999981083" classname="shinytest2_tm_outliers" name="e2e_tm_outliers_Module_is_divided_into_3_tabs."/>
    <testcase time="0.00700000000006185" classname="shinytest2_tm_outliers" name="e2e_tm_outliers_Module_is_divided_into_3_tabs."/>
    <testcase time="11.7470000000001" classname="shinytest2_tm_outliers" name="e2e_tm_outliers_Plot_type_is_hidden_when_Boxplot_tab_is_not_selected."/>
    <testcase time="2.19799999999987" classname="shinytest2_tm_outliers" name="e2e_tm_outliers_Plot_type_is_hidden_when_Boxplot_tab_is_not_selected."/>
    <testcase time="4.59300000000007" classname="shinytest2_tm_outliers" name="e2e_tm_outliers_Plot_type_is_hidden_when_Boxplot_tab_is_not_selected."/>
    <testcase time="4.56999999999994" classname="shinytest2_tm_outliers" name="e2e_tm_outliers_Plot_type_is_hidden_when_Boxplot_tab_is_not_selected."/>
    <testcase time="11.788" classname="shinytest2_tm_outliers" name="e2e_tm_outliers_Default_radio_buttons_are_set_properly."/>
    <testcase time="0.00999999999999091" classname="shinytest2_tm_outliers" name="e2e_tm_outliers_Default_radio_buttons_are_set_properly."/>
    <testcase time="0.0500000000001819" classname="shinytest2_tm_outliers" name="e2e_tm_outliers_Default_radio_buttons_are_set_properly."/>
    <testcase time="4.39899999999989" classname="shinytest2_tm_outliers" name="e2e_tm_outliers_Default_radio_buttons_are_set_properly."/>
    <testcase time="11.741" classname="shinytest2_tm_outliers" name="e2e_tm_outliers_Method_parameters_are_set_properly."/>
    <testcase time="0.0080000000000382" classname="shinytest2_tm_outliers" name="e2e_tm_outliers_Method_parameters_are_set_properly."/>
    <testcase time="0.00399999999990541" classname="shinytest2_tm_outliers" name="e2e_tm_outliers_Method_parameters_are_set_properly."/>
    <testcase time="0.00200000000018008" classname="shinytest2_tm_outliers" name="e2e_tm_outliers_Method_parameters_are_set_properly."/>
    <testcase time="11.9199999999998" classname="shinytest2_tm_outliers" name="e2e_tm_outliers_Outlier_definition_text_and_range_are_displayed_properly_depending_on_method."/>
    <testcase time="2.19800000000009" classname="shinytest2_tm_outliers" name="e2e_tm_outliers_Outlier_definition_text_and_range_are_displayed_properly_depending_on_method."/>
    <testcase time="2.19499999999994" classname="shinytest2_tm_outliers" name="e2e_tm_outliers_Outlier_definition_text_and_range_are_displayed_properly_depending_on_method."/>
    <testcase time="2.19299999999998" classname="shinytest2_tm_outliers" name="e2e_tm_outliers_Outlier_definition_text_and_range_are_displayed_properly_depending_on_method."/>
    <testcase time="0.00900000000001455" classname="shinytest2_tm_outliers" name="e2e_tm_outliers_Outlier_definition_text_and_range_are_displayed_properly_depending_on_method."/>
    <testcase time="0.0119999999999436" classname="shinytest2_tm_outliers" name="e2e_tm_outliers_Outlier_definition_text_and_range_are_displayed_properly_depending_on_method."/>
    <testcase time="0.0480000000000018" classname="shinytest2_tm_outliers" name="e2e_tm_outliers_Outlier_definition_text_and_range_are_displayed_properly_depending_on_method."/>
    <testcase time="2.3090000000002" classname="shinytest2_tm_outliers" name="e2e_tm_outliers_Outlier_definition_text_and_range_are_displayed_properly_depending_on_method."/>
    <testcase time="2.26099999999997" classname="shinytest2_tm_outliers" name="e2e_tm_outliers_Outlier_definition_text_and_range_are_displayed_properly_depending_on_method."/>
    <testcase time="2.20699999999988" classname="shinytest2_tm_outliers" name="e2e_tm_outliers_Outlier_definition_text_and_range_are_displayed_properly_depending_on_method."/>
    <testcase time="0.0109999999999673" classname="shinytest2_tm_outliers" name="e2e_tm_outliers_Outlier_definition_text_and_range_are_displayed_properly_depending_on_method."/>
    <testcase time="0.0080000000000382" classname="shinytest2_tm_outliers" name="e2e_tm_outliers_Outlier_definition_text_and_range_are_displayed_properly_depending_on_method."/>
    <testcase time="2.01200000000017" classname="shinytest2_tm_outliers" name="e2e_tm_outliers_Outlier_definition_text_and_range_are_displayed_properly_depending_on_method."/>
    <testcase time="2.24000000000001" classname="shinytest2_tm_outliers" name="e2e_tm_outliers_Outlier_definition_text_and_range_are_displayed_properly_depending_on_method."/>
    <testcase time="2.41599999999994" classname="shinytest2_tm_outliers" name="e2e_tm_outliers_Outlier_definition_text_and_range_are_displayed_properly_depending_on_method."/>
    <testcase time="0.0109999999999673" classname="shinytest2_tm_outliers" name="e2e_tm_outliers_Outlier_definition_text_and_range_are_displayed_properly_depending_on_method."/>
    <testcase time="0.0080000000000382" classname="shinytest2_tm_outliers" name="e2e_tm_outliers_Outlier_definition_text_and_range_are_displayed_properly_depending_on_method."/>
    <testcase time="2.16599999999994" classname="shinytest2_tm_outliers" name="e2e_tm_outliers_Outlier_definition_text_and_range_are_displayed_properly_depending_on_method."/>
    <testcase time="11.9069999999999" classname="shinytest2_tm_outliers" name="e2e_tm_outliers_Outliers_summary_table_is_displayed_with_proper_content."/>
    <testcase time="0.00400000000013279" classname="shinytest2_tm_outliers" name="e2e_tm_outliers_Outliers_summary_table_is_displayed_with_proper_content."/>
    <testcase time="0.00499999999988177" classname="shinytest2_tm_outliers" name="e2e_tm_outliers_Outliers_summary_table_is_displayed_with_proper_content."/>
    <testcase time="0.0080000000000382" classname="shinytest2_tm_outliers" name="e2e_tm_outliers_Outliers_summary_table_is_displayed_with_proper_content."/>
    <testcase time="4.25400000000013" classname="shinytest2_tm_outliers" name="e2e_tm_outliers_Outliers_summary_table_is_displayed_with_proper_content."/>
    <testcase time="0.00899999999978718" classname="shinytest2_tm_outliers" name="e2e_tm_outliers_Outliers_summary_table_is_displayed_with_proper_content."/>
    <testcase time="2.03200000000015" classname="shinytest2_tm_outliers" name="e2e_tm_outliers_Outliers_summary_table_is_displayed_with_proper_content."/>
    <testcase time="0.00399999999990541" classname="shinytest2_tm_outliers" name="e2e_tm_outliers_Outliers_summary_table_is_displayed_with_proper_content."/>
    <testcase time="11.7470000000001" classname="shinytest2_tm_outliers" name="e2e_tm_outliers_Outlier_table_is_displayed_with_proper_content."/>
    <testcase time="4.17399999999998" classname="shinytest2_tm_outliers" name="e2e_tm_outliers_Outlier_table_is_displayed_with_proper_content."/>
    <testcase time="0.000999999999976353" classname="shinytest2_tm_outliers" name="e2e_tm_outliers_Outlier_table_is_displayed_with_proper_content."/>
    <testcase time="0.000999999999976353" classname="shinytest2_tm_outliers" name="e2e_tm_outliers_Outlier_table_is_displayed_with_proper_content."/>
    <testcase time="0.000999999999976353" classname="shinytest2_tm_outliers" name="e2e_tm_outliers_Outlier_table_is_displayed_with_proper_content."/>
  </testsuite>
  <testsuite name="shinytest2-tm_t_crosstable" timestamp="2026-01-16T11:10:21Z" hostname="ca4cf59c769b" tests="9" skipped="0" failures="0" errors="0" time="48.442">
    <testcase time="9.71000000000004" classname="shinytest2_tm_t_crosstable" name="e2e_tm_t_crosstable_Initializes_without_errors"/>
    <testcase time="0.00400000000013279" classname="shinytest2_tm_t_crosstable" name="e2e_tm_t_crosstable_Initializes_without_errors"/>
    <testcase time="0.00399999999990541" classname="shinytest2_tm_t_crosstable" name="e2e_tm_t_crosstable_Initializes_without_errors"/>
    <testcase time="11.6859999999999" classname="shinytest2_tm_t_crosstable" name="e2e_tm_t_crosstable_Verify_module_displays_data_table"/>
    <testcase time="9.548" classname="shinytest2_tm_t_crosstable" name="e2e_tm_t_crosstable_Verify_default_values_and_settings_data_extracts_for_data_selection"/>
    <testcase time="0.0480000000000018" classname="shinytest2_tm_t_crosstable" name="e2e_tm_t_crosstable_Verify_default_values_and_settings_data_extracts_for_data_selection"/>
    <testcase time="2.62800000000016" classname="shinytest2_tm_t_crosstable" name="e2e_tm_t_crosstable_Verify_default_values_and_settings_data_extracts_for_data_selection"/>
    <testcase time="12.24" classname="shinytest2_tm_t_crosstable" name="e2e_tm_t_crosstable_Change_plot_settings"/>
    <testcase time="2.57399999999984" classname="shinytest2_tm_t_crosstable" name="e2e_tm_t_crosstable_Change_plot_settings"/>
  </testsuite>
  <testsuite name="shinytest2-tm_variable_browser" timestamp="2026-01-16T11:11:10Z" hostname="ca4cf59c769b" tests="15" skipped="0" failures="0" errors="2" time="75.455">
    <testcase time="11" classname="shinytest2_tm_variable_browser" name="e2e_tm_variable_browser_content_is_displayed_correctly."/>
    <testcase time="0.00400000000013279" classname="shinytest2_tm_variable_browser" name="e2e_tm_variable_browser_content_is_displayed_correctly."/>
    <testcase time="2.09799999999996" classname="shinytest2_tm_variable_browser" name="e2e_tm_variable_browser_content_is_displayed_correctly."/>
    <testcase time="0.00399999999990541" classname="shinytest2_tm_variable_browser" name="e2e_tm_variable_browser_content_is_displayed_correctly."/>
    <testcase time="0.00400000000013279" classname="shinytest2_tm_variable_browser" name="e2e_tm_variable_browser_content_is_displayed_correctly."/>
    <testcase time="15.2090000000001" classname="shinytest2_tm_variable_browser" name="e2e_tm_variable_browser_Selecting_treat_variable_as_factor_changes_the_table_headers."/>
    <testcase time="3.91999999999985" classname="shinytest2_tm_variable_browser" name="e2e_tm_variable_browser_selection_of_categorical_variable_has_a_table_with_level_header.">
      <error type="error" message="Error in `app_initialize(self, private, app_dir = app_dir, ..., load_timeout = load_timeout, timeout = timeout, wait = wait, expect_values_screenshot_args = expect_values_screenshot_args, screenshot_args = screenshot_args, check_names = check_names, name = name, variant = variant, view = view, height = height, width = width, seed = seed, clean_logs = clean_logs, shiny_args = shiny_args, render_args = render_args, options = options)`: Shiny app did not become stable in 1e+05ms. ('test-shinytest2-tm_variable_browser.R:109:3')">Error in `app_initialize(self, private, app_dir = app_dir, ..., load_timeout = load_timeout, timeout = timeout, wait = wait, expect_values_screenshot_args = expect_values_screenshot_args, screenshot_args = screenshot_args, check_names = check_names, name = name, variant = variant, view = view, height = height, width = width, seed = seed, clean_logs = clean_logs, shiny_args = shiny_args, render_args = render_args, options = options)`: Shiny app did not become stable in 1e+05ms.
Message: An error occurred while waiting for Shiny to be stable
Caused by error in `app_wait_for_idle()`:
! An error occurred while waiting for Shiny to be stable


ℹ You can inspect the failed AppDriver object via `rlang::last_error()$app`
ℹ AppDriver logs:
{shinytest2} R  info   11:11:38.68 Start AppDriver initialization
{shinytest2} R  info   11:11:38.76 Starting Shiny app
{shinytest2} R  info   11:11:40.02 Creating new ChromoteSession
{shinytest2} R  info   11:11:40.08 Navigating to Shiny app
{shinytest2} R  info   11:11:40.08 Injecting shiny-tracer.js
{chromote}   JS info   11:11:40.13 shinytest2; jQuery not found
{chromote}   JS info   11:11:40.14 shinytest2; Loaded
{shinytest2} R  info   11:11:40.14 Waiting for Shiny to become ready
{shinytest2} R  info   11:11:42.04 Waiting for Shiny to become idle for 200ms within 1e+05ms
{shinytest2} R  info   11:11:42.09 Error while initializing AppDriver:
                                   Shiny app did not become stable in 1e+05ms.
                                   Message: An error occurred while waiting for Shiny to be stable
                                   Caused by error in `app_wait_for_idle()`:
                                   ! An error occurred while waiting for Shiny to be stable
{shiny}      R  stderr ----------- Loading required package: shiny
{shiny}      R  stderr ----------- Attempting to load the environment ‘package:sparkline’
{shiny}      R  stderr ----------- Loading required package: teal.data
{shiny}      R  stderr ----------- Loading required package: teal.code
{shiny}      R  stderr ----------- Loading required package: teal.slice
{shiny}      R  stderr ----------- 
{shiny}      R  stderr ----------- You are using teal version 1.1.0.9015
{shiny}      R  stderr ----------- 
{shiny}      R  stderr ----------- Attaching package: ‘teal’
{shiny}      R  stderr ----------- 
{shiny}      R  stderr ----------- The following objects are masked from ‘package:teal.slice’:
{shiny}      R  stderr ----------- 
{shiny}      R  stderr -----------     as.teal_slices, teal_slices
{shiny}      R  stderr ----------- 
{shiny}      R  stderr ----------- Running application in test mode.
{shiny}      R  stderr ----------- 
{shiny}      R  stderr ----------- Listening on http://127.0.0.1:5431


Caused by error in `app_initialize_()`:
! Shiny app did not become stable in 1e+05ms.
Message: An error occurred while waiting for Shiny to be stable
Caused by error in `app_wait_for_idle()`:
! An error occurred while waiting for Shiny to be stable
Backtrace:
     ▆
  1. ├─teal.modules.general (local) app_driver_tm_variable_browser() at test-shinytest2-tm_variable_browser.R:109:3
  2. │ └─teal.modules.general:::init_teal_app_driver(...) at test-shinytest2-tm_variable_browser.R:14:3
  3. │   ├─testthat::with_mocked_bindings(...) at ./helper-TealAppDriver.R:7:3
  4. │   ├─base::do.call(TealAppDriver$new, dots) at ./helper-TealAppDriver.R:17:7
  5. │   └─R6 (local) `&lt;fn&gt;`(`&lt;teal_app&gt;`, timeout = 60000)
  6. │     └─teal (local) initialize(...)
  7. │       ├─base::suppressWarnings(...)
  8. │       │ └─base::withCallingHandlers(...)
  9. │       └─super$initialize(...)
 10. │         └─shinytest2:::app_initialize(...)
 11. │           ├─base::withCallingHandlers(...)
 12. │           └─shinytest2:::app_initialize_(self, private, ..., view = view)
 13. │             ├─base::withCallingHandlers(...)
 14. │             └─self$wait_for_idle(duration = 200, timeout = private$load_timeout)
 15. │               └─shinytest2:::app_wait_for_idle(...)
 16. │                 └─shinytest2:::app_abort(self, private, "An error occurred while waiting for Shiny to be stable")
 17. │                   └─rlang::abort(..., app = self, call = call)
 18. │                     └─rlang:::signal_abort(cnd, .file)
 19. │                       └─base::signalCondition(cnd)
 20. ├─shinytest2 (local) `&lt;fn&gt;`(`&lt;rlng_rrr&gt;`)
 21. │ └─shinytest2:::app_abort(...)
 22. │   └─rlang::abort(..., app = self, call = call)
 23. │     └─rlang:::signal_abort(cnd, .file)
 24. │       └─base::signalCondition(cnd)
 25. └─shinytest2 (local) `&lt;fn&gt;`(`&lt;rlng_rrr&gt;`)
 26.   └─shinytest2:::app_abort(...)
 27.     └─rlang::abort(..., app = self, call = call)</error>
    </testcase>
    <testcase time="16.3800000000001" classname="shinytest2_tm_variable_browser" name="e2e_tm_variable_browser_changing_display_density_encoding_doesn_t_show_errors."/>
    <testcase time="2.95499999999993" classname="shinytest2_tm_variable_browser" name="e2e_tm_variable_browser_changing_display_density_encoding_doesn_t_show_errors."/>
    <testcase time="10.962" classname="shinytest2_tm_variable_browser" name="e2e_tm_variable_browser_changing_outlier_definition_encoding_doesn_t_show_errors."/>
    <testcase time="4.1110000000001" classname="shinytest2_tm_variable_browser" name="e2e_tm_variable_browser_changing_outlier_definition_encoding_doesn_t_show_errors."/>
    <testcase time="0.00399999999990541" classname="shinytest2_tm_variable_browser" name="e2e_tm_variable_browser_changing_outlier_definition_encoding_doesn_t_show_errors."/>
    <testcase time="1.827" classname="shinytest2_tm_variable_browser" name="e2e_tm_variable_browser_changing_outlier_definition_encoding_doesn_t_show_errors."/>
    <testcase time="3.01999999999998" classname="shinytest2_tm_variable_browser" name="e2e_tm_variable_browser_changing_outlier_definition_encoding_doesn_t_show_errors."/>
    <testcase time="3.95700000000011" classname="shinytest2_tm_variable_browser" name="e2e_tm_variable_browser_changing_plot_setting_encodings_doesn_t_show_errors.">
      <error type="error" message="Error in `app_initialize(self, private, app_dir = app_dir, ..., load_timeout = load_timeout, timeout = timeout, wait = wait, expect_values_screenshot_args = expect_values_screenshot_args, screenshot_args = screenshot_args, check_names = check_names, name = name, variant = variant, view = view, height = height, width = width, seed = seed, clean_logs = clean_logs, shiny_args = shiny_args, render_args = render_args, options = options)`: Shiny app did not become stable in 1e+05ms. ('test-shinytest2-tm_variable_browser.R:213:3')">Error in `app_initialize(self, private, app_dir = app_dir, ..., load_timeout = load_timeout, timeout = timeout, wait = wait, expect_values_screenshot_args = expect_values_screenshot_args, screenshot_args = screenshot_args, check_names = check_names, name = name, variant = variant, view = view, height = height, width = width, seed = seed, clean_logs = clean_logs, shiny_args = shiny_args, render_args = render_args, options = options)`: Shiny app did not become stable in 1e+05ms.
Message: An error occurred while waiting for Shiny to be stable
Caused by error in `app_wait_for_idle()`:
! An error occurred while waiting for Shiny to be stable


ℹ You can inspect the failed AppDriver object via `rlang::last_error()$app`
ℹ AppDriver logs:
{shinytest2} R  info   11:12:21.89 Start AppDriver initialization
{shinytest2} R  info   11:12:21.97 Starting Shiny app
{shinytest2} R  info   11:12:23.24 Creating new ChromoteSession
{shinytest2} R  info   11:12:23.29 Navigating to Shiny app
{shinytest2} R  info   11:12:23.30 Injecting shiny-tracer.js
{chromote}   JS info   11:12:23.35 shinytest2; jQuery not found
{chromote}   JS info   11:12:23.35 shinytest2; Loaded
{shinytest2} R  info   11:12:23.36 Waiting for Shiny to become ready
{shinytest2} R  info   11:12:25.28 Waiting for Shiny to become idle for 200ms within 1e+05ms
{shinytest2} R  info   11:12:25.32 Error while initializing AppDriver:
                                   Shiny app did not become stable in 1e+05ms.
                                   Message: An error occurred while waiting for Shiny to be stable
                                   Caused by error in `app_wait_for_idle()`:
                                   ! An error occurred while waiting for Shiny to be stable
{shiny}      R  stderr ----------- Loading required package: shiny
{shiny}      R  stderr ----------- Attempting to load the environment ‘package:sparkline’
{shiny}      R  stderr ----------- Loading required package: teal.data
{shiny}      R  stderr ----------- Loading required package: teal.code
{shiny}      R  stderr ----------- Loading required package: teal.slice
{shiny}      R  stderr ----------- 
{shiny}      R  stderr ----------- You are using teal version 1.1.0.9015
{shiny}      R  stderr ----------- 
{shiny}      R  stderr ----------- Attaching package: ‘teal’
{shiny}      R  stderr ----------- 
{shiny}      R  stderr ----------- The following objects are masked from ‘package:teal.slice’:
{shiny}      R  stderr ----------- 
{shiny}      R  stderr -----------     as.teal_slices, teal_slices
{shiny}      R  stderr ----------- 
{shiny}      R  stderr ----------- Running application in test mode.
{shiny}      R  stderr ----------- 
{shiny}      R  stderr ----------- Listening on http://127.0.0.1:4826


Caused by error in `app_initialize_()`:
! Shiny app did not become stable in 1e+05ms.
Message: An error occurred while waiting for Shiny to be stable
Caused by error in `app_wait_for_idle()`:
! An error occurred while waiting for Shiny to be stable
Backtrace:
     ▆
  1. ├─teal.modules.general (local) app_driver_tm_variable_browser() at test-shinytest2-tm_variable_browser.R:213:3
  2. │ └─teal.modules.general:::init_teal_app_driver(...) at test-shinytest2-tm_variable_browser.R:14:3
  3. │   ├─testthat::with_mocked_bindings(...) at ./helper-TealAppDriver.R:7:3
  4. │   ├─base::do.call(TealAppDriver$new, dots) at ./helper-TealAppDriver.R:17:7
  5. │   └─R6 (local) `&lt;fn&gt;`(`&lt;teal_app&gt;`, timeout = 60000)
  6. │     └─teal (local) initialize(...)
  7. │       ├─base::suppressWarnings(...)
  8. │       │ └─base::withCallingHandlers(...)
  9. │       └─super$initialize(...)
 10. │         └─shinytest2:::app_initialize(...)
 11. │           ├─base::withCallingHandlers(...)
 12. │           └─shinytest2:::app_initialize_(self, private, ..., view = view)
 13. │             ├─base::withCallingHandlers(...)
 14. │             └─self$wait_for_idle(duration = 200, timeout = private$load_timeout)
 15. │               └─shinytest2:::app_wait_for_idle(...)
 16. │                 └─shinytest2:::app_abort(self, private, "An error occurred while waiting for Shiny to be stable")
 17. │                   └─rlang::abort(..., app = self, call = call)
 18. │                     └─rlang:::signal_abort(cnd, .file)
 19. │                       └─base::signalCondition(cnd)
 20. ├─shinytest2 (local) `&lt;fn&gt;`(`&lt;rlng_rrr&gt;`)
 21. │ └─shinytest2:::app_abort(...)
 22. │   └─rlang::abort(..., app = self, call = call)
 23. │     └─rlang:::signal_abort(cnd, .file)
 24. │       └─base::signalCondition(cnd)
 25. └─shinytest2 (local) `&lt;fn&gt;`(`&lt;rlng_rrr&gt;`)
 26.   └─shinytest2:::app_abort(...)
 27.     └─rlang::abort(..., app = self, call = call)</error>
    </testcase>
  </testsuite>
  <testsuite name="tm_g_association" timestamp="2026-01-16T11:12:25Z" hostname="ca4cf59c769b" tests="64" skipped="0" failures="0" errors="0" time="13.361">
    <testcase time="0.0649999999998272" classname="tm_g_association" name="tm_g_association_module_creation_creates_a_teal_module_object"/>
    <testcase time="0.00600000000008549" classname="tm_g_association" name="tm_g_association_module_creation_creates_a_teal_module_object_with_list_of_data_extract_specs"/>
    <testcase time="0.00600000000008549" classname="tm_g_association" name="tm_g_association_module_creation_creates_a_module_with_datanames_taken_from_data_extracts"/>
    <testcase time="0.0109999999999673" classname="tm_g_association" name="tm_g_association_module_creation_creates_a_module_that_is_bookmarkable"/>
    <testcase time="0.0119999999999436" classname="tm_g_association" name="tm_g_association_input_validation_fails_when_label_is_not_a_string"/>
    <testcase time="0.00900000000001455" classname="tm_g_association" name="tm_g_association_input_validation_fails_when_ref_is_not_a_data_extract_spec_or_list"/>
    <testcase time="0.00900000000001455" classname="tm_g_association" name="tm_g_association_input_validation_fails_when_ref_allows_multiple_selection"/>
    <testcase time="0.0170000000000528" classname="tm_g_association" name="tm_g_association_input_validation_fails_when_vars_is_not_a_data_extract_spec_or_list"/>
    <testcase time="0.00999999999999091" classname="tm_g_association" name="tm_g_association_input_validation_fails_when_plot_height_is_not_valid"/>
    <testcase time="0.00999999999999091" classname="tm_g_association" name="tm_g_association_input_validation_fails_when_plot_height_has_wrong_length"/>
    <testcase time="0.00900000000001455" classname="tm_g_association" name="tm_g_association_input_validation_fails_when_plot_width_is_not_valid"/>
    <testcase time="0.0080000000000382" classname="tm_g_association" name="tm_g_association_input_validation_accepts_NULL_plot_width"/>
    <testcase time="0.0109999999999673" classname="tm_g_association" name="tm_g_association_input_validation_fails_when_distribution_theme_is_invalid"/>
    <testcase time="0.00499999999988177" classname="tm_g_association" name="tm_g_association_input_validation_accepts_valid_distribution_theme_options"/>
    <testcase time="0.00300000000015643" classname="tm_g_association" name="tm_g_association_input_validation_accepts_valid_distribution_theme_options"/>
    <testcase time="0.00299999999992906" classname="tm_g_association" name="tm_g_association_input_validation_accepts_valid_distribution_theme_options"/>
    <testcase time="0.00299999999992906" classname="tm_g_association" name="tm_g_association_input_validation_accepts_valid_distribution_theme_options"/>
    <testcase time="0.00300000000015643" classname="tm_g_association" name="tm_g_association_input_validation_accepts_valid_distribution_theme_options"/>
    <testcase time="0.00299999999992906" classname="tm_g_association" name="tm_g_association_input_validation_accepts_valid_distribution_theme_options"/>
    <testcase time="0.00299999999992906" classname="tm_g_association" name="tm_g_association_input_validation_accepts_valid_distribution_theme_options"/>
    <testcase time="0.00299999999992906" classname="tm_g_association" name="tm_g_association_input_validation_accepts_valid_distribution_theme_options"/>
    <testcase time="0.0110000000001946" classname="tm_g_association" name="tm_g_association_input_validation_fails_when_association_theme_is_invalid"/>
    <testcase time="0.00699999999983447" classname="tm_g_association" name="tm_g_association_input_validation_accepts_valid_association_theme_options"/>
    <testcase time="0.00300000000015643" classname="tm_g_association" name="tm_g_association_input_validation_accepts_valid_association_theme_options"/>
    <testcase time="0.00299999999992906" classname="tm_g_association" name="tm_g_association_input_validation_accepts_valid_association_theme_options"/>
    <testcase time="0.00299999999992906" classname="tm_g_association" name="tm_g_association_input_validation_accepts_valid_association_theme_options"/>
    <testcase time="0.00199999999995271" classname="tm_g_association" name="tm_g_association_input_validation_accepts_valid_association_theme_options"/>
    <testcase time="0.00300000000015643" classname="tm_g_association" name="tm_g_association_input_validation_accepts_valid_association_theme_options"/>
[...]
    <testcase time="0.00299999999992906" classname="tm_g_response" name="tm_g_response_input_validation_accepts_valid_ggtheme_options"/>
    <testcase time="0.00299999999992906" classname="tm_g_response" name="tm_g_response_input_validation_accepts_valid_ggtheme_options"/>
    <testcase time="0.00900000000001455" classname="tm_g_response" name="tm_g_response_input_validation_fails_when_ggplot2_args_object_does_not_inherit_from_ggplot2_args_"/>
    <testcase time="0.00500000000010914" classname="tm_g_response" name="tm_g_response_input_validation_accepts_valid_ggplot2_args"/>
    <testcase time="0.00900000000001455" classname="tm_g_response" name="tm_g_response_input_validation_fails_when_decorators_has_invalid_object_types"/>
    <testcase time="0.00499999999988177" classname="tm_g_response" name="tm_g_response_input_validation_accepts_valid_decorators"/>
    <testcase time="1.09500000000003" classname="tm_g_response" name="tm_g_response_module_server_behavior_server_function_executes_successfully_through_module_interface"/>
    <testcase time="0.00399999999990541" classname="tm_g_response" name="tm_g_response_module_server_behavior_server_function_executes_successfully_through_module_interface"/>
    <testcase time="0.00300000000015643" classname="tm_g_response" name="tm_g_response_module_server_behavior_server_function_executes_successfully_through_module_interface"/>
    <testcase time="0.995999999999867" classname="tm_g_response" name="tm_g_response_module_server_behavior_server_function_generates_frequency_plot_through_module_interface"/>
    <testcase time="0.00300000000015643" classname="tm_g_response" name="tm_g_response_module_server_behavior_server_function_generates_frequency_plot_through_module_interface"/>
    <testcase time="0.00299999999992906" classname="tm_g_response" name="tm_g_response_module_server_behavior_server_function_generates_frequency_plot_through_module_interface"/>
    <testcase time="1.02500000000009" classname="tm_g_response" name="tm_g_response_module_server_behavior_server_function_generates_density_plot_through_module_interface"/>
    <testcase time="0.00299999999992906" classname="tm_g_response" name="tm_g_response_module_server_behavior_server_function_generates_density_plot_through_module_interface"/>
    <testcase time="0.00299999999992906" classname="tm_g_response" name="tm_g_response_module_server_behavior_server_function_generates_density_plot_through_module_interface"/>
  </testsuite>
  <testsuite name="tm_g_scatterplotmatrix" timestamp="2026-01-16T11:12:42Z" hostname="ca4cf59c769b" tests="19" skipped="0" failures="0" errors="0" time="1.293">
    <testcase time="0.0150000000001" classname="tm_g_scatterplotmatrix" name="tm_g_scatterplotmatrix_module_creation_creates_a_teal_module_object"/>
    <testcase time="0.00399999999990541" classname="tm_g_scatterplotmatrix" name="tm_g_scatterplotmatrix_module_creation_creates_a_teal_module_object_with_default_options"/>
    <testcase time="0.00500000000010914" classname="tm_g_scatterplotmatrix" name="tm_g_scatterplotmatrix_module_creation_creates_a_teal_module_object_with_list_of_data_extract_specs"/>
    <testcase time="0.00399999999990541" classname="tm_g_scatterplotmatrix" name="tm_g_scatterplotmatrix_module_creation_creates_a_module_with_datanames_taken_from_data_extracts"/>
    <testcase time="0.00600000000008549" classname="tm_g_scatterplotmatrix" name="tm_g_scatterplotmatrix_module_creation_creates_a_module_that_is_bookmarkable"/>
    <testcase time="0.0109999999999673" classname="tm_g_scatterplotmatrix" name="tm_g_scatterplotmatrix_input_validation_fails_when_label_is_not_a_string"/>
    <testcase time="0.0080000000000382" classname="tm_g_scatterplotmatrix" name="tm_g_scatterplotmatrix_input_validation_fails_when_variables_is_not_a_data_extract_spec_or_list"/>
    <testcase time="0.0080000000000382" classname="tm_g_scatterplotmatrix" name="tm_g_scatterplotmatrix_input_validation_fails_when_plot_height_is_not_valid"/>
    <testcase time="0.00799999999981083" classname="tm_g_scatterplotmatrix" name="tm_g_scatterplotmatrix_input_validation_fails_when_plot_height_has_wrong_length"/>
    <testcase time="0.0080000000000382" classname="tm_g_scatterplotmatrix" name="tm_g_scatterplotmatrix_input_validation_fails_when_plot_width_is_not_valid"/>
    <testcase time="0.00500000000010914" classname="tm_g_scatterplotmatrix" name="tm_g_scatterplotmatrix_input_validation_accepts_NULL_plot_width"/>
    <testcase time="0.0080000000000382" classname="tm_g_scatterplotmatrix" name="tm_g_scatterplotmatrix_input_validation_fails_when_decorators_has_invalid_object_types"/>
    <testcase time="0.00499999999988177" classname="tm_g_scatterplotmatrix" name="tm_g_scatterplotmatrix_input_validation_accepts_valid_decorators"/>
    <testcase time="0.620000000000118" classname="tm_g_scatterplotmatrix" name="tm_g_scatterplotmatrix_module_server_behavior_server_function_executes_successfully_through_module_interface"/>
    <testcase time="0.00299999999992906" classname="tm_g_scatterplotmatrix" name="tm_g_scatterplotmatrix_module_server_behavior_server_function_executes_successfully_through_module_interface"/>
    <testcase time="0.00399999999990541" classname="tm_g_scatterplotmatrix" name="tm_g_scatterplotmatrix_module_server_behavior_server_function_executes_successfully_through_module_interface"/>
    <testcase time="0.564000000000078" classname="tm_g_scatterplotmatrix" name="tm_g_scatterplotmatrix_module_server_behavior_server_function_generates_scatterplot_matrix_with_two_variables"/>
    <testcase time="0.00399999999990541" classname="tm_g_scatterplotmatrix" name="tm_g_scatterplotmatrix_module_server_behavior_server_function_generates_scatterplot_matrix_with_two_variables"/>
    <testcase time="0.00300000000015643" classname="tm_g_scatterplotmatrix" name="tm_g_scatterplotmatrix_module_server_behavior_server_function_generates_scatterplot_matrix_with_two_variables"/>
  </testsuite>
  <testsuite name="tm_rmarkdown" timestamp="2026-01-16T11:12:43Z" hostname="ca4cf59c769b" tests="4" skipped="0" failures="0" errors="0" time="0.334">
    <testcase time="0.15099999999984" classname="tm_rmarkdown" name="srv_rmarkdown_renders_number_of_rows_of_my_data_to_markdown_file"/>
    <testcase time="0.0180000000000291" classname="tm_rmarkdown" name="srv_rmarkdown_returns_a_teal.reporter_reactive"/>
    <testcase time="0.0740000000000691" classname="tm_rmarkdown" name="srv_rmarkdown_returns_a_teal.reporter_reactive"/>
    <testcase time="0.0909999999998945" classname="tm_rmarkdown" name="srv_rmarkdown_renders_expected_html"/>
  </testsuite>
  <testsuite name="tm_t_crosstable" timestamp="2026-01-16T11:12:43Z" hostname="ca4cf59c769b" tests="23" skipped="0" failures="0" errors="0" time="3.428">
    <testcase time="0.0130000000001473" classname="tm_t_crosstable" name="tm_t_crosstable_module_creation_creates_a_teal_module_object"/>
    <testcase time="0.00499999999988177" classname="tm_t_crosstable" name="tm_t_crosstable_module_creation_creates_a_teal_module_object_with_default_options"/>
    <testcase time="0.00500000000010914" classname="tm_t_crosstable" name="tm_t_crosstable_module_creation_creates_a_teal_module_object_with_list_of_data_extract_specs"/>
    <testcase time="0.00499999999988177" classname="tm_t_crosstable" name="tm_t_crosstable_module_creation_creates_a_module_with_datanames_taken_from_data_extracts"/>
    <testcase time="0.00700000000006185" classname="tm_t_crosstable" name="tm_t_crosstable_module_creation_creates_a_module_that_is_bookmarkable"/>
    <testcase time="0.00999999999999091" classname="tm_t_crosstable" name="tm_t_crosstable_input_validation_fails_when_label_is_not_a_string"/>
    <testcase time="0.00900000000001455" classname="tm_t_crosstable" name="tm_t_crosstable_input_validation_fails_when_x_is_not_a_data_extract_spec_or_list"/>
    <testcase time="0.0080000000000382" classname="tm_t_crosstable" name="tm_t_crosstable_input_validation_fails_when_y_is_not_a_data_extract_spec_or_list"/>
    <testcase time="0.00900000000001455" classname="tm_t_crosstable" name="tm_t_crosstable_input_validation_fails_when_y_allows_multiple_selection"/>
    <testcase time="0.00900000000001455" classname="tm_t_crosstable" name="tm_t_crosstable_input_validation_fails_when_show_percentage_is_not_logical"/>
    <testcase time="0.0229999999999109" classname="tm_t_crosstable" name="tm_t_crosstable_input_validation_fails_when_show_total_is_not_logical"/>
    <testcase time="0.0109999999999673" classname="tm_t_crosstable" name="tm_t_crosstable_input_validation_fails_when_remove_zero_columns_is_not_logical"/>
    <testcase time="0.00900000000001455" classname="tm_t_crosstable" name="tm_t_crosstable_input_validation_fails_when_decorators_has_invalid_object_types"/>
    <testcase time="0.00500000000010914" classname="tm_t_crosstable" name="tm_t_crosstable_input_validation_accepts_valid_decorators"/>
    <testcase time="1.95899999999983" classname="tm_t_crosstable" name="tm_t_crosstable_module_server_behavior_server_function_executes_successfully_through_module_interface"/>
    <testcase time="0.00400000000013279" classname="tm_t_crosstable" name="tm_t_crosstable_module_server_behavior_server_function_executes_successfully_through_module_interface"/>
    <testcase time="0.00399999999990541" classname="tm_t_crosstable" name="tm_t_crosstable_module_server_behavior_server_function_executes_successfully_through_module_interface"/>
    <testcase time="0.690000000000055" classname="tm_t_crosstable" name="tm_t_crosstable_module_server_behavior_server_function_generates_table_with_show_percentage_enabled"/>
    <testcase time="0.00299999999992906" classname="tm_t_crosstable" name="tm_t_crosstable_module_server_behavior_server_function_generates_table_with_show_percentage_enabled"/>
    <testcase time="0.00300000000015643" classname="tm_t_crosstable" name="tm_t_crosstable_module_server_behavior_server_function_generates_table_with_show_percentage_enabled"/>
    <testcase time="0.629999999999882" classname="tm_t_crosstable" name="tm_t_crosstable_module_server_behavior_server_function_generates_table_with_show_total_enabled"/>
    <testcase time="0.00299999999992906" classname="tm_t_crosstable" name="tm_t_crosstable_module_server_behavior_server_function_generates_table_with_show_total_enabled"/>
    <testcase time="0.00400000000013279" classname="tm_t_crosstable" name="tm_t_crosstable_module_server_behavior_server_function_generates_table_with_show_total_enabled"/>
  </testsuite>
  <testsuite name="utils" timestamp="2026-01-16T11:12:47Z" hostname="ca4cf59c769b" tests="12" skipped="0" failures="0" errors="0" time="0.085">
    <testcase time="0.0360000000000582" classname="utils" name="set_chunk_attrs_changes_last_chunk_output_with_default_parameters"/>
    <testcase time="0.00199999999995271" classname="utils" name="set_chunk_attrs_changes_last_chunk_output_with_default_parameters"/>
    <testcase time="0.00499999999988177" classname="utils" name="set_chunk_attrs_changes_last_2_chunks"/>
    <testcase time="0.000999999999976353" classname="utils" name="set_chunk_attrs_changes_last_2_chunks"/>
    <testcase time="0.00400000000013279" classname="utils" name="set_chunk_attrs_only_changes_the_numeric_chunk_outputs"/>
    <testcase time="0.00199999999995271" classname="utils" name="set_chunk_attrs_only_changes_the_numeric_chunk_outputs"/>
    <testcase time="0.00400000000013279" classname="utils" name="set_chunk_attrs_throws_warning_when_last_chunk_is_not_chunk_output"/>
    <testcase time="0.00499999999988177" classname="utils" name="set_chunk_attrs_throws_warning_when_second_to_last_chunk_is_not_chunk_output"/>
    <testcase time="0.00399999999990541" classname="utils" name="set_chunk_attrs_modifies_all_elements_up_until_the_first_non_chunk_output"/>
    <testcase time="0.00300000000015643" classname="utils" name="set_chunk_attrs_modifies_all_elements_up_until_the_first_non_chunk_output"/>
    <testcase time="0.00199999999995271" classname="utils" name="set_chunk_attrs_modifies_all_elements_up_until_the_first_non_chunk_output"/>
    <testcase time="0.0170000000000528" classname="utils" name="set_chunk_dims_skips_when_one_of_the_dimensions_is_auto_string"/>
  </testsuite>
  <testsuite name="bivariate_ggplot_call" timestamp="2026-01-16T11:12:47Z" hostname="ca4cf59c769b" tests="23" skipped="0" failures="0" errors="0" time="0.095">
    <testcase time="0.00900000000001455" classname="bivariate_ggplot_call" name="bivariate_ggplot_call_with_numerics"/>
    <testcase time="0.00299999999992906" classname="bivariate_ggplot_call" name="bivariate_ggplot_call_with_numerics"/>
    <testcase time="0.00199999999995271" classname="bivariate_ggplot_call" name="bivariate_ggplot_call_with_numerics"/>
    <testcase time="0.00300000000015643" classname="bivariate_ggplot_call" name="bivariate_ggplot_call_with_numerics"/>
    <testcase time="0.00499999999988177" classname="bivariate_ggplot_call" name="bivariate_ggplot_call_with_arguments_factor_and_factor"/>
    <testcase time="0.00500000000010914" classname="bivariate_ggplot_call" name="bivariate_ggplot_call_with_arguments_logical_and_factor"/>
    <testcase time="0.00499999999988177" classname="bivariate_ggplot_call" name="bivariate_ggplot_call_with_arguments_character_and_factor"/>
    <testcase time="0.00500000000010914" classname="bivariate_ggplot_call" name="bivariate_ggplot_call_with_arguments_factor_and_logical"/>
    <testcase time="0.00499999999988177" classname="bivariate_ggplot_call" name="bivariate_ggplot_call_with_arguments_logical_and_logical"/>
    <testcase time="0.00500000000010914" classname="bivariate_ggplot_call" name="bivariate_ggplot_call_with_arguments_character_and_logical"/>
    <testcase time="0.00399999999990541" classname="bivariate_ggplot_call" name="bivariate_ggplot_call_with_arguments_factor_and_character"/>
    <testcase time="0.00500000000010914" classname="bivariate_ggplot_call" name="bivariate_ggplot_call_with_arguments_logical_and_character"/>
    <testcase time="0.00499999999988177" classname="bivariate_ggplot_call" name="bivariate_ggplot_call_with_arguments_character_and_character"/>
    <testcase time="0.00700000000006185" classname="bivariate_ggplot_call" name="bivariate_ggplot_call_with_single_data_numeric"/>
    <testcase time="0.00199999999995271" classname="bivariate_ggplot_call" name="bivariate_ggplot_call_with_single_data_numeric"/>
    <testcase time="0.00299999999992906" classname="bivariate_ggplot_call" name="bivariate_ggplot_call_with_single_data_numeric"/>
    <testcase time="0.00300000000015643" classname="bivariate_ggplot_call" name="bivariate_ggplot_call_with_single_data_numeric"/>
    <testcase time="0.00199999999995271" classname="bivariate_ggplot_call" name="bivariate_ggplot_call_with_single_data_numeric"/>
    <testcase time="0.00299999999992906" classname="bivariate_ggplot_call" name="bivariate_ggplot_call_with_single_data_numeric"/>
    <testcase time="0.00500000000010914" classname="bivariate_ggplot_call" name="bivariate_ggplot_call_with_single_data_factor"/>
    <testcase time="0.00299999999992906" classname="bivariate_ggplot_call" name="bivariate_ggplot_call_with_single_data_factor"/>
    <testcase time="0.00299999999992906" classname="bivariate_ggplot_call" name="bivariate_ggplot_call_with_single_data_factor"/>
    <testcase time="0.00300000000015643" classname="bivariate_ggplot_call" name="bivariate_ggplot_call_with_single_data_factor"/>
  </testsuite>
  <testsuite name="front_page" timestamp="2026-01-16T11:12:47Z" hostname="ca4cf59c769b" tests="4" skipped="0" failures="0" errors="0" time="0.021">
    <testcase time="0.00699999999983447" classname="front_page" name="convert_metadata_to_dataframe_returns_a_data_frame_with_no_rows_if_no_metadata"/>
    <testcase time="0.00500000000010914" classname="front_page" name="convert_metadata_to_dataframe_returns_a_data_frame_with_metadata_if_more_than_one_dataset"/>
    <testcase time="0.00399999999990541" classname="front_page" name="convert_metadata_to_dataframe_returns_a_data_frame_with_metadata_if_one_dataset"/>
    <testcase time="0.00500000000010914" classname="front_page" name="convert_metadata_to_dataframe_converts_metadata_values_to_characters"/>
  </testsuite>
  <testsuite name="g_expert_cl" timestamp="2026-01-16T11:12:47Z" hostname="ca4cf59c769b" tests="15" skipped="0" failures="0" errors="0" time="0.033">
    <testcase time="0.00700000000006185" classname="g_expert_cl" name="coloring_ggplot_call_can_work_with_all_combinations"/>
    <testcase time="0.00199999999995271" classname="g_expert_cl" name="coloring_ggplot_call_can_work_with_all_combinations"/>
    <testcase time="0.000999999999976353" classname="g_expert_cl" name="coloring_ggplot_call_can_work_with_all_combinations"/>
    <testcase time="0.000999999999976353" classname="g_expert_cl" name="coloring_ggplot_call_can_work_with_all_combinations"/>
    <testcase time="0.00199999999995271" classname="g_expert_cl" name="coloring_ggplot_call_can_work_with_all_combinations"/>
    <testcase time="0.000999999999976353" classname="g_expert_cl" name="coloring_ggplot_call_can_work_with_all_combinations"/>
    <testcase time="0.00199999999995271" classname="g_expert_cl" name="coloring_ggplot_call_can_work_with_all_combinations"/>
    <testcase time="0.00400000000013279" classname="g_expert_cl" name="coloring_ggplot_call_can_work_with_all_combinations_without_colour_var"/>
    <testcase time="0.000999999999976353" classname="g_expert_cl" name="coloring_ggplot_call_can_work_with_all_combinations_without_colour_var"/>
    <testcase time="0.00199999999995271" classname="g_expert_cl" name="coloring_ggplot_call_can_work_with_all_combinations_without_colour_var"/>
    <testcase time="0.000999999999976353" classname="g_expert_cl" name="coloring_ggplot_call_can_work_with_all_combinations_without_colour_var"/>
    <testcase time="0.00200000000018008" classname="g_expert_cl" name="coloring_ggplot_call_can_work_with_all_combinations_without_colour_var"/>
    <testcase time="0.00399999999990541" classname="g_expert_cl" name="coloring_ggplot_call_can_work_size_var"/>
    <testcase time="0.000999999999976353" classname="g_expert_cl" name="coloring_ggplot_call_can_work_size_var"/>
    <testcase time="0.00199999999995271" classname="g_expert_cl" name="coloring_ggplot_call_can_work_size_var"/>
  </testsuite>
  <testsuite name="scatterplotmatrix_get_stats" timestamp="2026-01-16T11:12:47Z" hostname="ca4cf59c769b" tests="6" skipped="0" failures="0" errors="0" time="0.027">
    <testcase time="0.0080000000000382" classname="scatterplotmatrix_get_stats" name="get_scatterplotmatrix_stats_x_y_numeric"/>
    <testcase time="0.00399999999990541" classname="scatterplotmatrix_get_stats" name="get_scatterplotmatrix_stats_x_y_numeric"/>
    <testcase time="0.00300000000015643" classname="scatterplotmatrix_get_stats" name="get_scatterplotmatrix_stats_x_y_numeric"/>
    <testcase time="0.00599999999985812" classname="scatterplotmatrix_get_stats" name="get_scatterplotmatrix_stats_x_y_character"/>
    <testcase time="0.00300000000015643" classname="scatterplotmatrix_get_stats" name="get_scatterplotmatrix_stats_x_y_character"/>
    <testcase time="0.00299999999992906" classname="scatterplotmatrix_get_stats" name="get_scatterplotmatrix_stats_x_y_character"/>
  </testsuite>
  <testsuite name="variable_browser" timestamp="2026-01-16T11:12:47Z" hostname="ca4cf59c769b" tests="3" skipped="0" failures="0" errors="0" time="0.015">
    <testcase time="0.00600000000008549" classname="variable_browser" name="remove_outliers_from_does_not_remove_outliers_when_outlier_definition_is_zero"/>
    <testcase time="0.00499999999988177" classname="variable_browser" name="remove_outliers_from_removes_outliers_when_outlier_definition_is_non_zero"/>
    <testcase time="0.00400000000013279" classname="variable_browser" name="remove_outliers_from_keeps_missing_values_unchanged"/>
  </testsuite>
</testsuites>
