<?xml version="1.0" encoding="UTF-8"?>
<testsuites>
  <testsuite name="examples" timestamp="2026-01-16T14:43:55Z" hostname="b6291a0574d3" tests="43" skipped="1" failures="0" errors="0" time="5.461">
    <testcase time="2.116" classname="examples" name="example_add_facet_labels.Rd"/>
    <testcase time="0.0580000000000003" classname="examples" name="example_call_fun_dots.Rd"/>
    <testcase time="0.0209999999999999" classname="examples" name="example_create_sparklines.Rd"/>
    <testcase time="0.00700000000000012" classname="examples" name="example_dot_markdown_internal.Rd"/>
    <testcase time="0.00699999999999967" classname="examples" name="example_dot_scale_x_mosaic.Rd"/>
    <testcase time="0.00700000000000012" classname="examples" name="example_establish_updating_selection.Rd"/>
    <testcase time="0.00700000000000012" classname="examples" name="example_filter_outliers.Rd"/>
    <testcase time="0.02" classname="examples" name="example_geom_mosaic.Rd"/>
    <testcase time="0.0169999999999999" classname="examples" name="example_get_scatterplotmatrix_stats.Rd"/>
    <testcase time="0.00700000000000012" classname="examples" name="example_is_tab_active_js.Rd"/>
    <testcase time="0.00599999999999978" classname="examples" name="example_plot_var_summary.Rd"/>
    <testcase time="0.00700000000000012" classname="examples" name="example_remove_outliers_from.Rd"/>
    <testcase time="0.00600000000000023" classname="examples" name="example_render_single_tab.Rd"/>
    <testcase time="0.00699999999999967" classname="examples" name="example_render_tab_header.Rd"/>
    <testcase time="0.00600000000000023" classname="examples" name="example_render_tab_table.Rd"/>
    <testcase time="0.00700000000000012" classname="examples" name="example_render_tabset_panel_content.Rd"/>
    <testcase time="0.00599999999999978" classname="examples" name="example_select_decorators.Rd"/>
    <testcase time="0.00700000000000012" classname="examples" name="example_set_chunk_attrs.Rd"/>
    <testcase time="0.00699999999999967" classname="examples" name="example_set_chunk_dims.Rd"/>
    <testcase time="0.00700000000000012" classname="examples" name="example_shared_params.Rd"/>
    <testcase time="0.00600000000000023" classname="examples" name="example_srv_decorate_teal_data.Rd"/>
    <testcase time="0.00699999999999967" classname="examples" name="example_teal.modules.general.Rd"/>
    <testcase time="0.2" classname="examples" name="example_tm_a_pca.Rd"/>
    <testcase time="0.137" classname="examples" name="example_tm_a_regression.Rd"/>
    <testcase time="0.145" classname="examples" name="example_tm_data_table.Rd"/>
    <testcase time="0.24" classname="examples" name="example_tm_file_viewer.Rd"/>
    <testcase time="0.0910000000000002" classname="examples" name="example_tm_front_page.Rd"/>
    <testcase time="0.18" classname="examples" name="example_tm_g_association.Rd"/>
    <testcase time="0.152" classname="examples" name="example_tm_g_bivariate.Rd"/>
    <testcase time="0.00399999999999956" classname="examples" name="example_tm_g_distribution.Rd">
      <skipped message="Reason: distribution initializes with short validation error ('test-examples.R:145:9')"/>
    </testcase>
    <testcase time="0.195" classname="examples" name="example_tm_g_response.Rd"/>
    <testcase time="0.16" classname="examples" name="example_tm_g_scatterplot.Rd"/>
    <testcase time="0.422" classname="examples" name="example_tm_g_scatterplotmatrix.Rd"/>
    <testcase time="0.256" classname="examples" name="example_tm_missing_data.Rd"/>
    <testcase time="0.17" classname="examples" name="example_tm_outliers.Rd"/>
    <testcase time="0.105" classname="examples" name="example_tm_rmarkdown.Rd"/>
    <testcase time="0.446000000000001" classname="examples" name="example_tm_t_crosstable.Rd"/>
    <testcase time="0.177" classname="examples" name="example_tm_variable_browser.Rd"/>
    <testcase time="0.00700000000000056" classname="examples" name="example_validate_input.Rd"/>
    <testcase time="0.00800000000000001" classname="examples" name="example_var_missings_info.Rd"/>
    <testcase time="0.00599999999999934" classname="examples" name="example_var_summary_table.Rd"/>
    <testcase time="0.00700000000000056" classname="examples" name="example_variable_type_icons.Rd"/>
    <testcase time="0.00699999999999967" classname="examples" name="example_varname_w_label.Rd"/>
  </testsuite>
  <testsuite name="shinytest2-tm_a_pca" timestamp="2026-01-16T14:44:01Z" hostname="b6291a0574d3" tests="49" skipped="0" failures="0" errors="0" time="223.713">
    <testcase time="11.473" classname="shinytest2_tm_a_pca" name="e2e_tm_a_pca_Module_is_initialised_with_the_specified_defaults_in_function_call."/>
    <testcase time="0.00900000000000034" classname="shinytest2_tm_a_pca" name="e2e_tm_a_pca_Module_is_initialised_with_the_specified_defaults_in_function_call."/>
    <testcase time="0.00499999999999901" classname="shinytest2_tm_a_pca" name="e2e_tm_a_pca_Module_is_initialised_with_the_specified_defaults_in_function_call."/>
    <testcase time="0.00300000000000011" classname="shinytest2_tm_a_pca" name="e2e_tm_a_pca_Module_is_initialised_with_the_specified_defaults_in_function_call."/>
    <testcase time="0.0509999999999984" classname="shinytest2_tm_a_pca" name="e2e_tm_a_pca_Module_is_initialised_with_the_specified_defaults_in_function_call."/>
    <testcase time="0.0489999999999995" classname="shinytest2_tm_a_pca" name="e2e_tm_a_pca_Module_is_initialised_with_the_specified_defaults_in_function_call."/>
    <testcase time="0.049000000000003" classname="shinytest2_tm_a_pca" name="e2e_tm_a_pca_Module_is_initialised_with_the_specified_defaults_in_function_call."/>
    <testcase time="10.573" classname="shinytest2_tm_a_pca" name="e2e_tm_a_pca_Eigenvector_table_should_have_data_extract_selection_Murder_Assault_on_header."/>
    <testcase time="0.054000000000002" classname="shinytest2_tm_a_pca" name="e2e_tm_a_pca_Eigenvector_table_should_have_data_extract_selection_Murder_Assault_on_header."/>
    <testcase time="0.0949999999999989" classname="shinytest2_tm_a_pca" name="e2e_tm_a_pca_Eigenvector_table_should_have_data_extract_selection_Murder_Assault_on_header."/>
    <testcase time="0.0960000000000001" classname="shinytest2_tm_a_pca" name="e2e_tm_a_pca_Eigenvector_table_should_have_data_extract_selection_Murder_Assault_on_header."/>
    <testcase time="13.934" classname="shinytest2_tm_a_pca" name="e2e_tm_a_pca_Eigenvector_table_should_have_data_extract_selection_Murder_UrbanPop_on_header."/>
    <testcase time="0.0530000000000044" classname="shinytest2_tm_a_pca" name="e2e_tm_a_pca_Eigenvector_table_should_have_data_extract_selection_Murder_UrbanPop_on_header."/>
    <testcase time="0.0940000000000012" classname="shinytest2_tm_a_pca" name="e2e_tm_a_pca_Eigenvector_table_should_have_data_extract_selection_Murder_UrbanPop_on_header."/>
    <testcase time="0.0919999999999987" classname="shinytest2_tm_a_pca" name="e2e_tm_a_pca_Eigenvector_table_should_have_data_extract_selection_Murder_UrbanPop_on_header."/>
    <testcase time="13.559" classname="shinytest2_tm_a_pca" name="e2e_tm_a_pca_Color_by_columns_data_extract_must_be_from_non_selected_variable_set."/>
    <testcase time="0.771000000000001" classname="shinytest2_tm_a_pca" name="e2e_tm_a_pca_Color_by_columns_data_extract_must_be_from_non_selected_variable_set."/>
    <testcase time="10.474" classname="shinytest2_tm_a_pca" name="e2e_tm_a_pca_Changing_output_encodings_of_tables_display_does_not_generate_errors."/>
    <testcase time="0.551000000000002" classname="shinytest2_tm_a_pca" name="e2e_tm_a_pca_Changing_output_encodings_of_tables_display_does_not_generate_errors."/>
    <testcase time="0.007000000000005" classname="shinytest2_tm_a_pca" name="e2e_tm_a_pca_Changing_output_encodings_of_tables_display_does_not_generate_errors."/>
    <testcase time="0.046999999999997" classname="shinytest2_tm_a_pca" name="e2e_tm_a_pca_Changing_output_encodings_of_tables_display_does_not_generate_errors."/>
    <testcase time="0.046999999999997" classname="shinytest2_tm_a_pca" name="e2e_tm_a_pca_Changing_output_encodings_of_tables_display_does_not_generate_errors."/>
    <testcase time="0.046999999999997" classname="shinytest2_tm_a_pca" name="e2e_tm_a_pca_Changing_output_encodings_of_tables_display_does_not_generate_errors."/>
    <testcase time="11.738" classname="shinytest2_tm_a_pca" name="e2e_tm_a_pca_Changing_output_encodings_for_plot_type_does_not_generate_errors."/>
    <testcase time="1.395" classname="shinytest2_tm_a_pca" name="e2e_tm_a_pca_Changing_output_encodings_for_plot_type_does_not_generate_errors."/>
    <testcase time="1.13" classname="shinytest2_tm_a_pca" name="e2e_tm_a_pca_Changing_output_encodings_for_plot_type_does_not_generate_errors."/>
    <testcase time="1.438" classname="shinytest2_tm_a_pca" name="e2e_tm_a_pca_Changing_output_encodings_for_plot_type_does_not_generate_errors."/>
    <testcase time="10.535" classname="shinytest2_tm_a_pca" name="e2e_tm_a_pca_Changing_output_encodings_of_standardization_does_not_generate_errors."/>
    <testcase time="1.607" classname="shinytest2_tm_a_pca" name="e2e_tm_a_pca_Changing_output_encodings_of_standardization_does_not_generate_errors."/>
    <testcase time="1.57600000000001" classname="shinytest2_tm_a_pca" name="e2e_tm_a_pca_Changing_output_encodings_of_standardization_does_not_generate_errors."/>
    <testcase time="1.568" classname="shinytest2_tm_a_pca" name="e2e_tm_a_pca_Changing_output_encodings_of_standardization_does_not_generate_errors."/>
    <testcase time="10.566" classname="shinytest2_tm_a_pca" name="e2e_tm_a_pca_Changing_output_encodings_of_NA_action_does_not_generate_errors."/>
    <testcase time="13.866" classname="shinytest2_tm_a_pca" name="e2e_tm_a_pca_Changing_output_encodings_of_plot_type_hides_and_shows_options."/>
    <testcase time="2.685" classname="shinytest2_tm_a_pca" name="e2e_tm_a_pca_Changing_output_encodings_of_plot_type_hides_and_shows_options."/>
    <testcase time="2.161" classname="shinytest2_tm_a_pca" name="e2e_tm_a_pca_Changing_output_encodings_of_plot_type_hides_and_shows_options."/>
    <testcase time="2.16399999999999" classname="shinytest2_tm_a_pca" name="e2e_tm_a_pca_Changing_output_encodings_of_plot_type_hides_and_shows_options."/>
    <testcase time="3.39600000000002" classname="shinytest2_tm_a_pca" name="e2e_tm_a_pca_Changing_output_encodings_of_plot_type_hides_and_shows_options."/>
    <testcase time="2.18199999999999" classname="shinytest2_tm_a_pca" name="e2e_tm_a_pca_Changing_output_encodings_of_plot_type_hides_and_shows_options."/>
    <testcase time="3.54500000000002" classname="shinytest2_tm_a_pca" name="e2e_tm_a_pca_Changing_output_encodings_of_plot_type_hides_and_shows_options."/>
    <testcase time="2.17699999999999" classname="shinytest2_tm_a_pca" name="e2e_tm_a_pca_Changing_output_encodings_of_plot_type_hides_and_shows_options."/>
    <testcase time="2.179" classname="shinytest2_tm_a_pca" name="e2e_tm_a_pca_Changing_output_encodings_of_plot_type_hides_and_shows_options."/>
    <testcase time="10.522" classname="shinytest2_tm_a_pca" name="e2e_tm_a_pca_Changing_output_encodings_of_theme_does_not_generate_errors."/>
    <testcase time="0.531000000000006" classname="shinytest2_tm_a_pca" name="e2e_tm_a_pca_Changing_output_encodings_of_theme_does_not_generate_errors."/>
    <testcase time="0.528999999999996" classname="shinytest2_tm_a_pca" name="e2e_tm_a_pca_Changing_output_encodings_of_theme_does_not_generate_errors."/>
    <testcase time="0.530000000000001" classname="shinytest2_tm_a_pca" name="e2e_tm_a_pca_Changing_output_encodings_of_theme_does_not_generate_errors."/>
    <testcase time="10.442" classname="shinytest2_tm_a_pca" name="e2e_tm_a_pca_Changing_output_encodings_of_font_size_does_not_generate_errors."/>
    <testcase time="1.30699999999999" classname="shinytest2_tm_a_pca" name="e2e_tm_a_pca_Changing_output_encodings_of_font_size_does_not_generate_errors."/>
    <testcase time="1.28100000000001" classname="shinytest2_tm_a_pca" name="e2e_tm_a_pca_Changing_output_encodings_of_font_size_does_not_generate_errors."/>
    <testcase time="60.53" classname="shinytest2_tm_a_pca" name="e2e_tm_a_pca_Changing_output_encodings_of_font_size_does_not_generate_errors."/>
  </testsuite>
  <testsuite name="shinytest2-tm_a_regression" timestamp="2026-01-16T14:47:45Z" hostname="b6291a0574d3" tests="31" skipped="0" failures="0" errors="0" time="87.942">
    <testcase time="9.27600000000001" classname="shinytest2_tm_a_regression" name="e2e_tm_a_regression_Data_parameter_and_module_label_is_passed_properly."/>
    <testcase time="0.00399999999999068" classname="shinytest2_tm_a_regression" name="e2e_tm_a_regression_Data_parameter_and_module_label_is_passed_properly."/>
    <testcase time="0.00399999999999068" classname="shinytest2_tm_a_regression" name="e2e_tm_a_regression_Data_parameter_and_module_label_is_passed_properly."/>
    <testcase time="9.32500000000002" classname="shinytest2_tm_a_regression" name="e2e_tm_a_regression_Data_extract_spec_elements_are_initialized_with_the_default_values_specified_by_response_and_regressor_arg."/>
    <testcase time="0.00399999999999068" classname="shinytest2_tm_a_regression" name="e2e_tm_a_regression_Data_extract_spec_elements_are_initialized_with_the_default_values_specified_by_response_and_regressor_arg."/>
    <testcase time="11.371" classname="shinytest2_tm_a_regression" name="e2e_tm_a_regression_Plot_type_is_set_properly."/>
    <testcase time="9.23099999999999" classname="shinytest2_tm_a_regression" name="e2e_tm_a_regression_Plot_type_has_7_specific_choices_changing_choices_does_not_throw_errors."/>
    <testcase time="2.053" classname="shinytest2_tm_a_regression" name="e2e_tm_a_regression_Plot_type_has_7_specific_choices_changing_choices_does_not_throw_errors."/>
    <testcase time="0.0010000000000332" classname="shinytest2_tm_a_regression" name="e2e_tm_a_regression_Plot_type_has_7_specific_choices_changing_choices_does_not_throw_errors."/>
    <testcase time="1.30899999999997" classname="shinytest2_tm_a_regression" name="e2e_tm_a_regression_Plot_type_has_7_specific_choices_changing_choices_does_not_throw_errors."/>
    <testcase time="0.00200000000000955" classname="shinytest2_tm_a_regression" name="e2e_tm_a_regression_Plot_type_has_7_specific_choices_changing_choices_does_not_throw_errors."/>
    <testcase time="1.42400000000004" classname="shinytest2_tm_a_regression" name="e2e_tm_a_regression_Plot_type_has_7_specific_choices_changing_choices_does_not_throw_errors."/>
    <testcase time="0.000999999999976353" classname="shinytest2_tm_a_regression" name="e2e_tm_a_regression_Plot_type_has_7_specific_choices_changing_choices_does_not_throw_errors."/>
    <testcase time="1.41800000000001" classname="shinytest2_tm_a_regression" name="e2e_tm_a_regression_Plot_type_has_7_specific_choices_changing_choices_does_not_throw_errors."/>
    <testcase time="0.000999999999976353" classname="shinytest2_tm_a_regression" name="e2e_tm_a_regression_Plot_type_has_7_specific_choices_changing_choices_does_not_throw_errors."/>
    <testcase time="1.32500000000005" classname="shinytest2_tm_a_regression" name="e2e_tm_a_regression_Plot_type_has_7_specific_choices_changing_choices_does_not_throw_errors."/>
    <testcase time="0.000999999999976353" classname="shinytest2_tm_a_regression" name="e2e_tm_a_regression_Plot_type_has_7_specific_choices_changing_choices_does_not_throw_errors."/>
    <testcase time="1.54000000000002" classname="shinytest2_tm_a_regression" name="e2e_tm_a_regression_Plot_type_has_7_specific_choices_changing_choices_does_not_throw_errors."/>
    <testcase time="0.000999999999976353" classname="shinytest2_tm_a_regression" name="e2e_tm_a_regression_Plot_type_has_7_specific_choices_changing_choices_does_not_throw_errors."/>
    <testcase time="1.49599999999998" classname="shinytest2_tm_a_regression" name="e2e_tm_a_regression_Plot_type_has_7_specific_choices_changing_choices_does_not_throw_errors."/>
    <testcase time="9.30799999999999" classname="shinytest2_tm_a_regression" name="e2e_tm_a_regression_Outlier_definition_and_label_are_visible_by_default."/>
    <testcase time="2.16300000000001" classname="shinytest2_tm_a_regression" name="e2e_tm_a_regression_Outlier_definition_and_label_are_visible_by_default."/>
    <testcase time="2.166" classname="shinytest2_tm_a_regression" name="e2e_tm_a_regression_Outlier_definition_and_label_are_visible_by_default."/>
    <testcase time="9.173" classname="shinytest2_tm_a_regression" name="e2e_tm_a_regression_Outlier_definition_and_label_have_default_values_and_label_text."/>
    <testcase time="0.0040000000000191" classname="shinytest2_tm_a_regression" name="e2e_tm_a_regression_Outlier_definition_and_label_have_default_values_and_label_text."/>
    <testcase time="0.00200000000000955" classname="shinytest2_tm_a_regression" name="e2e_tm_a_regression_Outlier_definition_and_label_have_default_values_and_label_text."/>
    <testcase time="0.00900000000001455" classname="shinytest2_tm_a_regression" name="e2e_tm_a_regression_Outlier_definition_and_label_have_default_values_and_label_text."/>
    <testcase time="0.0499999999999545" classname="shinytest2_tm_a_regression" name="e2e_tm_a_regression_Outlier_definition_and_label_have_default_values_and_label_text."/>
    <testcase time="13.11" classname="shinytest2_tm_a_regression" name="e2e_tm_a_regression_Unchecking_display_outlier_hides_outlier_label_and_definition."/>
    <testcase time="2.16500000000002" classname="shinytest2_tm_a_regression" name="e2e_tm_a_regression_Unchecking_display_outlier_hides_outlier_label_and_definition."/>
    <testcase time="0.00499999999999545" classname="shinytest2_tm_a_regression" name="e2e_tm_a_regression_Unchecking_display_outlier_hides_outlier_label_and_definition."/>
  </testsuite>
  <testsuite name="shinytest2-tm_data_table" timestamp="2026-01-16T14:49:13Z" hostname="b6291a0574d3" tests="10" skipped="0" failures="0" errors="0" time="37.568">
    <testcase time="8.35500000000002" classname="shinytest2_tm_data_table" name="e2e_tm_data_table_Initializes_without_errors"/>
    <testcase time="0.00399999999996226" classname="shinytest2_tm_data_table" name="e2e_tm_data_table_Initializes_without_errors"/>
    <testcase time="8.452" classname="shinytest2_tm_data_table" name="e2e_tm_data_table_Verify_checkbox_displayed_over_data_table"/>
    <testcase time="8.53100000000001" classname="shinytest2_tm_data_table" name="e2e_tm_data_table_Verify_module_displays_data_table"/>
    <testcase time="2.08100000000002" classname="shinytest2_tm_data_table" name="e2e_tm_data_table_Verify_module_displays_data_table"/>
    <testcase time="0.0190000000000055" classname="shinytest2_tm_data_table" name="e2e_tm_data_table_Verify_module_displays_data_table"/>
    <testcase time="0.879999999999995" classname="shinytest2_tm_data_table" name="e2e_tm_data_table_Verify_module_displays_data_table"/>
    <testcase time="8.41399999999999" classname="shinytest2_tm_data_table" name="e2e_tm_data_table_Verify_default_variable_selection_and_set_new_selection"/>
    <testcase time="0.822000000000003" classname="shinytest2_tm_data_table" name="e2e_tm_data_table_Verify_default_variable_selection_and_set_new_selection"/>
    <testcase time="0.00999999999999091" classname="shinytest2_tm_data_table" name="e2e_tm_data_table_Verify_default_variable_selection_and_set_new_selection"/>
  </testsuite>
  <testsuite name="shinytest2-tm_file_viewer" timestamp="2026-01-16T14:49:50Z" hostname="b6291a0574d3" tests="13" skipped="0" failures="0" errors="0" time="43.302">
    <testcase time="7.36400000000003" classname="shinytest2_tm_file_viewer" name="e2e_tm_file_viewer_Initializes_without_errors_and_shows_files_tree_specified_in_input_path_argument"/>
    <testcase time="0.00599999999997181" classname="shinytest2_tm_file_viewer" name="e2e_tm_file_viewer_Initializes_without_errors_and_shows_files_tree_specified_in_input_path_argument"/>
    <testcase time="2.05500000000001" classname="shinytest2_tm_file_viewer" name="e2e_tm_file_viewer_Initializes_without_errors_and_shows_files_tree_specified_in_input_path_argument"/>
    <testcase time="0.0040000000000191" classname="shinytest2_tm_file_viewer" name="e2e_tm_file_viewer_Initializes_without_errors_and_shows_files_tree_specified_in_input_path_argument"/>
    <testcase time="0.00399999999996226" classname="shinytest2_tm_file_viewer" name="e2e_tm_file_viewer_Initializes_without_errors_and_shows_files_tree_specified_in_input_path_argument"/>
    <testcase time="11.217" classname="shinytest2_tm_file_viewer" name="e2e_tm_file_viewer_Shows_selected_image_file"/>
    <testcase time="0.00599999999997181" classname="shinytest2_tm_file_viewer" name="e2e_tm_file_viewer_Shows_selected_image_file"/>
    <testcase time="11.179" classname="shinytest2_tm_file_viewer" name="e2e_tm_file_viewer_Shows_selected_text_file"/>
    <testcase time="0.00699999999994816" classname="shinytest2_tm_file_viewer" name="e2e_tm_file_viewer_Shows_selected_text_file"/>
    <testcase time="0.00300000000004275" classname="shinytest2_tm_file_viewer" name="e2e_tm_file_viewer_Shows_selected_text_file"/>
    <testcase time="0.0559999999999832" classname="shinytest2_tm_file_viewer" name="e2e_tm_file_viewer_Shows_selected_text_file"/>
    <testcase time="11.392" classname="shinytest2_tm_file_viewer" name="e2e_tm_file_viewer_Shows_selected_url"/>
    <testcase time="0.00900000000001455" classname="shinytest2_tm_file_viewer" name="e2e_tm_file_viewer_Shows_selected_url"/>
  </testsuite>
  <testsuite name="shinytest2-tm_front_page" timestamp="2026-01-16T14:50:34Z" hostname="b6291a0574d3" tests="9" skipped="0" failures="0" errors="0" time="33.408">
    <testcase time="8.03300000000002" classname="shinytest2_tm_front_page" name="e2e_tm_front_page_Initializes_without_errors_and_check_html_elements"/>
    <testcase time="0.00399999999996226" classname="shinytest2_tm_front_page" name="e2e_tm_front_page_Initializes_without_errors_and_check_html_elements"/>
    <testcase time="0.00600000000002865" classname="shinytest2_tm_front_page" name="e2e_tm_front_page_Initializes_without_errors_and_check_html_elements"/>
    <testcase time="0.00599999999997181" classname="shinytest2_tm_front_page" name="e2e_tm_front_page_Initializes_without_errors_and_check_html_elements"/>
    <testcase time="8.12900000000002" classname="shinytest2_tm_front_page" name="e2e_tm_front_page_Verify_the_module_displays_tables"/>
    <testcase time="2.072" classname="shinytest2_tm_front_page" name="e2e_tm_front_page_Verify_the_module_displays_tables"/>
    <testcase time="0.0529999999999973" classname="shinytest2_tm_front_page" name="e2e_tm_front_page_Verify_the_module_displays_tables"/>
    <testcase time="2.06799999999998" classname="shinytest2_tm_front_page" name="e2e_tm_front_page_Verify_the_module_displays_tables"/>
    <testcase time="13.037" classname="shinytest2_tm_front_page" name="e2e_tm_front_page_Verify_the_module_displays_metadata"/>
  </testsuite>
  <testsuite name="shinytest2-tm_g_association" timestamp="2026-01-16T14:51:07Z" hostname="b6291a0574d3" tests="4" skipped="4" failures="0" errors="0" time="0.149">
    <testcase time="0.0909999999999513" classname="shinytest2_tm_g_association" name="e2e_tm_g_association_Data_parameter_and_module_label_is_passed_properly.">
      <skipped message="Reason: ggmosaic issue: will be resumed via the issue #925 in tmg ('test-shinytest2-tm_g_association.R:51:3')"/>
    </testcase>
    <testcase time="0.0220000000000482" classname="shinytest2_tm_g_association" name="e2e_tm_g_association_Data_extract_spec_elements_are_initialized_with_the_default_values_specified_by_ref_and_vars_arguments.">
      <skipped message="Reason: ggmosaic issue: will be resumed via the issue  ('test-shinytest2-tm_g_association.R:68:3')"/>
    </testcase>
    <testcase time="0.0219999999999914" classname="shinytest2_tm_g_association" name="e2e_tm_g_association_Module_plot_is_visible.">
      <skipped message="Reason: ggmosaic issue: will be resumed via the issue  ('test-shinytest2-tm_g_association.R:90:3')"/>
    </testcase>
    <testcase time="0.01400000000001" classname="shinytest2_tm_g_association" name="e2e_tm_g_association_Check_and_set_default_values_for_radio_buttons.">
      <skipped message="Reason: ggmosaic issue: will be resumed via the issue  ('test-shinytest2-tm_g_association.R:100:3')"/>
    </testcase>
  </testsuite>
  <testsuite name="shinytest2-tm_g_bivariate" timestamp="2026-01-16T14:51:07Z" hostname="b6291a0574d3" tests="44" skipped="0" failures="0" errors="0" time="103.057">
    <testcase time="9.84399999999999" classname="shinytest2_tm_g_bivariate" name="e2e_tm_g_bivariate_Module_is_initialised_with_the_specified_defaults."/>
    <testcase time="0.00899999999995771" classname="shinytest2_tm_g_bivariate" name="e2e_tm_g_bivariate_Module_is_initialised_with_the_specified_defaults."/>
    <testcase time="0.049000000000035" classname="shinytest2_tm_g_bivariate" name="e2e_tm_g_bivariate_Module_is_initialised_with_the_specified_defaults."/>
    <testcase time="0.0509999999999877" classname="shinytest2_tm_g_bivariate" name="e2e_tm_g_bivariate_Module_is_initialised_with_the_specified_defaults."/>
    <testcase time="0.0500000000000114" classname="shinytest2_tm_g_bivariate" name="e2e_tm_g_bivariate_Module_is_initialised_with_the_specified_defaults."/>
    <testcase time="0.0489999999999782" classname="shinytest2_tm_g_bivariate" name="e2e_tm_g_bivariate_Module_is_initialised_with_the_specified_defaults."/>
    <testcase time="0.0509999999999877" classname="shinytest2_tm_g_bivariate" name="e2e_tm_g_bivariate_Module_is_initialised_with_the_specified_defaults."/>
    <testcase time="0.0480000000000018" classname="shinytest2_tm_g_bivariate" name="e2e_tm_g_bivariate_Module_is_initialised_with_the_specified_defaults."/>
    <testcase time="0.0500000000000114" classname="shinytest2_tm_g_bivariate" name="e2e_tm_g_bivariate_Module_is_initialised_with_the_specified_defaults."/>
    <testcase time="0.0500000000000114" classname="shinytest2_tm_g_bivariate" name="e2e_tm_g_bivariate_Module_is_initialised_with_the_specified_defaults."/>
    <testcase time="0.0509999999999877" classname="shinytest2_tm_g_bivariate" name="e2e_tm_g_bivariate_Module_is_initialised_with_the_specified_defaults."/>
    <testcase time="0.0509999999999877" classname="shinytest2_tm_g_bivariate" name="e2e_tm_g_bivariate_Module_is_initialised_with_the_specified_defaults."/>
    <testcase time="0.0520000000000209" classname="shinytest2_tm_g_bivariate" name="e2e_tm_g_bivariate_Module_is_initialised_with_the_specified_defaults."/>
    <testcase time="0.0509999999999877" classname="shinytest2_tm_g_bivariate" name="e2e_tm_g_bivariate_Module_is_initialised_with_the_specified_defaults."/>
    <testcase time="0.0509999999999877" classname="shinytest2_tm_g_bivariate" name="e2e_tm_g_bivariate_Module_is_initialised_with_the_specified_defaults."/>
    <testcase time="0.0500000000000114" classname="shinytest2_tm_g_bivariate" name="e2e_tm_g_bivariate_Module_is_initialised_with_the_specified_defaults."/>
    <testcase time="0.0500000000000114" classname="shinytest2_tm_g_bivariate" name="e2e_tm_g_bivariate_Module_is_initialised_with_the_specified_defaults."/>
    <testcase time="0.0509999999999877" classname="shinytest2_tm_g_bivariate" name="e2e_tm_g_bivariate_Module_is_initialised_with_the_specified_defaults."/>
    <testcase time="12.047" classname="shinytest2_tm_g_bivariate" name="e2e_tm_g_bivariate_Coloring_options_are_hidden_when_coloring_is_toggled_off."/>
    <testcase time="2.19200000000001" classname="shinytest2_tm_g_bivariate" name="e2e_tm_g_bivariate_Coloring_options_are_hidden_when_coloring_is_toggled_off."/>
    <testcase time="2.197" classname="shinytest2_tm_g_bivariate" name="e2e_tm_g_bivariate_Coloring_options_are_hidden_when_coloring_is_toggled_off."/>
    <testcase time="3.54599999999999" classname="shinytest2_tm_g_bivariate" name="e2e_tm_g_bivariate_Coloring_options_are_hidden_when_coloring_is_toggled_off."/>
    <testcase time="2.18799999999999" classname="shinytest2_tm_g_bivariate" name="e2e_tm_g_bivariate_Coloring_options_are_hidden_when_coloring_is_toggled_off."/>
    <testcase time="2.19400000000002" classname="shinytest2_tm_g_bivariate" name="e2e_tm_g_bivariate_Coloring_options_are_hidden_when_coloring_is_toggled_off."/>
    <testcase time="12.014" classname="shinytest2_tm_g_bivariate" name="e2e_tm_g_bivariate_Facetting_options_are_hidden_when_facet_is_toggled_off."/>
    <testcase time="2.19399999999996" classname="shinytest2_tm_g_bivariate" name="e2e_tm_g_bivariate_Facetting_options_are_hidden_when_facet_is_toggled_off."/>
    <testcase time="2.19300000000004" classname="shinytest2_tm_g_bivariate" name="e2e_tm_g_bivariate_Facetting_options_are_hidden_when_facet_is_toggled_off."/>
    <testcase time="2.19499999999999" classname="shinytest2_tm_g_bivariate" name="e2e_tm_g_bivariate_Facetting_options_are_hidden_when_facet_is_toggled_off."/>
    <testcase time="3.33699999999999" classname="shinytest2_tm_g_bivariate" name="e2e_tm_g_bivariate_Facetting_options_are_hidden_when_facet_is_toggled_off."/>
    <testcase time="2.18700000000001" classname="shinytest2_tm_g_bivariate" name="e2e_tm_g_bivariate_Facetting_options_are_hidden_when_facet_is_toggled_off."/>
    <testcase time="2.19099999999997" classname="shinytest2_tm_g_bivariate" name="e2e_tm_g_bivariate_Facetting_options_are_hidden_when_facet_is_toggled_off."/>
    <testcase time="2.18700000000001" classname="shinytest2_tm_g_bivariate" name="e2e_tm_g_bivariate_Facetting_options_are_hidden_when_facet_is_toggled_off."/>
    <testcase time="11.578" classname="shinytest2_tm_g_bivariate" name="e2e_tm_g_bivariate_Setting_encoding_inputs_produces_outputs_without_validation_errors."/>
    <testcase time="0.524000000000001" classname="shinytest2_tm_g_bivariate" name="e2e_tm_g_bivariate_Setting_encoding_inputs_produces_outputs_without_validation_errors."/>
    <testcase time="1.46699999999998" classname="shinytest2_tm_g_bivariate" name="e2e_tm_g_bivariate_Setting_encoding_inputs_produces_outputs_without_validation_errors."/>
    <testcase time="2.98899999999998" classname="shinytest2_tm_g_bivariate" name="e2e_tm_g_bivariate_Setting_encoding_inputs_produces_outputs_without_validation_errors."/>
    <testcase time="1.71800000000007" classname="shinytest2_tm_g_bivariate" name="e2e_tm_g_bivariate_Setting_encoding_inputs_produces_outputs_without_validation_errors."/>
    <testcase time="2.89199999999994" classname="shinytest2_tm_g_bivariate" name="e2e_tm_g_bivariate_Setting_encoding_inputs_produces_outputs_without_validation_errors."/>
    <testcase time="2.923" classname="shinytest2_tm_g_bivariate" name="e2e_tm_g_bivariate_Setting_encoding_inputs_produces_outputs_without_validation_errors."/>
    <testcase time="2.97400000000005" classname="shinytest2_tm_g_bivariate" name="e2e_tm_g_bivariate_Setting_encoding_inputs_produces_outputs_without_validation_errors."/>
    <testcase time="3.00699999999995" classname="shinytest2_tm_g_bivariate" name="e2e_tm_g_bivariate_Setting_encoding_inputs_produces_outputs_without_validation_errors."/>
    <testcase time="3.16499999999996" classname="shinytest2_tm_g_bivariate" name="e2e_tm_g_bivariate_Setting_encoding_inputs_produces_outputs_without_validation_errors."/>
    <testcase time="3.37600000000009" classname="shinytest2_tm_g_bivariate" name="e2e_tm_g_bivariate_Setting_encoding_inputs_produces_outputs_without_validation_errors."/>
    <testcase time="2.92399999999998" classname="shinytest2_tm_g_bivariate" name="e2e_tm_g_bivariate_Setting_encoding_inputs_produces_outputs_without_validation_errors."/>
  </testsuite>
  <testsuite name="shinytest2-tm_g_distribution" timestamp="2026-01-16T14:53:57Z" hostname="b6291a0574d3" tests="20" skipped="0" failures="0" errors="0" time="116.895">
    <testcase time="76.404" classname="shinytest2_tm_g_distribution" name="e2e_tm_g_distribution_Module_is_initialised_with_the_specified_defaults."/>
    <testcase time="0.0489999999999782" classname="shinytest2_tm_g_distribution" name="e2e_tm_g_distribution_Module_is_initialised_with_the_specified_defaults."/>
    <testcase time="0.0510000000000446" classname="shinytest2_tm_g_distribution" name="e2e_tm_g_distribution_Module_is_initialised_with_the_specified_defaults."/>
    <testcase time="0.0499999999999545" classname="shinytest2_tm_g_distribution" name="e2e_tm_g_distribution_Module_is_initialised_with_the_specified_defaults."/>
    <testcase time="0.0510000000000446" classname="shinytest2_tm_g_distribution" name="e2e_tm_g_distribution_Module_is_initialised_with_the_specified_defaults."/>
    <testcase time="0.0489999999999782" classname="shinytest2_tm_g_distribution" name="e2e_tm_g_distribution_Module_is_initialised_with_the_specified_defaults."/>
    <testcase time="0.0500000000000682" classname="shinytest2_tm_g_distribution" name="e2e_tm_g_distribution_Module_is_initialised_with_the_specified_defaults."/>
    <testcase time="0.0489999999999782" classname="shinytest2_tm_g_distribution" name="e2e_tm_g_distribution_Module_is_initialised_with_the_specified_defaults."/>
    <testcase time="0.0489999999999782" classname="shinytest2_tm_g_distribution" name="e2e_tm_g_distribution_Module_is_initialised_with_the_specified_defaults."/>
    <testcase time="0.706000000000017" classname="shinytest2_tm_g_distribution" name="e2e_tm_g_distribution_Module_is_initialised_with_the_specified_defaults."/>
    <testcase time="10.625" classname="shinytest2_tm_g_distribution" name="e2e_tm_g_distribution_Histogram_encoding_inputs_produce_output_without_validation_errors."/>
    <testcase time="3.03699999999992" classname="shinytest2_tm_g_distribution" name="e2e_tm_g_distribution_Histogram_encoding_inputs_produce_output_without_validation_errors."/>
    <testcase time="2.04000000000008" classname="shinytest2_tm_g_distribution" name="e2e_tm_g_distribution_Histogram_encoding_inputs_produce_output_without_validation_errors."/>
    <testcase time="1.20899999999995" classname="shinytest2_tm_g_distribution" name="e2e_tm_g_distribution_Histogram_encoding_inputs_produce_output_without_validation_errors."/>
    <testcase time="2.38099999999997" classname="shinytest2_tm_g_distribution" name="e2e_tm_g_distribution_Histogram_encoding_inputs_produce_output_without_validation_errors."/>
    <testcase time="2.17800000000011" classname="shinytest2_tm_g_distribution" name="e2e_tm_g_distribution_Histogram_encoding_inputs_produce_output_without_validation_errors."/>
    <testcase time="1.31099999999992" classname="shinytest2_tm_g_distribution" name="e2e_tm_g_distribution_Histogram_encoding_inputs_produce_output_without_validation_errors."/>
    <testcase time="1.274" classname="shinytest2_tm_g_distribution" name="e2e_tm_g_distribution_Histogram_encoding_inputs_produce_output_without_validation_errors."/>
    <testcase time="10.7" classname="shinytest2_tm_g_distribution" name="e2e_tm_g_distribution_QQ_plot_encoding_inputs_produce_output_without_validation_errors."/>
    <testcase time="4.63199999999995" classname="shinytest2_tm_g_distribution" name="e2e_tm_g_distribution_QQ_plot_encoding_inputs_produce_output_without_validation_errors."/>
  </testsuite>
  <testsuite name="shinytest2-tm_g_response" timestamp="2026-01-16T14:54:47Z" hostname="b6291a0574d3" tests="17" skipped="0" failures="0" errors="0" time="47.94">
    <testcase time="9.20100000000002" classname="shinytest2_tm_g_response" name="e2e_tm_g_response_module_is_initialised_with_the_specified_defaults."/>
    <testcase time="0.0510000000000446" classname="shinytest2_tm_g_response" name="e2e_tm_g_response_module_is_initialised_with_the_specified_defaults."/>
    <testcase time="0.0499999999999545" classname="shinytest2_tm_g_response" name="e2e_tm_g_response_module_is_initialised_with_the_specified_defaults."/>
    <testcase time="0.0499999999999545" classname="shinytest2_tm_g_response" name="e2e_tm_g_response_module_is_initialised_with_the_specified_defaults."/>
    <testcase time="0.0510000000000446" classname="shinytest2_tm_g_response" name="e2e_tm_g_response_module_is_initialised_with_the_specified_defaults."/>
    <testcase time="0.0499999999999545" classname="shinytest2_tm_g_response" name="e2e_tm_g_response_module_is_initialised_with_the_specified_defaults."/>
    <testcase time="0.0500000000000682" classname="shinytest2_tm_g_response" name="e2e_tm_g_response_module_is_initialised_with_the_specified_defaults."/>
    <testcase time="0.0489999999999782" classname="shinytest2_tm_g_response" name="e2e_tm_g_response_module_is_initialised_with_the_specified_defaults."/>
    <testcase time="10.946" classname="shinytest2_tm_g_response" name="e2e_tm_g_response_encoding_inputs_produce_output_without_validation_errors."/>
    <testcase time="1.45299999999997" classname="shinytest2_tm_g_response" name="e2e_tm_g_response_encoding_inputs_produce_output_without_validation_errors."/>
    <testcase time="1.38300000000004" classname="shinytest2_tm_g_response" name="e2e_tm_g_response_encoding_inputs_produce_output_without_validation_errors."/>
    <testcase time="1.25" classname="shinytest2_tm_g_response" name="e2e_tm_g_response_encoding_inputs_produce_output_without_validation_errors."/>
    <testcase time="1.22299999999996" classname="shinytest2_tm_g_response" name="e2e_tm_g_response_encoding_inputs_produce_output_without_validation_errors."/>
    <testcase time="1.21900000000005" classname="shinytest2_tm_g_response" name="e2e_tm_g_response_encoding_inputs_produce_output_without_validation_errors."/>
    <testcase time="1.26699999999994" classname="shinytest2_tm_g_response" name="e2e_tm_g_response_encoding_inputs_produce_output_without_validation_errors."/>
    <testcase time="9.77100000000007" classname="shinytest2_tm_g_response" name="e2e_tm_g_response_deselecting_response_produces_validation_error."/>
    <testcase time="9.87599999999998" classname="shinytest2_tm_g_response" name="e2e_tm_g_response_deselecting_x_produces_validation_error."/>
  </testsuite>
  <testsuite name="shinytest2-tm_g_scatterplot" timestamp="2026-01-16T14:55:35Z" hostname="b6291a0574d3" tests="35" skipped="0" failures="0" errors="0" time="139.382">
    <testcase time="9.09199999999998" classname="shinytest2_tm_g_scatterplot" name="e2e_tm_g_scatterplot_Module_is_initialised_with_the_specified_defaults."/>
    <testcase time="0.00900000000001455" classname="shinytest2_tm_g_scatterplot" name="e2e_tm_g_scatterplot_Module_is_initialised_with_the_specified_defaults."/>
    <testcase time="0.0489999999999782" classname="shinytest2_tm_g_scatterplot" name="e2e_tm_g_scatterplot_Module_is_initialised_with_the_specified_defaults."/>
    <testcase time="0.0499999999999545" classname="shinytest2_tm_g_scatterplot" name="e2e_tm_g_scatterplot_Module_is_initialised_with_the_specified_defaults."/>
    <testcase time="0.0510000000000446" classname="shinytest2_tm_g_scatterplot" name="e2e_tm_g_scatterplot_Module_is_initialised_with_the_specified_defaults."/>
    <testcase time="0.0520000000000209" classname="shinytest2_tm_g_scatterplot" name="e2e_tm_g_scatterplot_Module_is_initialised_with_the_specified_defaults."/>
    <testcase time="0.0499999999999545" classname="shinytest2_tm_g_scatterplot" name="e2e_tm_g_scatterplot_Module_is_initialised_with_the_specified_defaults."/>
    <testcase time="0.0510000000000446" classname="shinytest2_tm_g_scatterplot" name="e2e_tm_g_scatterplot_Module_is_initialised_with_the_specified_defaults."/>
    <testcase time="0.0509999999999309" classname="shinytest2_tm_g_scatterplot" name="e2e_tm_g_scatterplot_Module_is_initialised_with_the_specified_defaults."/>
    <testcase time="0.0500000000000682" classname="shinytest2_tm_g_scatterplot" name="e2e_tm_g_scatterplot_Module_is_initialised_with_the_specified_defaults."/>
    <testcase time="0.0489999999999782" classname="shinytest2_tm_g_scatterplot" name="e2e_tm_g_scatterplot_Module_is_initialised_with_the_specified_defaults."/>
    <testcase time="0.0489999999999782" classname="shinytest2_tm_g_scatterplot" name="e2e_tm_g_scatterplot_Module_is_initialised_with_the_specified_defaults."/>
    <testcase time="0.0489999999999782" classname="shinytest2_tm_g_scatterplot" name="e2e_tm_g_scatterplot_Module_is_initialised_with_the_specified_defaults."/>
    <testcase time="0.0500000000000682" classname="shinytest2_tm_g_scatterplot" name="e2e_tm_g_scatterplot_Module_is_initialised_with_the_specified_defaults."/>
    <testcase time="0.0509999999999309" classname="shinytest2_tm_g_scatterplot" name="e2e_tm_g_scatterplot_Module_is_initialised_with_the_specified_defaults."/>
    <testcase time="0.0500000000000682" classname="shinytest2_tm_g_scatterplot" name="e2e_tm_g_scatterplot_Module_is_initialised_with_the_specified_defaults."/>
    <testcase time="10.444" classname="shinytest2_tm_g_scatterplot" name="e2e_tm_g_scatterplot_Base_for_the_log_transformation_can_be_applied."/>
    <testcase time="1.01200000000006" classname="shinytest2_tm_g_scatterplot" name="e2e_tm_g_scatterplot_Base_for_the_log_transformation_can_be_applied."/>
    <testcase time="1.23099999999999" classname="shinytest2_tm_g_scatterplot" name="e2e_tm_g_scatterplot_Base_for_the_log_transformation_can_be_applied."/>
    <testcase time="0.977999999999952" classname="shinytest2_tm_g_scatterplot" name="e2e_tm_g_scatterplot_Base_for_the_log_transformation_can_be_applied."/>
    <testcase time="11.182" classname="shinytest2_tm_g_scatterplot" name="e2e_tm_g_scatterplot_The_log_transform_is_only_possible_for_positive_numeric_vars."/>
    <testcase time="1.29100000000005" classname="shinytest2_tm_g_scatterplot" name="e2e_tm_g_scatterplot_The_log_transform_is_only_possible_for_positive_numeric_vars."/>
    <testcase time="1.66899999999998" classname="shinytest2_tm_g_scatterplot" name="e2e_tm_g_scatterplot_The_log_transform_is_only_possible_for_positive_numeric_vars."/>
    <testcase time="11.8729999999999" classname="shinytest2_tm_g_scatterplot" name="e2e_tm_g_scatterplot_Get_validation_error_when_facetting_with_the_same_row_col_variable."/>
    <testcase time="10.551" classname="shinytest2_tm_g_scatterplot" name="e2e_tm_g_scatterplot_The_encoding_inputs_are_set_without_validation_errors."/>
    <testcase time="1.40800000000002" classname="shinytest2_tm_g_scatterplot" name="e2e_tm_g_scatterplot_The_encoding_inputs_are_set_without_validation_errors."/>
    <testcase time="1.54999999999995" classname="shinytest2_tm_g_scatterplot" name="e2e_tm_g_scatterplot_The_encoding_inputs_are_set_without_validation_errors."/>
    <testcase time="1.81500000000005" classname="shinytest2_tm_g_scatterplot" name="e2e_tm_g_scatterplot_The_encoding_inputs_are_set_without_validation_errors."/>
    <testcase time="1.71600000000001" classname="shinytest2_tm_g_scatterplot" name="e2e_tm_g_scatterplot_The_encoding_inputs_are_set_without_validation_errors."/>
    <testcase time="1.7349999999999" classname="shinytest2_tm_g_scatterplot" name="e2e_tm_g_scatterplot_The_encoding_inputs_are_set_without_validation_errors."/>
    <testcase time="1.71300000000008" classname="shinytest2_tm_g_scatterplot" name="e2e_tm_g_scatterplot_The_encoding_inputs_are_set_without_validation_errors."/>
    <testcase time="60.53" classname="shinytest2_tm_g_scatterplot" name="e2e_tm_g_scatterplot_The_encoding_inputs_are_set_without_validation_errors."/>
    <testcase time="1.88199999999995" classname="shinytest2_tm_g_scatterplot" name="e2e_tm_g_scatterplot_The_encoding_inputs_are_set_without_validation_errors."/>
    <testcase time="3.98900000000003" classname="shinytest2_tm_g_scatterplot" name="e2e_tm_g_scatterplot_The_encoding_inputs_are_set_without_validation_errors."/>
    <testcase time="3.00999999999999" classname="shinytest2_tm_g_scatterplot" name="e2e_tm_g_scatterplot_The_encoding_inputs_are_set_without_validation_errors."/>
  </testsuite>
  <testsuite name="shinytest2-tm_g_scatterplotmatrix" timestamp="2026-01-16T14:57:54Z" hostname="b6291a0574d3" tests="9" skipped="0" failures="0" errors="0" time="46.317">
    <testcase time="9.67399999999998" classname="shinytest2_tm_g_scatterplotmatrix" name="e2e_tm_g_scatterplotmatrix_Initializes_without_errors"/>
    <testcase time="0.00499999999999545" classname="shinytest2_tm_g_scatterplotmatrix" name="e2e_tm_g_scatterplotmatrix_Initializes_without_errors"/>
    <testcase time="0.0040000000000191" classname="shinytest2_tm_g_scatterplotmatrix" name="e2e_tm_g_scatterplotmatrix_Initializes_without_errors"/>
    <testcase time="11.835" classname="shinytest2_tm_g_scatterplotmatrix" name="e2e_tm_g_scatterplotmatrix_Verify_module_displays_data_table"/>
    <testcase time="9.61000000000001" classname="shinytest2_tm_g_scatterplotmatrix" name="e2e_tm_g_scatterplotmatrix_Verify_default_values_and_settings_data_extracts_for_data_selection"/>
    <testcase time="0.000999999999976353" classname="shinytest2_tm_g_scatterplotmatrix" name="e2e_tm_g_scatterplotmatrix_Verify_default_values_and_settings_data_extracts_for_data_selection"/>
    <testcase time="1.43100000000004" classname="shinytest2_tm_g_scatterplotmatrix" name="e2e_tm_g_scatterplotmatrix_Verify_default_values_and_settings_data_extracts_for_data_selection"/>
    <testcase time="11.12" classname="shinytest2_tm_g_scatterplotmatrix" name="e2e_tm_g_scatterplotmatrix_Change_plot_settings"/>
    <testcase time="2.63699999999994" classname="shinytest2_tm_g_scatterplotmatrix" name="e2e_tm_g_scatterplotmatrix_Change_plot_settings"/>
  </testsuite>
  <testsuite name="shinytest2-tm_missing_data" timestamp="2026-01-16T14:58:41Z" hostname="b6291a0574d3" tests="22" skipped="0" failures="0" errors="0" time="69.996">
    <testcase time="10.741" classname="shinytest2_tm_missing_data" name="e2e_tm_missing_data_Initializes_without_errors"/>
    <testcase time="0.0040000000000191" classname="shinytest2_tm_missing_data" name="e2e_tm_missing_data_Initializes_without_errors"/>
    <testcase time="0.0040000000000191" classname="shinytest2_tm_missing_data" name="e2e_tm_missing_data_Initializes_without_errors"/>
    <testcase time="10.8579999999999" classname="shinytest2_tm_missing_data" name="e2e_tm_missing_data_Default_settings_and_visibility_of_the_summary_graph"/>
    <testcase time="0.0500000000000682" classname="shinytest2_tm_missing_data" name="e2e_tm_missing_data_Default_settings_and_visibility_of_the_summary_graph"/>
    <testcase time="3.21100000000001" classname="shinytest2_tm_missing_data" name="e2e_tm_missing_data_Default_settings_and_visibility_of_the_summary_graph"/>
    <testcase time="3.22899999999993" classname="shinytest2_tm_missing_data" name="e2e_tm_missing_data_Default_settings_and_visibility_of_the_summary_graph"/>
    <testcase time="2.62200000000007" classname="shinytest2_tm_missing_data" name="e2e_tm_missing_data_Default_settings_and_visibility_of_the_summary_graph"/>
    <testcase time="10.732" classname="shinytest2_tm_missing_data" name="e2e_tm_missing_data_Check_default_settings_and_visibility_of_the_combinations_graph_and_encodings"/>
    <testcase time="2.50900000000001" classname="shinytest2_tm_missing_data" name="e2e_tm_missing_data_Check_default_settings_and_visibility_of_the_combinations_graph_and_encodings"/>
    <testcase time="2.63199999999995" classname="shinytest2_tm_missing_data" name="e2e_tm_missing_data_Check_default_settings_and_visibility_of_the_combinations_graph_and_encodings"/>
    <testcase time="2.12100000000009" classname="shinytest2_tm_missing_data" name="e2e_tm_missing_data_Check_default_settings_and_visibility_of_the_combinations_graph_and_encodings"/>
    <testcase time="0.00899999999990087" classname="shinytest2_tm_missing_data" name="e2e_tm_missing_data_Check_default_settings_and_visibility_of_the_combinations_graph_and_encodings"/>
    <testcase time="1.99200000000008" classname="shinytest2_tm_missing_data" name="e2e_tm_missing_data_Check_default_settings_and_visibility_of_the_combinations_graph_and_encodings"/>
    <testcase time="0.00599999999997181" classname="shinytest2_tm_missing_data" name="e2e_tm_missing_data_Check_default_settings_and_visibility_of_the_combinations_graph_and_encodings"/>
    <testcase time="12.4639999999999" classname="shinytest2_tm_missing_data" name="e2e_tm_missing_data_Validate_functionality_and_UI_response_for_By_Variable_Levels_"/>
    <testcase time="0.51400000000001" classname="shinytest2_tm_missing_data" name="e2e_tm_missing_data_Validate_functionality_and_UI_response_for_By_Variable_Levels_"/>
    <testcase time="0.0490000000000919" classname="shinytest2_tm_missing_data" name="e2e_tm_missing_data_Validate_functionality_and_UI_response_for_By_Variable_Levels_"/>
    <testcase time="1.52299999999991" classname="shinytest2_tm_missing_data" name="e2e_tm_missing_data_Validate_functionality_and_UI_response_for_By_Variable_Levels_"/>
    <testcase time="0.514999999999986" classname="shinytest2_tm_missing_data" name="e2e_tm_missing_data_Validate_functionality_and_UI_response_for_By_Variable_Levels_"/>
    <testcase time="4.20200000000011" classname="shinytest2_tm_missing_data" name="e2e_tm_missing_data_Validate_functionality_and_UI_response_for_By_Variable_Levels_"/>
    <testcase time="0.00899999999990087" classname="shinytest2_tm_missing_data" name="e2e_tm_missing_data_Validate_functionality_and_UI_response_for_By_Variable_Levels_"/>
  </testsuite>
  <testsuite name="shinytest2-tm_outliers" timestamp="2026-01-16T14:59:51Z" hostname="b6291a0574d3" tests="61" skipped="0" failures="0" errors="0" time="174.875">
    <testcase time="11.9390000000001" classname="shinytest2_tm_outliers" name="e2e_tm_outliers_Data_parameter_and_module_label_is_passed_properly."/>
    <testcase time="0.0040000000000191" classname="shinytest2_tm_outliers" name="e2e_tm_outliers_Data_parameter_and_module_label_is_passed_properly."/>
    <testcase time="0.00299999999992906" classname="shinytest2_tm_outliers" name="e2e_tm_outliers_Data_parameter_and_module_label_is_passed_properly."/>
    <testcase time="0.000999999999976353" classname="shinytest2_tm_outliers" name="e2e_tm_outliers_Data_parameter_and_module_label_is_passed_properly."/>
    <testcase time="12.083" classname="shinytest2_tm_outliers" name="e2e_tm_outliers_Data_extract_spec_elements_are_initialized_with_the_default_values_specified_by_outlier_var_and_categorical_var_argument."/>
    <testcase time="0.00900000000001455" classname="shinytest2_tm_outliers" name="e2e_tm_outliers_Data_extract_spec_elements_are_initialized_with_the_default_values_specified_by_outlier_var_and_categorical_var_argument."/>
    <testcase time="2.25099999999998" classname="shinytest2_tm_outliers" name="e2e_tm_outliers_Data_extract_spec_elements_are_initialized_with_the_default_values_specified_by_outlier_var_and_categorical_var_argument."/>
    <testcase time="0.00999999999999091" classname="shinytest2_tm_outliers" name="e2e_tm_outliers_Data_extract_spec_elements_are_initialized_with_the_default_values_specified_by_outlier_var_and_categorical_var_argument."/>
    <testcase time="0.0500000000000682" classname="shinytest2_tm_outliers" name="e2e_tm_outliers_Data_extract_spec_elements_are_initialized_with_the_default_values_specified_by_outlier_var_and_categorical_var_argument."/>
    <testcase time="1.53499999999997" classname="shinytest2_tm_outliers" name="e2e_tm_outliers_Data_extract_spec_elements_are_initialized_with_the_default_values_specified_by_outlier_var_and_categorical_var_argument."/>
    <testcase time="0.808999999999969" classname="shinytest2_tm_outliers" name="e2e_tm_outliers_Data_extract_spec_elements_are_initialized_with_the_default_values_specified_by_outlier_var_and_categorical_var_argument."/>
    <testcase time="11.9690000000001" classname="shinytest2_tm_outliers" name="e2e_tm_outliers_Plot_type_is_correctly_set_by_default_and_has_appropriate_possible_options."/>
    <testcase time="0.00799999999992451" classname="shinytest2_tm_outliers" name="e2e_tm_outliers_Plot_type_is_correctly_set_by_default_and_has_appropriate_possible_options."/>
    <testcase time="0.0040000000000191" classname="shinytest2_tm_outliers" name="e2e_tm_outliers_Plot_type_is_correctly_set_by_default_and_has_appropriate_possible_options."/>
    <testcase time="2.19100000000003" classname="shinytest2_tm_outliers" name="e2e_tm_outliers_Plot_type_is_correctly_set_by_default_and_has_appropriate_possible_options."/>
    <testcase time="11.874" classname="shinytest2_tm_outliers" name="e2e_tm_outliers_Module_is_divided_into_3_tabs."/>
    <testcase time="0.00900000000001455" classname="shinytest2_tm_outliers" name="e2e_tm_outliers_Module_is_divided_into_3_tabs."/>
    <testcase time="0.00599999999997181" classname="shinytest2_tm_outliers" name="e2e_tm_outliers_Module_is_divided_into_3_tabs."/>
    <testcase time="11.995" classname="shinytest2_tm_outliers" name="e2e_tm_outliers_Plot_type_is_hidden_when_Boxplot_tab_is_not_selected."/>
    <testcase time="2.20499999999993" classname="shinytest2_tm_outliers" name="e2e_tm_outliers_Plot_type_is_hidden_when_Boxplot_tab_is_not_selected."/>
    <testcase time="4.65700000000015" classname="shinytest2_tm_outliers" name="e2e_tm_outliers_Plot_type_is_hidden_when_Boxplot_tab_is_not_selected."/>
    <testcase time="4.58199999999988" classname="shinytest2_tm_outliers" name="e2e_tm_outliers_Plot_type_is_hidden_when_Boxplot_tab_is_not_selected."/>
    <testcase time="11.9590000000001" classname="shinytest2_tm_outliers" name="e2e_tm_outliers_Default_radio_buttons_are_set_properly."/>
    <testcase time="0.0109999999999673" classname="shinytest2_tm_outliers" name="e2e_tm_outliers_Default_radio_buttons_are_set_properly."/>
    <testcase time="0.0499999999999545" classname="shinytest2_tm_outliers" name="e2e_tm_outliers_Default_radio_buttons_are_set_properly."/>
    <testcase time="4.47000000000003" classname="shinytest2_tm_outliers" name="e2e_tm_outliers_Default_radio_buttons_are_set_properly."/>
    <testcase time="11.9300000000001" classname="shinytest2_tm_outliers" name="e2e_tm_outliers_Method_parameters_are_set_properly."/>
    <testcase time="0.0080000000000382" classname="shinytest2_tm_outliers" name="e2e_tm_outliers_Method_parameters_are_set_properly."/>
    <testcase time="0.00399999999990541" classname="shinytest2_tm_outliers" name="e2e_tm_outliers_Method_parameters_are_set_properly."/>
    <testcase time="0.000999999999976353" classname="shinytest2_tm_outliers" name="e2e_tm_outliers_Method_parameters_are_set_properly."/>
    <testcase time="11.9349999999999" classname="shinytest2_tm_outliers" name="e2e_tm_outliers_Outlier_definition_text_and_range_are_displayed_properly_depending_on_method."/>
    <testcase time="2.20700000000011" classname="shinytest2_tm_outliers" name="e2e_tm_outliers_Outlier_definition_text_and_range_are_displayed_properly_depending_on_method."/>
    <testcase time="2.2059999999999" classname="shinytest2_tm_outliers" name="e2e_tm_outliers_Outlier_definition_text_and_range_are_displayed_properly_depending_on_method."/>
    <testcase time="2.20400000000018" classname="shinytest2_tm_outliers" name="e2e_tm_outliers_Outlier_definition_text_and_range_are_displayed_properly_depending_on_method."/>
    <testcase time="0.00900000000001455" classname="shinytest2_tm_outliers" name="e2e_tm_outliers_Outlier_definition_text_and_range_are_displayed_properly_depending_on_method."/>
    <testcase time="0.0109999999999673" classname="shinytest2_tm_outliers" name="e2e_tm_outliers_Outlier_definition_text_and_range_are_displayed_properly_depending_on_method."/>
    <testcase time="0.0489999999999782" classname="shinytest2_tm_outliers" name="e2e_tm_outliers_Outlier_definition_text_and_range_are_displayed_properly_depending_on_method."/>
    <testcase time="2.11599999999999" classname="shinytest2_tm_outliers" name="e2e_tm_outliers_Outlier_definition_text_and_range_are_displayed_properly_depending_on_method."/>
    <testcase time="2.02099999999996" classname="shinytest2_tm_outliers" name="e2e_tm_outliers_Outlier_definition_text_and_range_are_displayed_properly_depending_on_method."/>
    <testcase time="2.42399999999998" classname="shinytest2_tm_outliers" name="e2e_tm_outliers_Outlier_definition_text_and_range_are_displayed_properly_depending_on_method."/>
    <testcase time="0.00999999999999091" classname="shinytest2_tm_outliers" name="e2e_tm_outliers_Outlier_definition_text_and_range_are_displayed_properly_depending_on_method."/>
    <testcase time="0.00900000000001455" classname="shinytest2_tm_outliers" name="e2e_tm_outliers_Outlier_definition_text_and_range_are_displayed_properly_depending_on_method."/>
    <testcase time="1.99400000000014" classname="shinytest2_tm_outliers" name="e2e_tm_outliers_Outlier_definition_text_and_range_are_displayed_properly_depending_on_method."/>
    <testcase time="2.25900000000001" classname="shinytest2_tm_outliers" name="e2e_tm_outliers_Outlier_definition_text_and_range_are_displayed_properly_depending_on_method."/>
    <testcase time="2.41999999999985" classname="shinytest2_tm_outliers" name="e2e_tm_outliers_Outlier_definition_text_and_range_are_displayed_properly_depending_on_method."/>
    <testcase time="0.0109999999999673" classname="shinytest2_tm_outliers" name="e2e_tm_outliers_Outlier_definition_text_and_range_are_displayed_properly_depending_on_method."/>
    <testcase time="0.0080000000000382" classname="shinytest2_tm_outliers" name="e2e_tm_outliers_Outlier_definition_text_and_range_are_displayed_properly_depending_on_method."/>
    <testcase time="2.13599999999997" classname="shinytest2_tm_outliers" name="e2e_tm_outliers_Outlier_definition_text_and_range_are_displayed_properly_depending_on_method."/>
    <testcase time="11.749" classname="shinytest2_tm_outliers" name="e2e_tm_outliers_Outliers_summary_table_is_displayed_with_proper_content."/>
    <testcase time="0.00400000000013279" classname="shinytest2_tm_outliers" name="e2e_tm_outliers_Outliers_summary_table_is_displayed_with_proper_content."/>
    <testcase time="0.00399999999990541" classname="shinytest2_tm_outliers" name="e2e_tm_outliers_Outliers_summary_table_is_displayed_with_proper_content."/>
    <testcase time="0.0080000000000382" classname="shinytest2_tm_outliers" name="e2e_tm_outliers_Outliers_summary_table_is_displayed_with_proper_content."/>
    <testcase time="4.25199999999995" classname="shinytest2_tm_outliers" name="e2e_tm_outliers_Outliers_summary_table_is_displayed_with_proper_content."/>
    <testcase time="0.00400000000013279" classname="shinytest2_tm_outliers" name="e2e_tm_outliers_Outliers_summary_table_is_displayed_with_proper_content."/>
    <testcase time="2.03899999999999" classname="shinytest2_tm_outliers" name="e2e_tm_outliers_Outliers_summary_table_is_displayed_with_proper_content."/>
    <testcase time="0.00399999999990541" classname="shinytest2_tm_outliers" name="e2e_tm_outliers_Outliers_summary_table_is_displayed_with_proper_content."/>
    <testcase time="11.8699999999999" classname="shinytest2_tm_outliers" name="e2e_tm_outliers_Outlier_table_is_displayed_with_proper_content."/>
    <testcase time="4.2800000000002" classname="shinytest2_tm_outliers" name="e2e_tm_outliers_Outlier_table_is_displayed_with_proper_content."/>
    <testcase time="0.00199999999995271" classname="shinytest2_tm_outliers" name="e2e_tm_outliers_Outlier_table_is_displayed_with_proper_content."/>
    <testcase time="0.000999999999976353" classname="shinytest2_tm_outliers" name="e2e_tm_outliers_Outlier_table_is_displayed_with_proper_content."/>
    <testcase time="0.00199999999995271" classname="shinytest2_tm_outliers" name="e2e_tm_outliers_Outlier_table_is_displayed_with_proper_content."/>
  </testsuite>
  <testsuite name="shinytest2-tm_t_crosstable" timestamp="2026-01-16T15:02:46Z" hostname="b6291a0574d3" tests="9" skipped="0" failures="0" errors="0" time="49.681">
    <testcase time="9.86899999999991" classname="shinytest2_tm_t_crosstable" name="e2e_tm_t_crosstable_Initializes_without_errors"/>
    <testcase time="0.00400000000013279" classname="shinytest2_tm_t_crosstable" name="e2e_tm_t_crosstable_Initializes_without_errors"/>
    <testcase time="0.00299999999992906" classname="shinytest2_tm_t_crosstable" name="e2e_tm_t_crosstable_Initializes_without_errors"/>
    <testcase time="12.002" classname="shinytest2_tm_t_crosstable" name="e2e_tm_t_crosstable_Verify_module_displays_data_table"/>
    <testcase time="9.85400000000004" classname="shinytest2_tm_t_crosstable" name="e2e_tm_t_crosstable_Verify_default_values_and_settings_data_extracts_for_data_selection"/>
    <testcase time="0.0480000000000018" classname="shinytest2_tm_t_crosstable" name="e2e_tm_t_crosstable_Verify_default_values_and_settings_data_extracts_for_data_selection"/>
    <testcase time="2.65000000000009" classname="shinytest2_tm_t_crosstable" name="e2e_tm_t_crosstable_Verify_default_values_and_settings_data_extracts_for_data_selection"/>
    <testcase time="12.672" classname="shinytest2_tm_t_crosstable" name="e2e_tm_t_crosstable_Change_plot_settings"/>
    <testcase time="2.57899999999995" classname="shinytest2_tm_t_crosstable" name="e2e_tm_t_crosstable_Change_plot_settings"/>
  </testsuite>
  <testsuite name="shinytest2-tm_variable_browser" timestamp="2026-01-16T15:03:35Z" hostname="b6291a0574d3" tests="23" skipped="0" failures="0" errors="0" time="101.992">
    <testcase time="11.261" classname="shinytest2_tm_variable_browser" name="e2e_tm_variable_browser_content_is_displayed_correctly."/>
    <testcase time="0.00400000000013279" classname="shinytest2_tm_variable_browser" name="e2e_tm_variable_browser_content_is_displayed_correctly."/>
    <testcase time="2.10199999999986" classname="shinytest2_tm_variable_browser" name="e2e_tm_variable_browser_content_is_displayed_correctly."/>
    <testcase time="0.00400000000013279" classname="shinytest2_tm_variable_browser" name="e2e_tm_variable_browser_content_is_displayed_correctly."/>
    <testcase time="0.00499999999988177" classname="shinytest2_tm_variable_browser" name="e2e_tm_variable_browser_content_is_displayed_correctly."/>
    <testcase time="15.4470000000001" classname="shinytest2_tm_variable_browser" name="e2e_tm_variable_browser_Selecting_treat_variable_as_factor_changes_the_table_headers."/>
    <testcase time="13.116" classname="shinytest2_tm_variable_browser" name="e2e_tm_variable_browser_selection_of_categorical_variable_has_a_table_with_level_header."/>
    <testcase time="14.3579999999999" classname="shinytest2_tm_variable_browser" name="e2e_tm_variable_browser_changing_display_density_encoding_doesn_t_show_errors."/>
    <testcase time="2.9559999999999" classname="shinytest2_tm_variable_browser" name="e2e_tm_variable_browser_changing_display_density_encoding_doesn_t_show_errors."/>
    <testcase time="11.345" classname="shinytest2_tm_variable_browser" name="e2e_tm_variable_browser_changing_outlier_definition_encoding_doesn_t_show_errors."/>
    <testcase time="4.09699999999998" classname="shinytest2_tm_variable_browser" name="e2e_tm_variable_browser_changing_outlier_definition_encoding_doesn_t_show_errors."/>
    <testcase time="0.00400000000013279" classname="shinytest2_tm_variable_browser" name="e2e_tm_variable_browser_changing_outlier_definition_encoding_doesn_t_show_errors."/>
    <testcase time="1.82499999999982" classname="shinytest2_tm_variable_browser" name="e2e_tm_variable_browser_changing_outlier_definition_encoding_doesn_t_show_errors."/>
    <testcase time="2.99700000000007" classname="shinytest2_tm_variable_browser" name="e2e_tm_variable_browser_changing_outlier_definition_encoding_doesn_t_show_errors."/>
    <testcase time="12.47" classname="shinytest2_tm_variable_browser" name="e2e_tm_variable_browser_changing_plot_setting_encodings_doesn_t_show_errors."/>
    <testcase time="1.27099999999996" classname="shinytest2_tm_variable_browser" name="e2e_tm_variable_browser_changing_plot_setting_encodings_doesn_t_show_errors."/>
    <testcase time="1.23199999999997" classname="shinytest2_tm_variable_browser" name="e2e_tm_variable_browser_changing_plot_setting_encodings_doesn_t_show_errors."/>
    <testcase time="1.24400000000014" classname="shinytest2_tm_variable_browser" name="e2e_tm_variable_browser_changing_plot_setting_encodings_doesn_t_show_errors."/>
    <testcase time="1.25700000000006" classname="shinytest2_tm_variable_browser" name="e2e_tm_variable_browser_changing_plot_setting_encodings_doesn_t_show_errors."/>
    <testcase time="1.24499999999989" classname="shinytest2_tm_variable_browser" name="e2e_tm_variable_browser_changing_plot_setting_encodings_doesn_t_show_errors."/>
    <testcase time="1.24199999999996" classname="shinytest2_tm_variable_browser" name="e2e_tm_variable_browser_changing_plot_setting_encodings_doesn_t_show_errors."/>
    <testcase time="1.26900000000001" classname="shinytest2_tm_variable_browser" name="e2e_tm_variable_browser_changing_plot_setting_encodings_doesn_t_show_errors."/>
    <testcase time="1.24099999999999" classname="shinytest2_tm_variable_browser" name="e2e_tm_variable_browser_changing_plot_setting_encodings_doesn_t_show_errors."/>
  </testsuite>
  <testsuite name="tm_g_association" timestamp="2026-01-16T15:05:17Z" hostname="b6291a0574d3" tests="64" skipped="0" failures="0" errors="0" time="12.969">
    <testcase time="0.114000000000033" classname="tm_g_association" name="tm_g_association_module_creation_creates_a_teal_module_object"/>
    <testcase time="0.00500000000010914" classname="tm_g_association" name="tm_g_association_module_creation_creates_a_teal_module_object_with_list_of_data_extract_specs"/>
    <testcase time="0.00499999999988177" classname="tm_g_association" name="tm_g_association_module_creation_creates_a_module_with_datanames_taken_from_data_extracts"/>
    <testcase time="0.00600000000008549" classname="tm_g_association" name="tm_g_association_module_creation_creates_a_module_that_is_bookmarkable"/>
    <testcase time="0.0109999999999673" classname="tm_g_association" name="tm_g_association_input_validation_fails_when_label_is_not_a_string"/>
    <testcase time="0.00900000000001455" classname="tm_g_association" name="tm_g_association_input_validation_fails_when_ref_is_not_a_data_extract_spec_or_list"/>
    <testcase time="0.0080000000000382" classname="tm_g_association" name="tm_g_association_input_validation_fails_when_ref_allows_multiple_selection"/>
    <testcase time="0.00900000000001455" classname="tm_g_association" name="tm_g_association_input_validation_fails_when_vars_is_not_a_data_extract_spec_or_list"/>
    <testcase time="0.0080000000000382" classname="tm_g_association" name="tm_g_association_input_validation_fails_when_plot_height_is_not_valid"/>
    <testcase time="0.00899999999978718" classname="tm_g_association" name="tm_g_association_input_validation_fails_when_plot_height_has_wrong_length"/>
    <testcase time="0.00900000000001455" classname="tm_g_association" name="tm_g_association_input_validation_fails_when_plot_width_is_not_valid"/>
    <testcase time="0.00600000000008549" classname="tm_g_association" name="tm_g_association_input_validation_accepts_NULL_plot_width"/>
    <testcase time="0.0080000000000382" classname="tm_g_association" name="tm_g_association_input_validation_fails_when_distribution_theme_is_invalid"/>
    <testcase time="0.00599999999985812" classname="tm_g_association" name="tm_g_association_input_validation_accepts_valid_distribution_theme_options"/>
    <testcase time="0.00200000000018008" classname="tm_g_association" name="tm_g_association_input_validation_accepts_valid_distribution_theme_options"/>
    <testcase time="0.00299999999992906" classname="tm_g_association" name="tm_g_association_input_validation_accepts_valid_distribution_theme_options"/>
    <testcase time="0.00299999999992906" classname="tm_g_association" name="tm_g_association_input_validation_accepts_valid_distribution_theme_options"/>
    <testcase time="0.00200000000018008" classname="tm_g_association" name="tm_g_association_input_validation_accepts_valid_distribution_theme_options"/>
    <testcase time="0.00299999999992906" classname="tm_g_association" name="tm_g_association_input_validation_accepts_valid_distribution_theme_options"/>
    <testcase time="0.00299999999992906" classname="tm_g_association" name="tm_g_association_input_validation_accepts_valid_distribution_theme_options"/>
    <testcase time="0.00199999999995271" classname="tm_g_association" name="tm_g_association_input_validation_accepts_valid_distribution_theme_options"/>
    <testcase time="0.0110000000001946" classname="tm_g_association" name="tm_g_association_input_validation_fails_when_association_theme_is_invalid"/>
    <testcase time="0.00899999999978718" classname="tm_g_association" name="tm_g_association_input_validation_accepts_valid_association_theme_options"/>
    <testcase time="0.00500000000010914" classname="tm_g_association" name="tm_g_association_input_validation_accepts_valid_association_theme_options"/>
    <testcase time="0.00399999999990541" classname="tm_g_association" name="tm_g_association_input_validation_accepts_valid_association_theme_options"/>
    <testcase time="0.00999999999999091" classname="tm_g_association" name="tm_g_association_input_validation_accepts_valid_association_theme_options"/>
    <testcase time="0.00300000000015643" classname="tm_g_association" name="tm_g_association_input_validation_accepts_valid_association_theme_options"/>
    <testcase time="0.00199999999995271" classname="tm_g_association" name="tm_g_association_input_validation_accepts_valid_association_theme_options"/>
    <testcase time="0.00299999999992906" classname="tm_g_association" name="tm_g_association_input_validation_accepts_valid_association_theme_options"/>
    <testcase time="0.00300000000015643" classname="tm_g_association" name="tm_g_association_input_validation_accepts_valid_association_theme_options"/>
    <testcase time="0.00899999999978718" classname="tm_g_association" name="tm_g_association_input_validation_fails_when_ggplot2_args_object_uses_a_named_object_that_is_not_supported"/>
    <testcase time="0.00500000000010914" classname="tm_g_association" name="tm_g_association_input_validation_accepts_valid_ggplot2_args"/>
    <testcase time="0.0080000000000382" classname="tm_g_association" name="tm_g_association_input_validation_fails_when_decorators_has_invalid_object_types"/>
    <testcase time="0.00499999999988177" classname="tm_g_association" name="tm_g_association_input_validation_accepts_valid_decorators"/>
    <testcase time="2.20299999999997" classname="tm_g_association" name="tm_g_association_module_server_behavior_server_function_executes_successfully_through_module_interface_with_factor_variables"/>
    <testcase time="0.00299999999992906" classname="tm_g_association" name="tm_g_association_module_server_behavior_server_function_executes_successfully_through_module_interface_with_factor_variables"/>
    <testcase time="0.00299999999992906" classname="tm_g_association" name="tm_g_association_module_server_behavior_server_function_executes_successfully_through_module_interface_with_factor_variables"/>
    <testcase time="1.00999999999999" classname="tm_g_association" name="tm_g_association_module_server_behavior_server_function_handles_show_dist_option_through_module_interface"/>
    <testcase time="0.00300000000015643" classname="tm_g_association" name="tm_g_association_module_server_behavior_server_function_handles_show_dist_option_through_module_interface"/>
    <testcase time="0.00299999999992906" classname="tm_g_association" name="tm_g_association_module_server_behavior_server_function_handles_show_dist_option_through_module_interface"/>
    <testcase time="0.933999999999969" classname="tm_g_association" name="tm_g_association_module_server_behavior_server_function_handles_association_toggle_through_module_interface"/>
    <testcase time="0.00299999999992906" classname="tm_g_association" name="tm_g_association_module_server_behavior_server_function_handles_association_toggle_through_module_interface"/>
    <testcase time="0.00400000000013279" classname="tm_g_association" name="tm_g_association_module_server_behavior_server_function_handles_association_toggle_through_module_interface"/>
    <testcase time="1.04099999999994" classname="tm_g_association" name="tm_g_association_module_server_behavior_server_function_handles_different_themes_through_module_interface"/>
    <testcase time="0.00399999999990541" classname="tm_g_association" name="tm_g_association_module_server_behavior_server_function_handles_different_themes_through_module_interface"/>
    <testcase time="1.17900000000009" classname="tm_g_association" name="tm_g_association_module_server_behavior_server_function_handles_different_themes_through_module_interface"/>
    <testcase time="0.00500000000010914" classname="tm_g_association" name="tm_g_association_module_server_behavior_server_function_handles_different_themes_through_module_interface"/>
    <testcase time="0.857999999999947" classname="tm_g_association" name="tm_g_association_module_server_behavior_server_function_handles_different_themes_through_module_interface"/>
    <testcase time="0.00399999999990541" classname="tm_g_association" name="tm_g_association_module_server_behavior_server_function_handles_different_themes_through_module_interface"/>
    <testcase time="0.981999999999971" classname="tm_g_association" name="tm_g_association_module_server_behavior_server_function_handles_rotate_xaxis_labels_option_through_module_interface"/>
    <testcase time="0.00400000000013279" classname="tm_g_association" name="tm_g_association_module_server_behavior_server_function_handles_rotate_xaxis_labels_option_through_module_interface"/>
    <testcase time="0.00299999999992906" classname="tm_g_association" name="tm_g_association_module_server_behavior_server_function_handles_rotate_xaxis_labels_option_through_module_interface"/>
    <testcase time="0.964999999999918" classname="tm_g_association" name="tm_g_association_module_server_behavior_server_function_handles_swap_axes_option_through_module_interface"/>
    <testcase time="0.00400000000013279" classname="tm_g_association" name="tm_g_association_module_server_behavior_server_function_handles_swap_axes_option_through_module_interface"/>
    <testcase time="0.00399999999990541" classname="tm_g_association" name="tm_g_association_module_server_behavior_server_function_handles_swap_axes_option_through_module_interface"/>
    <testcase time="1.06799999999998" classname="tm_g_association" name="tm_g_association_module_server_behavior_server_function_handles_numeric_variables_through_module_interface"/>
    <testcase time="0.00300000000015643" classname="tm_g_association" name="tm_g_association_module_server_behavior_server_function_handles_numeric_variables_through_module_interface"/>
    <testcase time="0.00399999999990541" classname="tm_g_association" name="tm_g_association_module_server_behavior_server_function_handles_numeric_variables_through_module_interface"/>
    <testcase time="1.08699999999999" classname="tm_g_association" name="tm_g_association_module_server_behavior_server_function_handles_log_transformation_for_numeric_variables_through_module_interface"/>
    <testcase time="0.00400000000013279" classname="tm_g_association" name="tm_g_association_module_server_behavior_server_function_handles_log_transformation_for_numeric_variables_through_module_interface"/>
    <testcase time="0.00399999999990541" classname="tm_g_association" name="tm_g_association_module_server_behavior_server_function_handles_log_transformation_for_numeric_variables_through_module_interface"/>
    <testcase time="1.26499999999987" classname="tm_g_association" name="tm_g_association_module_server_behavior_server_function_handles_mixed_factor_and_numeric_variables_through_module_interface"/>
    <testcase time="0.00300000000015643" classname="tm_g_association" name="tm_g_association_module_server_behavior_server_function_handles_mixed_factor_and_numeric_variables_through_module_interface"/>
    <testcase time="0.00399999999990541" classname="tm_g_association" name="tm_g_association_module_server_behavior_server_function_handles_mixed_factor_and_numeric_variables_through_module_interface"/>
  </testsuite>
  <testsuite name="tm_g_bivariate" timestamp="2026-01-16T15:05:30Z" hostname="b6291a0574d3" tests="18" skipped="0" failures="0" errors="0" time="0.141">
    <testcase time="0.0170000000000528" classname="tm_g_bivariate" name="tm_g_bivariate_creates_a_teal_module_object"/>
    <testcase time="0.00500000000010914" classname="tm_g_bivariate" name="tm_g_bivariate_creates_a_teal_module_object_with_default_options"/>
    <testcase time="0.00599999999985812" classname="tm_g_bivariate" name="tm_g_bivariate_creates_a_teal_module_object_with_multiple_data_extract_specs"/>
    <testcase time="0.00600000000008549" classname="tm_g_bivariate" name="tm_g_bivariate_creates_a_module_with_datanames_taken_from_data_extracts"/>
    <testcase time="0.0080000000000382" classname="tm_g_bivariate" name="tm_g_bivariate_fails_when_x_contains_a_spec_with_multiple_selection"/>
    <testcase time="0.00799999999981083" classname="tm_g_bivariate" name="tm_g_bivariate_fails_when_x_contains_multiple_spec_with_at_least_one_multiple_selection"/>
    <testcase time="0.0080000000000382" classname="tm_g_bivariate" name="tm_g_bivariate_fails_when_x_contains_multiple_spec_with_at_least_one_multiple_selection"/>
    <testcase time="0.0080000000000382" classname="tm_g_bivariate" name="tm_g_bivariate_fails_when_y_contains_multiple_spec_with_at_least_one_multiple_selection"/>
    <testcase time="0.00700000000006185" classname="tm_g_bivariate" name="tm_g_bivariate_fails_when_plot_height_is_not_valid"/>
    <testcase time="0.0080000000000382" classname="tm_g_bivariate" name="tm_g_bivariate_fails_when_plot_height_is_not_valid"/>
    <testcase time="0.00799999999981083" classname="tm_g_bivariate" name="tm_g_bivariate_fails_when_plot_height_is_not_valid"/>
    <testcase time="0.0080000000000382" classname="tm_g_bivariate" name="tm_g_bivariate_fails_when_plot_width_is_not_valid"/>
    <testcase time="0.00700000000006185" classname="tm_g_bivariate" name="tm_g_bivariate_fails_when_plot_width_is_not_valid"/>
    <testcase time="0.0080000000000382" classname="tm_g_bivariate" name="tm_g_bivariate_fails_when_plot_width_is_not_valid"/>
    <testcase time="0.0080000000000382" classname="tm_g_bivariate" name="tm_g_bivariate_fails_when_color_setting_is_FALSE_and_color_is_supplied"/>
    <testcase time="0.00699999999983447" classname="tm_g_bivariate" name="tm_g_bivariate_fails_when_color_setting_is_FALSE_and_size_is_supplied"/>
    <testcase time="0.0080000000000382" classname="tm_g_bivariate" name="tm_g_bivariate_fails_when_color_setting_is_FALSE_and_fill_is_supplied"/>
    <testcase time="0.00600000000008549" classname="tm_g_bivariate" name="tm_g_bivariate_determines_color_size_and_fill_when_color_setting_is_TRUE"/>
  </testsuite>
  <testsuite name="tm_g_response" timestamp="2026-01-16T15:05:30Z" hostname="b6291a0574d3" tests="36" skipped="0" failures="0" errors="0" time="3.298">
    <testcase time="0.0080000000000382" classname="tm_g_response" name="tm_g_response_module_creation_creates_a_teal_module_object"/>
    <testcase time="0.00599999999985812" classname="tm_g_response" name="tm_g_response_module_creation_creates_a_teal_module_object_with_default_options"/>
    <testcase time="0.00500000000010914" classname="tm_g_response" name="tm_g_response_module_creation_creates_a_teal_module_object_with_list_of_data_extract_specs"/>
    <testcase time="0.0139999999998963" classname="tm_g_response" name="tm_g_response_module_creation_creates_a_module_with_datanames_taken_from_data_extracts"/>
    <testcase time="0.00700000000006185" classname="tm_g_response" name="tm_g_response_module_creation_creates_a_module_that_is_bookmarkable"/>
    <testcase time="0.00999999999999091" classname="tm_g_response" name="tm_g_response_input_validation_fails_when_label_is_not_a_string"/>
[...]
    <testcase time="0.00299999999992906" classname="tm_g_response" name="tm_g_response_input_validation_accepts_valid_ggtheme_options"/>
    <testcase time="0.00299999999992906" classname="tm_g_response" name="tm_g_response_input_validation_accepts_valid_ggtheme_options"/>
    <testcase time="0.00900000000001455" classname="tm_g_response" name="tm_g_response_input_validation_fails_when_ggplot2_args_object_does_not_inherit_from_ggplot2_args_"/>
    <testcase time="0.00500000000010914" classname="tm_g_response" name="tm_g_response_input_validation_accepts_valid_ggplot2_args"/>
    <testcase time="0.00799999999981083" classname="tm_g_response" name="tm_g_response_input_validation_fails_when_decorators_has_invalid_object_types"/>
    <testcase time="0.00600000000008549" classname="tm_g_response" name="tm_g_response_input_validation_accepts_valid_decorators"/>
    <testcase time="1.00099999999998" classname="tm_g_response" name="tm_g_response_module_server_behavior_server_function_executes_successfully_through_module_interface"/>
    <testcase time="0.00400000000013279" classname="tm_g_response" name="tm_g_response_module_server_behavior_server_function_executes_successfully_through_module_interface"/>
    <testcase time="0.00299999999992906" classname="tm_g_response" name="tm_g_response_module_server_behavior_server_function_executes_successfully_through_module_interface"/>
    <testcase time="1.01700000000005" classname="tm_g_response" name="tm_g_response_module_server_behavior_server_function_generates_frequency_plot_through_module_interface"/>
    <testcase time="0.00399999999990541" classname="tm_g_response" name="tm_g_response_module_server_behavior_server_function_generates_frequency_plot_through_module_interface"/>
    <testcase time="0.00299999999992906" classname="tm_g_response" name="tm_g_response_module_server_behavior_server_function_generates_frequency_plot_through_module_interface"/>
    <testcase time="1.08400000000006" classname="tm_g_response" name="tm_g_response_module_server_behavior_server_function_generates_density_plot_through_module_interface"/>
    <testcase time="0.00400000000013279" classname="tm_g_response" name="tm_g_response_module_server_behavior_server_function_generates_density_plot_through_module_interface"/>
    <testcase time="0.00299999999992906" classname="tm_g_response" name="tm_g_response_module_server_behavior_server_function_generates_density_plot_through_module_interface"/>
  </testsuite>
  <testsuite name="tm_g_scatterplotmatrix" timestamp="2026-01-16T15:05:34Z" hostname="b6291a0574d3" tests="19" skipped="0" failures="0" errors="0" time="1.322">
    <testcase time="0.0160000000000764" classname="tm_g_scatterplotmatrix" name="tm_g_scatterplotmatrix_module_creation_creates_a_teal_module_object"/>
    <testcase time="0.00499999999988177" classname="tm_g_scatterplotmatrix" name="tm_g_scatterplotmatrix_module_creation_creates_a_teal_module_object_with_default_options"/>
    <testcase time="0.00399999999990541" classname="tm_g_scatterplotmatrix" name="tm_g_scatterplotmatrix_module_creation_creates_a_teal_module_object_with_list_of_data_extract_specs"/>
    <testcase time="0.00500000000010914" classname="tm_g_scatterplotmatrix" name="tm_g_scatterplotmatrix_module_creation_creates_a_module_with_datanames_taken_from_data_extracts"/>
    <testcase time="0.00600000000008549" classname="tm_g_scatterplotmatrix" name="tm_g_scatterplotmatrix_module_creation_creates_a_module_that_is_bookmarkable"/>
    <testcase time="0.0109999999999673" classname="tm_g_scatterplotmatrix" name="tm_g_scatterplotmatrix_input_validation_fails_when_label_is_not_a_string"/>
    <testcase time="0.0080000000000382" classname="tm_g_scatterplotmatrix" name="tm_g_scatterplotmatrix_input_validation_fails_when_variables_is_not_a_data_extract_spec_or_list"/>
    <testcase time="0.00799999999981083" classname="tm_g_scatterplotmatrix" name="tm_g_scatterplotmatrix_input_validation_fails_when_plot_height_is_not_valid"/>
    <testcase time="0.00900000000001455" classname="tm_g_scatterplotmatrix" name="tm_g_scatterplotmatrix_input_validation_fails_when_plot_height_has_wrong_length"/>
    <testcase time="0.00999999999999091" classname="tm_g_scatterplotmatrix" name="tm_g_scatterplotmatrix_input_validation_fails_when_plot_width_is_not_valid"/>
    <testcase time="0.00400000000013279" classname="tm_g_scatterplotmatrix" name="tm_g_scatterplotmatrix_input_validation_accepts_NULL_plot_width"/>
    <testcase time="0.00900000000001455" classname="tm_g_scatterplotmatrix" name="tm_g_scatterplotmatrix_input_validation_fails_when_decorators_has_invalid_object_types"/>
    <testcase time="0.00499999999988177" classname="tm_g_scatterplotmatrix" name="tm_g_scatterplotmatrix_input_validation_accepts_valid_decorators"/>
    <testcase time="0.632000000000062" classname="tm_g_scatterplotmatrix" name="tm_g_scatterplotmatrix_module_server_behavior_server_function_executes_successfully_through_module_interface"/>
    <testcase time="0.00299999999992906" classname="tm_g_scatterplotmatrix" name="tm_g_scatterplotmatrix_module_server_behavior_server_function_executes_successfully_through_module_interface"/>
    <testcase time="0.00400000000013279" classname="tm_g_scatterplotmatrix" name="tm_g_scatterplotmatrix_module_server_behavior_server_function_executes_successfully_through_module_interface"/>
    <testcase time="0.576000000000022" classname="tm_g_scatterplotmatrix" name="tm_g_scatterplotmatrix_module_server_behavior_server_function_generates_scatterplot_matrix_with_two_variables"/>
    <testcase time="0.00399999999990541" classname="tm_g_scatterplotmatrix" name="tm_g_scatterplotmatrix_module_server_behavior_server_function_generates_scatterplot_matrix_with_two_variables"/>
    <testcase time="0.00299999999992906" classname="tm_g_scatterplotmatrix" name="tm_g_scatterplotmatrix_module_server_behavior_server_function_generates_scatterplot_matrix_with_two_variables"/>
  </testsuite>
  <testsuite name="tm_rmarkdown" timestamp="2026-01-16T15:05:35Z" hostname="b6291a0574d3" tests="4" skipped="0" failures="0" errors="0" time="0.31">
    <testcase time="0.141000000000076" classname="tm_rmarkdown" name="srv_rmarkdown_renders_number_of_rows_of_my_data_to_markdown_file"/>
    <testcase time="0.0160000000000764" classname="tm_rmarkdown" name="srv_rmarkdown_returns_a_teal.reporter_reactive"/>
    <testcase time="0.0679999999999836" classname="tm_rmarkdown" name="srv_rmarkdown_returns_a_teal.reporter_reactive"/>
    <testcase time="0.0850000000000364" classname="tm_rmarkdown" name="srv_rmarkdown_renders_expected_html"/>
  </testsuite>
  <testsuite name="tm_t_crosstable" timestamp="2026-01-16T15:05:35Z" hostname="b6291a0574d3" tests="23" skipped="0" failures="0" errors="0" time="3.381">
    <testcase time="0.01299999999992" classname="tm_t_crosstable" name="tm_t_crosstable_module_creation_creates_a_teal_module_object"/>
    <testcase time="0.00399999999990541" classname="tm_t_crosstable" name="tm_t_crosstable_module_creation_creates_a_teal_module_object_with_default_options"/>
    <testcase time="0.00600000000008549" classname="tm_t_crosstable" name="tm_t_crosstable_module_creation_creates_a_teal_module_object_with_list_of_data_extract_specs"/>
    <testcase time="0.00500000000010914" classname="tm_t_crosstable" name="tm_t_crosstable_module_creation_creates_a_module_with_datanames_taken_from_data_extracts"/>
    <testcase time="0.00599999999985812" classname="tm_t_crosstable" name="tm_t_crosstable_module_creation_creates_a_module_that_is_bookmarkable"/>
    <testcase time="0.0109999999999673" classname="tm_t_crosstable" name="tm_t_crosstable_input_validation_fails_when_label_is_not_a_string"/>
    <testcase time="0.0080000000000382" classname="tm_t_crosstable" name="tm_t_crosstable_input_validation_fails_when_x_is_not_a_data_extract_spec_or_list"/>
    <testcase time="0.0080000000000382" classname="tm_t_crosstable" name="tm_t_crosstable_input_validation_fails_when_y_is_not_a_data_extract_spec_or_list"/>
    <testcase time="0.0080000000000382" classname="tm_t_crosstable" name="tm_t_crosstable_input_validation_fails_when_y_allows_multiple_selection"/>
    <testcase time="0.0080000000000382" classname="tm_t_crosstable" name="tm_t_crosstable_input_validation_fails_when_show_percentage_is_not_logical"/>
    <testcase time="0.00900000000001455" classname="tm_t_crosstable" name="tm_t_crosstable_input_validation_fails_when_show_total_is_not_logical"/>
    <testcase time="0.00799999999981083" classname="tm_t_crosstable" name="tm_t_crosstable_input_validation_fails_when_remove_zero_columns_is_not_logical"/>
    <testcase time="0.00900000000001455" classname="tm_t_crosstable" name="tm_t_crosstable_input_validation_fails_when_decorators_has_invalid_object_types"/>
    <testcase time="0.00500000000010914" classname="tm_t_crosstable" name="tm_t_crosstable_input_validation_accepts_valid_decorators"/>
    <testcase time="1.93200000000002" classname="tm_t_crosstable" name="tm_t_crosstable_module_server_behavior_server_function_executes_successfully_through_module_interface"/>
    <testcase time="0.00499999999988177" classname="tm_t_crosstable" name="tm_t_crosstable_module_server_behavior_server_function_executes_successfully_through_module_interface"/>
    <testcase time="0.00400000000013279" classname="tm_t_crosstable" name="tm_t_crosstable_module_server_behavior_server_function_executes_successfully_through_module_interface"/>
    <testcase time="0.687999999999874" classname="tm_t_crosstable" name="tm_t_crosstable_module_server_behavior_server_function_generates_table_with_show_percentage_enabled"/>
    <testcase time="0.00300000000015643" classname="tm_t_crosstable" name="tm_t_crosstable_module_server_behavior_server_function_generates_table_with_show_percentage_enabled"/>
    <testcase time="0.00399999999990541" classname="tm_t_crosstable" name="tm_t_crosstable_module_server_behavior_server_function_generates_table_with_show_percentage_enabled"/>
    <testcase time="0.629999999999882" classname="tm_t_crosstable" name="tm_t_crosstable_module_server_behavior_server_function_generates_table_with_show_total_enabled"/>
    <testcase time="0.00300000000015643" classname="tm_t_crosstable" name="tm_t_crosstable_module_server_behavior_server_function_generates_table_with_show_total_enabled"/>
    <testcase time="0.00399999999990541" classname="tm_t_crosstable" name="tm_t_crosstable_module_server_behavior_server_function_generates_table_with_show_total_enabled"/>
  </testsuite>
  <testsuite name="utils" timestamp="2026-01-16T15:05:39Z" hostname="b6291a0574d3" tests="12" skipped="0" failures="0" errors="0" time="0.062">
    <testcase time="0.0140000000001237" classname="utils" name="set_chunk_attrs_changes_last_chunk_output_with_default_parameters"/>
    <testcase time="0.00199999999995271" classname="utils" name="set_chunk_attrs_changes_last_chunk_output_with_default_parameters"/>
    <testcase time="0.00399999999990541" classname="utils" name="set_chunk_attrs_changes_last_2_chunks"/>
    <testcase time="0.00200000000018008" classname="utils" name="set_chunk_attrs_changes_last_2_chunks"/>
    <testcase time="0.00399999999990541" classname="utils" name="set_chunk_attrs_only_changes_the_numeric_chunk_outputs"/>
    <testcase time="0.000999999999976353" classname="utils" name="set_chunk_attrs_only_changes_the_numeric_chunk_outputs"/>
    <testcase time="0.00500000000010914" classname="utils" name="set_chunk_attrs_throws_warning_when_last_chunk_is_not_chunk_output"/>
    <testcase time="0.00399999999990541" classname="utils" name="set_chunk_attrs_throws_warning_when_second_to_last_chunk_is_not_chunk_output"/>
    <testcase time="0.00499999999988177" classname="utils" name="set_chunk_attrs_modifies_all_elements_up_until_the_first_non_chunk_output"/>
    <testcase time="0.00200000000018008" classname="utils" name="set_chunk_attrs_modifies_all_elements_up_until_the_first_non_chunk_output"/>
    <testcase time="0.00199999999995271" classname="utils" name="set_chunk_attrs_modifies_all_elements_up_until_the_first_non_chunk_output"/>
    <testcase time="0.0170000000000528" classname="utils" name="set_chunk_dims_skips_when_one_of_the_dimensions_is_auto_string"/>
  </testsuite>
  <testsuite name="bivariate_ggplot_call" timestamp="2026-01-16T15:05:39Z" hostname="b6291a0574d3" tests="23" skipped="0" failures="0" errors="0" time="0.092">
    <testcase time="0.00900000000001455" classname="bivariate_ggplot_call" name="bivariate_ggplot_call_with_numerics"/>
    <testcase time="0.00199999999995271" classname="bivariate_ggplot_call" name="bivariate_ggplot_call_with_numerics"/>
    <testcase time="0.00299999999992906" classname="bivariate_ggplot_call" name="bivariate_ggplot_call_with_numerics"/>
    <testcase time="0.00199999999995271" classname="bivariate_ggplot_call" name="bivariate_ggplot_call_with_numerics"/>
    <testcase time="0.00600000000008549" classname="bivariate_ggplot_call" name="bivariate_ggplot_call_with_arguments_factor_and_factor"/>
    <testcase time="0.00499999999988177" classname="bivariate_ggplot_call" name="bivariate_ggplot_call_with_arguments_logical_and_factor"/>
    <testcase time="0.00500000000010914" classname="bivariate_ggplot_call" name="bivariate_ggplot_call_with_arguments_character_and_factor"/>
    <testcase time="0.00500000000010914" classname="bivariate_ggplot_call" name="bivariate_ggplot_call_with_arguments_factor_and_logical"/>
    <testcase time="0.00399999999990541" classname="bivariate_ggplot_call" name="bivariate_ggplot_call_with_arguments_logical_and_logical"/>
    <testcase time="0.00499999999988177" classname="bivariate_ggplot_call" name="bivariate_ggplot_call_with_arguments_character_and_logical"/>
    <testcase time="0.00500000000010914" classname="bivariate_ggplot_call" name="bivariate_ggplot_call_with_arguments_factor_and_character"/>
    <testcase time="0.00499999999988177" classname="bivariate_ggplot_call" name="bivariate_ggplot_call_with_arguments_logical_and_character"/>
    <testcase time="0.00500000000010914" classname="bivariate_ggplot_call" name="bivariate_ggplot_call_with_arguments_character_and_character"/>
    <testcase time="0.00600000000008549" classname="bivariate_ggplot_call" name="bivariate_ggplot_call_with_single_data_numeric"/>
    <testcase time="0.00199999999995271" classname="bivariate_ggplot_call" name="bivariate_ggplot_call_with_single_data_numeric"/>
    <testcase time="0.00299999999992906" classname="bivariate_ggplot_call" name="bivariate_ggplot_call_with_single_data_numeric"/>
    <testcase time="0.00299999999992906" classname="bivariate_ggplot_call" name="bivariate_ggplot_call_with_single_data_numeric"/>
    <testcase time="0.00200000000018008" classname="bivariate_ggplot_call" name="bivariate_ggplot_call_with_single_data_numeric"/>
    <testcase time="0.00299999999992906" classname="bivariate_ggplot_call" name="bivariate_ggplot_call_with_single_data_numeric"/>
    <testcase time="0.00500000000010914" classname="bivariate_ggplot_call" name="bivariate_ggplot_call_with_single_data_factor"/>
    <testcase time="0.00199999999995271" classname="bivariate_ggplot_call" name="bivariate_ggplot_call_with_single_data_factor"/>
    <testcase time="0.00299999999992906" classname="bivariate_ggplot_call" name="bivariate_ggplot_call_with_single_data_factor"/>
    <testcase time="0.00199999999995271" classname="bivariate_ggplot_call" name="bivariate_ggplot_call_with_single_data_factor"/>
  </testsuite>
  <testsuite name="front_page" timestamp="2026-01-16T15:05:39Z" hostname="b6291a0574d3" tests="4" skipped="0" failures="0" errors="0" time="0.02">
    <testcase time="0.00700000000006185" classname="front_page" name="convert_metadata_to_dataframe_returns_a_data_frame_with_no_rows_if_no_metadata"/>
    <testcase time="0.00399999999990541" classname="front_page" name="convert_metadata_to_dataframe_returns_a_data_frame_with_metadata_if_more_than_one_dataset"/>
    <testcase time="0.00500000000010914" classname="front_page" name="convert_metadata_to_dataframe_returns_a_data_frame_with_metadata_if_one_dataset"/>
    <testcase time="0.00399999999990541" classname="front_page" name="convert_metadata_to_dataframe_converts_metadata_values_to_characters"/>
  </testsuite>
  <testsuite name="g_expert_cl" timestamp="2026-01-16T15:05:39Z" hostname="b6291a0574d3" tests="15" skipped="0" failures="0" errors="0" time="0.042">
    <testcase time="0.00600000000008549" classname="g_expert_cl" name="coloring_ggplot_call_can_work_with_all_combinations"/>
    <testcase time="0.00199999999995271" classname="g_expert_cl" name="coloring_ggplot_call_can_work_with_all_combinations"/>
    <testcase time="0.000999999999976353" classname="g_expert_cl" name="coloring_ggplot_call_can_work_with_all_combinations"/>
    <testcase time="0.000999999999976353" classname="g_expert_cl" name="coloring_ggplot_call_can_work_with_all_combinations"/>
    <testcase time="0.00200000000018008" classname="g_expert_cl" name="coloring_ggplot_call_can_work_with_all_combinations"/>
    <testcase time="0.000999999999976353" classname="g_expert_cl" name="coloring_ggplot_call_can_work_with_all_combinations"/>
    <testcase time="0.00199999999995271" classname="g_expert_cl" name="coloring_ggplot_call_can_work_with_all_combinations"/>
    <testcase time="0.00399999999990541" classname="g_expert_cl" name="coloring_ggplot_call_can_work_with_all_combinations_without_colour_var"/>
    <testcase time="0.00200000000018008" classname="g_expert_cl" name="coloring_ggplot_call_can_work_with_all_combinations_without_colour_var"/>
    <testcase time="0.0109999999999673" classname="g_expert_cl" name="coloring_ggplot_call_can_work_with_all_combinations_without_colour_var"/>
    <testcase time="0.00199999999995271" classname="g_expert_cl" name="coloring_ggplot_call_can_work_with_all_combinations_without_colour_var"/>
    <testcase time="0.000999999999976353" classname="g_expert_cl" name="coloring_ggplot_call_can_work_with_all_combinations_without_colour_var"/>
    <testcase time="0.00399999999990541" classname="g_expert_cl" name="coloring_ggplot_call_can_work_size_var"/>
    <testcase time="0.000999999999976353" classname="g_expert_cl" name="coloring_ggplot_call_can_work_size_var"/>
    <testcase time="0.00200000000018008" classname="g_expert_cl" name="coloring_ggplot_call_can_work_size_var"/>
  </testsuite>
  <testsuite name="scatterplotmatrix_get_stats" timestamp="2026-01-16T15:05:39Z" hostname="b6291a0574d3" tests="6" skipped="0" failures="0" errors="0" time="0.024">
    <testcase time="0.0080000000000382" classname="scatterplotmatrix_get_stats" name="get_scatterplotmatrix_stats_x_y_numeric"/>
    <testcase time="0.00299999999992906" classname="scatterplotmatrix_get_stats" name="get_scatterplotmatrix_stats_x_y_numeric"/>
    <testcase time="0.00299999999992906" classname="scatterplotmatrix_get_stats" name="get_scatterplotmatrix_stats_x_y_numeric"/>
    <testcase time="0.00500000000010914" classname="scatterplotmatrix_get_stats" name="get_scatterplotmatrix_stats_x_y_character"/>
    <testcase time="0.00199999999995271" classname="scatterplotmatrix_get_stats" name="get_scatterplotmatrix_stats_x_y_character"/>
    <testcase time="0.00299999999992906" classname="scatterplotmatrix_get_stats" name="get_scatterplotmatrix_stats_x_y_character"/>
  </testsuite>
  <testsuite name="variable_browser" timestamp="2026-01-16T15:05:39Z" hostname="b6291a0574d3" tests="3" skipped="0" failures="0" errors="0" time="0.014">
    <testcase time="0.00600000000008549" classname="variable_browser" name="remove_outliers_from_does_not_remove_outliers_when_outlier_definition_is_zero"/>
    <testcase time="0.00399999999990541" classname="variable_browser" name="remove_outliers_from_removes_outliers_when_outlier_definition_is_non_zero"/>
    <testcase time="0.00400000000013279" classname="variable_browser" name="remove_outliers_from_keeps_missing_values_unchanged"/>
  </testsuite>
</testsuites>
