<?xml version="1.0" encoding="UTF-8"?>
<testsuites>
  <testsuite name="examples" timestamp="2026-08-17T18:23:02Z" hostname="74b50fb66e9c" tests="21" skipped="21" failures="0" errors="0" time="0.372">
    <testcase time="0.0069999999999999" classname="examples" name="example_add_facet_labels.Rd">
      <skipped message="Reason: On CRAN ('test-examples.R:143:7')"/>
    </testcase>
    <testcase time="0.0600000000000001" classname="examples" name="example_geom_mosaic.Rd">
      <skipped message="Reason: On CRAN ('test-examples.R:143:7')"/>
    </testcase>
    <testcase time="0.075" classname="examples" name="example_shared_params.Rd">
      <skipped message="Reason: On CRAN ('test-examples.R:143:7')"/>
    </testcase>
    <testcase time="0.0129999999999999" classname="examples" name="example_teal.modules.general.Rd">
      <skipped message="Reason: On CRAN ('test-examples.R:143:7')"/>
    </testcase>
    <testcase time="0.012" classname="examples" name="example_tm_a_pca.Rd">
      <skipped message="Reason: On CRAN ('test-examples.R:143:7')"/>
    </testcase>
    <testcase time="0.0129999999999999" classname="examples" name="example_tm_a_regression.Rd">
      <skipped message="Reason: On CRAN ('test-examples.R:143:7')"/>
    </testcase>
    <testcase time="0.012" classname="examples" name="example_tm_data_table.Rd">
      <skipped message="Reason: On CRAN ('test-examples.R:143:7')"/>
    </testcase>
    <testcase time="0.016" classname="examples" name="example_tm_file_viewer.Rd">
      <skipped message="Reason: On CRAN ('test-examples.R:143:7')"/>
    </testcase>
    <testcase time="0.012" classname="examples" name="example_tm_front_page.Rd">
      <skipped message="Reason: On CRAN ('test-examples.R:143:7')"/>
    </testcase>
    <testcase time="0.0130000000000001" classname="examples" name="example_tm_g_association.Rd">
      <skipped message="Reason: On CRAN ('test-examples.R:143:7')"/>
    </testcase>
    <testcase time="0.012" classname="examples" name="example_tm_g_bivariate.Rd">
      <skipped message="Reason: On CRAN ('test-examples.R:143:7')"/>
    </testcase>
    <testcase time="0.012" classname="examples" name="example_tm_g_distribution.Rd">
      <skipped message="Reason: On CRAN ('test-examples.R:143:7')"/>
    </testcase>
    <testcase time="0.012" classname="examples" name="example_tm_g_response.Rd">
      <skipped message="Reason: On CRAN ('test-examples.R:143:7')"/>
    </testcase>
    <testcase time="0.0149999999999999" classname="examples" name="example_tm_g_scatterplot.Rd">
      <skipped message="Reason: On CRAN ('test-examples.R:143:7')"/>
    </testcase>
    <testcase time="0.012" classname="examples" name="example_tm_g_scatterplotmatrix.Rd">
      <skipped message="Reason: On CRAN ('test-examples.R:143:7')"/>
    </testcase>
    <testcase time="0.012" classname="examples" name="example_tm_missing_data.Rd">
      <skipped message="Reason: On CRAN ('test-examples.R:143:7')"/>
    </testcase>
    <testcase time="0.0129999999999999" classname="examples" name="example_tm_outliers.Rd">
      <skipped message="Reason: On CRAN ('test-examples.R:143:7')"/>
    </testcase>
    <testcase time="0.0110000000000001" classname="examples" name="example_tm_rmarkdown.Rd">
      <skipped message="Reason: On CRAN ('test-examples.R:143:7')"/>
    </testcase>
    <testcase time="0.0129999999999999" classname="examples" name="example_tm_t_crosstable.Rd">
      <skipped message="Reason: On CRAN ('test-examples.R:143:7')"/>
    </testcase>
    <testcase time="0.0150000000000001" classname="examples" name="example_tm_tbl_summary.Rd">
      <skipped message="Reason: On CRAN ('test-examples.R:143:7')"/>
    </testcase>
    <testcase time="0.012" classname="examples" name="example_tm_variable_browser.Rd">
      <skipped message="Reason: On CRAN ('test-examples.R:143:7')"/>
    </testcase>
  </testsuite>
  <testsuite name="shinytest2-tm_a_pca" timestamp="2026-08-17T18:23:02Z" hostname="74b50fb66e9c" tests="11" skipped="11" failures="0" errors="0" time="1.094">
    <testcase time="0.211" classname="shinytest2_tm_a_pca" name="e2e_tm_a_pca_Module_is_initialised_with_the_specified_defaults_in_function_call.">
      <skipped message="Reason: On CRAN ('test-shinytest2-tm_a_pca.R:39:3')"/>
    </testcase>
    <testcase time="0.101" classname="shinytest2_tm_a_pca" name="e2e_tm_a_pca_Eigenvector_table_should_have_data_extract_selection_Murder_Assault_on_header.">
      <skipped message="Reason: On CRAN ('test-shinytest2-tm_a_pca.R:68:3')"/>
    </testcase>
    <testcase time="0.0840000000000001" classname="shinytest2_tm_a_pca" name="e2e_tm_a_pca_Eigenvector_table_should_have_data_extract_selection_Murder_UrbanPop_on_header.">
      <skipped message="Reason: On CRAN ('test-shinytest2-tm_a_pca.R:85:3')"/>
    </testcase>
    <testcase time="0.0879999999999996" classname="shinytest2_tm_a_pca" name="e2e_tm_a_pca_Color_by_columns_data_extract_must_be_from_non_selected_variable_set.">
      <skipped message="Reason: On CRAN ('test-shinytest2-tm_a_pca.R:102:3')"/>
    </testcase>
    <testcase time="0.0840000000000001" classname="shinytest2_tm_a_pca" name="e2e_tm_a_pca_Changing_output_encodings_of_tables_display_does_not_generate_errors.">
      <skipped message="Reason: On CRAN ('test-shinytest2-tm_a_pca.R:119:3')"/>
    </testcase>
    <testcase time="0.0840000000000001" classname="shinytest2_tm_a_pca" name="e2e_tm_a_pca_Changing_output_encodings_for_plot_type_does_not_generate_errors.">
      <skipped message="Reason: On CRAN ('test-shinytest2-tm_a_pca.R:140:3')"/>
    </testcase>
    <testcase time="0.085" classname="shinytest2_tm_a_pca" name="e2e_tm_a_pca_Changing_output_encodings_of_standardization_does_not_generate_errors.">
      <skipped message="Reason: On CRAN ('test-shinytest2-tm_a_pca.R:163:3')"/>
    </testcase>
    <testcase time="0.0840000000000001" classname="shinytest2_tm_a_pca" name="e2e_tm_a_pca_Changing_output_encodings_of_NA_action_does_not_generate_errors.">
      <skipped message="Reason: On CRAN ('test-shinytest2-tm_a_pca.R:181:3')"/>
    </testcase>
    <testcase time="0.0840000000000001" classname="shinytest2_tm_a_pca" name="e2e_tm_a_pca_Changing_output_encodings_of_plot_type_hides_and_shows_options.">
      <skipped message="Reason: On CRAN ('test-shinytest2-tm_a_pca.R:195:3')"/>
    </testcase>
    <testcase time="0.0880000000000001" classname="shinytest2_tm_a_pca" name="e2e_tm_a_pca_Changing_output_encodings_of_theme_does_not_generate_errors.">
      <skipped message="Reason: On CRAN ('test-shinytest2-tm_a_pca.R:223:3')"/>
    </testcase>
    <testcase time="0.101" classname="shinytest2_tm_a_pca" name="e2e_tm_a_pca_Changing_output_encodings_of_font_size_does_not_generate_errors.">
      <skipped message="Reason: On CRAN ('test-shinytest2-tm_a_pca.R:241:3')"/>
    </testcase>
  </testsuite>
  <testsuite name="shinytest2-tm_a_pca_picks" timestamp="2026-08-17T18:23:03Z" hostname="74b50fb66e9c" tests="11" skipped="11" failures="0" errors="0" time="1.103">
    <testcase time="0.101" classname="shinytest2_tm_a_pca_picks" name="e2e_tm_a_pca_Module_is_initialised_with_the_specified_defaults_in_function_call.">
      <skipped message="Reason: On CRAN ('test-shinytest2-tm_a_pca_picks.R:32:3')"/>
    </testcase>
    <testcase time="0.0870000000000002" classname="shinytest2_tm_a_pca_picks" name="e2e_tm_a_pca_Eigenvector_table_should_have_picks_selection_Murder_Assault_on_header.">
      <skipped message="Reason: On CRAN ('test-shinytest2-tm_a_pca_picks.R:61:3')"/>
    </testcase>
    <testcase time="0.0909999999999997" classname="shinytest2_tm_a_pca_picks" name="e2e_tm_a_pca_Eigenvector_table_should_have_picks_selection_Murder_UrbanPop_on_header.">
      <skipped message="Reason: On CRAN ('test-shinytest2-tm_a_pca_picks.R:78:3')"/>
    </testcase>
    <testcase time="0.228" classname="shinytest2_tm_a_pca_picks" name="e2e_tm_a_pca_Color_by_columns_data_extract_must_be_from_non_selected_variable_set.">
      <skipped message="Reason: On CRAN ('test-shinytest2-tm_a_pca_picks.R:95:3')"/>
    </testcase>
    <testcase time="0.0819999999999999" classname="shinytest2_tm_a_pca_picks" name="e2e_tm_a_pca_Changing_output_encodings_of_tables_display_does_not_generate_errors.">
      <skipped message="Reason: On CRAN ('test-shinytest2-tm_a_pca_picks.R:112:3')"/>
    </testcase>
    <testcase time="0.097" classname="shinytest2_tm_a_pca_picks" name="e2e_tm_a_pca_Changing_output_encodings_for_plot_type_does_not_generate_errors.">
      <skipped message="Reason: On CRAN ('test-shinytest2-tm_a_pca_picks.R:133:3')"/>
    </testcase>
    <testcase time="0.0960000000000001" classname="shinytest2_tm_a_pca_picks" name="e2e_tm_a_pca_Changing_output_encodings_of_standardization_does_not_generate_errors.">
      <skipped message="Reason: On CRAN ('test-shinytest2-tm_a_pca_picks.R:156:3')"/>
    </testcase>
    <testcase time="0.0819999999999999" classname="shinytest2_tm_a_pca_picks" name="e2e_tm_a_pca_Changing_output_encodings_of_NA_action_does_not_generate_errors.">
      <skipped message="Reason: On CRAN ('test-shinytest2-tm_a_pca_picks.R:174:3')"/>
    </testcase>
    <testcase time="0.0790000000000002" classname="shinytest2_tm_a_pca_picks" name="e2e_tm_a_pca_Changing_output_encodings_of_plot_type_hides_and_shows_options.">
      <skipped message="Reason: On CRAN ('test-shinytest2-tm_a_pca_picks.R:188:3')"/>
    </testcase>
    <testcase time="0.0779999999999998" classname="shinytest2_tm_a_pca_picks" name="e2e_tm_a_pca_Changing_output_encodings_of_theme_does_not_generate_errors.">
      <skipped message="Reason: On CRAN ('test-shinytest2-tm_a_pca_picks.R:216:3')"/>
    </testcase>
    <testcase time="0.0820000000000003" classname="shinytest2_tm_a_pca_picks" name="e2e_tm_a_pca_Changing_output_encodings_of_font_size_does_not_generate_errors.">
      <skipped message="Reason: On CRAN ('test-shinytest2-tm_a_pca_picks.R:234:3')"/>
    </testcase>
  </testsuite>
  <testsuite name="shinytest2-tm_a_regression" timestamp="2026-08-17T18:23:04Z" hostname="74b50fb66e9c" tests="7" skipped="7" failures="0" errors="0" time="0.568">
    <testcase time="0.0839999999999996" classname="shinytest2_tm_a_regression" name="e2e_tm_a_regression_Data_parameter_and_module_label_is_passed_properly.">
      <skipped message="Reason: On CRAN ('test-shinytest2-tm_a_regression.R:53:3')"/>
    </testcase>
    <testcase time="0.085" classname="shinytest2_tm_a_regression" name="e2e_tm_a_regression_Data_extract_spec_elements_are_initialized_with_the_default_values_specified_by_response_and_regressor_arg.">
      <skipped message="Reason: On CRAN ('test-shinytest2-tm_a_regression.R:70:3')"/>
    </testcase>
    <testcase time="0.0830000000000002" classname="shinytest2_tm_a_regression" name="e2e_tm_a_regression_Plot_type_is_set_properly.">
      <skipped message="Reason: On CRAN ('test-shinytest2-tm_a_regression.R:93:3')"/>
    </testcase>
    <testcase time="0.0780000000000003" classname="shinytest2_tm_a_regression" name="e2e_tm_a_regression_Plot_type_has_7_specific_choices_changing_choices_does_not_throw_errors.">
      <skipped message="Reason: On CRAN ('test-shinytest2-tm_a_regression.R:106:3')"/>
    </testcase>
    <testcase time="0.0779999999999994" classname="shinytest2_tm_a_regression" name="e2e_tm_a_regression_Outlier_definition_and_label_are_visible_by_default.">
      <skipped message="Reason: On CRAN ('test-shinytest2-tm_a_regression.R:133:3')"/>
    </testcase>
    <testcase time="0.0820000000000007" classname="shinytest2_tm_a_regression" name="e2e_tm_a_regression_Outlier_definition_and_label_have_default_values_and_label_text.">
      <skipped message="Reason: On CRAN ('test-shinytest2-tm_a_regression.R:145:3')"/>
    </testcase>
    <testcase time="0.0779999999999994" classname="shinytest2_tm_a_regression" name="e2e_tm_a_regression_Unchecking_display_outlier_hides_outlier_label_and_definition.">
      <skipped message="Reason: On CRAN ('test-shinytest2-tm_a_regression.R:173:3')"/>
    </testcase>
  </testsuite>
  <testsuite name="shinytest2-tm_a_regression_picks" timestamp="2026-08-17T18:23:05Z" hostname="74b50fb66e9c" tests="7" skipped="7" failures="0" errors="0" time="0.58">
    <testcase time="0.085" classname="shinytest2_tm_a_regression_picks" name="e2e_tm_a_regression_Data_parameter_and_module_label_is_passed_properly.">
      <skipped message="Reason: On CRAN ('test-shinytest2-tm_a_regression_picks.R:44:3')"/>
    </testcase>
    <testcase time="0.0920000000000005" classname="shinytest2_tm_a_regression_picks" name="e2e_tm_a_regression_picks_elements_are_initialized_with_the_default_values_specified_by_response_and_regressor_arg.">
      <skipped message="Reason: On CRAN ('test-shinytest2-tm_a_regression_picks.R:61:3')"/>
    </testcase>
    <testcase time="0.0800000000000001" classname="shinytest2_tm_a_regression_picks" name="e2e_tm_a_regression_Plot_type_is_set_properly.">
      <skipped message="Reason: On CRAN ('test-shinytest2-tm_a_regression_picks.R:84:3')"/>
    </testcase>
    <testcase time="0.0789999999999997" classname="shinytest2_tm_a_regression_picks" name="e2e_tm_a_regression_Plot_type_has_7_specific_choices_changing_choices_does_not_throw_errors.">
      <skipped message="Reason: On CRAN ('test-shinytest2-tm_a_regression_picks.R:97:3')"/>
    </testcase>
    <testcase time="0.0839999999999996" classname="shinytest2_tm_a_regression_picks" name="e2e_tm_a_regression_Outlier_definition_and_label_are_visible_by_default.">
      <skipped message="Reason: On CRAN ('test-shinytest2-tm_a_regression_picks.R:124:3')"/>
    </testcase>
    <testcase time="0.0800000000000001" classname="shinytest2_tm_a_regression_picks" name="e2e_tm_a_regression_Outlier_definition_and_label_have_default_values_and_label_text.">
      <skipped message="Reason: On CRAN ('test-shinytest2-tm_a_regression_picks.R:136:3')"/>
    </testcase>
    <testcase time="0.0800000000000001" classname="shinytest2_tm_a_regression_picks" name="e2e_tm_a_regression_Unchecking_display_outlier_hides_outlier_label_and_definition.">
      <skipped message="Reason: On CRAN ('test-shinytest2-tm_a_regression_picks.R:167:3')"/>
    </testcase>
  </testsuite>
  <testsuite name="shinytest2-tm_data_table" timestamp="2026-08-17T18:23:06Z" hostname="74b50fb66e9c" tests="4" skipped="4" failures="0" errors="0" time="0.352">
    <testcase time="0.0970000000000004" classname="shinytest2_tm_data_table" name="e2e_tm_data_table_Initializes_without_errors">
      <skipped message="Reason: On CRAN ('test-shinytest2-tm_data_table.R:26:3')"/>
    </testcase>
    <testcase time="0.0839999999999996" classname="shinytest2_tm_data_table" name="e2e_tm_data_table_Verify_checkbox_displayed_over_data_table">
      <skipped message="Reason: On CRAN ('test-shinytest2-tm_data_table.R:38:3')"/>
    </testcase>
    <testcase time="0.0830000000000002" classname="shinytest2_tm_data_table" name="e2e_tm_data_table_Verify_module_displays_data_table">
      <skipped message="Reason: On CRAN ('test-shinytest2-tm_data_table.R:47:3')"/>
    </testcase>
    <testcase time="0.0880000000000001" classname="shinytest2_tm_data_table" name="e2e_tm_data_table_Verify_default_variable_selection_and_set_new_selection">
      <skipped message="Reason: On CRAN ('test-shinytest2-tm_data_table.R:82:3')"/>
    </testcase>
  </testsuite>
  <testsuite name="shinytest2-tm_file_viewer" timestamp="2026-08-17T18:23:06Z" hostname="74b50fb66e9c" tests="4" skipped="4" failures="0" errors="0" time="1.096">
    <testcase time="0.449" classname="shinytest2_tm_file_viewer" name="e2e_tm_file_viewer_Initializes_without_errors_and_shows_files_tree_specified_in_input_path_argument">
      <skipped message="Reason: On CRAN ('test-shinytest2-tm_file_viewer.R:22:3')"/>
    </testcase>
    <testcase time="0.211" classname="shinytest2_tm_file_viewer" name="e2e_tm_file_viewer_Shows_selected_image_file">
      <skipped message="Reason: On CRAN ('test-shinytest2-tm_file_viewer.R:45:3')"/>
    </testcase>
    <testcase time="0.221" classname="shinytest2_tm_file_viewer" name="e2e_tm_file_viewer_Shows_selected_text_file">
      <skipped message="Reason: On CRAN ('test-shinytest2-tm_file_viewer.R:66:3')"/>
    </testcase>
    <testcase time="0.215" classname="shinytest2_tm_file_viewer" name="e2e_tm_file_viewer_Shows_selected_url">
      <skipped message="Reason: On CRAN ('test-shinytest2-tm_file_viewer.R:93:3')"/>
    </testcase>
  </testsuite>
  <testsuite name="shinytest2-tm_front_page" timestamp="2026-08-17T18:23:07Z" hostname="74b50fb66e9c" tests="3" skipped="3" failures="0" errors="0" time="0.39">
    <testcase time="0.138" classname="shinytest2_tm_front_page" name="e2e_tm_front_page_Initializes_without_errors_and_check_html_elements">
      <skipped message="Reason: On CRAN ('test-shinytest2-tm_front_page.R:27:3')"/>
    </testcase>
    <testcase time="0.124" classname="shinytest2_tm_front_page" name="e2e_tm_front_page_Verify_the_module_displays_tables">
      <skipped message="Reason: On CRAN ('test-shinytest2-tm_front_page.R:48:3')"/>
    </testcase>
    <testcase time="0.128" classname="shinytest2_tm_front_page" name="e2e_tm_front_page_Verify_the_module_displays_metadata">
      <skipped message="Reason: On CRAN ('test-shinytest2-tm_front_page.R:60:3')"/>
    </testcase>
  </testsuite>
  <testsuite name="shinytest2-tm_g_association" timestamp="2026-08-17T18:23:07Z" hostname="74b50fb66e9c" tests="4" skipped="4" failures="0" errors="0" time="0.501">
    <testcase time="0.127" classname="shinytest2_tm_g_association" name="e2e_tm_g_association_Data_parameter_and_module_label_is_passed_properly.">
      <skipped message="Reason: On CRAN ('test-shinytest2-tm_g_association.R:51:3')"/>
    </testcase>
    <testcase time="0.129" classname="shinytest2_tm_g_association" name="e2e_tm_g_association_Data_extract_spec_elements_are_initialized_with_the_default_values_specified_by_ref_and_vars_arguments.">
      <skipped message="Reason: On CRAN ('test-shinytest2-tm_g_association.R:66:3')"/>
    </testcase>
    <testcase time="0.125" classname="shinytest2_tm_g_association" name="e2e_tm_g_association_Module_plot_is_visible.">
      <skipped message="Reason: On CRAN ('test-shinytest2-tm_g_association.R:87:3')"/>
    </testcase>
    <testcase time="0.12" classname="shinytest2_tm_g_association" name="e2e_tm_g_association_Check_and_set_default_values_for_radio_buttons.">
      <skipped message="Reason: On CRAN ('test-shinytest2-tm_g_association.R:96:3')"/>
    </testcase>
  </testsuite>
  <testsuite name="shinytest2-tm_g_association_picks" timestamp="2026-08-17T18:23:08Z" hostname="74b50fb66e9c" tests="4" skipped="4" failures="0" errors="0" time="0.507">
    <testcase time="0.129" classname="shinytest2_tm_g_association_picks" name="e2e_tm_g_association_Data_parameter_and_module_label_is_passed_properly.">
      <skipped message="Reason: On CRAN ('test-shinytest2-tm_g_association_picks.R:40:3')"/>
    </testcase>
    <testcase time="0.133" classname="shinytest2_tm_g_association_picks" name="e2e_tm_g_association_picks_elements_are_initialized_with_the_default_values_specified_by_ref_and_vars_arguments.">
      <skipped message="Reason: On CRAN ('test-shinytest2-tm_g_association_picks.R:56:3')"/>
    </testcase>
    <testcase time="0.12" classname="shinytest2_tm_g_association_picks" name="e2e_tm_g_association_Module_plot_is_visible.">
      <skipped message="Reason: On CRAN ('test-shinytest2-tm_g_association_picks.R:71:3')"/>
    </testcase>
    <testcase time="0.125" classname="shinytest2_tm_g_association_picks" name="e2e_tm_g_association_Check_and_set_default_values_for_radio_buttons.">
      <skipped message="Reason: On CRAN ('test-shinytest2-tm_g_association_picks.R:80:3')"/>
    </testcase>
  </testsuite>
  <testsuite name="shinytest2-tm_g_bivariate" timestamp="2026-08-17T18:23:08Z" hostname="74b50fb66e9c" tests="4" skipped="4" failures="0" errors="0" time="0.368">
    <testcase time="0.0909999999999993" classname="shinytest2_tm_g_bivariate" name="e2e_tm_g_bivariate_Module_is_initialised_with_the_specified_defaults.">
      <skipped message="Reason: On CRAN ('test-shinytest2-tm_g_bivariate.R:92:3')"/>
    </testcase>
    <testcase time="0.103000000000002" classname="shinytest2_tm_g_bivariate" name="e2e_tm_g_bivariate_Coloring_options_are_hidden_when_coloring_is_toggled_off.">
      <skipped message="Reason: On CRAN ('test-shinytest2-tm_g_bivariate.R:119:3')"/>
    </testcase>
    <testcase time="0.0849999999999991" classname="shinytest2_tm_g_bivariate" name="e2e_tm_g_bivariate_Facetting_options_are_hidden_when_facet_is_toggled_off.">
      <skipped message="Reason: On CRAN ('test-shinytest2-tm_g_bivariate.R:161:3')"/>
    </testcase>
    <testcase time="0.0890000000000004" classname="shinytest2_tm_g_bivariate" name="e2e_tm_g_bivariate_Setting_encoding_inputs_produces_outputs_without_validation_errors.">
      <skipped message="Reason: On CRAN ('test-shinytest2-tm_g_bivariate.R:197:3')"/>
    </testcase>
  </testsuite>
  <testsuite name="shinytest2-tm_g_bivariate_picks" timestamp="2026-08-17T18:23:09Z" hostname="74b50fb66e9c" tests="4" skipped="4" failures="0" errors="0" time="1.099">
    <testcase time="0.273" classname="shinytest2_tm_g_bivariate_picks" name="e2e_tm_g_bivariate_Module_is_initialised_with_the_specified_defaults.">
      <skipped message="Reason: On CRAN ('test-shinytest2-tm_g_bivariate_picks.R:56:3')"/>
    </testcase>
    <testcase time="0.291" classname="shinytest2_tm_g_bivariate_picks" name="e2e_tm_g_bivariate_Coloring_options_are_hidden_when_coloring_is_toggled_off.">
      <skipped message="Reason: On CRAN ('test-shinytest2-tm_g_bivariate_picks.R:83:3')"/>
    </testcase>
    <testcase time="0.263999999999999" classname="shinytest2_tm_g_bivariate_picks" name="e2e_tm_g_bivariate_Facetting_options_are_hidden_when_facet_is_toggled_off.">
      <skipped message="Reason: On CRAN ('test-shinytest2-tm_g_bivariate_picks.R:101:3')"/>
    </testcase>
    <testcase time="0.271000000000001" classname="shinytest2_tm_g_bivariate_picks" name="e2e_tm_g_bivariate_Setting_encoding_inputs_produces_outputs_without_validation_errors.">
      <skipped message="Reason: On CRAN ('test-shinytest2-tm_g_bivariate_picks.R:121:3')"/>
    </testcase>
  </testsuite>
  <testsuite name="shinytest2-tm_g_distribution" timestamp="2026-08-17T18:23:10Z" hostname="74b50fb66e9c" tests="3" skipped="3" failures="0" errors="0" time="0.256">
    <testcase time="0.0830000000000002" classname="shinytest2_tm_g_distribution" name="e2e_tm_g_distribution_Module_is_initialised_with_the_specified_defaults.">
      <skipped message="Reason: On CRAN ('test-shinytest2-tm_g_distribution.R:52:3')"/>
    </testcase>
    <testcase time="0.0860000000000003" classname="shinytest2_tm_g_distribution" name="e2e_tm_g_distribution_Histogram_encoding_inputs_produce_output_without_validation_errors.">
      <skipped message="Reason: On CRAN ('test-shinytest2-tm_g_distribution.R:76:3')"/>
    </testcase>
    <testcase time="0.0869999999999997" classname="shinytest2_tm_g_distribution" name="e2e_tm_g_distribution_QQ_plot_encoding_inputs_produce_output_without_validation_errors.">
      <skipped message="Reason: On CRAN ('test-shinytest2-tm_g_distribution.R:113:3')"/>
    </testcase>
  </testsuite>
  <testsuite name="shinytest2-tm_g_distribution_picks" timestamp="2026-08-17T18:23:10Z" hostname="74b50fb66e9c" tests="3" skipped="3" failures="0" errors="0" time="0.253">
    <testcase time="0.0809999999999995" classname="shinytest2_tm_g_distribution_picks" name="e2e_tm_g_distribution_Module_is_initialised_with_the_specified_defaults.">
      <skipped message="Reason: On CRAN ('test-shinytest2-tm_g_distribution_picks.R:43:3')"/>
    </testcase>
    <testcase time="0.0860000000000003" classname="shinytest2_tm_g_distribution_picks" name="e2e_tm_g_distribution_Histogram_encoding_inputs_produce_output_without_validation_errors.">
      <skipped message="Reason: On CRAN ('test-shinytest2-tm_g_distribution_picks.R:68:3')"/>
    </testcase>
    <testcase time="0.0860000000000003" classname="shinytest2_tm_g_distribution_picks" name="e2e_tm_g_distribution_QQ_plot_encoding_inputs_produce_output_without_validation_errors.">
      <skipped message="Reason: On CRAN ('test-shinytest2-tm_g_distribution_picks.R:103:3')"/>
    </testcase>
  </testsuite>
  <testsuite name="shinytest2-tm_g_response" timestamp="2026-08-17T18:23:10Z" hostname="74b50fb66e9c" tests="4" skipped="4" failures="0" errors="0" time="0.366">
    <testcase time="0.0989999999999984" classname="shinytest2_tm_g_response" name="e2e_tm_g_response_module_is_initialised_with_the_specified_defaults.">
      <skipped message="Reason: On CRAN ('test-shinytest2-tm_g_response.R:47:3')"/>
    </testcase>
    <testcase time="0.0920000000000005" classname="shinytest2_tm_g_response" name="e2e_tm_g_response_encoding_inputs_produce_output_without_validation_errors.">
      <skipped message="Reason: On CRAN ('test-shinytest2-tm_g_response.R:65:3')"/>
    </testcase>
    <testcase time="0.093" classname="shinytest2_tm_g_response" name="e2e_tm_g_response_deselecting_response_produces_validation_error.">
      <skipped message="Reason: On CRAN ('test-shinytest2-tm_g_response.R:95:3')"/>
    </testcase>
    <testcase time="0.0820000000000007" classname="shinytest2_tm_g_response" name="e2e_tm_g_response_deselecting_x_produces_validation_error.">
      <skipped message="Reason: On CRAN ('test-shinytest2-tm_g_response.R:106:3')"/>
    </testcase>
  </testsuite>
  <testsuite name="shinytest2-tm_g_response_picks" timestamp="2026-08-17T18:23:11Z" hostname="74b50fb66e9c" tests="4" skipped="4" failures="0" errors="0" time="0.717">
    <testcase time="0.180999999999999" classname="shinytest2_tm_g_response_picks" name="e2e_tm_g_response_module_is_initialised_with_the_specified_defaults.">
      <skipped message="Reason: On CRAN ('test-shinytest2-tm_g_response_picks.R:35:3')"/>
    </testcase>
    <testcase time="0.183" classname="shinytest2_tm_g_response_picks" name="e2e_tm_g_response_encoding_inputs_produce_output_without_validation_errors.">
      <skipped message="Reason: On CRAN ('test-shinytest2-tm_g_response_picks.R:53:3')"/>
    </testcase>
    <testcase time="0.177000000000001" classname="shinytest2_tm_g_response_picks" name="e2e_tm_g_response_deselecting_response_produces_validation_error.">
      <skipped message="Reason: On CRAN ('test-shinytest2-tm_g_response_picks.R:82:3')"/>
    </testcase>
    <testcase time="0.175999999999998" classname="shinytest2_tm_g_response_picks" name="e2e_tm_g_response_deselecting_x_produces_validation_error.">
      <skipped message="Reason: On CRAN ('test-shinytest2-tm_g_response_picks.R:93:3')"/>
    </testcase>
  </testsuite>
  <testsuite name="shinytest2-tm_g_scatterplot" timestamp="2026-08-17T18:23:12Z" hostname="74b50fb66e9c" tests="5" skipped="5" failures="0" errors="0" time="0.473">
    <testcase time="0.0920000000000005" classname="shinytest2_tm_g_scatterplot" name="e2e_tm_g_scatterplot_Module_is_initialised_with_the_specified_defaults.">
      <skipped message="Reason: On CRAN ('test-shinytest2-tm_g_scatterplot.R:91:3')"/>
    </testcase>
    <testcase time="0.110000000000001" classname="shinytest2_tm_g_scatterplot" name="e2e_tm_g_scatterplot_Base_for_the_log_transformation_can_be_applied.">
      <skipped message="Reason: On CRAN ('test-shinytest2-tm_g_scatterplot.R:117:3')"/>
    </testcase>
    <testcase time="0.0879999999999992" classname="shinytest2_tm_g_scatterplot" name="e2e_tm_g_scatterplot_The_log_transform_is_only_possible_for_positive_numeric_vars.">
      <skipped message="Reason: On CRAN ('test-shinytest2-tm_g_scatterplot.R:137:3')"/>
    </testcase>
    <testcase time="0.0960000000000001" classname="shinytest2_tm_g_scatterplot" name="e2e_tm_g_scatterplot_Get_validation_error_when_facetting_with_the_same_row_col_variable.">
      <skipped message="Reason: On CRAN ('test-shinytest2-tm_g_scatterplot.R:156:3')"/>
    </testcase>
    <testcase time="0.0869999999999997" classname="shinytest2_tm_g_scatterplot" name="e2e_tm_g_scatterplot_The_encoding_inputs_are_set_without_validation_errors.">
      <skipped message="Reason: On CRAN ('test-shinytest2-tm_g_scatterplot.R:168:3')"/>
    </testcase>
  </testsuite>
  <testsuite name="shinytest2-tm_g_scatterplot_picks" timestamp="2026-08-17T18:23:12Z" hostname="74b50fb66e9c" tests="5" skipped="5" failures="0" errors="0" time="0.465">
    <testcase time="0.0909999999999993" classname="shinytest2_tm_g_scatterplot_picks" name="e2e_tm_g_scatterplot_Module_is_initialised_with_the_specified_defaults.">
      <skipped message="Reason: On CRAN ('test-shinytest2-tm_g_scatterplot_picks.R:52:3')"/>
    </testcase>
    <testcase time="0.107000000000001" classname="shinytest2_tm_g_scatterplot_picks" name="e2e_tm_g_scatterplot_Base_for_the_log_transformation_can_be_applied.">
      <skipped message="Reason: On CRAN ('test-shinytest2-tm_g_scatterplot_picks.R:78:3')"/>
    </testcase>
    <testcase time="0.0869999999999997" classname="shinytest2_tm_g_scatterplot_picks" name="e2e_tm_g_scatterplot_The_log_transform_is_only_possible_for_positive_numeric_vars.">
      <skipped message="Reason: On CRAN ('test-shinytest2-tm_g_scatterplot_picks.R:98:3')"/>
    </testcase>
    <testcase time="0.0939999999999994" classname="shinytest2_tm_g_scatterplot_picks" name="e2e_tm_g_scatterplot_Get_validation_error_when_facetting_with_the_same_row_col_variable.">
      <skipped message="Reason: On CRAN ('test-shinytest2-tm_g_scatterplot_picks.R:117:3')"/>
    </testcase>
    <testcase time="0.0860000000000003" classname="shinytest2_tm_g_scatterplot_picks" name="e2e_tm_g_scatterplot_The_encoding_inputs_are_set_without_validation_errors.">
      <skipped message="Reason: On CRAN ('test-shinytest2-tm_g_scatterplot_picks.R:129:3')"/>
    </testcase>
  </testsuite>
  <testsuite name="shinytest2-tm_g_scatterplotmatrix" timestamp="2026-08-17T18:23:12Z" hostname="74b50fb66e9c" tests="4" skipped="4" failures="0" errors="0" time="0.591">
    <testcase time="0.157" classname="shinytest2_tm_g_scatterplotmatrix" name="e2e_tm_g_scatterplotmatrix_Initializes_without_errors">
      <skipped message="Reason: On CRAN ('test-shinytest2-tm_g_scatterplotmatrix.R:50:3')"/>
    </testcase>
    <testcase time="0.153" classname="shinytest2_tm_g_scatterplotmatrix" name="e2e_tm_g_scatterplotmatrix_Verify_module_displays_data_table">
      <skipped message="Reason: On CRAN ('test-shinytest2-tm_g_scatterplotmatrix.R:64:3')"/>
    </testcase>
    <testcase time="0.137" classname="shinytest2_tm_g_scatterplotmatrix" name="e2e_tm_g_scatterplotmatrix_Verify_default_values_and_settings_data_extracts_for_data_selection">
      <skipped message="Reason: On CRAN ('test-shinytest2-tm_g_scatterplotmatrix.R:78:3')"/>
    </testcase>
    <testcase time="0.144" classname="shinytest2_tm_g_scatterplotmatrix" name="e2e_tm_g_scatterplotmatrix_Change_plot_settings">
      <skipped message="Reason: On CRAN ('test-shinytest2-tm_g_scatterplotmatrix.R:105:3')"/>
    </testcase>
  </testsuite>
  <testsuite name="shinytest2-tm_g_scatterplotmatrix_picks" timestamp="2026-08-17T18:23:13Z" hostname="74b50fb66e9c" tests="4" skipped="4" failures="0" errors="0" time="0.833">
    <testcase time="0.204000000000001" classname="shinytest2_tm_g_scatterplotmatrix_picks" name="e2e_tm_g_scatterplotmatrix_Initializes_without_errors">
      <skipped message="Reason: On CRAN ('test-shinytest2-tm_g_scatterplotmatrix_picks.R:35:3')"/>
    </testcase>
    <testcase time="0.200999999999999" classname="shinytest2_tm_g_scatterplotmatrix_picks" name="e2e_tm_g_scatterplotmatrix_Verify_module_displays_data_table">
      <skipped message="Reason: On CRAN ('test-shinytest2-tm_g_scatterplotmatrix_picks.R:49:3')"/>
    </testcase>
    <testcase time="0.201000000000001" classname="shinytest2_tm_g_scatterplotmatrix_picks" name="e2e_tm_g_scatterplotmatrix_Verify_default_values_and_settings_data_extracts_for_data_selection">
      <skipped message="Reason: On CRAN ('test-shinytest2-tm_g_scatterplotmatrix_picks.R:61:3')"/>
    </testcase>
    <testcase time="0.227" classname="shinytest2_tm_g_scatterplotmatrix_picks" name="e2e_tm_g_scatterplotmatrix_Change_plot_settings">
      <skipped message="Reason: On CRAN ('test-shinytest2-tm_g_scatterplotmatrix_picks.R:83:3')"/>
    </testcase>
  </testsuite>
  <testsuite name="shinytest2-tm_missing_data" timestamp="2026-08-17T18:23:14Z" hostname="74b50fb66e9c" tests="4" skipped="4" failures="0" errors="0" time="0.813">
    <testcase time="0.211" classname="shinytest2_tm_missing_data" name="e2e_tm_missing_data_Initializes_without_errors">
      <skipped message="Reason: On CRAN ('test-shinytest2-tm_missing_data.R:41:3')"/>
    </testcase>
    <testcase time="0.205" classname="shinytest2_tm_missing_data" name="e2e_tm_missing_data_Default_settings_and_visibility_of_the_summary_graph">
      <skipped message="Reason: On CRAN ('test-shinytest2-tm_missing_data.R:55:3')"/>
    </testcase>
    <testcase time="0.199" classname="shinytest2_tm_missing_data" name="e2e_tm_missing_data_Check_default_settings_and_visibility_of_the_combinations_graph_and_encodings">
      <skipped message="Reason: On CRAN ('test-shinytest2-tm_missing_data.R:83:3')"/>
    </testcase>
    <testcase time="0.197999999999999" classname="shinytest2_tm_missing_data" name="e2e_tm_missing_data_Validate_functionality_and_UI_response_for_By_Variable_Levels_">
      <skipped message="Reason: On CRAN ('test-shinytest2-tm_missing_data.R:113:3')"/>
    </testcase>
  </testsuite>
  <testsuite name="shinytest2-tm_outliers" timestamp="2026-08-17T18:23:15Z" hostname="74b50fb66e9c" tests="10" skipped="10" failures="0" errors="0" time="1.022">
    <testcase time="0.110000000000001" classname="shinytest2_tm_outliers" name="e2e_tm_outliers_Data_parameter_and_module_label_is_passed_properly.">
      <skipped message="Reason: On CRAN ('test-shinytest2-tm_outliers.R:56:3')"/>
    </testcase>
    <testcase time="0.109" classname="shinytest2_tm_outliers" name="e2e_tm_outliers_Data_extract_spec_elements_are_initialized_with_the_default_values_specified_by_outlier_var_and_categorical_var_argument.">
      <skipped message="Reason: On CRAN ('test-shinytest2-tm_outliers.R:73:3')"/>
    </testcase>
    <testcase time="0.100999999999999" classname="shinytest2_tm_outliers" name="e2e_tm_outliers_Plot_type_is_correctly_set_by_default_and_has_appropriate_possible_options.">
      <skipped message="Reason: On CRAN ('test-shinytest2-tm_outliers.R:109:3')"/>
    </testcase>
    <testcase time="0.0999999999999996" classname="shinytest2_tm_outliers" name="e2e_tm_outliers_Module_is_divided_into_3_tabs.">
      <skipped message="Reason: On CRAN ('test-shinytest2-tm_outliers.R:126:3')"/>
    </testcase>
    <testcase time="0.0960000000000001" classname="shinytest2_tm_outliers" name="e2e_tm_outliers_Plot_type_is_hidden_when_Boxplot_tab_is_not_selected.">
      <skipped message="Reason: On CRAN ('test-shinytest2-tm_outliers.R:143:3')"/>
    </testcase>
    <testcase time="0.105" classname="shinytest2_tm_outliers" name="e2e_tm_outliers_Default_radio_buttons_are_set_properly.">
      <skipped message="Reason: On CRAN ('test-shinytest2-tm_outliers.R:160:3')"/>
    </testcase>
    <testcase time="0.0960000000000001" classname="shinytest2_tm_outliers" name="e2e_tm_outliers_Method_parameters_are_set_properly.">
      <skipped message="Reason: On CRAN ('test-shinytest2-tm_outliers.R:176:3')"/>
    </testcase>
    <testcase time="0.104000000000001" classname="shinytest2_tm_outliers" name="e2e_tm_outliers_Outlier_definition_text_and_range_are_displayed_properly_depending_on_method.">
      <skipped message="Reason: On CRAN ('test-shinytest2-tm_outliers.R:191:3')"/>
    </testcase>
    <testcase time="0.0969999999999995" classname="shinytest2_tm_outliers" name="e2e_tm_outliers_Outliers_summary_table_is_displayed_with_proper_content.">
      <skipped message="Reason: On CRAN ('test-shinytest2-tm_outliers.R:252:3')"/>
    </testcase>
    <testcase time="0.103999999999999" classname="shinytest2_tm_outliers" name="e2e_tm_outliers_Outlier_table_is_displayed_with_proper_content.">
      <skipped message="Reason: On CRAN ('test-shinytest2-tm_outliers.R:302:3')"/>
    </testcase>
  </testsuite>
  <testsuite name="shinytest2-tm_t_crosstable" timestamp="2026-08-17T18:23:16Z" hostname="74b50fb66e9c" tests="4" skipped="4" failures="0" errors="0" time="0.748">
    <testcase time="0.385" classname="shinytest2_tm_t_crosstable" name="e2e_tm_t_crosstable_Initializes_without_errors">
      <skipped message="Reason: On CRAN ('test-shinytest2-tm_t_crosstable.R:49:3')"/>
    </testcase>
    <testcase time="0.122000000000002" classname="shinytest2_tm_t_crosstable" name="e2e_tm_t_crosstable_Verify_module_displays_data_table">
      <skipped message="Reason: On CRAN ('test-shinytest2-tm_t_crosstable.R:63:3')"/>
    </testcase>
    <testcase time="0.120999999999999" classname="shinytest2_tm_t_crosstable" name="e2e_tm_t_crosstable_Verify_default_values_and_settings_data_extracts_for_data_selection">
      <skipped message="Reason: On CRAN ('test-shinytest2-tm_t_crosstable.R:75:3')"/>
    </testcase>
    <testcase time="0.120000000000001" classname="shinytest2_tm_t_crosstable" name="e2e_tm_t_crosstable_Change_plot_settings">
      <skipped message="Reason: On CRAN ('test-shinytest2-tm_t_crosstable.R:98:3')"/>
    </testcase>
  </testsuite>
  <testsuite name="shinytest2-tm_t_crosstable_picks" timestamp="2026-08-17T18:23:16Z" hostname="74b50fb66e9c" tests="4" skipped="4" failures="0" errors="0" time="0.486">
    <testcase time="0.122" classname="shinytest2_tm_t_crosstable_picks" name="e2e_tm_t_crosstable_Initializes_without_errors">
      <skipped message="Reason: On CRAN ('test-shinytest2-tm_t_crosstable_picks.R:36:3')"/>
    </testcase>
    <testcase time="0.117000000000001" classname="shinytest2_tm_t_crosstable_picks" name="e2e_tm_t_crosstable_Verify_module_displays_data_table">
      <skipped message="Reason: On CRAN ('test-shinytest2-tm_t_crosstable_picks.R:50:3')"/>
    </testcase>
    <testcase time="0.122999999999998" classname="shinytest2_tm_t_crosstable_picks" name="e2e_tm_t_crosstable_Verify_default_values_and_settings_data_extracts_for_data_selection">
      <skipped message="Reason: On CRAN ('test-shinytest2-tm_t_crosstable_picks.R:60:3')"/>
    </testcase>
    <testcase time="0.124000000000002" classname="shinytest2_tm_t_crosstable_picks" name="e2e_tm_t_crosstable_Change_plot_settings">
      <skipped message="Reason: On CRAN ('test-shinytest2-tm_t_crosstable_picks.R:83:3')"/>
    </testcase>
  </testsuite>
  <testsuite name="shinytest2-tm_tbl_summary" timestamp="2026-08-17T18:23:17Z" hostname="74b50fb66e9c" tests="4" skipped="4" failures="0" errors="0" time="0.777">
    <testcase time="0.186" classname="shinytest2_tm_tbl_summary" name="e2e_tm_tbl_summary_Initializes_without_errors">
      <skipped message="Reason: On CRAN ('test-shinytest2-tm_tbl_summary.R:24:3')"/>
    </testcase>
    <testcase time="0.201000000000001" classname="shinytest2_tm_tbl_summary" name="e2e_tm_tbl_summary_Verify_module_displays_data_table">
      <skipped message="Reason: On CRAN ('test-shinytest2-tm_tbl_summary.R:38:3')"/>
    </testcase>
    <testcase time="0.177" classname="shinytest2_tm_tbl_summary" name="e2e_tm_tbl_summary_Verify_default_values_and_settings_data_extracts_for_data_selection">
      <skipped message="Reason: On CRAN ('test-shinytest2-tm_tbl_summary.R:48:3')"/>
    </testcase>
    <testcase time="0.212999999999997" classname="shinytest2_tm_tbl_summary" name="e2e_tm_tbl_summary_Change_table_settings">
      <skipped message="Reason: On CRAN ('test-shinytest2-tm_tbl_summary.R:71:3')"/>
    </testcase>
  </testsuite>
  <testsuite name="shinytest2-tm_variable_browser" timestamp="2026-08-17T18:23:18Z" hostname="74b50fb66e9c" tests="6" skipped="6" failures="0" errors="0" time="0.67">
    <testcase time="0.120000000000001" classname="shinytest2_tm_variable_browser" name="e2e_tm_variable_browser_content_is_displayed_correctly.">
      <skipped message="Reason: On CRAN ('test-shinytest2-tm_variable_browser.R:34:3')"/>
    </testcase>
    <testcase time="0.103999999999999" classname="shinytest2_tm_variable_browser" name="e2e_tm_variable_browser_Selecting_treat_variable_as_factor_changes_the_table_headers.">
      <skipped message="Reason: On CRAN ('test-shinytest2-tm_variable_browser.R:72:3')"/>
    </testcase>
    <testcase time="0.115000000000002" classname="shinytest2_tm_variable_browser" name="e2e_tm_variable_browser_selection_of_categorical_variable_has_a_table_with_level_header.">
      <skipped message="Reason: On CRAN ('test-shinytest2-tm_variable_browser.R:108:3')"/>
    </testcase>
    <testcase time="0.114000000000001" classname="shinytest2_tm_variable_browser" name="e2e_tm_variable_browser_changing_display_density_encoding_doesn_t_show_errors.">
      <skipped message="Reason: On CRAN ('test-shinytest2-tm_variable_browser.R:166:3')"/>
    </testcase>
    <testcase time="0.103999999999999" classname="shinytest2_tm_variable_browser" name="e2e_tm_variable_browser_changing_outlier_definition_encoding_doesn_t_show_errors.">
      <skipped message="Reason: On CRAN ('test-shinytest2-tm_variable_browser.R:181:3')"/>
    </testcase>
    <testcase time="0.113" classname="shinytest2_tm_variable_browser" name="e2e_tm_variable_browser_changing_plot_setting_encodings_doesn_t_show_errors.">
      <skipped message="Reason: On CRAN ('test-shinytest2-tm_variable_browser.R:212:3')"/>
    </testcase>
  </testsuite>
  <testsuite name="tm_a_pca" timestamp="2026-08-17T18:23:18Z" hostname="74b50fb66e9c" tests="52" skipped="0" failures="0" errors="0" time="16.69">
    <testcase time="0.0360000000000014" classname="tm_a_pca" name="tm_a_pca_module_creation_creates_a_teal_module_object_with_default_options"/>
    <testcase time="0.00399999999999778" classname="tm_a_pca" name="tm_a_pca_module_creation_creates_a_module_with_valid_transformators"/>
    <testcase time="0.00600000000000023" classname="tm_a_pca" name="tm_a_pca_module_creation_creates_a_module_that_is_not_bookmarkable"/>
    <testcase time="0.0109999999999992" classname="tm_a_pca" name="tm_a_pca_input_validation_fails_when_label_is_not_a_string"/>
    <testcase time="0.00700000000000145" classname="tm_a_pca" name="tm_a_pca_input_validation_fails_when_dat_is_not_a_list_of_data_extract_spec"/>
    <testcase time="0.00499999999999901" classname="tm_a_pca" name="tm_a_pca_input_validation_fails_when_dat_is_not_a_list_of_data_extract_spec"/>
    <testcase time="0.027000000000001" classname="tm_a_pca" name="tm_a_pca_input_validation_fails_when_dat_has_more_than_1_dataset"/>
    <testcase time="0.00799999999999912" classname="tm_a_pca" name="tm_a_pca_input_validation_fails_when_ggtheme_is_not_a_valid_choice"/>
    <testcase time="0.00799999999999912" classname="tm_a_pca" name="tm_a_pca_input_validation_fails_when_ggplot2_args_is_not_a_list_of_ggplot2_args"/>
    <testcase time="0.00600000000000023" classname="tm_a_pca" name="tm_a_pca_input_validation_fails_when_ggplot2_args_is_not_a_list_of_ggplot2_args"/>
    <testcase time="0.00500000000000256" classname="tm_a_pca" name="tm_a_pca_input_validation_succeeds_when_ggplot2_args_has_supported_parameters"/>
    <testcase time="0.0069999999999979" classname="tm_a_pca" name="tm_a_pca_input_validation_fails_when_plot_height_is_not_numeric_of_length_3"/>
    <testcase time="0.00799999999999912" classname="tm_a_pca" name="tm_a_pca_input_validation_fails_when_plot_width_is_not_numeric_of_length_3_or_NULL"/>
    <testcase time="0.00800000000000267" classname="tm_a_pca" name="tm_a_pca_input_validation_fails_when_rotate_xaxis_labels_is_not_boolean"/>
    <testcase time="0.00499999999999901" classname="tm_a_pca" name="tm_a_pca_input_validation_fails_when_rotate_xaxis_labels_is_not_boolean"/>
    <testcase time="0.00600000000000023" classname="tm_a_pca" name="tm_a_pca_input_validation_fails_when_rotate_xaxis_labels_is_not_boolean"/>
    <testcase time="0.00499999999999901" classname="tm_a_pca" name="tm_a_pca_input_validation_succeeds_when_alpha_is_between_0_and_1"/>
    <testcase time="0.00700000000000145" classname="tm_a_pca" name="tm_a_pca_input_validation_fails_when_alpha_is_not_between_0_and_1"/>
    <testcase time="0.00600000000000023" classname="tm_a_pca" name="tm_a_pca_input_validation_fails_when_alpha_is_not_between_0_and_1"/>
    <testcase time="0.0069999999999979" classname="tm_a_pca" name="tm_a_pca_input_validation_fails_when_alpha_is_not_numeric_of_length_3_or_NULL"/>
    <testcase time="0.00600000000000023" classname="tm_a_pca" name="tm_a_pca_input_validation_fails_when_alpha_is_not_numeric_of_length_3_or_NULL"/>
    <testcase time="0.00500000000000256" classname="tm_a_pca" name="tm_a_pca_input_validation_fails_when_alpha_is_not_numeric_of_length_3_or_NULL"/>
    <testcase time="0.00499999999999901" classname="tm_a_pca" name="tm_a_pca_input_validation_succeeds_when_size_is_under_8"/>
    <testcase time="0.0069999999999979" classname="tm_a_pca" name="tm_a_pca_input_validation_fails_when_size_is_not_below_8"/>
    <testcase time="0.00600000000000023" classname="tm_a_pca" name="tm_a_pca_input_validation_fails_when_size_is_not_below_8"/>
    <testcase time="0.0130000000000017" classname="tm_a_pca" name="tm_a_pca_input_validation_fails_when_size_is_not_numeric_of_length_3_or_NULL"/>
    <testcase time="0.00900000000000034" classname="tm_a_pca" name="tm_a_pca_input_validation_fails_when_size_is_not_numeric_of_length_3_or_NULL"/>
    <testcase time="0.00499999999999901" classname="tm_a_pca" name="tm_a_pca_input_validation_fails_when_size_is_not_numeric_of_length_3_or_NULL"/>
    <testcase time="0.00499999999999901" classname="tm_a_pca" name="tm_a_pca_input_validation_succeeds_when_font_size_is_20"/>
    <testcase time="0.00800000000000267" classname="tm_a_pca" name="tm_a_pca_input_validation_fails_when_font_size_is_not_below_20"/>
    <testcase time="0.00499999999999901" classname="tm_a_pca" name="tm_a_pca_input_validation_fails_when_font_size_is_not_below_20"/>
    <testcase time="0.00799999999999912" classname="tm_a_pca" name="tm_a_pca_input_validation_fails_when_font_size_is_not_numeric_of_length_3_or_NULL"/>
    <testcase time="0.00499999999999901" classname="tm_a_pca" name="tm_a_pca_input_validation_fails_when_font_size_is_not_numeric_of_length_3_or_NULL"/>
    <testcase time="0.00600000000000023" classname="tm_a_pca" name="tm_a_pca_input_validation_fails_when_font_size_is_not_numeric_of_length_3_or_NULL"/>
    <testcase time="0.00700000000000145" classname="tm_a_pca" name="tm_a_pca_input_validation_fails_when_pre_output_is_not_a_shiny.tag_shiny.tag.list_html_or_NULL"/>
    <testcase time="0.00799999999999912" classname="tm_a_pca" name="tm_a_pca_input_validation_fails_when_post_output_is_not_a_shiny.tag_shiny.tag.list_html_or_NULL"/>
    <testcase time="0.00799999999999912" classname="tm_a_pca" name="tm_a_pca_input_validation_fails_when_decorators_is_not_a_valid_decorators_list"/>
    <testcase time="0.00800000000000267" classname="tm_a_pca" name="tm_a_pca_input_validation_fails_when_transformators_has_invalid_object_types"/>
    <testcase time="0.577999999999999" classname="tm_a_pca" name="tm_g_response_module_server_behavior_fails_to_execute_with_missing_test_inputs"/>
    <testcase time="0.747" classname="tm_a_pca" name="tm_g_response_module_server_behavior_fails_if_the_plot_type_is_not_from_the_valid_plots"/>
    <testcase time="1.991" classname="tm_a_pca" name="tm_g_response_module_server_behavior_returns_teal_report_object_with_valid_inputs_elbow_plot_"/>
    <testcase time="1.15" classname="tm_a_pca" name="tm_g_response_module_server_behavior_returns_teal_report_object_with_valid_inputs_Circle_plot_"/>
    <testcase time="0.855" classname="tm_a_pca" name="tm_g_response_module_server_behavior_fails_with_only_1_variable_Circle_plot_"/>
    <testcase time="0.616" classname="tm_a_pca" name="tm_g_response_module_server_behavior_fails_with_same_x_and_y_axis_Circle_plot_"/>
    <testcase time="0.975000000000001" classname="tm_a_pca" name="tm_g_response_module_server_behavior_returns_teal_report_object_with_valid_inputs_Biplot_"/>
    <testcase time="1.851" classname="tm_a_pca" name="tm_g_response_module_server_behavior_returns_teal_report_object_with_no_standardization_Biplot_"/>
    <testcase time="1.737" classname="tm_a_pca" name="tm_g_response_module_server_behavior_returns_teal_report_object_with_valid_inputs_and_response_Biplot_"/>
    <testcase time="1.772" classname="tm_a_pca" name="tm_g_response_module_server_behavior_returns_teal_report_object_with_valid_inputs_and_non_factor_response_Biplot_"/>
    <testcase time="1.923" classname="tm_a_pca" name="tm_g_response_module_server_behavior_returns_teal_report_object_with_valid_inputs_and_Date_response_Biplot_"/>
    <testcase time="0.948" classname="tm_a_pca" name="tm_g_response_module_server_behavior_fails_with_response_variable_being_used_in_PCA_Biplot_"/>
    <testcase time="1.14100000000001" classname="tm_a_pca" name="tm_g_response_module_server_behavior_returns_teal_report_object_with_valid_inputs_Eigenvector_plot_"/>
    <testcase time="0.0999999999999943" classname="tm_a_pca" name="tm_a_pca_module_ui_behavior_returns_a_htmltools_tag_or_taglist_with_minimal_arguments"/>
  </testsuite>
  <testsuite name="tm_a_pca_picks" timestamp="2026-08-17T18:23:35Z" hostname="74b50fb66e9c" tests="50" skipped="0" failures="0" errors="0" time="13.277">
    <testcase time="0.0280000000000058" classname="tm_a_pca_picks" name="tm_a_pca_module_creation_creates_a_teal_module_object_with_default_options"/>
    <testcase time="0.00399999999999778" classname="tm_a_pca_picks" name="tm_a_pca_module_creation_creates_a_module_with_valid_transformators"/>
    <testcase time="0.00600000000000023" classname="tm_a_pca_picks" name="tm_a_pca_module_creation_creates_a_module_that_is_not_bookmarkable"/>
    <testcase time="0.0219999999999985" classname="tm_a_pca_picks" name="tm_a_pca_input_validation_fails_when_label_is_not_a_string"/>
    <testcase time="0.00999999999999801" classname="tm_a_pca_picks" name="tm_a_pca_input_validation_fails_when_dat_is_not_a_picks_object"/>
    <testcase time="0.00800000000000267" classname="tm_a_pca_picks" name="tm_a_pca_input_validation_fails_when_dat_is_not_a_picks_object"/>
    <testcase time="0.00999999999999801" classname="tm_a_pca_picks" name="tm_a_pca_input_validation_fails_when_ggtheme_is_not_a_valid_choice"/>
    <testcase time="0.00900000000000034" classname="tm_a_pca_picks" name="tm_a_pca_input_validation_fails_when_ggplot2_args_is_not_a_list_of_ggplot2_args"/>
    <testcase time="0.00600000000000023" classname="tm_a_pca_picks" name="tm_a_pca_input_validation_fails_when_ggplot2_args_is_not_a_list_of_ggplot2_args"/>
    <testcase time="0.00500000000000256" classname="tm_a_pca_picks" name="tm_a_pca_input_validation_succeeds_when_ggplot2_args_has_supported_parameters"/>
    <testcase time="0.00900000000000034" classname="tm_a_pca_picks" name="tm_a_pca_input_validation_fails_when_plot_height_is_not_numeric_of_length_3"/>
    <testcase time="0.00900000000000034" classname="tm_a_pca_picks" name="tm_a_pca_input_validation_fails_when_plot_width_is_not_numeric_of_length_3_or_NULL"/>
    <testcase time="0.00900000000000034" classname="tm_a_pca_picks" name="tm_a_pca_input_validation_fails_when_rotate_xaxis_labels_is_not_boolean"/>
    <testcase time="0.00600000000000023" classname="tm_a_pca_picks" name="tm_a_pca_input_validation_fails_when_rotate_xaxis_labels_is_not_boolean"/>
    <testcase time="0.00600000000000023" classname="tm_a_pca_picks" name="tm_a_pca_input_validation_fails_when_rotate_xaxis_labels_is_not_boolean"/>
    <testcase time="0.00499999999999545" classname="tm_a_pca_picks" name="tm_a_pca_input_validation_succeeds_when_alpha_is_between_0_and_1"/>
    <testcase time="0.00800000000000267" classname="tm_a_pca_picks" name="tm_a_pca_input_validation_fails_when_alpha_is_not_between_0_and_1"/>
    <testcase time="0.00499999999999545" classname="tm_a_pca_picks" name="tm_a_pca_input_validation_fails_when_alpha_is_not_between_0_and_1"/>
    <testcase time="0.00800000000000267" classname="tm_a_pca_picks" name="tm_a_pca_input_validation_fails_when_alpha_is_not_numeric_of_length_3_or_NULL"/>
    <testcase time="0.00500000000000256" classname="tm_a_pca_picks" name="tm_a_pca_input_validation_fails_when_alpha_is_not_numeric_of_length_3_or_NULL"/>
    <testcase time="0.00600000000000023" classname="tm_a_pca_picks" name="tm_a_pca_input_validation_fails_when_alpha_is_not_numeric_of_length_3_or_NULL"/>
    <testcase time="0.00399999999999778" classname="tm_a_pca_picks" name="tm_a_pca_input_validation_succeeds_when_size_is_under_8"/>
    <testcase time="0.00900000000000034" classname="tm_a_pca_picks" name="tm_a_pca_input_validation_fails_when_size_is_not_below_8"/>
    <testcase time="0.00500000000000256" classname="tm_a_pca_picks" name="tm_a_pca_input_validation_fails_when_size_is_not_below_8"/>
    <testcase time="0.00800000000000267" classname="tm_a_pca_picks" name="tm_a_pca_input_validation_fails_when_size_is_not_numeric_of_length_3_or_NULL"/>
    <testcase time="0.0149999999999935" classname="tm_a_pca_picks" name="tm_a_pca_input_validation_fails_when_size_is_not_numeric_of_length_3_or_NULL"/>
    <testcase time="0.007000000000005" classname="tm_a_pca_picks" name="tm_a_pca_input_validation_fails_when_size_is_not_numeric_of_length_3_or_NULL"/>
    <testcase time="0.00499999999999545" classname="tm_a_pca_picks" name="tm_a_pca_input_validation_succeeds_when_font_size_is_20"/>
    <testcase time="0.0100000000000051" classname="tm_a_pca_picks" name="tm_a_pca_input_validation_fails_when_font_size_is_not_below_20"/>
    <testcase time="0.0069999999999979" classname="tm_a_pca_picks" name="tm_a_pca_input_validation_fails_when_font_size_is_not_below_20"/>
    <testcase time="0.00900000000000034" classname="tm_a_pca_picks" name="tm_a_pca_input_validation_fails_when_font_size_is_not_numeric_of_length_3_or_NULL"/>
    <testcase time="0.00600000000000023" classname="tm_a_pca_picks" name="tm_a_pca_input_validation_fails_when_font_size_is_not_numeric_of_length_3_or_NULL"/>
    <testcase time="0.00600000000000023" classname="tm_a_pca_picks" name="tm_a_pca_input_validation_fails_when_font_size_is_not_numeric_of_length_3_or_NULL"/>
    <testcase time="0.00799999999999557" classname="tm_a_pca_picks" name="tm_a_pca_input_validation_fails_when_pre_output_is_not_a_shiny.tag_shiny.tag.list_html_or_NULL"/>
    <testcase time="0.00800000000000267" classname="tm_a_pca_picks" name="tm_a_pca_input_validation_fails_when_post_output_is_not_a_shiny.tag_shiny.tag.list_html_or_NULL"/>
    <testcase time="0.00900000000000034" classname="tm_a_pca_picks" name="tm_a_pca_input_validation_fails_when_decorators_is_not_a_valid_decorators_list"/>
    <testcase time="0.00800000000000267" classname="tm_a_pca_picks" name="tm_a_pca_input_validation_fails_when_transformators_has_invalid_object_types"/>
    <testcase time="0.513999999999996" classname="tm_a_pca_picks" name="tm_g_response_module_server_behavior_fails_to_execute_with_missing_test_inputs"/>
    <testcase time="0.641000000000005" classname="tm_a_pca_picks" name="tm_g_response_module_server_behavior_fails_if_the_plot_type_is_not_from_the_valid_plots"/>
    <testcase time="1.507" classname="tm_a_pca_picks" name="tm_g_response_module_server_behavior_returns_teal_report_object_with_valid_inputs_elbow_plot_"/>
    <testcase time="1.395" classname="tm_a_pca_picks" name="tm_g_response_module_server_behavior_returns_teal_report_object_with_valid_inputs_Circle_plot_"/>
    <testcase time="0.856000000000002" classname="tm_a_pca_picks" name="tm_g_response_module_server_behavior_fails_with_only_1_variable_Circle_plot_"/>
    <testcase time="1.034" classname="tm_a_pca_picks" name="tm_g_response_module_server_behavior_fails_with_same_x_and_y_axis_Circle_plot_"/>
    <testcase time="0.591000000000001" classname="tm_a_pca_picks" name="tm_g_response_module_server_behavior_fails_with_no_Original_coordinates_selected_Circle_plot_"/>
    <testcase time="0.623000000000005" classname="tm_a_pca_picks" name="tm_g_response_module_server_behavior_fails_with_no_response_selected_Biplot_"/>
    <testcase time="1.80099999999999" classname="tm_a_pca_picks" name="tm_g_response_module_server_behavior_returns_teal_report_object_with_no_standardization_Biplot_"/>
    <testcase time="1.765" classname="tm_a_pca_picks" name="tm_g_response_module_server_behavior_returns_teal_report_object_with_valid_inputs_and_response_Biplot_"/>
    <testcase time="1.106" classname="tm_a_pca_picks" name="tm_g_response_module_server_behavior_returns_teal_report_object_with_valid_inputs_Eigenvector_plot_"/>
    <testcase time="1.038" classname="tm_a_pca_picks" name="tm_g_response_module_server_behavior_fails_with_no_Principal_Component_selected_Eigenvector_plot_"/>
    <testcase time="0.0980000000000061" classname="tm_a_pca_picks" name="tm_a_pca_module_ui_behavior_returns_a_htmltools_tag_or_taglist_with_minimal_arguments"/>
  </testsuite>
  <testsuite name="tm_a_regression" timestamp="2026-08-17T18:23:48Z" hostname="74b50fb66e9c" tests="41" skipped="0" failures="0" errors="0" time="7.818">
    <testcase time="0.0259999999999962" classname="tm_a_regression" name="tests_for_module_creation_works_with_default_arguments"/>
    <testcase time="0.00500000000000256" classname="tm_a_regression" name="tests_for_module_creation_works_after_setting_plot_arguments"/>
    <testcase time="0.00399999999999778" classname="tm_a_regression" name="tests_for_module_creation_works_when_setting_ggplot2_args"/>
    <testcase time="0.00399999999999778" classname="tm_a_regression" name="tests_for_module_creation_works_when_setting_default_outlier_label"/>
    <testcase time="0.00600000000000023" classname="tm_a_regression" name="tests_for_module_creation_works_with_pre_output"/>
    <testcase time="0.00300000000000011" classname="tm_a_regression" name="tests_for_module_creation_works_with_pre_output"/>
    <testcase time="0.00600000000000023" classname="tm_a_regression" name="tests_for_module_creation_works_with_post_output"/>
    <testcase time="0.00200000000000244" classname="tm_a_regression" name="tests_for_module_creation_works_with_post_output"/>
    <testcase time="0.00399999999999778" classname="tm_a_regression" name="tests_for_module_creation_accepts_a_transformator"/>
    <testcase time="0.00400000000000489" classname="tm_a_regression" name="tests_for_module_creation_accepts_a_decorator"/>
    <testcase time="0.0640000000000001" classname="tm_a_regression" name="tests_for_module_creation_ui_is_of_the_expected_type"/>
    <testcase time="0.0259999999999962" classname="tm_a_regression" name="Test_for_invalidation_of_arguments_fails_if_label_is_not_the_expected_type"/>
    <testcase time="0.00800000000000267" classname="tm_a_regression" name="Test_for_invalidation_of_arguments_fails_if_regressor_is_not_the_expected_type"/>
    <testcase time="0.00900000000000034" classname="tm_a_regression" name="Test_for_invalidation_of_arguments_fails_if_response_is_not_the_expected_type"/>
    <testcase time="0.00799999999999557" classname="tm_a_regression" name="Test_for_invalidation_of_arguments_fails_if_alpha_is_not_the_expected_type"/>
    <testcase time="0.00800000000000267" classname="tm_a_regression" name="Test_for_invalidation_of_arguments_fails_if_size_is_not_the_expected_type"/>
    <testcase time="0.0139999999999958" classname="tm_a_regression" name="Test_for_invalidation_of_arguments_fails_if_label_segment_threshold_is_not_the_expected_type"/>
    <testcase time="1.40600000000001" classname="tm_a_regression" name="Test_for_server_function_server_executes_without_error_with_default_arguments"/>
    <testcase time="0.00399999999999778" classname="tm_a_regression" name="Test_for_server_function_server_executes_without_error_with_default_arguments"/>
    <testcase time="0.00300000000000011" classname="tm_a_regression" name="Test_for_server_function_server_executes_without_error_with_default_arguments"/>
    <testcase time="1.379" classname="tm_a_regression" name="Test_for_server_function_server_executes_without_error_with_for_Residuals_vs_Leverage"/>
    <testcase time="0.00400000000000489" classname="tm_a_regression" name="Test_for_server_function_server_executes_without_error_with_for_Residuals_vs_Leverage"/>
    <testcase time="0.00300000000000011" classname="tm_a_regression" name="Test_for_server_function_server_executes_without_error_with_for_Residuals_vs_Leverage"/>
    <testcase time="0.854999999999997" classname="tm_a_regression" name="Test_for_server_function_server_executes_without_error_with_for_Residuals_vs_Fitted"/>
    <testcase time="0.00300000000000011" classname="tm_a_regression" name="Test_for_server_function_server_executes_without_error_with_for_Residuals_vs_Fitted"/>
    <testcase time="0.00300000000000011" classname="tm_a_regression" name="Test_for_server_function_server_executes_without_error_with_for_Residuals_vs_Fitted"/>
    <testcase time="0.838999999999999" classname="tm_a_regression" name="Test_for_server_function_server_executes_without_error_with_for_Scale_Location"/>
    <testcase time="0.00300000000000011" classname="tm_a_regression" name="Test_for_server_function_server_executes_without_error_with_for_Scale_Location"/>
    <testcase time="0.00300000000000011" classname="tm_a_regression" name="Test_for_server_function_server_executes_without_error_with_for_Scale_Location"/>
    <testcase time="0.785000000000004" classname="tm_a_regression" name="Test_for_server_function_server_executes_without_error_with_for_Cook_s_distance"/>
    <testcase time="0.00300000000000011" classname="tm_a_regression" name="Test_for_server_function_server_executes_without_error_with_for_Cook_s_distance"/>
    <testcase time="0.00300000000000011" classname="tm_a_regression" name="Test_for_server_function_server_executes_without_error_with_for_Cook_s_distance"/>
    <testcase time="0.806999999999995" classname="tm_a_regression" name="Test_for_server_function_server_executes_without_error_with_for_Normal_Q_Q"/>
    <testcase time="0.00300000000000011" classname="tm_a_regression" name="Test_for_server_function_server_executes_without_error_with_for_Normal_Q_Q"/>
    <testcase time="0.00300000000000011" classname="tm_a_regression" name="Test_for_server_function_server_executes_without_error_with_for_Normal_Q_Q"/>
    <testcase time="0.893999999999998" classname="tm_a_regression" name="Test_for_server_function_server_executes_without_error_with_for_Cook_s_dist_vs_Leverage"/>
    <testcase time="0.00300000000000011" classname="tm_a_regression" name="Test_for_server_function_server_executes_without_error_with_for_Cook_s_dist_vs_Leverage"/>
    <testcase time="0.00300000000000011" classname="tm_a_regression" name="Test_for_server_function_server_executes_without_error_with_for_Cook_s_dist_vs_Leverage"/>
    <testcase time="0.0680000000000049" classname="tm_a_regression" name="Test_for_server_function_server_has_an_error_if_data_is_not_reactive"/>
    <testcase time="0.295999999999999" classname="tm_a_regression" name="Test_for_server_function_server_throws_error_if_response_and_regressor_are_the_same_variable"/>
    <testcase time="0.244" classname="tm_a_regression" name="Test_for_server_function_server_throws_error_if_regressor_has_two_choices_for_Response_vs_Regressor"/>
  </testsuite>
  <testsuite name="tm_a_regression_picks" timestamp="2026-08-17T18:23:56Z" hostname="74b50fb66e9c" tests="40" skipped="0" failures="0" errors="0" time="9.418">
    <testcase time="0.0330000000000013" classname="tm_a_regression_picks" name="tests_for_module_creation_works_with_default_arguments"/>
    <testcase time="0.00600000000000023" classname="tm_a_regression_picks" name="tests_for_module_creation_works_after_setting_plot_arguments"/>
    <testcase time="0.0069999999999979" classname="tm_a_regression_picks" name="tests_for_module_creation_works_when_setting_ggplot2_args"/>
    <testcase time="0.00900000000000034" classname="tm_a_regression_picks" name="tests_for_module_creation_works_with_pre_output"/>
    <testcase time="0.00200000000000244" classname="tm_a_regression_picks" name="tests_for_module_creation_works_with_pre_output"/>
    <testcase time="0.00900000000000034" classname="tm_a_regression_picks" name="tests_for_module_creation_works_with_post_output"/>
    <testcase time="0.00199999999999534" classname="tm_a_regression_picks" name="tests_for_module_creation_works_with_post_output"/>
    <testcase time="0.00500000000000256" classname="tm_a_regression_picks" name="tests_for_module_creation_accepts_a_transformator"/>
    <testcase time="0.00600000000000023" classname="tm_a_regression_picks" name="tests_for_module_creation_accepts_a_decorator"/>
    <testcase time="0.0589999999999975" classname="tm_a_regression_picks" name="tests_for_module_creation_ui_is_of_the_expected_type"/>
    <testcase time="0.027000000000001" classname="tm_a_regression_picks" name="Test_for_invalidation_of_arguments_fails_if_label_is_not_the_expected_type"/>
    <testcase time="0.00900000000000034" classname="tm_a_regression_picks" name="Test_for_invalidation_of_arguments_fails_if_regressor_is_not_the_expected_type"/>
    <testcase time="0.00800000000000267" classname="tm_a_regression_picks" name="Test_for_invalidation_of_arguments_fails_if_response_is_not_the_expected_type"/>
    <testcase time="0.00999999999999801" classname="tm_a_regression_picks" name="Test_for_invalidation_of_arguments_fails_if_alpha_is_not_the_expected_type"/>
    <testcase time="0.00799999999999557" classname="tm_a_regression_picks" name="Test_for_invalidation_of_arguments_fails_if_size_is_not_the_expected_type"/>
    <testcase time="0.522000000000006" classname="tm_a_regression_picks" name="Test_for_invalidation_of_arguments_fails_if_label_segment_threshold_is_not_the_expected_type"/>
    <testcase time="0.951000000000001" classname="tm_a_regression_picks" name="Test_for_server_function_server_executes_without_error_with_default_arguments"/>
    <testcase time="0.00199999999999534" classname="tm_a_regression_picks" name="Test_for_server_function_server_executes_without_error_with_default_arguments"/>
    <testcase time="0.00100000000000477" classname="tm_a_regression_picks" name="Test_for_server_function_server_executes_without_error_with_default_arguments"/>
    <testcase time="1.086" classname="tm_a_regression_picks" name="Test_for_server_function_server_executes_without_error_with_for_Residuals_vs_Leverage"/>
    <testcase time="0.00199999999999534" classname="tm_a_regression_picks" name="Test_for_server_function_server_executes_without_error_with_for_Residuals_vs_Leverage"/>
    <testcase time="0.00200000000000244" classname="tm_a_regression_picks" name="Test_for_server_function_server_executes_without_error_with_for_Residuals_vs_Leverage"/>
    <testcase time="1.064" classname="tm_a_regression_picks" name="Test_for_server_function_server_executes_without_error_with_for_Residuals_vs_Fitted"/>
    <testcase time="0.00200000000000244" classname="tm_a_regression_picks" name="Test_for_server_function_server_executes_without_error_with_for_Residuals_vs_Fitted"/>
    <testcase time="0.000999999999997669" classname="tm_a_regression_picks" name="Test_for_server_function_server_executes_without_error_with_for_Residuals_vs_Fitted"/>
    <testcase time="1.075" classname="tm_a_regression_picks" name="Test_for_server_function_server_executes_without_error_with_for_Scale_Location"/>
    <testcase time="0.00199999999999534" classname="tm_a_regression_picks" name="Test_for_server_function_server_executes_without_error_with_for_Scale_Location"/>
    <testcase time="0.00100000000000477" classname="tm_a_regression_picks" name="Test_for_server_function_server_executes_without_error_with_for_Scale_Location"/>
    <testcase time="1.027" classname="tm_a_regression_picks" name="Test_for_server_function_server_executes_without_error_with_for_Cook_s_distance"/>
    <testcase time="0.00199999999999534" classname="tm_a_regression_picks" name="Test_for_server_function_server_executes_without_error_with_for_Cook_s_distance"/>
    <testcase time="0.00200000000000244" classname="tm_a_regression_picks" name="Test_for_server_function_server_executes_without_error_with_for_Cook_s_distance"/>
    <testcase time="1.183" classname="tm_a_regression_picks" name="Test_for_server_function_server_executes_without_error_with_for_Normal_Q_Q"/>
    <testcase time="0.00200000000000244" classname="tm_a_regression_picks" name="Test_for_server_function_server_executes_without_error_with_for_Normal_Q_Q"/>
    <testcase time="0.00199999999999534" classname="tm_a_regression_picks" name="Test_for_server_function_server_executes_without_error_with_for_Normal_Q_Q"/>
    <testcase time="1.20200000000001" classname="tm_a_regression_picks" name="Test_for_server_function_server_executes_without_error_with_for_Cook_s_dist_vs_Leverage"/>
    <testcase time="0.00199999999999534" classname="tm_a_regression_picks" name="Test_for_server_function_server_executes_without_error_with_for_Cook_s_dist_vs_Leverage"/>
    <testcase time="0.00199999999999534" classname="tm_a_regression_picks" name="Test_for_server_function_server_executes_without_error_with_for_Cook_s_dist_vs_Leverage"/>
    <testcase time="0.085000000000008" classname="tm_a_regression_picks" name="Test_for_server_function_server_has_an_error_if_data_is_not_reactive"/>
    <testcase time="0.503999999999991" classname="tm_a_regression_picks" name="Test_for_server_function_server_throws_error_if_response_and_regressor_are_the_same_variable"/>
    <testcase time="0.494000000000014" classname="tm_a_regression_picks" name="Test_for_server_function_server_throws_error_if_regressor_has_two_choices_for_Response_vs_Regressor"/>
  </testsuite>
  <testsuite name="tm_data_table" timestamp="2026-08-17T18:24:06Z" hostname="74b50fb66e9c" tests="38" skipped="0" failures="0" errors="0" time="1.959">
    <testcase time="0.00999999999999091" classname="tm_data_table" name="tm_data_tables_module_creation_creates_a_teal_module_object_with_default_options"/>
    <testcase time="0.00399999999999068" classname="tm_data_table" name="tm_data_tables_module_creation_creates_a_module_with_valid_transformators"/>
    <testcase time="0.00500000000000966" classname="tm_data_table" name="tm_data_tables_module_creation_creates_a_module_that_is_not_bookmarkable"/>
    <testcase time="0.00999999999999091" classname="tm_data_table" name="tm_data_tables_input_validation_fails_when_label_is_not_a_string"/>
    <testcase time="0.00600000000000023" classname="tm_data_table" name="tm_data_tables_input_validation_fails_when_label_is_not_a_string"/>
    <testcase time="0.00800000000000978" classname="tm_data_table" name="tm_data_tables_input_validation_fails_when_variables_selected_is_not_a_named_list_of_character_vectors"/>
    <testcase time="0.00499999999999545" classname="tm_data_table" name="tm_data_tables_input_validation_fails_when_variables_selected_is_not_a_named_list_of_character_vectors"/>
    <testcase time="0.00600000000000023" classname="tm_data_table" name="tm_data_tables_input_validation_fails_when_variables_selected_is_not_a_named_list_of_character_vectors"/>
    <testcase time="0.00799999999999557" classname="tm_data_table" name="tm_data_tables_input_validation_fails_when_variables_selected_contains_empty_strings"/>
    <testcase time="0.00800000000000978" classname="tm_data_table" name="tm_data_tables_input_validation_fails_when_datanames_is_not_character"/>
    <testcase time="0.00600000000000023" classname="tm_data_table" name="tm_data_tables_input_validation_fails_when_datanames_is_not_character"/>
    <testcase time="0.00799999999999557" classname="tm_data_table" name="tm_data_tables_input_validation_fails_when_datanames_contains_empty_strings"/>
    <testcase time="0.0789999999999935" classname="tm_data_table" name="tm_data_tables_input_validation_fails_when_dt_args_is_not_a_list_or_contains_invalid_arguments"/>
    <testcase time="0.007000000000005" classname="tm_data_table" name="tm_data_tables_input_validation_fails_when_dt_args_is_not_a_list_or_contains_invalid_arguments"/>
    <testcase time="0.00499999999999545" classname="tm_data_table" name="tm_data_tables_input_validation_succeeds_with_valid_dt_args"/>
    <testcase time="0.0100000000000051" classname="tm_data_table" name="tm_data_tables_input_validation_fails_when_dt_options_is_not_a_named_list"/>
    <testcase time="0.007000000000005" classname="tm_data_table" name="tm_data_tables_input_validation_fails_when_dt_options_is_not_a_named_list"/>
    <testcase time="0.00399999999999068" classname="tm_data_table" name="tm_data_tables_input_validation_succeeds_with_valid_dt_options"/>
    <testcase time="0.0100000000000051" classname="tm_data_table" name="tm_data_tables_input_validation_fails_when_server_rendering_is_not_a_boolean"/>
    <testcase time="0.007000000000005" classname="tm_data_table" name="tm_data_tables_input_validation_fails_when_server_rendering_is_not_a_boolean"/>
    <testcase time="0.00600000000000023" classname="tm_data_table" name="tm_data_tables_input_validation_fails_when_server_rendering_is_not_a_boolean"/>
    <testcase time="0.00499999999999545" classname="tm_data_table" name="tm_data_tables_input_validation_succeeds_when_server_rendering_is_boolean"/>
    <testcase time="0.00199999999999534" classname="tm_data_table" name="tm_data_tables_input_validation_succeeds_when_server_rendering_is_boolean"/>
    <testcase time="0.0100000000000051" classname="tm_data_table" name="tm_data_tables_input_validation_fails_when_pre_output_is_not_a_shiny.tag_shiny.tag.list_html_or_NULL"/>
    <testcase time="0.00600000000000023" classname="tm_data_table" name="tm_data_tables_input_validation_fails_when_pre_output_is_not_a_shiny.tag_shiny.tag.list_html_or_NULL"/>
    <testcase time="0.00499999999999545" classname="tm_data_table" name="tm_data_tables_input_validation_succeeds_with_valid_pre_output"/>
    <testcase time="0.00200000000000955" classname="tm_data_table" name="tm_data_tables_input_validation_succeeds_with_valid_pre_output"/>
    <testcase time="0.00899999999998613" classname="tm_data_table" name="tm_data_tables_input_validation_fails_when_post_output_is_not_a_shiny.tag_shiny.tag.list_html_or_NULL"/>
    <testcase time="0.00600000000000023" classname="tm_data_table" name="tm_data_tables_input_validation_fails_when_post_output_is_not_a_shiny.tag_shiny.tag.list_html_or_NULL"/>
    <testcase time="0.00500000000000966" classname="tm_data_table" name="tm_data_tables_input_validation_succeeds_with_valid_post_output"/>
    <testcase time="0.000999999999990564" classname="tm_data_table" name="tm_data_tables_input_validation_succeeds_with_valid_post_output"/>
    <testcase time="0.00800000000000978" classname="tm_data_table" name="tm_data_tables_input_validation_fails_when_transformators_has_invalid_object_types"/>
    <testcase time="0.0660000000000025" classname="tm_data_table" name="tm_data_table_module_ui_behavior_returns_a_htmltools_tag_or_taglist_with_minimal_arguments"/>
    <testcase time="0.452999999999989" classname="tm_data_table" name="tm_data_table_module_server_behavior_returns_a_teal_data_object"/>
    <testcase time="0.38000000000001" classname="tm_data_table" name="tm_data_table_module_server_behavior_with_if_distinct_option_returns_only_distinct_rows_when_if_distinct_is_TRUE"/>
    <testcase time="0.295000000000002" classname="tm_data_table" name="tm_data_table_module_server_behavior_with_if_distinct_option_returns_all_rows_including_duplicates_when_if_distinct_is_FALSE"/>
    <testcase time="0.328999999999994" classname="tm_data_table" name="tm_data_table_module_server_behavior_with_if_distinct_option_does_not_error_when_variables_is_NULL_regardless_of_if_distinct"/>
    <testcase time="0.158000000000001" classname="tm_data_table" name="tm_data_table_module_server_behavior_with_if_distinct_option_does_not_error_when_variables_is_NULL_regardless_of_if_distinct"/>
  </testsuite>
  <testsuite name="tm_file_viewer" timestamp="2026-08-17T18:24:08Z" hostname="74b50fb66e9c" tests="56" skipped="0" failures="0" errors="0" time="2.81">
    <testcase time="0.0169999999999959" classname="tm_file_viewer" name="tm_file_viewer_module_creation_creates_a_teal_module_object"/>
    <testcase time="0.00500000000000966" classname="tm_file_viewer" name="tm_file_viewer_module_creation_creates_a_teal_module_object_with_default_options"/>
    <testcase time="0.00600000000000023" classname="tm_file_viewer" name="tm_file_viewer_module_creation_creates_a_teal_module_object_with_character_vector_input_path"/>
    <testcase time="0.00600000000000023" classname="tm_file_viewer" name="tm_file_viewer_module_creation_creates_a_teal_module_object_with_multiple_paths"/>
    <testcase time="0.00600000000000023" classname="tm_file_viewer" name="tm_file_viewer_module_creation_creates_a_module_that_is_not_bookmarkable"/>
    <testcase time="0.00699999999999079" classname="tm_file_viewer" name="tm_file_viewer_module_creation_creates_a_module_with_NULL_datanames"/>
    <testcase time="0.0100000000000051" classname="tm_file_viewer" name="tm_file_viewer_input_validation_fails_when_label_is_not_a_string"/>
    <testcase time="0.00999999999999091" classname="tm_file_viewer" name="tm_file_viewer_input_validation_fails_when_input_path_is_not_a_list_or_character"/>
    <testcase time="0.00400000000000489" classname="tm_file_viewer" name="tm_file_viewer_input_validation_handles_empty_label_by_converting_to_space"/>
    <testcase time="0.00199999999999534" classname="tm_file_viewer" name="tm_file_viewer_input_validation_handles_empty_label_by_converting_to_space"/>
    <testcase time="0.00500000000000966" classname="tm_file_viewer" name="tm_file_viewer_input_validation_handles_empty_input_path_by_converting_to_empty_list"/>
    <testcase time="0.000999999999990564" classname="tm_file_viewer" name="tm_file_viewer_input_validation_handles_empty_input_path_by_converting_to_empty_list"/>
    <testcase time="0.00200000000000955" classname="tm_file_viewer" name="tm_file_viewer_input_validation_handles_empty_input_path_by_converting_to_empty_list"/>
    <testcase time="0.00399999999999068" classname="tm_file_viewer" name="tm_file_viewer_input_validation_handles_empty_list_input_path"/>
    <testcase time="0.00100000000000477" classname="tm_file_viewer" name="tm_file_viewer_input_validation_handles_empty_list_input_path"/>
    <testcase time="0.00199999999999534" classname="tm_file_viewer" name="tm_file_viewer_input_validation_handles_empty_list_input_path"/>
    <testcase time="0.00400000000000489" classname="tm_file_viewer" name="tm_file_viewer_input_validation_warns_when_input_path_contains_non_existent_files"/>
    <testcase time="0.00400000000000489" classname="tm_file_viewer" name="tm_file_viewer_input_validation_warns_when_input_path_is_empty"/>
    <testcase time="0.0369999999999919" classname="tm_file_viewer" name="tm_file_viewer_module_ui_behavior_returns_a_shiny.tag_or_shiny.tag.list"/>
    <testcase time="0.0450000000000017" classname="tm_file_viewer" name="tm_file_viewer_module_ui_behavior_includes_tree_output_in_UI"/>
    <testcase time="0.0600000000000023" classname="tm_file_viewer" name="tm_file_viewer_module_ui_behavior_includes_output_div_in_UI"/>
    <testcase time="0.0499999999999972" classname="tm_file_viewer" name="tm_file_viewer_module_server_behavior_server_function_requires_file_selection_before_displaying_output"/>
    <testcase time="0.039999999999992" classname="tm_file_viewer" name="tm_file_viewer_module_server_behavior_server_function_initializes_with_empty_input_path_and_renders_empty_tree"/>
    <testcase time="0.0430000000000064" classname="tm_file_viewer" name="tm_file_viewer_module_server_behavior_server_function_initializes_with_directory_path_and_renders_tree"/>
[...]
    <testcase time="1.18599999999998" classname="tm_variable_browser" name="tm_variable_browser_module_server_behavior_server_function_handles_parent_dataname_filtering"/>
    <testcase time="0.0029999999999859" classname="tm_variable_browser" name="tm_variable_browser_module_server_behavior_server_function_handles_parent_dataname_filtering"/>
    <testcase time="0.0029999999999859" classname="tm_variable_browser" name="tm_variable_browser_module_server_behavior_server_function_handles_parent_dataname_filtering"/>
    <testcase time="1.363" classname="tm_variable_browser" name="tm_variable_browser_module_server_behavior_server_function_handles_numeric_variables_with_few_unique_values"/>
    <testcase time="0.00300000000004275" classname="tm_variable_browser" name="tm_variable_browser_module_server_behavior_server_function_handles_numeric_variables_with_few_unique_values"/>
    <testcase time="0.00199999999995271" classname="tm_variable_browser" name="tm_variable_browser_module_server_behavior_server_function_handles_numeric_variables_with_few_unique_values"/>
    <testcase time="1.34500000000003" classname="tm_variable_browser" name="tm_variable_browser_module_server_behavior_server_function_handles_logical_variables"/>
    <testcase time="0.0029999999999859" classname="tm_variable_browser" name="tm_variable_browser_module_server_behavior_server_function_handles_logical_variables"/>
    <testcase time="0.00200000000000955" classname="tm_variable_browser" name="tm_variable_browser_module_server_behavior_server_function_handles_logical_variables"/>
    <testcase time="1.27499999999998" classname="tm_variable_browser" name="tm_variable_browser_module_server_behavior_server_function_works_with_custom_ggplot2_args"/>
    <testcase time="0.00300000000004275" classname="tm_variable_browser" name="tm_variable_browser_module_server_behavior_server_function_works_with_custom_ggplot2_args"/>
    <testcase time="0.00200000000000955" classname="tm_variable_browser" name="tm_variable_browser_module_server_behavior_server_function_works_with_custom_ggplot2_args"/>
    <testcase time="0.280999999999949" classname="tm_variable_browser" name="testServer_for_data_exceptions_server_function_handles_empty_dataframes"/>
    <testcase time="0.00200000000000955" classname="tm_variable_browser" name="testServer_for_data_exceptions_server_function_handles_empty_dataframes"/>
    <testcase time="0.995999999999981" classname="tm_variable_browser" name="testServer_for_data_exceptions_server_function_handles_single_row_dataframes"/>
    <testcase time="0.0029999999999859" classname="tm_variable_browser" name="testServer_for_data_exceptions_server_function_handles_single_row_dataframes"/>
    <testcase time="0.00200000000000955" classname="tm_variable_browser" name="testServer_for_data_exceptions_server_function_handles_single_row_dataframes"/>
    <testcase time="1.94200000000001" classname="tm_variable_browser" name="testServer_for_data_exceptions_server_function_handles_single_column_dataframes"/>
    <testcase time="0.00200000000000955" classname="tm_variable_browser" name="testServer_for_data_exceptions_server_function_handles_single_column_dataframes"/>
    <testcase time="0.0029999999999859" classname="tm_variable_browser" name="testServer_for_data_exceptions_server_function_handles_single_column_dataframes"/>
    <testcase time="1.14699999999999" classname="tm_variable_browser" name="testServer_for_data_exceptions_server_function_handles_different_ggplot_themes"/>
    <testcase time="0.576999999999998" classname="tm_variable_browser" name="testServer_for_data_exceptions_server_function_handles_different_ggplot_themes"/>
    <testcase time="0.592000000000041" classname="tm_variable_browser" name="testServer_for_data_exceptions_server_function_handles_different_ggplot_themes"/>
    <testcase time="0.578999999999951" classname="tm_variable_browser" name="testServer_for_data_exceptions_server_function_handles_different_ggplot_themes"/>
    <testcase time="0.595000000000027" classname="tm_variable_browser" name="testServer_for_data_exceptions_server_function_handles_different_ggplot_themes"/>
    <testcase time="1.05599999999998" classname="tm_variable_browser" name="testServer_for_data_exceptions_server_function_handles_different_font_sizes"/>
    <testcase time="0.596000000000004" classname="tm_variable_browser" name="testServer_for_data_exceptions_server_function_handles_different_font_sizes"/>
    <testcase time="0.597000000000037" classname="tm_variable_browser" name="testServer_for_data_exceptions_server_function_handles_different_font_sizes"/>
    <testcase time="0.575999999999965" classname="tm_variable_browser" name="testServer_for_data_exceptions_server_function_handles_different_font_sizes"/>
    <testcase time="0.590000000000032" classname="tm_variable_browser" name="testServer_for_data_exceptions_server_function_handles_different_font_sizes"/>
    <testcase time="1.21499999999997" classname="tm_variable_browser" name="testServer_for_data_exceptions_server_function_handles_different_label_rotations"/>
    <testcase time="0.608000000000004" classname="tm_variable_browser" name="testServer_for_data_exceptions_server_function_handles_different_label_rotations"/>
    <testcase time="0.632000000000005" classname="tm_variable_browser" name="testServer_for_data_exceptions_server_function_handles_different_label_rotations"/>
    <testcase time="1.34100000000001" classname="tm_variable_browser" name="testServer_for_data_exceptions_server_function_handles_switching_between_different_variables"/>
    <testcase time="0.725999999999999" classname="tm_variable_browser" name="testServer_for_data_exceptions_server_function_handles_switching_between_different_variables"/>
    <testcase time="0.754999999999995" classname="tm_variable_browser" name="testServer_for_data_exceptions_server_function_handles_switching_between_different_variables"/>
    <testcase time="0.706999999999994" classname="tm_variable_browser" name="testServer_for_data_exceptions_server_function_handles_switching_between_different_variables"/>
    <testcase time="1.05899999999997" classname="tm_variable_browser" name="testServer_for_data_exceptions_server_function_handles_datasets_with_special_characters_in_names"/>
    <testcase time="1.21100000000001" classname="tm_variable_browser" name="testServer_for_data_exceptions_server_function_handles_integer_variables"/>
    <testcase time="1.334" classname="tm_variable_browser" name="testServer_for_data_exceptions_server_function_handles_factors_with_ordered_levels"/>
    <testcase time="2.04199999999997" classname="tm_variable_browser" name="UI_switches_and_controls_server_handles_toggling_display_density_switch"/>
    <testcase time="0.718000000000018" classname="tm_variable_browser" name="UI_switches_and_controls_server_handles_toggling_display_density_switch"/>
    <testcase time="2.03500000000003" classname="tm_variable_browser" name="UI_switches_and_controls_server_handles_toggling_remove_NA_hist_for_categorical_variables"/>
    <testcase time="0.752999999999986" classname="tm_variable_browser" name="UI_switches_and_controls_server_handles_toggling_remove_NA_hist_for_categorical_variables"/>
    <testcase time="2.64800000000002" classname="tm_variable_browser" name="UI_switches_and_controls_server_handles_different_outlier_definition_thresholds"/>
    <testcase time="1.13" classname="tm_variable_browser" name="UI_switches_and_controls_server_handles_different_outlier_definition_thresholds"/>
    <testcase time="1.19599999999997" classname="tm_variable_browser" name="UI_switches_and_controls_server_handles_different_outlier_definition_thresholds"/>
    <testcase time="1.13499999999999" classname="tm_variable_browser" name="UI_switches_and_controls_server_handles_different_outlier_definition_thresholds"/>
    <testcase time="1.14500000000004" classname="tm_variable_browser" name="UI_switches_and_controls_server_handles_different_outlier_definition_thresholds"/>
    <testcase time="1.13099999999997" classname="tm_variable_browser" name="UI_switches_and_controls_server_handles_different_outlier_definition_thresholds"/>
    <testcase time="1.12600000000003" classname="tm_variable_browser" name="UI_switches_and_controls_server_handles_different_outlier_definition_thresholds"/>
    <testcase time="1.125" classname="tm_variable_browser" name="UI_switches_and_controls_server_handles_different_outlier_definition_thresholds"/>
    <testcase time="1.19899999999996" classname="tm_variable_browser" name="UI_switches_and_controls_server_handles_different_outlier_definition_thresholds"/>
    <testcase time="0.697000000000003" classname="tm_variable_browser" name="UI_switches_and_controls_server_handles_different_outlier_definition_thresholds"/>
    <testcase time="2.16400000000004" classname="tm_variable_browser" name="UI_switches_and_controls_server_handles_numeric_as_factor_checkbox_toggle"/>
    <testcase time="0.00199999999995271" classname="tm_variable_browser" name="UI_switches_and_controls_server_handles_numeric_as_factor_checkbox_toggle"/>
    <testcase time="0.777000000000044" classname="tm_variable_browser" name="UI_switches_and_controls_server_handles_numeric_as_factor_checkbox_toggle"/>
    <testcase time="0.00199999999995271" classname="tm_variable_browser" name="UI_switches_and_controls_server_handles_numeric_as_factor_checkbox_toggle"/>
    <testcase time="1.57800000000003" classname="tm_variable_browser" name="UI_switches_and_controls_server_handles_numeric_as_factor_checkbox_toggle"/>
    <testcase time="0.694000000000017" classname="tm_variable_browser" name="UI_switches_and_controls_server_handles_numeric_as_factor_checkbox_toggle"/>
    <testcase time="1.69999999999999" classname="tm_variable_browser" name="UI_switches_and_controls_server_handles_variables_with_different_unique_value_counts"/>
    <testcase time="0.87299999999999" classname="tm_variable_browser" name="UI_switches_and_controls_server_handles_variables_with_different_unique_value_counts"/>
    <testcase time="0.879999999999995" classname="tm_variable_browser" name="UI_switches_and_controls_server_handles_variables_with_different_unique_value_counts"/>
    <testcase time="1.14600000000002" classname="tm_variable_browser" name="UI_switches_and_controls_server_handles_categorical_variables_with_many_levels"/>
    <testcase time="0.00399999999996226" classname="tm_variable_browser" name="UI_switches_and_controls_server_handles_categorical_variables_with_many_levels"/>
    <testcase time="1.28000000000003" classname="tm_variable_browser" name="UI_switches_and_controls_server_handles_data_without_join_keys"/>
    <testcase time="0.0029999999999859" classname="tm_variable_browser" name="UI_switches_and_controls_server_handles_data_without_join_keys"/>
    <testcase time="0.864000000000033" classname="tm_variable_browser" name="UI_switches_and_controls_server_handles_variables_with_all_NA_values"/>
    <testcase time="0.923999999999978" classname="tm_variable_browser" name="UI_switches_and_controls_server_handles_variables_with_all_NA_values"/>
    <testcase time="0.903999999999996" classname="tm_variable_browser" name="UI_switches_and_controls_server_handles_variables_with_all_NA_values"/>
    <testcase time="1.97899999999998" classname="tm_variable_browser" name="UI_switches_and_controls_server_handles_wrap_character_parameter_for_long_labels"/>
    <testcase time="2.15700000000004" classname="tm_variable_browser" name="UI_switches_and_controls_server_handles_combined_outlier_removal_and_density_display"/>
    <testcase time="0.892999999999972" classname="tm_variable_browser" name="UI_switches_and_controls_server_handles_combined_outlier_removal_and_density_display"/>
    <testcase time="0.656999999999982" classname="tm_variable_browser" name="UI_switches_and_controls_server_handles_combined_outlier_removal_and_density_display"/>
  </testsuite>
  <testsuite name="utils" timestamp="2026-08-17T18:29:09Z" hostname="74b50fb66e9c" tests="13" skipped="0" failures="0" errors="0" time="11.586">
    <testcase time="0.0940000000000509" classname="utils" name="add_facet_labels_returns_ggplotGrob_when_both_labels_are_NULL"/>
    <testcase time="0.32099999999997" classname="utils" name="add_facet_labels_adds_x_facet_label_when_provided"/>
    <testcase time="0.324000000000012" classname="utils" name="add_facet_labels_adds_y_facet_label_when_provided"/>
    <testcase time="0.325999999999965" classname="utils" name="add_facet_labels_adds_both_x_and_y_facet_labels_when_both_provided"/>
    <testcase time="0.313000000000045" classname="utils" name="add_facet_labels_joins_multiple_x_facet_labels_with_"/>
    <testcase time="0.00799999999998136" classname="utils" name="add_facet_labels_fails_when_p_is_not_a_ggplot_object"/>
    <testcase time="0.01400000000001" classname="utils" name="add_facet_labels_fails_when_xfacet_label_is_not_character"/>
    <testcase time="0.0129999999999768" classname="utils" name="add_facet_labels_fails_when_yfacet_label_is_not_character"/>
    <testcase time="2.00299999999999" classname="utils" name="Module_with_decorators_one_default_decorator_executes_successfully"/>
    <testcase time="1.53100000000001" classname="utils" name="Module_with_decorators_one_decorator_failure_is_handled"/>
    <testcase time="2.18900000000002" classname="utils" name="Module_with_decorators_Multiple_decorators_execute_successfully"/>
    <testcase time="2.24599999999998" classname="utils" name="Module_with_decorators_Default_and_multiple_decorators_to_one_object_execute_successfully"/>
    <testcase time="2.20400000000001" classname="utils" name="Module_with_decorators_Default_and_one_decorator_to_one_object_executes_successfully"/>
  </testsuite>
  <testsuite name="bivariate_ggplot_call" timestamp="2026-08-17T18:29:21Z" hostname="74b50fb66e9c" tests="23" skipped="0" failures="0" errors="0" time="0.148">
    <testcase time="0.0559999999999832" classname="bivariate_ggplot_call" name="bivariate_ggplot_call_with_numerics"/>
    <testcase time="0.00300000000004275" classname="bivariate_ggplot_call" name="bivariate_ggplot_call_with_numerics"/>
    <testcase time="0.0029999999999859" classname="bivariate_ggplot_call" name="bivariate_ggplot_call_with_numerics"/>
    <testcase time="0.0040000000000191" classname="bivariate_ggplot_call" name="bivariate_ggplot_call_with_numerics"/>
    <testcase time="0.007000000000005" classname="bivariate_ggplot_call" name="bivariate_ggplot_call_with_arguments_factor_and_factor"/>
    <testcase time="0.00699999999994816" classname="bivariate_ggplot_call" name="bivariate_ggplot_call_with_arguments_logical_and_factor"/>
    <testcase time="0.00600000000002865" classname="bivariate_ggplot_call" name="bivariate_ggplot_call_with_arguments_character_and_factor"/>
    <testcase time="0.00499999999999545" classname="bivariate_ggplot_call" name="bivariate_ggplot_call_with_arguments_factor_and_logical"/>
    <testcase time="0.00499999999999545" classname="bivariate_ggplot_call" name="bivariate_ggplot_call_with_arguments_logical_and_logical"/>
    <testcase time="0.00499999999999545" classname="bivariate_ggplot_call" name="bivariate_ggplot_call_with_arguments_character_and_logical"/>
    <testcase time="0.00499999999999545" classname="bivariate_ggplot_call" name="bivariate_ggplot_call_with_arguments_factor_and_character"/>
    <testcase time="0.00499999999999545" classname="bivariate_ggplot_call" name="bivariate_ggplot_call_with_arguments_logical_and_character"/>
    <testcase time="0.00499999999999545" classname="bivariate_ggplot_call" name="bivariate_ggplot_call_with_arguments_character_and_character"/>
    <testcase time="0.00600000000002865" classname="bivariate_ggplot_call" name="bivariate_ggplot_call_with_single_data_numeric"/>
    <testcase time="0.0029999999999859" classname="bivariate_ggplot_call" name="bivariate_ggplot_call_with_single_data_numeric"/>
    <testcase time="0.00200000000000955" classname="bivariate_ggplot_call" name="bivariate_ggplot_call_with_single_data_numeric"/>
    <testcase time="0.0029999999999859" classname="bivariate_ggplot_call" name="bivariate_ggplot_call_with_single_data_numeric"/>
    <testcase time="0.00300000000004275" classname="bivariate_ggplot_call" name="bivariate_ggplot_call_with_single_data_numeric"/>
    <testcase time="0.00199999999995271" classname="bivariate_ggplot_call" name="bivariate_ggplot_call_with_single_data_numeric"/>
    <testcase time="0.00499999999999545" classname="bivariate_ggplot_call" name="bivariate_ggplot_call_with_single_data_factor"/>
    <testcase time="0.00300000000004275" classname="bivariate_ggplot_call" name="bivariate_ggplot_call_with_single_data_factor"/>
    <testcase time="0.00200000000000955" classname="bivariate_ggplot_call" name="bivariate_ggplot_call_with_single_data_factor"/>
    <testcase time="0.0029999999999859" classname="bivariate_ggplot_call" name="bivariate_ggplot_call_with_single_data_factor"/>
  </testsuite>
  <testsuite name="front_page" timestamp="2026-08-17T18:29:21Z" hostname="74b50fb66e9c" tests="4" skipped="0" failures="0" errors="0" time="0.021">
    <testcase time="0.007000000000005" classname="front_page" name="convert_metadata_to_dataframe_returns_a_data_frame_with_no_rows_if_no_metadata"/>
    <testcase time="0.00499999999999545" classname="front_page" name="convert_metadata_to_dataframe_returns_a_data_frame_with_metadata_if_more_than_one_dataset"/>
    <testcase time="0.00399999999996226" classname="front_page" name="convert_metadata_to_dataframe_returns_a_data_frame_with_metadata_if_one_dataset"/>
    <testcase time="0.00499999999999545" classname="front_page" name="convert_metadata_to_dataframe_converts_metadata_values_to_characters"/>
  </testsuite>
  <testsuite name="g_expert_cl" timestamp="2026-08-17T18:29:21Z" hostname="74b50fb66e9c" tests="15" skipped="0" failures="0" errors="0" time="0.031">
    <testcase time="0.00600000000002865" classname="g_expert_cl" name="coloring_ggplot_call_can_work_with_all_combinations"/>
    <testcase time="0.000999999999976353" classname="g_expert_cl" name="coloring_ggplot_call_can_work_with_all_combinations"/>
    <testcase time="0.00200000000000955" classname="g_expert_cl" name="coloring_ggplot_call_can_work_with_all_combinations"/>
    <testcase time="0.0010000000000332" classname="g_expert_cl" name="coloring_ggplot_call_can_work_with_all_combinations"/>
    <testcase time="0.00199999999995271" classname="g_expert_cl" name="coloring_ggplot_call_can_work_with_all_combinations"/>
    <testcase time="0.0010000000000332" classname="g_expert_cl" name="coloring_ggplot_call_can_work_with_all_combinations"/>
    <testcase time="0.00200000000000955" classname="g_expert_cl" name="coloring_ggplot_call_can_work_with_all_combinations"/>
    <testcase time="0.0029999999999859" classname="g_expert_cl" name="coloring_ggplot_call_can_work_with_all_combinations_without_colour_var"/>
    <testcase time="0.00200000000000955" classname="g_expert_cl" name="coloring_ggplot_call_can_work_with_all_combinations_without_colour_var"/>
    <testcase time="0.000999999999976353" classname="g_expert_cl" name="coloring_ggplot_call_can_work_with_all_combinations_without_colour_var"/>
    <testcase time="0.00200000000000955" classname="g_expert_cl" name="coloring_ggplot_call_can_work_with_all_combinations_without_colour_var"/>
    <testcase time="0.000999999999976353" classname="g_expert_cl" name="coloring_ggplot_call_can_work_with_all_combinations_without_colour_var"/>
    <testcase time="0.0040000000000191" classname="g_expert_cl" name="coloring_ggplot_call_can_work_size_var"/>
    <testcase time="0.0010000000000332" classname="g_expert_cl" name="coloring_ggplot_call_can_work_size_var"/>
    <testcase time="0.00199999999995271" classname="g_expert_cl" name="coloring_ggplot_call_can_work_size_var"/>
  </testsuite>
</testsuites>
