<?xml version="1.0" encoding="UTF-8"?>
<testsuites>
  <testsuite name="examples" timestamp="2026-02-09T09:06:39Z" hostname="2c3ed1f77e7e" tests="44" skipped="1" failures="0" errors="0" time="5.408">
    <testcase time="2.088" classname="examples" name="example_add_facet_labels.Rd"/>
    <testcase time="0.056" classname="examples" name="example_call_fun_dots.Rd"/>
    <testcase time="0.0209999999999999" classname="examples" name="example_create_sparklines.Rd"/>
    <testcase time="0.00800000000000001" classname="examples" name="example_dot_markdown_internal.Rd"/>
    <testcase time="0.00700000000000012" classname="examples" name="example_dot_scale_x_mosaic.Rd"/>
    <testcase time="0.00700000000000012" classname="examples" name="example_establish_updating_selection.Rd"/>
    <testcase time="0.00700000000000012" classname="examples" name="example_filter_outliers.Rd"/>
    <testcase time="0.02" classname="examples" name="example_geom_mosaic.Rd"/>
    <testcase time="0.0150000000000001" classname="examples" name="example_get_scatterplotmatrix_stats.Rd"/>
    <testcase time="0.00699999999999967" classname="examples" name="example_is_tab_active_js.Rd"/>
    <testcase time="0.00600000000000023" classname="examples" name="example_plot_var_summary.Rd"/>
    <testcase time="0.00599999999999978" classname="examples" name="example_remove_outliers_from.Rd"/>
    <testcase time="0.00599999999999978" classname="examples" name="example_render_single_tab.Rd"/>
    <testcase time="0.00599999999999978" classname="examples" name="example_render_tab_header.Rd"/>
    <testcase time="0.00700000000000012" classname="examples" name="example_render_tab_table.Rd"/>
    <testcase time="0.00600000000000023" classname="examples" name="example_render_tabset_panel_content.Rd"/>
    <testcase time="0.00699999999999967" classname="examples" name="example_select_decorators.Rd"/>
    <testcase time="0.00600000000000023" classname="examples" name="example_set_chunk_attrs.Rd"/>
    <testcase time="0.00700000000000012" classname="examples" name="example_set_chunk_dims.Rd"/>
    <testcase time="0.00599999999999978" classname="examples" name="example_shared_params.Rd"/>
    <testcase time="0.00700000000000012" classname="examples" name="example_srv_decorate_teal_data.Rd"/>
    <testcase time="0.00599999999999978" classname="examples" name="example_teal.modules.general.Rd"/>
    <testcase time="0.197" classname="examples" name="example_tm_a_pca.Rd"/>
    <testcase time="0.136" classname="examples" name="example_tm_a_regression.Rd"/>
    <testcase time="0.139" classname="examples" name="example_tm_data_table.Rd"/>
    <testcase time="0.214" classname="examples" name="example_tm_file_viewer.Rd"/>
    <testcase time="0.0910000000000002" classname="examples" name="example_tm_front_page.Rd"/>
    <testcase time="0.175" classname="examples" name="example_tm_g_association.Rd"/>
    <testcase time="0.153" classname="examples" name="example_tm_g_bivariate.Rd"/>
    <testcase time="0.00400000000000045" classname="examples" name="example_tm_g_distribution.Rd">
      <skipped message="Reason: distribution initializes with short validation error ('test-examples.R:145:9')"/>
    </testcase>
    <testcase time="0.193" classname="examples" name="example_tm_g_response.Rd"/>
    <testcase time="0.157" classname="examples" name="example_tm_g_scatterplot.Rd"/>
    <testcase time="0.412" classname="examples" name="example_tm_g_scatterplotmatrix.Rd"/>
    <testcase time="0.0650000000000004" classname="examples" name="example_tm_gtsummary.Rd"/>
    <testcase time="0.25" classname="examples" name="example_tm_missing_data.Rd"/>
    <testcase time="0.164" classname="examples" name="example_tm_outliers.Rd"/>
    <testcase time="0.105" classname="examples" name="example_tm_rmarkdown.Rd"/>
    <testcase time="0.429" classname="examples" name="example_tm_t_crosstable.Rd"/>
    <testcase time="0.172999999999999" classname="examples" name="example_tm_variable_browser.Rd"/>
    <testcase time="0.00700000000000056" classname="examples" name="example_validate_input.Rd"/>
    <testcase time="0.00699999999999967" classname="examples" name="example_var_missings_info.Rd"/>
    <testcase time="0.00600000000000023" classname="examples" name="example_var_summary_table.Rd"/>
    <testcase time="0.0119999999999996" classname="examples" name="example_variable_type_icons.Rd"/>
    <testcase time="0.00700000000000056" classname="examples" name="example_varname_w_label.Rd"/>
  </testsuite>
  <testsuite name="shinytest2-tm_a_pca" timestamp="2026-02-09T09:06:45Z" hostname="2c3ed1f77e7e" tests="49" skipped="0" failures="0" errors="0" time="219.093">
    <testcase time="11.014" classname="shinytest2_tm_a_pca" name="e2e_tm_a_pca_Module_is_initialised_with_the_specified_defaults_in_function_call."/>
    <testcase time="0.00900000000000034" classname="shinytest2_tm_a_pca" name="e2e_tm_a_pca_Module_is_initialised_with_the_specified_defaults_in_function_call."/>
    <testcase time="0.00500000000000256" classname="shinytest2_tm_a_pca" name="e2e_tm_a_pca_Module_is_initialised_with_the_specified_defaults_in_function_call."/>
    <testcase time="0.00300000000000011" classname="shinytest2_tm_a_pca" name="e2e_tm_a_pca_Module_is_initialised_with_the_specified_defaults_in_function_call."/>
    <testcase time="0.0499999999999972" classname="shinytest2_tm_a_pca" name="e2e_tm_a_pca_Module_is_initialised_with_the_specified_defaults_in_function_call."/>
    <testcase time="0.049000000000003" classname="shinytest2_tm_a_pca" name="e2e_tm_a_pca_Module_is_initialised_with_the_specified_defaults_in_function_call."/>
    <testcase time="0.0489999999999995" classname="shinytest2_tm_a_pca" name="e2e_tm_a_pca_Module_is_initialised_with_the_specified_defaults_in_function_call."/>
    <testcase time="10.226" classname="shinytest2_tm_a_pca" name="e2e_tm_a_pca_Eigenvector_table_should_have_data_extract_selection_Murder_Assault_on_header."/>
    <testcase time="0.0549999999999997" classname="shinytest2_tm_a_pca" name="e2e_tm_a_pca_Eigenvector_table_should_have_data_extract_selection_Murder_Assault_on_header."/>
    <testcase time="0.0960000000000001" classname="shinytest2_tm_a_pca" name="e2e_tm_a_pca_Eigenvector_table_should_have_data_extract_selection_Murder_Assault_on_header."/>
    <testcase time="0.0940000000000012" classname="shinytest2_tm_a_pca" name="e2e_tm_a_pca_Eigenvector_table_should_have_data_extract_selection_Murder_Assault_on_header."/>
    <testcase time="13.486" classname="shinytest2_tm_a_pca" name="e2e_tm_a_pca_Eigenvector_table_should_have_data_extract_selection_Murder_UrbanPop_on_header."/>
    <testcase time="0.0570000000000022" classname="shinytest2_tm_a_pca" name="e2e_tm_a_pca_Eigenvector_table_should_have_data_extract_selection_Murder_UrbanPop_on_header."/>
    <testcase time="0.0949999999999989" classname="shinytest2_tm_a_pca" name="e2e_tm_a_pca_Eigenvector_table_should_have_data_extract_selection_Murder_UrbanPop_on_header."/>
    <testcase time="0.0969999999999942" classname="shinytest2_tm_a_pca" name="e2e_tm_a_pca_Eigenvector_table_should_have_data_extract_selection_Murder_UrbanPop_on_header."/>
    <testcase time="13.209" classname="shinytest2_tm_a_pca" name="e2e_tm_a_pca_Color_by_columns_data_extract_must_be_from_non_selected_variable_set."/>
    <testcase time="0.802" classname="shinytest2_tm_a_pca" name="e2e_tm_a_pca_Color_by_columns_data_extract_must_be_from_non_selected_variable_set."/>
    <testcase time="10.181" classname="shinytest2_tm_a_pca" name="e2e_tm_a_pca_Changing_output_encodings_of_tables_display_does_not_generate_errors."/>
    <testcase time="0.552999999999997" classname="shinytest2_tm_a_pca" name="e2e_tm_a_pca_Changing_output_encodings_of_tables_display_does_not_generate_errors."/>
    <testcase time="0.00800000000000978" classname="shinytest2_tm_a_pca" name="e2e_tm_a_pca_Changing_output_encodings_of_tables_display_does_not_generate_errors."/>
    <testcase time="0.0480000000000018" classname="shinytest2_tm_a_pca" name="e2e_tm_a_pca_Changing_output_encodings_of_tables_display_does_not_generate_errors."/>
    <testcase time="0.0480000000000018" classname="shinytest2_tm_a_pca" name="e2e_tm_a_pca_Changing_output_encodings_of_tables_display_does_not_generate_errors."/>
    <testcase time="0.0489999999999924" classname="shinytest2_tm_a_pca" name="e2e_tm_a_pca_Changing_output_encodings_of_tables_display_does_not_generate_errors."/>
    <testcase time="11.579" classname="shinytest2_tm_a_pca" name="e2e_tm_a_pca_Changing_output_encodings_for_plot_type_does_not_generate_errors."/>
    <testcase time="1.36799999999999" classname="shinytest2_tm_a_pca" name="e2e_tm_a_pca_Changing_output_encodings_for_plot_type_does_not_generate_errors."/>
    <testcase time="1.09" classname="shinytest2_tm_a_pca" name="e2e_tm_a_pca_Changing_output_encodings_for_plot_type_does_not_generate_errors."/>
    <testcase time="1.389" classname="shinytest2_tm_a_pca" name="e2e_tm_a_pca_Changing_output_encodings_for_plot_type_does_not_generate_errors."/>
    <testcase time="10.183" classname="shinytest2_tm_a_pca" name="e2e_tm_a_pca_Changing_output_encodings_of_standardization_does_not_generate_errors."/>
    <testcase time="1.55800000000001" classname="shinytest2_tm_a_pca" name="e2e_tm_a_pca_Changing_output_encodings_of_standardization_does_not_generate_errors."/>
    <testcase time="1.529" classname="shinytest2_tm_a_pca" name="e2e_tm_a_pca_Changing_output_encodings_of_standardization_does_not_generate_errors."/>
    <testcase time="1.53700000000001" classname="shinytest2_tm_a_pca" name="e2e_tm_a_pca_Changing_output_encodings_of_standardization_does_not_generate_errors."/>
    <testcase time="10.011" classname="shinytest2_tm_a_pca" name="e2e_tm_a_pca_Changing_output_encodings_of_NA_action_does_not_generate_errors."/>
    <testcase time="13.162" classname="shinytest2_tm_a_pca" name="e2e_tm_a_pca_Changing_output_encodings_of_plot_type_hides_and_shows_options."/>
    <testcase time="2.663" classname="shinytest2_tm_a_pca" name="e2e_tm_a_pca_Changing_output_encodings_of_plot_type_hides_and_shows_options."/>
    <testcase time="2.14700000000001" classname="shinytest2_tm_a_pca" name="e2e_tm_a_pca_Changing_output_encodings_of_plot_type_hides_and_shows_options."/>
    <testcase time="2.14899999999999" classname="shinytest2_tm_a_pca" name="e2e_tm_a_pca_Changing_output_encodings_of_plot_type_hides_and_shows_options."/>
    <testcase time="3.32600000000001" classname="shinytest2_tm_a_pca" name="e2e_tm_a_pca_Changing_output_encodings_of_plot_type_hides_and_shows_options."/>
    <testcase time="2.155" classname="shinytest2_tm_a_pca" name="e2e_tm_a_pca_Changing_output_encodings_of_plot_type_hides_and_shows_options."/>
    <testcase time="3.489" classname="shinytest2_tm_a_pca" name="e2e_tm_a_pca_Changing_output_encodings_of_plot_type_hides_and_shows_options."/>
    <testcase time="2.15600000000001" classname="shinytest2_tm_a_pca" name="e2e_tm_a_pca_Changing_output_encodings_of_plot_type_hides_and_shows_options."/>
    <testcase time="2.155" classname="shinytest2_tm_a_pca" name="e2e_tm_a_pca_Changing_output_encodings_of_plot_type_hides_and_shows_options."/>
    <testcase time="10.131" classname="shinytest2_tm_a_pca" name="e2e_tm_a_pca_Changing_output_encodings_of_theme_does_not_generate_errors."/>
    <testcase time="0.530000000000001" classname="shinytest2_tm_a_pca" name="e2e_tm_a_pca_Changing_output_encodings_of_theme_does_not_generate_errors."/>
    <testcase time="0.528999999999996" classname="shinytest2_tm_a_pca" name="e2e_tm_a_pca_Changing_output_encodings_of_theme_does_not_generate_errors."/>
    <testcase time="0.528999999999996" classname="shinytest2_tm_a_pca" name="e2e_tm_a_pca_Changing_output_encodings_of_theme_does_not_generate_errors."/>
    <testcase time="10.305" classname="shinytest2_tm_a_pca" name="e2e_tm_a_pca_Changing_output_encodings_of_font_size_does_not_generate_errors."/>
    <testcase time="1.30399999999997" classname="shinytest2_tm_a_pca" name="e2e_tm_a_pca_Changing_output_encodings_of_font_size_does_not_generate_errors."/>
    <testcase time="1.30600000000001" classname="shinytest2_tm_a_pca" name="e2e_tm_a_pca_Changing_output_encodings_of_font_size_does_not_generate_errors."/>
    <testcase time="60.53" classname="shinytest2_tm_a_pca" name="e2e_tm_a_pca_Changing_output_encodings_of_font_size_does_not_generate_errors."/>
  </testsuite>
  <testsuite name="shinytest2-tm_a_regression" timestamp="2026-02-09T09:10:24Z" hostname="2c3ed1f77e7e" tests="31" skipped="0" failures="0" errors="0" time="84.402">
    <testcase time="8.828" classname="shinytest2_tm_a_regression" name="e2e_tm_a_regression_Data_parameter_and_module_label_is_passed_properly."/>
    <testcase time="0.00399999999999068" classname="shinytest2_tm_a_regression" name="e2e_tm_a_regression_Data_parameter_and_module_label_is_passed_properly."/>
    <testcase time="0.0040000000000191" classname="shinytest2_tm_a_regression" name="e2e_tm_a_regression_Data_parameter_and_module_label_is_passed_properly."/>
    <testcase time="8.834" classname="shinytest2_tm_a_regression" name="e2e_tm_a_regression_Data_extract_spec_elements_are_initialized_with_the_default_values_specified_by_response_and_regressor_arg."/>
    <testcase time="0.00399999999999068" classname="shinytest2_tm_a_regression" name="e2e_tm_a_regression_Data_extract_spec_elements_are_initialized_with_the_default_values_specified_by_response_and_regressor_arg."/>
    <testcase time="10.82" classname="shinytest2_tm_a_regression" name="e2e_tm_a_regression_Plot_type_is_set_properly."/>
    <testcase time="8.786" classname="shinytest2_tm_a_regression" name="e2e_tm_a_regression_Plot_type_has_7_specific_choices_changing_choices_does_not_throw_errors."/>
    <testcase time="2.08300000000003" classname="shinytest2_tm_a_regression" name="e2e_tm_a_regression_Plot_type_has_7_specific_choices_changing_choices_does_not_throw_errors."/>
    <testcase time="0.000999999999976353" classname="shinytest2_tm_a_regression" name="e2e_tm_a_regression_Plot_type_has_7_specific_choices_changing_choices_does_not_throw_errors."/>
    <testcase time="1.35599999999999" classname="shinytest2_tm_a_regression" name="e2e_tm_a_regression_Plot_type_has_7_specific_choices_changing_choices_does_not_throw_errors."/>
    <testcase time="0.00200000000000955" classname="shinytest2_tm_a_regression" name="e2e_tm_a_regression_Plot_type_has_7_specific_choices_changing_choices_does_not_throw_errors."/>
    <testcase time="1.43799999999999" classname="shinytest2_tm_a_regression" name="e2e_tm_a_regression_Plot_type_has_7_specific_choices_changing_choices_does_not_throw_errors."/>
    <testcase time="0.0010000000000332" classname="shinytest2_tm_a_regression" name="e2e_tm_a_regression_Plot_type_has_7_specific_choices_changing_choices_does_not_throw_errors."/>
    <testcase time="1.375" classname="shinytest2_tm_a_regression" name="e2e_tm_a_regression_Plot_type_has_7_specific_choices_changing_choices_does_not_throw_errors."/>
    <testcase time="0.00199999999995271" classname="shinytest2_tm_a_regression" name="e2e_tm_a_regression_Plot_type_has_7_specific_choices_changing_choices_does_not_throw_errors."/>
    <testcase time="1.404" classname="shinytest2_tm_a_regression" name="e2e_tm_a_regression_Plot_type_has_7_specific_choices_changing_choices_does_not_throw_errors."/>
    <testcase time="0.00200000000000955" classname="shinytest2_tm_a_regression" name="e2e_tm_a_regression_Plot_type_has_7_specific_choices_changing_choices_does_not_throw_errors."/>
    <testcase time="1.62900000000002" classname="shinytest2_tm_a_regression" name="e2e_tm_a_regression_Plot_type_has_7_specific_choices_changing_choices_does_not_throw_errors."/>
    <testcase time="0.00200000000000955" classname="shinytest2_tm_a_regression" name="e2e_tm_a_regression_Plot_type_has_7_specific_choices_changing_choices_does_not_throw_errors."/>
    <testcase time="1.49199999999996" classname="shinytest2_tm_a_regression" name="e2e_tm_a_regression_Plot_type_has_7_specific_choices_changing_choices_does_not_throw_errors."/>
    <testcase time="8.79500000000002" classname="shinytest2_tm_a_regression" name="e2e_tm_a_regression_Outlier_definition_and_label_are_visible_by_default."/>
    <testcase time="2.14600000000002" classname="shinytest2_tm_a_regression" name="e2e_tm_a_regression_Outlier_definition_and_label_are_visible_by_default."/>
    <testcase time="2.142" classname="shinytest2_tm_a_regression" name="e2e_tm_a_regression_Outlier_definition_and_label_are_visible_by_default."/>
    <testcase time="8.76999999999998" classname="shinytest2_tm_a_regression" name="e2e_tm_a_regression_Outlier_definition_and_label_have_default_values_and_label_text."/>
    <testcase time="0.0040000000000191" classname="shinytest2_tm_a_regression" name="e2e_tm_a_regression_Outlier_definition_and_label_have_default_values_and_label_text."/>
    <testcase time="0.000999999999976353" classname="shinytest2_tm_a_regression" name="e2e_tm_a_regression_Outlier_definition_and_label_have_default_values_and_label_text."/>
    <testcase time="0.00900000000001455" classname="shinytest2_tm_a_regression" name="e2e_tm_a_regression_Outlier_definition_and_label_have_default_values_and_label_text."/>
    <testcase time="0.0480000000000018" classname="shinytest2_tm_a_regression" name="e2e_tm_a_regression_Outlier_definition_and_label_have_default_values_and_label_text."/>
    <testcase time="12.278" classname="shinytest2_tm_a_regression" name="e2e_tm_a_regression_Unchecking_display_outlier_hides_outlier_label_and_definition."/>
    <testcase time="2.137" classname="shinytest2_tm_a_regression" name="e2e_tm_a_regression_Unchecking_display_outlier_hides_outlier_label_and_definition."/>
    <testcase time="0.00499999999999545" classname="shinytest2_tm_a_regression" name="e2e_tm_a_regression_Unchecking_display_outlier_hides_outlier_label_and_definition."/>
  </testsuite>
  <testsuite name="shinytest2-tm_data_table" timestamp="2026-02-09T09:11:48Z" hostname="2c3ed1f77e7e" tests="10" skipped="0" failures="0" errors="0" time="33.68">
    <testcase time="7.404" classname="shinytest2_tm_data_table" name="e2e_tm_data_table_Initializes_without_errors"/>
    <testcase time="0.0040000000000191" classname="shinytest2_tm_data_table" name="e2e_tm_data_table_Initializes_without_errors"/>
    <testcase time="7.46299999999997" classname="shinytest2_tm_data_table" name="e2e_tm_data_table_Verify_checkbox_displayed_over_data_table"/>
    <testcase time="7.53399999999999" classname="shinytest2_tm_data_table" name="e2e_tm_data_table_Verify_module_displays_data_table"/>
    <testcase time="2.065" classname="shinytest2_tm_data_table" name="e2e_tm_data_table_Verify_module_displays_data_table"/>
    <testcase time="0.0180000000000291" classname="shinytest2_tm_data_table" name="e2e_tm_data_table_Verify_module_displays_data_table"/>
    <testcase time="0.884000000000015" classname="shinytest2_tm_data_table" name="e2e_tm_data_table_Verify_module_displays_data_table"/>
    <testcase time="7.49099999999999" classname="shinytest2_tm_data_table" name="e2e_tm_data_table_Verify_default_variable_selection_and_set_new_selection"/>
    <testcase time="0.807999999999993" classname="shinytest2_tm_data_table" name="e2e_tm_data_table_Verify_default_variable_selection_and_set_new_selection"/>
    <testcase time="0.00900000000001455" classname="shinytest2_tm_data_table" name="e2e_tm_data_table_Verify_default_variable_selection_and_set_new_selection"/>
  </testsuite>
  <testsuite name="shinytest2-tm_file_viewer" timestamp="2026-02-09T09:12:22Z" hostname="2c3ed1f77e7e" tests="13" skipped="0" failures="0" errors="0" time="41.492">
    <testcase time="6.66499999999996" classname="shinytest2_tm_file_viewer" name="e2e_tm_file_viewer_Initializes_without_errors_and_shows_files_tree_specified_in_input_path_argument"/>
    <testcase time="0.00499999999999545" classname="shinytest2_tm_file_viewer" name="e2e_tm_file_viewer_Initializes_without_errors_and_shows_files_tree_specified_in_input_path_argument"/>
    <testcase time="2.05400000000003" classname="shinytest2_tm_file_viewer" name="e2e_tm_file_viewer_Initializes_without_errors_and_shows_files_tree_specified_in_input_path_argument"/>
    <testcase time="0.0040000000000191" classname="shinytest2_tm_file_viewer" name="e2e_tm_file_viewer_Initializes_without_errors_and_shows_files_tree_specified_in_input_path_argument"/>
    <testcase time="0.00399999999996226" classname="shinytest2_tm_file_viewer" name="e2e_tm_file_viewer_Initializes_without_errors_and_shows_files_tree_specified_in_input_path_argument"/>
    <testcase time="10.838" classname="shinytest2_tm_file_viewer" name="e2e_tm_file_viewer_Shows_selected_image_file"/>
    <testcase time="0.00599999999997181" classname="shinytest2_tm_file_viewer" name="e2e_tm_file_viewer_Shows_selected_image_file"/>
    <testcase time="10.792" classname="shinytest2_tm_file_viewer" name="e2e_tm_file_viewer_Shows_selected_text_file"/>
    <testcase time="0.007000000000005" classname="shinytest2_tm_file_viewer" name="e2e_tm_file_viewer_Shows_selected_text_file"/>
    <testcase time="0.0029999999999859" classname="shinytest2_tm_file_viewer" name="e2e_tm_file_viewer_Shows_selected_text_file"/>
    <testcase time="0.0550000000000068" classname="shinytest2_tm_file_viewer" name="e2e_tm_file_viewer_Shows_selected_text_file"/>
    <testcase time="11.05" classname="shinytest2_tm_file_viewer" name="e2e_tm_file_viewer_Shows_selected_url"/>
    <testcase time="0.00899999999995771" classname="shinytest2_tm_file_viewer" name="e2e_tm_file_viewer_Shows_selected_url"/>
  </testsuite>
  <testsuite name="shinytest2-tm_front_page" timestamp="2026-02-09T09:13:04Z" hostname="2c3ed1f77e7e" tests="9" skipped="0" failures="0" errors="0" time="31.577">
    <testcase time="7.44900000000001" classname="shinytest2_tm_front_page" name="e2e_tm_front_page_Initializes_without_errors_and_check_html_elements"/>
    <testcase time="0.0040000000000191" classname="shinytest2_tm_front_page" name="e2e_tm_front_page_Initializes_without_errors_and_check_html_elements"/>
    <testcase time="0.00599999999997181" classname="shinytest2_tm_front_page" name="e2e_tm_front_page_Initializes_without_errors_and_check_html_elements"/>
    <testcase time="0.00600000000002865" classname="shinytest2_tm_front_page" name="e2e_tm_front_page_Initializes_without_errors_and_check_html_elements"/>
    <testcase time="7.44799999999998" classname="shinytest2_tm_front_page" name="e2e_tm_front_page_Verify_the_module_displays_tables"/>
    <testcase time="2.06100000000004" classname="shinytest2_tm_front_page" name="e2e_tm_front_page_Verify_the_module_displays_tables"/>
    <testcase time="0.0529999999999973" classname="shinytest2_tm_front_page" name="e2e_tm_front_page_Verify_the_module_displays_tables"/>
    <testcase time="2.06599999999997" classname="shinytest2_tm_front_page" name="e2e_tm_front_page_Verify_the_module_displays_tables"/>
    <testcase time="12.484" classname="shinytest2_tm_front_page" name="e2e_tm_front_page_Verify_the_module_displays_metadata"/>
  </testsuite>
  <testsuite name="shinytest2-tm_g_association" timestamp="2026-02-09T09:13:35Z" hostname="2c3ed1f77e7e" tests="4" skipped="4" failures="0" errors="0" time="0.16">
    <testcase time="0.106000000000051" classname="shinytest2_tm_g_association" name="e2e_tm_g_association_Data_parameter_and_module_label_is_passed_properly.">
      <skipped message="Reason: ggmosaic issue: will be resumed via the issue #925 in tmg ('test-shinytest2-tm_g_association.R:51:3')"/>
    </testcase>
    <testcase time="0.0199999999999818" classname="shinytest2_tm_g_association" name="e2e_tm_g_association_Data_extract_spec_elements_are_initialized_with_the_default_values_specified_by_ref_and_vars_arguments.">
      <skipped message="Reason: ggmosaic issue: will be resumed via the issue  ('test-shinytest2-tm_g_association.R:68:3')"/>
    </testcase>
    <testcase time="0.021000000000015" classname="shinytest2_tm_g_association" name="e2e_tm_g_association_Module_plot_is_visible.">
      <skipped message="Reason: ggmosaic issue: will be resumed via the issue  ('test-shinytest2-tm_g_association.R:90:3')"/>
    </testcase>
    <testcase time="0.0129999999999768" classname="shinytest2_tm_g_association" name="e2e_tm_g_association_Check_and_set_default_values_for_radio_buttons.">
      <skipped message="Reason: ggmosaic issue: will be resumed via the issue  ('test-shinytest2-tm_g_association.R:100:3')"/>
    </testcase>
  </testsuite>
  <testsuite name="shinytest2-tm_g_bivariate" timestamp="2026-02-09T09:13:35Z" hostname="2c3ed1f77e7e" tests="44" skipped="0" failures="0" errors="0" time="100.757">
    <testcase time="9.18700000000001" classname="shinytest2_tm_g_bivariate" name="e2e_tm_g_bivariate_Module_is_initialised_with_the_specified_defaults."/>
    <testcase time="0.00900000000001455" classname="shinytest2_tm_g_bivariate" name="e2e_tm_g_bivariate_Module_is_initialised_with_the_specified_defaults."/>
    <testcase time="0.0499999999999545" classname="shinytest2_tm_g_bivariate" name="e2e_tm_g_bivariate_Module_is_initialised_with_the_specified_defaults."/>
    <testcase time="0.0510000000000446" classname="shinytest2_tm_g_bivariate" name="e2e_tm_g_bivariate_Module_is_initialised_with_the_specified_defaults."/>
    <testcase time="0.0489999999999782" classname="shinytest2_tm_g_bivariate" name="e2e_tm_g_bivariate_Module_is_initialised_with_the_specified_defaults."/>
    <testcase time="0.0489999999999782" classname="shinytest2_tm_g_bivariate" name="e2e_tm_g_bivariate_Module_is_initialised_with_the_specified_defaults."/>
    <testcase time="0.0520000000000209" classname="shinytest2_tm_g_bivariate" name="e2e_tm_g_bivariate_Module_is_initialised_with_the_specified_defaults."/>
    <testcase time="0.0500000000000114" classname="shinytest2_tm_g_bivariate" name="e2e_tm_g_bivariate_Module_is_initialised_with_the_specified_defaults."/>
    <testcase time="0.0500000000000114" classname="shinytest2_tm_g_bivariate" name="e2e_tm_g_bivariate_Module_is_initialised_with_the_specified_defaults."/>
    <testcase time="0.0500000000000114" classname="shinytest2_tm_g_bivariate" name="e2e_tm_g_bivariate_Module_is_initialised_with_the_specified_defaults."/>
    <testcase time="0.0509999999999877" classname="shinytest2_tm_g_bivariate" name="e2e_tm_g_bivariate_Module_is_initialised_with_the_specified_defaults."/>
    <testcase time="0.0520000000000209" classname="shinytest2_tm_g_bivariate" name="e2e_tm_g_bivariate_Module_is_initialised_with_the_specified_defaults."/>
    <testcase time="0.0519999999999641" classname="shinytest2_tm_g_bivariate" name="e2e_tm_g_bivariate_Module_is_initialised_with_the_specified_defaults."/>
    <testcase time="0.0509999999999877" classname="shinytest2_tm_g_bivariate" name="e2e_tm_g_bivariate_Module_is_initialised_with_the_specified_defaults."/>
    <testcase time="0.0510000000000446" classname="shinytest2_tm_g_bivariate" name="e2e_tm_g_bivariate_Module_is_initialised_with_the_specified_defaults."/>
    <testcase time="0.0499999999999545" classname="shinytest2_tm_g_bivariate" name="e2e_tm_g_bivariate_Module_is_initialised_with_the_specified_defaults."/>
    <testcase time="0.049000000000035" classname="shinytest2_tm_g_bivariate" name="e2e_tm_g_bivariate_Module_is_initialised_with_the_specified_defaults."/>
    <testcase time="0.0570000000000164" classname="shinytest2_tm_g_bivariate" name="e2e_tm_g_bivariate_Module_is_initialised_with_the_specified_defaults."/>
    <testcase time="11.384" classname="shinytest2_tm_g_bivariate" name="e2e_tm_g_bivariate_Coloring_options_are_hidden_when_coloring_is_toggled_off."/>
    <testcase time="2.17000000000002" classname="shinytest2_tm_g_bivariate" name="e2e_tm_g_bivariate_Coloring_options_are_hidden_when_coloring_is_toggled_off."/>
    <testcase time="2.178" classname="shinytest2_tm_g_bivariate" name="e2e_tm_g_bivariate_Coloring_options_are_hidden_when_coloring_is_toggled_off."/>
    <testcase time="3.733" classname="shinytest2_tm_g_bivariate" name="e2e_tm_g_bivariate_Coloring_options_are_hidden_when_coloring_is_toggled_off."/>
    <testcase time="2.161" classname="shinytest2_tm_g_bivariate" name="e2e_tm_g_bivariate_Coloring_options_are_hidden_when_coloring_is_toggled_off."/>
    <testcase time="2.16000000000003" classname="shinytest2_tm_g_bivariate" name="e2e_tm_g_bivariate_Coloring_options_are_hidden_when_coloring_is_toggled_off."/>
    <testcase time="11.364" classname="shinytest2_tm_g_bivariate" name="e2e_tm_g_bivariate_Facetting_options_are_hidden_when_facet_is_toggled_off."/>
    <testcase time="2.16800000000001" classname="shinytest2_tm_g_bivariate" name="e2e_tm_g_bivariate_Facetting_options_are_hidden_when_facet_is_toggled_off."/>
    <testcase time="2.17099999999999" classname="shinytest2_tm_g_bivariate" name="e2e_tm_g_bivariate_Facetting_options_are_hidden_when_facet_is_toggled_off."/>
    <testcase time="2.17099999999999" classname="shinytest2_tm_g_bivariate" name="e2e_tm_g_bivariate_Facetting_options_are_hidden_when_facet_is_toggled_off."/>
    <testcase time="3.55099999999999" classname="shinytest2_tm_g_bivariate" name="e2e_tm_g_bivariate_Facetting_options_are_hidden_when_facet_is_toggled_off."/>
    <testcase time="2.17400000000004" classname="shinytest2_tm_g_bivariate" name="e2e_tm_g_bivariate_Facetting_options_are_hidden_when_facet_is_toggled_off."/>
    <testcase time="2.17500000000001" classname="shinytest2_tm_g_bivariate" name="e2e_tm_g_bivariate_Facetting_options_are_hidden_when_facet_is_toggled_off."/>
    <testcase time="2.17699999999996" classname="shinytest2_tm_g_bivariate" name="e2e_tm_g_bivariate_Facetting_options_are_hidden_when_facet_is_toggled_off."/>
    <testcase time="10.857" classname="shinytest2_tm_g_bivariate" name="e2e_tm_g_bivariate_Setting_encoding_inputs_produces_outputs_without_validation_errors."/>
    <testcase time="0.524000000000001" classname="shinytest2_tm_g_bivariate" name="e2e_tm_g_bivariate_Setting_encoding_inputs_produces_outputs_without_validation_errors."/>
    <testcase time="1.49699999999996" classname="shinytest2_tm_g_bivariate" name="e2e_tm_g_bivariate_Setting_encoding_inputs_produces_outputs_without_validation_errors."/>
    <testcase time="2.93600000000004" classname="shinytest2_tm_g_bivariate" name="e2e_tm_g_bivariate_Setting_encoding_inputs_produces_outputs_without_validation_errors."/>
    <testcase time="1.69999999999999" classname="shinytest2_tm_g_bivariate" name="e2e_tm_g_bivariate_Setting_encoding_inputs_produces_outputs_without_validation_errors."/>
    <testcase time="2.90100000000001" classname="shinytest2_tm_g_bivariate" name="e2e_tm_g_bivariate_Setting_encoding_inputs_produces_outputs_without_validation_errors."/>
    <testcase time="2.93399999999997" classname="shinytest2_tm_g_bivariate" name="e2e_tm_g_bivariate_Setting_encoding_inputs_produces_outputs_without_validation_errors."/>
    <testcase time="3.08100000000002" classname="shinytest2_tm_g_bivariate" name="e2e_tm_g_bivariate_Setting_encoding_inputs_produces_outputs_without_validation_errors."/>
    <testcase time="3.02600000000001" classname="shinytest2_tm_g_bivariate" name="e2e_tm_g_bivariate_Setting_encoding_inputs_produces_outputs_without_validation_errors."/>
    <testcase time="3.197" classname="shinytest2_tm_g_bivariate" name="e2e_tm_g_bivariate_Setting_encoding_inputs_produces_outputs_without_validation_errors."/>
    <testcase time="3.35999999999996" classname="shinytest2_tm_g_bivariate" name="e2e_tm_g_bivariate_Setting_encoding_inputs_produces_outputs_without_validation_errors."/>
    <testcase time="2.99700000000007" classname="shinytest2_tm_g_bivariate" name="e2e_tm_g_bivariate_Setting_encoding_inputs_produces_outputs_without_validation_errors."/>
  </testsuite>
  <testsuite name="shinytest2-tm_g_distribution" timestamp="2026-02-09T09:16:23Z" hostname="2c3ed1f77e7e" tests="20" skipped="0" failures="0" errors="0" time="115.958">
    <testcase time="76.2149999999999" classname="shinytest2_tm_g_distribution" name="e2e_tm_g_distribution_Module_is_initialised_with_the_specified_defaults."/>
    <testcase time="0.0500000000000682" classname="shinytest2_tm_g_distribution" name="e2e_tm_g_distribution_Module_is_initialised_with_the_specified_defaults."/>
    <testcase time="0.0509999999999309" classname="shinytest2_tm_g_distribution" name="e2e_tm_g_distribution_Module_is_initialised_with_the_specified_defaults."/>
    <testcase time="0.0510000000000446" classname="shinytest2_tm_g_distribution" name="e2e_tm_g_distribution_Module_is_initialised_with_the_specified_defaults."/>
    <testcase time="0.0510000000000446" classname="shinytest2_tm_g_distribution" name="e2e_tm_g_distribution_Module_is_initialised_with_the_specified_defaults."/>
    <testcase time="0.0489999999999782" classname="shinytest2_tm_g_distribution" name="e2e_tm_g_distribution_Module_is_initialised_with_the_specified_defaults."/>
    <testcase time="0.0509999999999309" classname="shinytest2_tm_g_distribution" name="e2e_tm_g_distribution_Module_is_initialised_with_the_specified_defaults."/>
    <testcase time="0.0500000000000682" classname="shinytest2_tm_g_distribution" name="e2e_tm_g_distribution_Module_is_initialised_with_the_specified_defaults."/>
    <testcase time="0.0489999999999782" classname="shinytest2_tm_g_distribution" name="e2e_tm_g_distribution_Module_is_initialised_with_the_specified_defaults."/>
    <testcase time="0.697999999999979" classname="shinytest2_tm_g_distribution" name="e2e_tm_g_distribution_Module_is_initialised_with_the_specified_defaults."/>
    <testcase time="10.419" classname="shinytest2_tm_g_distribution" name="e2e_tm_g_distribution_Histogram_encoding_inputs_produce_output_without_validation_errors."/>
    <testcase time="2.92900000000009" classname="shinytest2_tm_g_distribution" name="e2e_tm_g_distribution_Histogram_encoding_inputs_produce_output_without_validation_errors."/>
    <testcase time="2.15299999999991" classname="shinytest2_tm_g_distribution" name="e2e_tm_g_distribution_Histogram_encoding_inputs_produce_output_without_validation_errors."/>
    <testcase time="1.15200000000004" classname="shinytest2_tm_g_distribution" name="e2e_tm_g_distribution_Histogram_encoding_inputs_produce_output_without_validation_errors."/>
    <testcase time="2.32000000000005" classname="shinytest2_tm_g_distribution" name="e2e_tm_g_distribution_Histogram_encoding_inputs_produce_output_without_validation_errors."/>
    <testcase time="2.09899999999993" classname="shinytest2_tm_g_distribution" name="e2e_tm_g_distribution_Histogram_encoding_inputs_produce_output_without_validation_errors."/>
    <testcase time="1.28899999999999" classname="shinytest2_tm_g_distribution" name="e2e_tm_g_distribution_Histogram_encoding_inputs_produce_output_without_validation_errors."/>
    <testcase time="1.18600000000004" classname="shinytest2_tm_g_distribution" name="e2e_tm_g_distribution_Histogram_encoding_inputs_produce_output_without_validation_errors."/>
    <testcase time="10.455" classname="shinytest2_tm_g_distribution" name="e2e_tm_g_distribution_QQ_plot_encoding_inputs_produce_output_without_validation_errors."/>
    <testcase time="4.64099999999996" classname="shinytest2_tm_g_distribution" name="e2e_tm_g_distribution_QQ_plot_encoding_inputs_produce_output_without_validation_errors."/>
  </testsuite>
  <testsuite name="shinytest2-tm_g_response" timestamp="2026-02-09T09:17:12Z" hostname="2c3ed1f77e7e" tests="4" skipped="0" failures="0" errors="3" time="21.591">
    <testcase time="3.70799999999997" classname="shinytest2_tm_g_response" name="e2e_tm_g_response_module_is_initialised_with_the_specified_defaults.">
      <error type="error" message="Error in `app_initialize(self, private, app_dir = app_dir, ..., load_timeout = load_timeout, timeout = timeout, wait = wait, expect_values_screenshot_args = expect_values_screenshot_args, screenshot_args = screenshot_args, check_names = check_names, name = name, variant = variant, view = view, height = height, width = width, seed = seed, clean_logs = clean_logs, shiny_args = shiny_args, render_args = render_args, options = options)`: Shiny app did not become stable in 120000ms. ('test-shinytest2-tm_g_response.R:47:3')">Error in `app_initialize(self, private, app_dir = app_dir, ..., load_timeout = load_timeout, timeout = timeout, wait = wait, expect_values_screenshot_args = expect_values_screenshot_args, screenshot_args = screenshot_args, check_names = check_names, name = name, variant = variant, view = view, height = height, width = width, seed = seed, clean_logs = clean_logs, shiny_args = shiny_args, render_args = render_args, options = options)`: Shiny app did not become stable in 120000ms.
Message: An error occurred while waiting for Shiny to be stable
Caused by error in `app_wait_for_idle()`:
! An error occurred while waiting for Shiny to be stable


ℹ You can inspect the failed AppDriver object via `rlang::last_error()$app`
ℹ AppDriver logs:
{shinytest2} R  info   09:17:12.96 Start AppDriver initialization
{shinytest2} R  info   09:17:13.04 Starting Shiny app
{shinytest2} R  info   09:17:14.30 Creating new ChromoteSession
{shinytest2} R  info   09:17:14.36 Navigating to Shiny app
{shinytest2} R  info   09:17:14.37 Injecting shiny-tracer.js
{chromote}   JS info   09:17:14.43 shinytest2; jQuery not found
{chromote}   JS info   09:17:14.43 shinytest2; Loaded
{shinytest2} R  info   09:17:14.43 Waiting for Shiny to become ready
{shinytest2} R  info   09:17:16.13 Waiting for Shiny to become idle for 200ms within 120000ms
{shinytest2} R  info   09:17:16.17 Error while initializing AppDriver:
                                   Shiny app did not become stable in 120000ms.
                                   Message: An error occurred while waiting for Shiny to be stable
                                   Caused by error in `app_wait_for_idle()`:
                                   ! An error occurred while waiting for Shiny to be stable
{shiny}      R  stderr ----------- Loading required package: shiny
{shiny}      R  stderr ----------- Attempting to load the environment ‘package:sparkline’
{shiny}      R  stderr ----------- Loading required package: teal.data
{shiny}      R  stderr ----------- Loading required package: teal.code
{shiny}      R  stderr ----------- Loading required package: teal.slice
{shiny}      R  stderr ----------- 
{shiny}      R  stderr ----------- You are using teal version 1.1.0.9017
{shiny}      R  stderr ----------- 
{shiny}      R  stderr ----------- Attaching package: ‘teal’
{shiny}      R  stderr ----------- 
{shiny}      R  stderr ----------- The following objects are masked from ‘package:teal.slice’:
{shiny}      R  stderr ----------- 
{shiny}      R  stderr -----------     as.teal_slices, teal_slices
{shiny}      R  stderr ----------- 
{shiny}      R  stderr ----------- Running application in test mode.
{shiny}      R  stderr ----------- 
{shiny}      R  stderr ----------- Listening on http://127.0.0.1:5257


Caused by error in `app_initialize_()`:
! Shiny app did not become stable in 120000ms.
Message: An error occurred while waiting for Shiny to be stable
Caused by error in `app_wait_for_idle()`:
! An error occurred while waiting for Shiny to be stable
Backtrace:
     ▆
  1. ├─teal.modules.general (local) app_driver_tm_g_response() at test-shinytest2-tm_g_response.R:47:3
  2. │ └─teal.modules.general:::init_teal_app_driver(...) at test-shinytest2-tm_g_response.R:9:3
  3. │   ├─testthat::with_mocked_bindings(...) at ./helper-TealAppDriver.R:26:3
  4. │   └─TealAppDriver$new(...) at ./helper-TealAppDriver.R:29:7
  5. │     └─teal (local) initialize(...)
  6. │       ├─base::suppressWarnings(...)
  7. │       │ └─base::withCallingHandlers(...)
  8. │       ├─withr::with_envvar(...)
  9. │       │ └─base::force(code)
 10. │       └─super$initialize(...)
 11. │         └─shinytest2:::app_initialize(...)
 12. │           ├─base::withCallingHandlers(...)
 13. │           └─shinytest2:::app_initialize_(self, private, ..., view = view)
 14. │             ├─base::withCallingHandlers(...)
 15. │             └─self$wait_for_idle(duration = 200, timeout = private$load_timeout)
 16. │               └─shinytest2:::app_wait_for_idle(...)
 17. │                 └─shinytest2:::app_abort(self, private, "An error occurred while waiting for Shiny to be stable")
 18. │                   └─rlang::abort(..., app = self, call = call)
 19. │                     └─rlang:::signal_abort(cnd, .file)
 20. │                       └─base::signalCondition(cnd)
 21. ├─shinytest2 (local) `&lt;fn&gt;`(`&lt;rlng_rrr&gt;`)
 22. │ └─shinytest2:::app_abort(...)
 23. │   └─rlang::abort(..., app = self, call = call)
 24. │     └─rlang:::signal_abort(cnd, .file)
 25. │       └─base::signalCondition(cnd)
 26. └─shinytest2 (local) `&lt;fn&gt;`(`&lt;rlng_rrr&gt;`)
 27.   └─shinytest2:::app_abort(...)
 28.     └─rlang::abort(..., app = self, call = call)</error>
    </testcase>
    <testcase time="3.95400000000006" classname="shinytest2_tm_g_response" name="e2e_tm_g_response_encoding_inputs_produce_output_without_validation_errors.">
      <error type="error" message="Error in `app_initialize(self, private, app_dir = app_dir, ..., load_timeout = load_timeout, timeout = timeout, wait = wait, expect_values_screenshot_args = expect_values_screenshot_args, screenshot_args = screenshot_args, check_names = check_names, name = name, variant = variant, view = view, height = height, width = width, seed = seed, clean_logs = clean_logs, shiny_args = shiny_args, render_args = render_args, options = options)`: Shiny app did not become stable in 120000ms. ('test-shinytest2-tm_g_response.R:65:3')">Error in `app_initialize(self, private, app_dir = app_dir, ..., load_timeout = load_timeout, timeout = timeout, wait = wait, expect_values_screenshot_args = expect_values_screenshot_args, screenshot_args = screenshot_args, check_names = check_names, name = name, variant = variant, view = view, height = height, width = width, seed = seed, clean_logs = clean_logs, shiny_args = shiny_args, render_args = render_args, options = options)`: Shiny app did not become stable in 120000ms.
Message: An error occurred while waiting for Shiny to be stable
Caused by error in `app_wait_for_idle()`:
! An error occurred while waiting for Shiny to be stable


ℹ You can inspect the failed AppDriver object via `rlang::last_error()$app`
ℹ AppDriver logs:
{shinytest2} R  info   09:17:16.67 Start AppDriver initialization
{shinytest2} R  info   09:17:16.75 Starting Shiny app
{shinytest2} R  info   09:17:18.01 Creating new ChromoteSession
{shinytest2} R  info   09:17:18.10 Navigating to Shiny app
{shinytest2} R  info   09:17:18.11 Injecting shiny-tracer.js
{chromote}   JS info   09:17:18.18 shinytest2; jQuery not found
{chromote}   JS info   09:17:18.18 shinytest2; Loaded
{shinytest2} R  info   09:17:18.18 Waiting for Shiny to become ready
{shinytest2} R  info   09:17:20.09 Waiting for Shiny to become idle for 200ms within 120000ms
{shinytest2} R  info   09:17:20.13 Error while initializing AppDriver:
                                   Shiny app did not become stable in 120000ms.
                                   Message: An error occurred while waiting for Shiny to be stable
                                   Caused by error in `app_wait_for_idle()`:
                                   ! An error occurred while waiting for Shiny to be stable
{shiny}      R  stderr ----------- Loading required package: shiny
{shiny}      R  stderr ----------- Attempting to load the environment ‘package:sparkline’
{shiny}      R  stderr ----------- Loading required package: teal.data
{shiny}      R  stderr ----------- Loading required package: teal.code
{shiny}      R  stderr ----------- Loading required package: teal.slice
{shiny}      R  stderr ----------- 
{shiny}      R  stderr ----------- You are using teal version 1.1.0.9017
{shiny}      R  stderr ----------- 
{shiny}      R  stderr ----------- Attaching package: ‘teal’
{shiny}      R  stderr ----------- 
{shiny}      R  stderr ----------- The following objects are masked from ‘package:teal.slice’:
{shiny}      R  stderr ----------- 
{shiny}      R  stderr -----------     as.teal_slices, teal_slices
{shiny}      R  stderr ----------- 
{shiny}      R  stderr ----------- Running application in test mode.
{shiny}      R  stderr ----------- 
{shiny}      R  stderr ----------- Listening on http://127.0.0.1:4334


Caused by error in `app_initialize_()`:
! Shiny app did not become stable in 120000ms.
Message: An error occurred while waiting for Shiny to be stable
Caused by error in `app_wait_for_idle()`:
! An error occurred while waiting for Shiny to be stable
Backtrace:
     ▆
  1. ├─teal.modules.general (local) app_driver_tm_g_response() at test-shinytest2-tm_g_response.R:65:3
  2. │ └─teal.modules.general:::init_teal_app_driver(...) at test-shinytest2-tm_g_response.R:9:3
  3. │   ├─testthat::with_mocked_bindings(...) at ./helper-TealAppDriver.R:26:3
  4. │   └─TealAppDriver$new(...) at ./helper-TealAppDriver.R:29:7
  5. │     └─teal (local) initialize(...)
  6. │       ├─base::suppressWarnings(...)
  7. │       │ └─base::withCallingHandlers(...)
  8. │       ├─withr::with_envvar(...)
  9. │       │ └─base::force(code)
 10. │       └─super$initialize(...)
 11. │         └─shinytest2:::app_initialize(...)
 12. │           ├─base::withCallingHandlers(...)
 13. │           └─shinytest2:::app_initialize_(self, private, ..., view = view)
 14. │             ├─base::withCallingHandlers(...)
 15. │             └─self$wait_for_idle(duration = 200, timeout = private$load_timeout)
 16. │               └─shinytest2:::app_wait_for_idle(...)
 17. │                 └─shinytest2:::app_abort(self, private, "An error occurred while waiting for Shiny to be stable")
 18. │                   └─rlang::abort(..., app = self, call = call)
 19. │                     └─rlang:::signal_abort(cnd, .file)
 20. │                       └─base::signalCondition(cnd)
 21. ├─shinytest2 (local) `&lt;fn&gt;`(`&lt;rlng_rrr&gt;`)
 22. │ └─shinytest2:::app_abort(...)
 23. │   └─rlang::abort(..., app = self, call = call)
 24. │     └─rlang:::signal_abort(cnd, .file)
 25. │       └─base::signalCondition(cnd)
 26. └─shinytest2 (local) `&lt;fn&gt;`(`&lt;rlng_rrr&gt;`)
 27.   └─shinytest2:::app_abort(...)
 28.     └─rlang::abort(..., app = self, call = call)</error>
    </testcase>
    <testcase time="3.98199999999997" classname="shinytest2_tm_g_response" name="e2e_tm_g_response_deselecting_response_produces_validation_error.">
      <error type="error" message="Error in `app_initialize(self, private, app_dir = app_dir, ..., load_timeout = load_timeout, timeout = timeout, wait = wait, expect_values_screenshot_args = expect_values_screenshot_args, screenshot_args = screenshot_args, check_names = check_names, name = name, variant = variant, view = view, height = height, width = width, seed = seed, clean_logs = clean_logs, shiny_args = shiny_args, render_args = render_args, options = options)`: Shiny app did not become stable in 120000ms. ('test-shinytest2-tm_g_response.R:95:3')">Error in `app_initialize(self, private, app_dir = app_dir, ..., load_timeout = load_timeout, timeout = timeout, wait = wait, expect_values_screenshot_args = expect_values_screenshot_args, screenshot_args = screenshot_args, check_names = check_names, name = name, variant = variant, view = view, height = height, width = width, seed = seed, clean_logs = clean_logs, shiny_args = shiny_args, render_args = render_args, options = options)`: Shiny app did not become stable in 120000ms.
Message: An error occurred while waiting for Shiny to be stable
Caused by error in `app_wait_for_idle()`:
! An error occurred while waiting for Shiny to be stable


ℹ You can inspect the failed AppDriver object via `rlang::last_error()$app`
ℹ AppDriver logs:
{shinytest2} R  info   09:17:20.61 Start AppDriver initialization
{shinytest2} R  info   09:17:20.70 Starting Shiny app
{shinytest2} R  info   09:17:21.96 Creating new ChromoteSession
{shinytest2} R  info   09:17:22.05 Navigating to Shiny app
{shinytest2} R  info   09:17:22.06 Injecting shiny-tracer.js
{chromote}   JS info   09:17:22.13 shinytest2; jQuery not found
{chromote}   JS info   09:17:22.13 shinytest2; Loaded
{shinytest2} R  info   09:17:22.14 Waiting for Shiny to become ready
{shinytest2} R  info   09:17:24.07 Waiting for Shiny to become idle for 200ms within 120000ms
{shinytest2} R  info   09:17:24.10 Error while initializing AppDriver:
                                   Shiny app did not become stable in 120000ms.
                                   Message: An error occurred while waiting for Shiny to be stable
                                   Caused by error in `app_wait_for_idle()`:
                                   ! An error occurred while waiting for Shiny to be stable
{shiny}      R  stderr ----------- Loading required package: shiny
{shiny}      R  stderr ----------- Attempting to load the environment ‘package:sparkline’
{shiny}      R  stderr ----------- Loading required package: teal.data
{shiny}      R  stderr ----------- Loading required package: teal.code
{shiny}      R  stderr ----------- Loading required package: teal.slice
{shiny}      R  stderr ----------- 
{shiny}      R  stderr ----------- You are using teal version 1.1.0.9017
{shiny}      R  stderr ----------- 
{shiny}      R  stderr ----------- Attaching package: ‘teal’
{shiny}      R  stderr ----------- 
{shiny}      R  stderr ----------- The following objects are masked from ‘package:teal.slice’:
{shiny}      R  stderr ----------- 
{shiny}      R  stderr -----------     as.teal_slices, teal_slices
{shiny}      R  stderr ----------- 
{shiny}      R  stderr ----------- Running application in test mode.
{shiny}      R  stderr ----------- 
{shiny}      R  stderr ----------- Listening on http://127.0.0.1:4199


Caused by error in `app_initialize_()`:
! Shiny app did not become stable in 120000ms.
Message: An error occurred while waiting for Shiny to be stable
Caused by error in `app_wait_for_idle()`:
! An error occurred while waiting for Shiny to be stable
Backtrace:
     ▆
  1. ├─teal.modules.general (local) app_driver_tm_g_response() at test-shinytest2-tm_g_response.R:95:3
  2. │ └─teal.modules.general:::init_teal_app_driver(...) at test-shinytest2-tm_g_response.R:9:3
  3. │   ├─testthat::with_mocked_bindings(...) at ./helper-TealAppDriver.R:26:3
  4. │   └─TealAppDriver$new(...) at ./helper-TealAppDriver.R:29:7
  5. │     └─teal (local) initialize(...)
  6. │       ├─base::suppressWarnings(...)
  7. │       │ └─base::withCallingHandlers(...)
  8. │       ├─withr::with_envvar(...)
  9. │       │ └─base::force(code)
 10. │       └─super$initialize(...)
 11. │         └─shinytest2:::app_initialize(...)
 12. │           ├─base::withCallingHandlers(...)
 13. │           └─shinytest2:::app_initialize_(self, private, ..., view = view)
 14. │             ├─base::withCallingHandlers(...)
 15. │             └─self$wait_for_idle(duration = 200, timeout = private$load_timeout)
 16. │               └─shinytest2:::app_wait_for_idle(...)
 17. │                 └─shinytest2:::app_abort(self, private, "An error occurred while waiting for Shiny to be stable")
 18. │                   └─rlang::abort(..., app = self, call = call)
 19. │                     └─rlang:::signal_abort(cnd, .file)
 20. │                       └─base::signalCondition(cnd)
 21. ├─shinytest2 (local) `&lt;fn&gt;`(`&lt;rlng_rrr&gt;`)
 22. │ └─shinytest2:::app_abort(...)
 23. │   └─rlang::abort(..., app = self, call = call)
 24. │     └─rlang:::signal_abort(cnd, .file)
 25. │       └─base::signalCondition(cnd)
 26. └─shinytest2 (local) `&lt;fn&gt;`(`&lt;rlng_rrr&gt;`)
 27.   └─shinytest2:::app_abort(...)
 28.     └─rlang::abort(..., app = self, call = call)</error>
    </testcase>
    <testcase time="9.947" classname="shinytest2_tm_g_response" name="e2e_tm_g_response_deselecting_x_produces_validation_error."/>
  </testsuite>
  <testsuite name="shinytest2-tm_g_scatterplot" timestamp="2026-02-09T09:17:34Z" hostname="2c3ed1f77e7e" tests="35" skipped="0" failures="0" errors="0" time="137.451">
    <testcase time="8.803" classname="shinytest2_tm_g_scatterplot" name="e2e_tm_g_scatterplot_Module_is_initialised_with_the_specified_defaults."/>
    <testcase time="0.00900000000001455" classname="shinytest2_tm_g_scatterplot" name="e2e_tm_g_scatterplot_Module_is_initialised_with_the_specified_defaults."/>
    <testcase time="0.0489999999999782" classname="shinytest2_tm_g_scatterplot" name="e2e_tm_g_scatterplot_Module_is_initialised_with_the_specified_defaults."/>
    <testcase time="0.0510000000000446" classname="shinytest2_tm_g_scatterplot" name="e2e_tm_g_scatterplot_Module_is_initialised_with_the_specified_defaults."/>
    <testcase time="0.0509999999999309" classname="shinytest2_tm_g_scatterplot" name="e2e_tm_g_scatterplot_Module_is_initialised_with_the_specified_defaults."/>
    <testcase time="0.0510000000000446" classname="shinytest2_tm_g_scatterplot" name="e2e_tm_g_scatterplot_Module_is_initialised_with_the_specified_defaults."/>
    <testcase time="0.0499999999999545" classname="shinytest2_tm_g_scatterplot" name="e2e_tm_g_scatterplot_Module_is_initialised_with_the_specified_defaults."/>
    <testcase time="0.0510000000000446" classname="shinytest2_tm_g_scatterplot" name="e2e_tm_g_scatterplot_Module_is_initialised_with_the_specified_defaults."/>
    <testcase time="0.0510000000000446" classname="shinytest2_tm_g_scatterplot" name="e2e_tm_g_scatterplot_Module_is_initialised_with_the_specified_defaults."/>
    <testcase time="0.0489999999999782" classname="shinytest2_tm_g_scatterplot" name="e2e_tm_g_scatterplot_Module_is_initialised_with_the_specified_defaults."/>
    <testcase time="0.0499999999999545" classname="shinytest2_tm_g_scatterplot" name="e2e_tm_g_scatterplot_Module_is_initialised_with_the_specified_defaults."/>
    <testcase time="0.0500000000000682" classname="shinytest2_tm_g_scatterplot" name="e2e_tm_g_scatterplot_Module_is_initialised_with_the_specified_defaults."/>
    <testcase time="0.0489999999999782" classname="shinytest2_tm_g_scatterplot" name="e2e_tm_g_scatterplot_Module_is_initialised_with_the_specified_defaults."/>
    <testcase time="0.0520000000000209" classname="shinytest2_tm_g_scatterplot" name="e2e_tm_g_scatterplot_Module_is_initialised_with_the_specified_defaults."/>
    <testcase time="0.0579999999999927" classname="shinytest2_tm_g_scatterplot" name="e2e_tm_g_scatterplot_Module_is_initialised_with_the_specified_defaults."/>
    <testcase time="0.0520000000000209" classname="shinytest2_tm_g_scatterplot" name="e2e_tm_g_scatterplot_Module_is_initialised_with_the_specified_defaults."/>
    <testcase time="9.99599999999998" classname="shinytest2_tm_g_scatterplot" name="e2e_tm_g_scatterplot_Base_for_the_log_transformation_can_be_applied."/>
    <testcase time="1.01400000000001" classname="shinytest2_tm_g_scatterplot" name="e2e_tm_g_scatterplot_Base_for_the_log_transformation_can_be_applied."/>
    <testcase time="1.03199999999993" classname="shinytest2_tm_g_scatterplot" name="e2e_tm_g_scatterplot_Base_for_the_log_transformation_can_be_applied."/>
    <testcase time="1.24300000000005" classname="shinytest2_tm_g_scatterplot" name="e2e_tm_g_scatterplot_Base_for_the_log_transformation_can_be_applied."/>
    <testcase time="10.6759999999999" classname="shinytest2_tm_g_scatterplot" name="e2e_tm_g_scatterplot_The_log_transform_is_only_possible_for_positive_numeric_vars."/>
    <testcase time="1.1400000000001" classname="shinytest2_tm_g_scatterplot" name="e2e_tm_g_scatterplot_The_log_transform_is_only_possible_for_positive_numeric_vars."/>
    <testcase time="1.91899999999998" classname="shinytest2_tm_g_scatterplot" name="e2e_tm_g_scatterplot_The_log_transform_is_only_possible_for_positive_numeric_vars."/>
    <testcase time="11.293" classname="shinytest2_tm_g_scatterplot" name="e2e_tm_g_scatterplot_Get_validation_error_when_facetting_with_the_same_row_col_variable."/>
    <testcase time="10.586" classname="shinytest2_tm_g_scatterplot" name="e2e_tm_g_scatterplot_The_encoding_inputs_are_set_without_validation_errors."/>
    <testcase time="1.43799999999999" classname="shinytest2_tm_g_scatterplot" name="e2e_tm_g_scatterplot_The_encoding_inputs_are_set_without_validation_errors."/>
    <testcase time="1.59299999999996" classname="shinytest2_tm_g_scatterplot" name="e2e_tm_g_scatterplot_The_encoding_inputs_are_set_without_validation_errors."/>
    <testcase time="1.79999999999995" classname="shinytest2_tm_g_scatterplot" name="e2e_tm_g_scatterplot_The_encoding_inputs_are_set_without_validation_errors."/>
    <testcase time="1.71000000000004" classname="shinytest2_tm_g_scatterplot" name="e2e_tm_g_scatterplot_The_encoding_inputs_are_set_without_validation_errors."/>
    <testcase time="1.678" classname="shinytest2_tm_g_scatterplot" name="e2e_tm_g_scatterplot_The_encoding_inputs_are_set_without_validation_errors."/>
    <testcase time="1.67100000000005" classname="shinytest2_tm_g_scatterplot" name="e2e_tm_g_scatterplot_The_encoding_inputs_are_set_without_validation_errors."/>
    <testcase time="60.53" classname="shinytest2_tm_g_scatterplot" name="e2e_tm_g_scatterplot_The_encoding_inputs_are_set_without_validation_errors."/>
    <testcase time="1.798" classname="shinytest2_tm_g_scatterplot" name="e2e_tm_g_scatterplot_The_encoding_inputs_are_set_without_validation_errors."/>
    <testcase time="3.95399999999995" classname="shinytest2_tm_g_scatterplot" name="e2e_tm_g_scatterplot_The_encoding_inputs_are_set_without_validation_errors."/>
    <testcase time="2.85400000000004" classname="shinytest2_tm_g_scatterplot" name="e2e_tm_g_scatterplot_The_encoding_inputs_are_set_without_validation_errors."/>
  </testsuite>
  <testsuite name="shinytest2-tm_g_scatterplotmatrix" timestamp="2026-02-09T09:19:51Z" hostname="2c3ed1f77e7e" tests="9" skipped="0" failures="0" errors="0" time="43.547">
    <testcase time="8.89099999999996" classname="shinytest2_tm_g_scatterplotmatrix" name="e2e_tm_g_scatterplotmatrix_Initializes_without_errors"/>
    <testcase time="0.0040000000000191" classname="shinytest2_tm_g_scatterplotmatrix" name="e2e_tm_g_scatterplotmatrix_Initializes_without_errors"/>
    <testcase time="0.00300000000004275" classname="shinytest2_tm_g_scatterplotmatrix" name="e2e_tm_g_scatterplotmatrix_Initializes_without_errors"/>
    <testcase time="11.098" classname="shinytest2_tm_g_scatterplotmatrix" name="e2e_tm_g_scatterplotmatrix_Verify_module_displays_data_table"/>
    <testcase time="9.05000000000007" classname="shinytest2_tm_g_scatterplotmatrix" name="e2e_tm_g_scatterplotmatrix_Verify_default_values_and_settings_data_extracts_for_data_selection"/>
    <testcase time="0.000999999999976353" classname="shinytest2_tm_g_scatterplotmatrix" name="e2e_tm_g_scatterplotmatrix_Verify_default_values_and_settings_data_extracts_for_data_selection"/>
    <testcase time="1.47500000000002" classname="shinytest2_tm_g_scatterplotmatrix" name="e2e_tm_g_scatterplotmatrix_Verify_default_values_and_settings_data_extracts_for_data_selection"/>
    <testcase time="10.414" classname="shinytest2_tm_g_scatterplotmatrix" name="e2e_tm_g_scatterplotmatrix_Change_plot_settings"/>
    <testcase time="2.61099999999999" classname="shinytest2_tm_g_scatterplotmatrix" name="e2e_tm_g_scatterplotmatrix_Change_plot_settings"/>
  </testsuite>
  <testsuite name="shinytest2-tm_missing_data" timestamp="2026-02-09T09:20:35Z" hostname="2c3ed1f77e7e" tests="22" skipped="0" failures="0" errors="0" time="66.425">
    <testcase time="9.80499999999995" classname="shinytest2_tm_missing_data" name="e2e_tm_missing_data_Initializes_without_errors"/>
    <testcase time="0.0040000000000191" classname="shinytest2_tm_missing_data" name="e2e_tm_missing_data_Initializes_without_errors"/>
    <testcase time="0.00300000000004275" classname="shinytest2_tm_missing_data" name="e2e_tm_missing_data_Initializes_without_errors"/>
    <testcase time="10.03" classname="shinytest2_tm_missing_data" name="e2e_tm_missing_data_Default_settings_and_visibility_of_the_summary_graph"/>
    <testcase time="0.0489999999999782" classname="shinytest2_tm_missing_data" name="e2e_tm_missing_data_Default_settings_and_visibility_of_the_summary_graph"/>
    <testcase time="3.17999999999995" classname="shinytest2_tm_missing_data" name="e2e_tm_missing_data_Default_settings_and_visibility_of_the_summary_graph"/>
    <testcase time="2.97400000000005" classname="shinytest2_tm_missing_data" name="e2e_tm_missing_data_Default_settings_and_visibility_of_the_summary_graph"/>
    <testcase time="2.60900000000004" classname="shinytest2_tm_missing_data" name="e2e_tm_missing_data_Default_settings_and_visibility_of_the_summary_graph"/>
    <testcase time="9.92399999999998" classname="shinytest2_tm_missing_data" name="e2e_tm_missing_data_Check_default_settings_and_visibility_of_the_combinations_graph_and_encodings"/>
    <testcase time="2.53099999999995" classname="shinytest2_tm_missing_data" name="e2e_tm_missing_data_Check_default_settings_and_visibility_of_the_combinations_graph_and_encodings"/>
    <testcase time="2.60000000000002" classname="shinytest2_tm_missing_data" name="e2e_tm_missing_data_Check_default_settings_and_visibility_of_the_combinations_graph_and_encodings"/>
    <testcase time="2.09900000000005" classname="shinytest2_tm_missing_data" name="e2e_tm_missing_data_Check_default_settings_and_visibility_of_the_combinations_graph_and_encodings"/>
    <testcase time="0.00900000000001455" classname="shinytest2_tm_missing_data" name="e2e_tm_missing_data_Check_default_settings_and_visibility_of_the_combinations_graph_and_encodings"/>
    <testcase time="1.98299999999995" classname="shinytest2_tm_missing_data" name="e2e_tm_missing_data_Check_default_settings_and_visibility_of_the_combinations_graph_and_encodings"/>
    <testcase time="0.00599999999997181" classname="shinytest2_tm_missing_data" name="e2e_tm_missing_data_Check_default_settings_and_visibility_of_the_combinations_graph_and_encodings"/>
    <testcase time="11.898" classname="shinytest2_tm_missing_data" name="e2e_tm_missing_data_Validate_functionality_and_UI_response_for_By_Variable_Levels_"/>
    <testcase time="0.51400000000001" classname="shinytest2_tm_missing_data" name="e2e_tm_missing_data_Validate_functionality_and_UI_response_for_By_Variable_Levels_"/>
    <testcase time="0.0489999999999782" classname="shinytest2_tm_missing_data" name="e2e_tm_missing_data_Validate_functionality_and_UI_response_for_By_Variable_Levels_"/>
    <testcase time="1.48300000000006" classname="shinytest2_tm_missing_data" name="e2e_tm_missing_data_Validate_functionality_and_UI_response_for_By_Variable_Levels_"/>
    <testcase time="0.51299999999992" classname="shinytest2_tm_missing_data" name="e2e_tm_missing_data_Validate_functionality_and_UI_response_for_By_Variable_Levels_"/>
    <testcase time="4.15300000000002" classname="shinytest2_tm_missing_data" name="e2e_tm_missing_data_Validate_functionality_and_UI_response_for_By_Variable_Levels_"/>
    <testcase time="0.00900000000001455" classname="shinytest2_tm_missing_data" name="e2e_tm_missing_data_Validate_functionality_and_UI_response_for_By_Variable_Levels_"/>
  </testsuite>
  <testsuite name="shinytest2-tm_outliers" timestamp="2026-02-09T09:21:41Z" hostname="2c3ed1f77e7e" tests="61" skipped="0" failures="0" errors="0" time="168.044">
    <testcase time="11.2760000000001" classname="shinytest2_tm_outliers" name="e2e_tm_outliers_Data_parameter_and_module_label_is_passed_properly."/>
    <testcase time="0.00399999999990541" classname="shinytest2_tm_outliers" name="e2e_tm_outliers_Data_parameter_and_module_label_is_passed_properly."/>
    <testcase time="0.00300000000004275" classname="shinytest2_tm_outliers" name="e2e_tm_outliers_Data_parameter_and_module_label_is_passed_properly."/>
    <testcase time="0.00199999999995271" classname="shinytest2_tm_outliers" name="e2e_tm_outliers_Data_parameter_and_module_label_is_passed_properly."/>
    <testcase time="11.249" classname="shinytest2_tm_outliers" name="e2e_tm_outliers_Data_extract_spec_elements_are_initialized_with_the_default_values_specified_by_outlier_var_and_categorical_var_argument."/>
    <testcase time="0.00900000000001455" classname="shinytest2_tm_outliers" name="e2e_tm_outliers_Data_extract_spec_elements_are_initialized_with_the_default_values_specified_by_outlier_var_and_categorical_var_argument."/>
    <testcase time="2.24699999999996" classname="shinytest2_tm_outliers" name="e2e_tm_outliers_Data_extract_spec_elements_are_initialized_with_the_default_values_specified_by_outlier_var_and_categorical_var_argument."/>
    <testcase time="0.00900000000001455" classname="shinytest2_tm_outliers" name="e2e_tm_outliers_Data_extract_spec_elements_are_initialized_with_the_default_values_specified_by_outlier_var_and_categorical_var_argument."/>
    <testcase time="0.0490000000000919" classname="shinytest2_tm_outliers" name="e2e_tm_outliers_Data_extract_spec_elements_are_initialized_with_the_default_values_specified_by_outlier_var_and_categorical_var_argument."/>
    <testcase time="1.4799999999999" classname="shinytest2_tm_outliers" name="e2e_tm_outliers_Data_extract_spec_elements_are_initialized_with_the_default_values_specified_by_outlier_var_and_categorical_var_argument."/>
    <testcase time="0.817000000000007" classname="shinytest2_tm_outliers" name="e2e_tm_outliers_Data_extract_spec_elements_are_initialized_with_the_default_values_specified_by_outlier_var_and_categorical_var_argument."/>
    <testcase time="11.236" classname="shinytest2_tm_outliers" name="e2e_tm_outliers_Plot_type_is_correctly_set_by_default_and_has_appropriate_possible_options."/>
    <testcase time="0.0080000000000382" classname="shinytest2_tm_outliers" name="e2e_tm_outliers_Plot_type_is_correctly_set_by_default_and_has_appropriate_possible_options."/>
    <testcase time="0.0040000000000191" classname="shinytest2_tm_outliers" name="e2e_tm_outliers_Plot_type_is_correctly_set_by_default_and_has_appropriate_possible_options."/>
    <testcase time="2.41700000000003" classname="shinytest2_tm_outliers" name="e2e_tm_outliers_Plot_type_is_correctly_set_by_default_and_has_appropriate_possible_options."/>
    <testcase time="11.304" classname="shinytest2_tm_outliers" name="e2e_tm_outliers_Module_is_divided_into_3_tabs."/>
    <testcase time="0.00900000000001455" classname="shinytest2_tm_outliers" name="e2e_tm_outliers_Module_is_divided_into_3_tabs."/>
    <testcase time="0.00599999999997181" classname="shinytest2_tm_outliers" name="e2e_tm_outliers_Module_is_divided_into_3_tabs."/>
    <testcase time="11.2379999999999" classname="shinytest2_tm_outliers" name="e2e_tm_outliers_Plot_type_is_hidden_when_Boxplot_tab_is_not_selected."/>
    <testcase time="2.18700000000001" classname="shinytest2_tm_outliers" name="e2e_tm_outliers_Plot_type_is_hidden_when_Boxplot_tab_is_not_selected."/>
    <testcase time="4.62900000000002" classname="shinytest2_tm_outliers" name="e2e_tm_outliers_Plot_type_is_hidden_when_Boxplot_tab_is_not_selected."/>
    <testcase time="4.73599999999999" classname="shinytest2_tm_outliers" name="e2e_tm_outliers_Plot_type_is_hidden_when_Boxplot_tab_is_not_selected."/>
    <testcase time="11.2660000000001" classname="shinytest2_tm_outliers" name="e2e_tm_outliers_Default_radio_buttons_are_set_properly."/>
    <testcase time="0.00999999999999091" classname="shinytest2_tm_outliers" name="e2e_tm_outliers_Default_radio_buttons_are_set_properly."/>
    <testcase time="0.0509999999999309" classname="shinytest2_tm_outliers" name="e2e_tm_outliers_Default_radio_buttons_are_set_properly."/>
    <testcase time="4.46600000000001" classname="shinytest2_tm_outliers" name="e2e_tm_outliers_Default_radio_buttons_are_set_properly."/>
    <testcase time="11.282" classname="shinytest2_tm_outliers" name="e2e_tm_outliers_Method_parameters_are_set_properly."/>
    <testcase time="0.00999999999999091" classname="shinytest2_tm_outliers" name="e2e_tm_outliers_Method_parameters_are_set_properly."/>
    <testcase time="0.0040000000000191" classname="shinytest2_tm_outliers" name="e2e_tm_outliers_Method_parameters_are_set_properly."/>
    <testcase time="0.000999999999976353" classname="shinytest2_tm_outliers" name="e2e_tm_outliers_Method_parameters_are_set_properly."/>
    <testcase time="11.245" classname="shinytest2_tm_outliers" name="e2e_tm_outliers_Outlier_definition_text_and_range_are_displayed_properly_depending_on_method."/>
    <testcase time="2.17899999999997" classname="shinytest2_tm_outliers" name="e2e_tm_outliers_Outlier_definition_text_and_range_are_displayed_properly_depending_on_method."/>
    <testcase time="2.178" classname="shinytest2_tm_outliers" name="e2e_tm_outliers_Outlier_definition_text_and_range_are_displayed_properly_depending_on_method."/>
    <testcase time="2.18100000000004" classname="shinytest2_tm_outliers" name="e2e_tm_outliers_Outlier_definition_text_and_range_are_displayed_properly_depending_on_method."/>
    <testcase time="0.00999999999999091" classname="shinytest2_tm_outliers" name="e2e_tm_outliers_Outlier_definition_text_and_range_are_displayed_properly_depending_on_method."/>
    <testcase time="0.0119999999999436" classname="shinytest2_tm_outliers" name="e2e_tm_outliers_Outlier_definition_text_and_range_are_displayed_properly_depending_on_method."/>
    <testcase time="0.0490000000000919" classname="shinytest2_tm_outliers" name="e2e_tm_outliers_Outlier_definition_text_and_range_are_displayed_properly_depending_on_method."/>
    <testcase time="2.0859999999999" classname="shinytest2_tm_outliers" name="e2e_tm_outliers_Outlier_definition_text_and_range_are_displayed_properly_depending_on_method."/>
    <testcase time="2.02800000000002" classname="shinytest2_tm_outliers" name="e2e_tm_outliers_Outlier_definition_text_and_range_are_displayed_properly_depending_on_method."/>
    <testcase time="2.39900000000011" classname="shinytest2_tm_outliers" name="e2e_tm_outliers_Outlier_definition_text_and_range_are_displayed_properly_depending_on_method."/>
    <testcase time="0.0109999999999673" classname="shinytest2_tm_outliers" name="e2e_tm_outliers_Outlier_definition_text_and_range_are_displayed_properly_depending_on_method."/>
    <testcase time="0.00900000000001455" classname="shinytest2_tm_outliers" name="e2e_tm_outliers_Outlier_definition_text_and_range_are_displayed_properly_depending_on_method."/>
    <testcase time="2.00299999999993" classname="shinytest2_tm_outliers" name="e2e_tm_outliers_Outlier_definition_text_and_range_are_displayed_properly_depending_on_method."/>
    <testcase time="2.18399999999997" classname="shinytest2_tm_outliers" name="e2e_tm_outliers_Outlier_definition_text_and_range_are_displayed_properly_depending_on_method."/>
    <testcase time="2.3900000000001" classname="shinytest2_tm_outliers" name="e2e_tm_outliers_Outlier_definition_text_and_range_are_displayed_properly_depending_on_method."/>
    <testcase time="0.0119999999999436" classname="shinytest2_tm_outliers" name="e2e_tm_outliers_Outlier_definition_text_and_range_are_displayed_properly_depending_on_method."/>
    <testcase time="0.0080000000000382" classname="shinytest2_tm_outliers" name="e2e_tm_outliers_Outlier_definition_text_and_range_are_displayed_properly_depending_on_method."/>
    <testcase time="2.07099999999991" classname="shinytest2_tm_outliers" name="e2e_tm_outliers_Outlier_definition_text_and_range_are_displayed_properly_depending_on_method."/>
    <testcase time="11.1110000000001" classname="shinytest2_tm_outliers" name="e2e_tm_outliers_Outliers_summary_table_is_displayed_with_proper_content."/>
    <testcase time="0.00399999999990541" classname="shinytest2_tm_outliers" name="e2e_tm_outliers_Outliers_summary_table_is_displayed_with_proper_content."/>
    <testcase time="0.00400000000013279" classname="shinytest2_tm_outliers" name="e2e_tm_outliers_Outliers_summary_table_is_displayed_with_proper_content."/>
    <testcase time="0.00799999999981083" classname="shinytest2_tm_outliers" name="e2e_tm_outliers_Outliers_summary_table_is_displayed_with_proper_content."/>
    <testcase time="4.21100000000001" classname="shinytest2_tm_outliers" name="e2e_tm_outliers_Outliers_summary_table_is_displayed_with_proper_content."/>
    <testcase time="0.00400000000013279" classname="shinytest2_tm_outliers" name="e2e_tm_outliers_Outliers_summary_table_is_displayed_with_proper_content."/>
    <testcase time="2.11699999999996" classname="shinytest2_tm_outliers" name="e2e_tm_outliers_Outliers_summary_table_is_displayed_with_proper_content."/>
    <testcase time="0.00399999999990541" classname="shinytest2_tm_outliers" name="e2e_tm_outliers_Outliers_summary_table_is_displayed_with_proper_content."/>
    <testcase time="11.1550000000002" classname="shinytest2_tm_outliers" name="e2e_tm_outliers_Outlier_table_is_displayed_with_proper_content."/>
    <testcase time="4.35699999999997" classname="shinytest2_tm_outliers" name="e2e_tm_outliers_Outlier_table_is_displayed_with_proper_content."/>
    <testcase time="0.00199999999995271" classname="shinytest2_tm_outliers" name="e2e_tm_outliers_Outlier_table_is_displayed_with_proper_content."/>
    <testcase time="0.000999999999976353" classname="shinytest2_tm_outliers" name="e2e_tm_outliers_Outlier_table_is_displayed_with_proper_content."/>
    <testcase time="0.00199999999995271" classname="shinytest2_tm_outliers" name="e2e_tm_outliers_Outlier_table_is_displayed_with_proper_content."/>
  </testsuite>
  <testsuite name="shinytest2-tm_t_crosstable" timestamp="2026-02-09T09:24:29Z" hostname="2c3ed1f77e7e" tests="9" skipped="0" failures="0" errors="0" time="47.656">
    <testcase time="9.37599999999998" classname="shinytest2_tm_t_crosstable" name="e2e_tm_t_crosstable_Initializes_without_errors"/>
    <testcase time="0.00400000000013279" classname="shinytest2_tm_t_crosstable" name="e2e_tm_t_crosstable_Initializes_without_errors"/>
    <testcase time="0.00399999999990541" classname="shinytest2_tm_t_crosstable" name="e2e_tm_t_crosstable_Initializes_without_errors"/>
    <testcase time="11.624" classname="shinytest2_tm_t_crosstable" name="e2e_tm_t_crosstable_Verify_module_displays_data_table"/>
    <testcase time="9.43599999999992" classname="shinytest2_tm_t_crosstable" name="e2e_tm_t_crosstable_Verify_default_values_and_settings_data_extracts_for_data_selection"/>
    <testcase time="0.0489999999999782" classname="shinytest2_tm_t_crosstable" name="e2e_tm_t_crosstable_Verify_default_values_and_settings_data_extracts_for_data_selection"/>
    <testcase time="2.64700000000016" classname="shinytest2_tm_t_crosstable" name="e2e_tm_t_crosstable_Verify_default_values_and_settings_data_extracts_for_data_selection"/>
    <testcase time="11.9549999999999" classname="shinytest2_tm_t_crosstable" name="e2e_tm_t_crosstable_Change_plot_settings"/>
    <testcase time="2.56099999999992" classname="shinytest2_tm_t_crosstable" name="e2e_tm_t_crosstable_Change_plot_settings"/>
  </testsuite>
  <testsuite name="shinytest2-tm_variable_browser" timestamp="2026-02-09T09:25:17Z" hostname="2c3ed1f77e7e" tests="23" skipped="0" failures="0" errors="0" time="95.702">
    <testcase time="9.88300000000004" classname="shinytest2_tm_variable_browser" name="e2e_tm_variable_browser_content_is_displayed_correctly."/>
    <testcase time="0.00400000000013279" classname="shinytest2_tm_variable_browser" name="e2e_tm_variable_browser_content_is_displayed_correctly."/>
    <testcase time="2.08199999999988" classname="shinytest2_tm_variable_browser" name="e2e_tm_variable_browser_content_is_displayed_correctly."/>
    <testcase time="0.00400000000013279" classname="shinytest2_tm_variable_browser" name="e2e_tm_variable_browser_content_is_displayed_correctly."/>
    <testcase time="0.00399999999990541" classname="shinytest2_tm_variable_browser" name="e2e_tm_variable_browser_content_is_displayed_correctly."/>
    <testcase time="14.0999999999999" classname="shinytest2_tm_variable_browser" name="e2e_tm_variable_browser_Selecting_treat_variable_as_factor_changes_the_table_headers."/>
    <testcase time="12.144" classname="shinytest2_tm_variable_browser" name="e2e_tm_variable_browser_selection_of_categorical_variable_has_a_table_with_level_header."/>
    <testcase time="13.009" classname="shinytest2_tm_variable_browser" name="e2e_tm_variable_browser_changing_display_density_encoding_doesn_t_show_errors."/>
    <testcase time="3.14800000000014" classname="shinytest2_tm_variable_browser" name="e2e_tm_variable_browser_changing_display_density_encoding_doesn_t_show_errors."/>
    <testcase time="10.1859999999999" classname="shinytest2_tm_variable_browser" name="e2e_tm_variable_browser_changing_outlier_definition_encoding_doesn_t_show_errors."/>
    <testcase time="4.50999999999999" classname="shinytest2_tm_variable_browser" name="e2e_tm_variable_browser_changing_outlier_definition_encoding_doesn_t_show_errors."/>
    <testcase time="0.00400000000013279" classname="shinytest2_tm_variable_browser" name="e2e_tm_variable_browser_changing_outlier_definition_encoding_doesn_t_show_errors."/>
    <testcase time="1.827" classname="shinytest2_tm_variable_browser" name="e2e_tm_variable_browser_changing_outlier_definition_encoding_doesn_t_show_errors."/>
    <testcase time="2.9849999999999" classname="shinytest2_tm_variable_browser" name="e2e_tm_variable_browser_changing_outlier_definition_encoding_doesn_t_show_errors."/>
    <testcase time="11.4010000000001" classname="shinytest2_tm_variable_browser" name="e2e_tm_variable_browser_changing_plot_setting_encodings_doesn_t_show_errors."/>
    <testcase time="1.53399999999988" classname="shinytest2_tm_variable_browser" name="e2e_tm_variable_browser_changing_plot_setting_encodings_doesn_t_show_errors."/>
    <testcase time="1.26099999999997" classname="shinytest2_tm_variable_browser" name="e2e_tm_variable_browser_changing_plot_setting_encodings_doesn_t_show_errors."/>
    <testcase time="1.29300000000012" classname="shinytest2_tm_variable_browser" name="e2e_tm_variable_browser_changing_plot_setting_encodings_doesn_t_show_errors."/>
    <testcase time="1.25499999999988" classname="shinytest2_tm_variable_browser" name="e2e_tm_variable_browser_changing_plot_setting_encodings_doesn_t_show_errors."/>
    <testcase time="1.25900000000001" classname="shinytest2_tm_variable_browser" name="e2e_tm_variable_browser_changing_plot_setting_encodings_doesn_t_show_errors."/>
    <testcase time="1.25199999999995" classname="shinytest2_tm_variable_browser" name="e2e_tm_variable_browser_changing_plot_setting_encodings_doesn_t_show_errors."/>
    <testcase time="1.26200000000017" classname="shinytest2_tm_variable_browser" name="e2e_tm_variable_browser_changing_plot_setting_encodings_doesn_t_show_errors."/>
    <testcase time="1.29499999999985" classname="shinytest2_tm_variable_browser" name="e2e_tm_variable_browser_changing_plot_setting_encodings_doesn_t_show_errors."/>
  </testsuite>
  <testsuite name="tm_a_pca" timestamp="2026-02-09T09:26:53Z" hostname="2c3ed1f77e7e" tests="52" skipped="0" failures="0" errors="0" time="16.675">
    <testcase time="0.133000000000038" classname="tm_a_pca" name="tm_a_pca_module_creation_creates_a_teal_module_object_with_default_options"/>
    <testcase time="0.00500000000010914" classname="tm_a_pca" name="tm_a_pca_module_creation_creates_a_module_with_valid_transformators"/>
    <testcase time="0.00499999999988177" classname="tm_a_pca" name="tm_a_pca_module_creation_creates_a_module_that_is_not_bookmarkable"/>
    <testcase time="0.0109999999999673" classname="tm_a_pca" name="tm_a_pca_input_validation_fails_when_label_is_not_a_string"/>
    <testcase time="0.0080000000000382" classname="tm_a_pca" name="tm_a_pca_input_validation_fails_when_dat_is_not_a_list_of_data_extract_spec"/>
    <testcase time="0.00600000000008549" classname="tm_a_pca" name="tm_a_pca_input_validation_fails_when_dat_is_not_a_list_of_data_extract_spec"/>
    <testcase time="0.0170000000000528" classname="tm_a_pca" name="tm_a_pca_input_validation_fails_when_dat_has_more_than_1_dataset"/>
[...]
    <testcase time="0.00299999999992906" classname="variable_browser" name="tests_for_create_sparklines_exported_S3_methods_handles_numeric_vectors_with_NA_values"/>
    <testcase time="0.00400000000013279" classname="variable_browser" name="tests_for_create_sparklines_exported_S3_methods_handles_very_large_numeric_vectors"/>
    <testcase time="0.00499999999988177" classname="variable_browser" name="tests_for_create_sparklines_exported_S3_methods_handles_Date_vectors_with_only_NA"/>
    <testcase time="0.00500000000010914" classname="variable_browser" name="tests_for_create_sparklines_exported_S3_methods_handles_Date_vectors_with_one_unique_date"/>
    <testcase time="0.00399999999990541" classname="variable_browser" name="tests_for_create_sparklines_exported_S3_methods_handles_POSIXct_vectors_with_only_NA"/>
    <testcase time="0.00500000000010914" classname="variable_browser" name="tests_for_create_sparklines_exported_S3_methods_handles_POSIXct_vectors_with_one_unique_datetime"/>
    <testcase time="0.00399999999990541" classname="variable_browser" name="tests_for_create_sparklines_exported_S3_methods_handles_POSIXlt_vectors_with_only_NA"/>
    <testcase time="0.00499999999988177" classname="variable_browser" name="tests_for_create_sparklines_exported_S3_methods_handles_POSIXlt_vectors_with_one_unique_datetime"/>
    <testcase time="0.00400000000013279" classname="variable_browser" name="tests_for_create_sparklines_exported_S3_methods_handles_unsupported_types_with_default_method"/>
    <testcase time="0.0080000000000382" classname="variable_browser" name="tests_for_create_sparklines_exported_S3_methods_accepts_custom_width_parameter_for_numeric"/>
    <testcase time="0.00399999999990541" classname="variable_browser" name="tests_for_create_sparklines_exported_S3_methods_accepts_custom_width_parameter_for_numeric"/>
    <testcase time="0.00900000000001455" classname="variable_browser" name="tests_for_create_sparklines_exported_S3_methods_accepts_custom_width_parameter_for_factor"/>
    <testcase time="0.00299999999992906" classname="variable_browser" name="tests_for_create_sparklines_exported_S3_methods_accepts_custom_width_parameter_for_factor"/>
    <testcase time="0.00900000000001455" classname="variable_browser" name="tests_for_create_sparklines_exported_S3_methods_accepts_custom_bar_spacing_parameter_for_factor"/>
    <testcase time="0.00300000000015643" classname="variable_browser" name="tests_for_create_sparklines_exported_S3_methods_accepts_custom_bar_spacing_parameter_for_factor"/>
    <testcase time="0.00900000000001455" classname="variable_browser" name="tests_for_create_sparklines_exported_S3_methods_accepts_custom_bar_width_parameter_for_factor"/>
    <testcase time="0.00299999999992906" classname="variable_browser" name="tests_for_create_sparklines_exported_S3_methods_accepts_custom_bar_width_parameter_for_factor"/>
    <testcase time="0.00600000000008549" classname="variable_browser" name="tests_for_module_creation_creates_a_teal_module_object"/>
    <testcase time="0.00399999999990541" classname="variable_browser" name="tests_for_module_creation_uses_non_default_datanames"/>
    <testcase time="0.00399999999990541" classname="variable_browser" name="tests_for_module_creation_uses_non_parent_datanames"/>
    <testcase time="0.0270000000000437" classname="variable_browser" name="tests_for_module_creation_creates_a_teal_module_object_with_pre_output"/>
    <testcase time="0.00199999999995271" classname="variable_browser" name="tests_for_module_creation_creates_a_teal_module_object_with_pre_output"/>
    <testcase time="0.00499999999988177" classname="variable_browser" name="tests_for_module_creation_creates_a_teal_module_object_with_post_output"/>
    <testcase time="0.00199999999995271" classname="variable_browser" name="tests_for_module_creation_creates_a_teal_module_object_with_post_output"/>
    <testcase time="0.00400000000013279" classname="variable_browser" name="tests_for_module_creation_accepts_a_transformator"/>
    <testcase time="0.00399999999990541" classname="variable_browser" name="tests_for_module_creation_accepts_valid_ggplot2_args"/>
    <testcase time="0.00600000000008549" classname="variable_browser" name="tests_for_module_creation_creates_a_module_that_is_not_bookmarkable"/>
    <testcase time="0.0399999999999636" classname="variable_browser" name="tests_for_module_creation_contains_the_expected_class_in_the_ui_component"/>
    <testcase time="0.00999999999999091" classname="variable_browser" name="tests_for_input_validation_fails_if_label_is_not_a_string"/>
    <testcase time="0.0180000000000291" classname="variable_browser" name="tests_for_input_validation_errors_for_deprecated_parameter_datasets_selected"/>
    <testcase time="0.0080000000000382" classname="variable_browser" name="tests_for_input_validation_fails_if_datanames_is_not_a_character"/>
    <testcase time="0.0080000000000382" classname="variable_browser" name="tests_for_input_validation_fails_if_datanames_is_not_a_character"/>
    <testcase time="0.0219999999999345" classname="variable_browser" name="tests_for_input_validation_fails_if_pre_output_is_not_a_valid_shiny_object"/>
    <testcase time="0.00900000000001455" classname="variable_browser" name="tests_for_input_validation_fails_if_post_output_is_not_a_valid_shiny_object"/>
    <testcase time="0.00900000000001455" classname="variable_browser" name="tests_for_input_validation_fails_if_ggplot2_args_is_not_of_the_valid_type"/>
    <testcase time="1.24499999999989" classname="variable_browser" name="tm_variable_browser_module_server_behavior_server_function_executes_successfully_with_numeric_data"/>
    <testcase time="0.00300000000015643" classname="variable_browser" name="tm_variable_browser_module_server_behavior_server_function_executes_successfully_with_numeric_data"/>
    <testcase time="0.00199999999995271" classname="variable_browser" name="tm_variable_browser_module_server_behavior_server_function_executes_successfully_with_numeric_data"/>
    <testcase time="1.35500000000002" classname="variable_browser" name="tm_variable_browser_module_server_behavior_server_function_executes_successfully_with_factor_data"/>
    <testcase time="0.00299999999992906" classname="variable_browser" name="tm_variable_browser_module_server_behavior_server_function_executes_successfully_with_factor_data"/>
    <testcase time="0.00299999999992906" classname="variable_browser" name="tm_variable_browser_module_server_behavior_server_function_executes_successfully_with_factor_data"/>
    <testcase time="1.1880000000001" classname="variable_browser" name="tm_variable_browser_module_server_behavior_server_function_executes_successfully_with_Date_data"/>
    <testcase time="0.00299999999992906" classname="variable_browser" name="tm_variable_browser_module_server_behavior_server_function_executes_successfully_with_Date_data"/>
    <testcase time="0.00299999999992906" classname="variable_browser" name="tm_variable_browser_module_server_behavior_server_function_executes_successfully_with_Date_data"/>
    <testcase time="1.59900000000016" classname="variable_browser" name="tm_variable_browser_module_server_behavior_server_function_handles_mixed_data_types"/>
    <testcase time="0.00399999999990541" classname="variable_browser" name="tm_variable_browser_module_server_behavior_server_function_handles_mixed_data_types"/>
    <testcase time="0.00299999999992906" classname="variable_browser" name="tm_variable_browser_module_server_behavior_server_function_handles_mixed_data_types"/>
    <testcase time="1.15000000000009" classname="variable_browser" name="tm_variable_browser_module_server_behavior_server_function_handles_data_with_NA_values"/>
    <testcase time="0.00299999999992906" classname="variable_browser" name="tm_variable_browser_module_server_behavior_server_function_handles_data_with_NA_values"/>
    <testcase time="0.00300000000015643" classname="variable_browser" name="tm_variable_browser_module_server_behavior_server_function_handles_data_with_NA_values"/>
    <testcase time="1.1389999999999" classname="variable_browser" name="tm_variable_browser_module_server_behavior_server_function_handles_multiple_datasets"/>
    <testcase time="0.00299999999992906" classname="variable_browser" name="tm_variable_browser_module_server_behavior_server_function_handles_multiple_datasets"/>
    <testcase time="0.00300000000015643" classname="variable_browser" name="tm_variable_browser_module_server_behavior_server_function_handles_multiple_datasets"/>
    <testcase time="1.19499999999994" classname="variable_browser" name="tm_variable_browser_module_server_behavior_server_function_handles_parent_dataname_filtering"/>
    <testcase time="0.00399999999990541" classname="variable_browser" name="tm_variable_browser_module_server_behavior_server_function_handles_parent_dataname_filtering"/>
    <testcase time="0.00300000000015643" classname="variable_browser" name="tm_variable_browser_module_server_behavior_server_function_handles_parent_dataname_filtering"/>
    <testcase time="1.42599999999993" classname="variable_browser" name="tm_variable_browser_module_server_behavior_server_function_handles_numeric_variables_with_few_unique_values"/>
    <testcase time="0.00299999999992906" classname="variable_browser" name="tm_variable_browser_module_server_behavior_server_function_handles_numeric_variables_with_few_unique_values"/>
    <testcase time="0.00300000000015643" classname="variable_browser" name="tm_variable_browser_module_server_behavior_server_function_handles_numeric_variables_with_few_unique_values"/>
    <testcase time="1.39799999999991" classname="variable_browser" name="tm_variable_browser_module_server_behavior_server_function_handles_logical_variables"/>
    <testcase time="0.00299999999992906" classname="variable_browser" name="tm_variable_browser_module_server_behavior_server_function_handles_logical_variables"/>
    <testcase time="0.00300000000015643" classname="variable_browser" name="tm_variable_browser_module_server_behavior_server_function_handles_logical_variables"/>
    <testcase time="1.33799999999997" classname="variable_browser" name="tm_variable_browser_module_server_behavior_server_function_works_with_custom_ggplot2_args"/>
    <testcase time="0.00299999999992906" classname="variable_browser" name="tm_variable_browser_module_server_behavior_server_function_works_with_custom_ggplot2_args"/>
    <testcase time="0.00300000000015643" classname="variable_browser" name="tm_variable_browser_module_server_behavior_server_function_works_with_custom_ggplot2_args"/>
    <testcase time="0.250999999999976" classname="variable_browser" name="testServer_for_data_exceptions_server_function_handles_empty_dataframes"/>
    <testcase time="0.00299999999992906" classname="variable_browser" name="testServer_for_data_exceptions_server_function_handles_empty_dataframes"/>
    <testcase time="1.03899999999999" classname="variable_browser" name="testServer_for_data_exceptions_server_function_handles_single_row_dataframes"/>
    <testcase time="0.00399999999990541" classname="variable_browser" name="testServer_for_data_exceptions_server_function_handles_single_row_dataframes"/>
    <testcase time="0.00300000000015643" classname="variable_browser" name="testServer_for_data_exceptions_server_function_handles_single_row_dataframes"/>
    <testcase time="1.41899999999987" classname="variable_browser" name="testServer_for_data_exceptions_server_function_handles_single_column_dataframes"/>
    <testcase time="0.00300000000015643" classname="variable_browser" name="testServer_for_data_exceptions_server_function_handles_single_column_dataframes"/>
    <testcase time="0.00299999999992906" classname="variable_browser" name="testServer_for_data_exceptions_server_function_handles_single_column_dataframes"/>
    <testcase time="1.31600000000003" classname="variable_browser" name="testServer_for_data_exceptions_server_function_handles_different_ggplot_themes"/>
    <testcase time="0.696999999999889" classname="variable_browser" name="testServer_for_data_exceptions_server_function_handles_different_ggplot_themes"/>
    <testcase time="0.673000000000002" classname="variable_browser" name="testServer_for_data_exceptions_server_function_handles_different_ggplot_themes"/>
    <testcase time="0.701000000000022" classname="variable_browser" name="testServer_for_data_exceptions_server_function_handles_different_ggplot_themes"/>
    <testcase time="0.670000000000073" classname="variable_browser" name="testServer_for_data_exceptions_server_function_handles_different_ggplot_themes"/>
    <testcase time="1.19399999999996" classname="variable_browser" name="testServer_for_data_exceptions_server_function_handles_different_font_sizes"/>
    <testcase time="0.689000000000078" classname="variable_browser" name="testServer_for_data_exceptions_server_function_handles_different_font_sizes"/>
    <testcase time="0.692999999999984" classname="variable_browser" name="testServer_for_data_exceptions_server_function_handles_different_font_sizes"/>
    <testcase time="0.675999999999931" classname="variable_browser" name="testServer_for_data_exceptions_server_function_handles_different_font_sizes"/>
    <testcase time="0.671000000000049" classname="variable_browser" name="testServer_for_data_exceptions_server_function_handles_different_font_sizes"/>
    <testcase time="1.33999999999992" classname="variable_browser" name="testServer_for_data_exceptions_server_function_handles_different_label_rotations"/>
    <testcase time="0.70900000000006" classname="variable_browser" name="testServer_for_data_exceptions_server_function_handles_different_label_rotations"/>
    <testcase time="0.699000000000069" classname="variable_browser" name="testServer_for_data_exceptions_server_function_handles_different_label_rotations"/>
    <testcase time="1.50599999999986" classname="variable_browser" name="testServer_for_data_exceptions_server_function_handles_switching_between_different_variables"/>
    <testcase time="0.861000000000104" classname="variable_browser" name="testServer_for_data_exceptions_server_function_handles_switching_between_different_variables"/>
    <testcase time="0.83400000000006" classname="variable_browser" name="testServer_for_data_exceptions_server_function_handles_switching_between_different_variables"/>
    <testcase time="0.783999999999878" classname="variable_browser" name="testServer_for_data_exceptions_server_function_handles_switching_between_different_variables"/>
    <testcase time="1.13699999999994" classname="variable_browser" name="testServer_for_data_exceptions_server_function_handles_datasets_with_special_characters_in_names"/>
    <testcase time="1.404" classname="variable_browser" name="testServer_for_data_exceptions_server_function_handles_integer_variables"/>
    <testcase time="1.89900000000011" classname="variable_browser" name="testServer_for_data_exceptions_server_function_handles_factors_with_ordered_levels"/>
    <testcase time="1.80400000000009" classname="variable_browser" name="UI_switches_and_controls_server_handles_toggling_display_density_switch"/>
    <testcase time="0.657999999999902" classname="variable_browser" name="UI_switches_and_controls_server_handles_toggling_display_density_switch"/>
    <testcase time="1.80600000000004" classname="variable_browser" name="UI_switches_and_controls_server_handles_toggling_remove_NA_hist_for_categorical_variables"/>
    <testcase time="0.635999999999967" classname="variable_browser" name="UI_switches_and_controls_server_handles_toggling_remove_NA_hist_for_categorical_variables"/>
    <testcase time="2.20900000000006" classname="variable_browser" name="UI_switches_and_controls_server_handles_different_outlier_definition_thresholds"/>
    <testcase time="0.94399999999996" classname="variable_browser" name="UI_switches_and_controls_server_handles_different_outlier_definition_thresholds"/>
    <testcase time="0.953999999999951" classname="variable_browser" name="UI_switches_and_controls_server_handles_different_outlier_definition_thresholds"/>
    <testcase time="0.969000000000051" classname="variable_browser" name="UI_switches_and_controls_server_handles_different_outlier_definition_thresholds"/>
    <testcase time="0.989000000000033" classname="variable_browser" name="UI_switches_and_controls_server_handles_different_outlier_definition_thresholds"/>
    <testcase time="1.0809999999999" classname="variable_browser" name="UI_switches_and_controls_server_handles_different_outlier_definition_thresholds"/>
    <testcase time="0.989000000000033" classname="variable_browser" name="UI_switches_and_controls_server_handles_different_outlier_definition_thresholds"/>
    <testcase time="1.01999999999998" classname="variable_browser" name="UI_switches_and_controls_server_handles_different_outlier_definition_thresholds"/>
    <testcase time="1.01999999999998" classname="variable_browser" name="UI_switches_and_controls_server_handles_different_outlier_definition_thresholds"/>
    <testcase time="0.635999999999967" classname="variable_browser" name="UI_switches_and_controls_server_handles_different_outlier_definition_thresholds"/>
    <testcase time="1.84699999999998" classname="variable_browser" name="UI_switches_and_controls_server_handles_numeric_as_factor_checkbox_toggle"/>
    <testcase time="0.211000000000013" classname="variable_browser" name="UI_switches_and_controls_server_handles_numeric_as_factor_checkbox_toggle"/>
    <testcase time="1.3610000000001" classname="variable_browser" name="UI_switches_and_controls_server_handles_numeric_as_factor_checkbox_toggle"/>
    <testcase time="0.615999999999985" classname="variable_browser" name="UI_switches_and_controls_server_handles_numeric_as_factor_checkbox_toggle"/>
    <testcase time="1.42000000000007" classname="variable_browser" name="UI_switches_and_controls_server_handles_variables_with_different_unique_value_counts"/>
    <testcase time="0.757999999999811" classname="variable_browser" name="UI_switches_and_controls_server_handles_variables_with_different_unique_value_counts"/>
    <testcase time="0.729000000000042" classname="variable_browser" name="UI_switches_and_controls_server_handles_variables_with_different_unique_value_counts"/>
    <testcase time="1.06200000000013" classname="variable_browser" name="UI_switches_and_controls_server_handles_categorical_variables_with_many_levels"/>
    <testcase time="0.00299999999992906" classname="variable_browser" name="UI_switches_and_controls_server_handles_categorical_variables_with_many_levels"/>
    <testcase time="1.06899999999996" classname="variable_browser" name="UI_switches_and_controls_server_handles_data_without_join_keys"/>
    <testcase time="0.00500000000010914" classname="variable_browser" name="UI_switches_and_controls_server_handles_data_without_join_keys"/>
    <testcase time="0.731999999999971" classname="variable_browser" name="UI_switches_and_controls_server_handles_variables_with_all_NA_values"/>
    <testcase time="0.766000000000076" classname="variable_browser" name="UI_switches_and_controls_server_handles_variables_with_all_NA_values"/>
    <testcase time="0.769999999999982" classname="variable_browser" name="UI_switches_and_controls_server_handles_variables_with_all_NA_values"/>
    <testcase time="1.28599999999983" classname="variable_browser" name="UI_switches_and_controls_server_handles_wrap_character_parameter_for_long_labels"/>
    <testcase time="2.41700000000014" classname="variable_browser" name="UI_switches_and_controls_server_handles_combined_outlier_removal_and_density_display"/>
    <testcase time="1.01800000000003" classname="variable_browser" name="UI_switches_and_controls_server_handles_combined_outlier_removal_and_density_display"/>
    <testcase time="0.746999999999844" classname="variable_browser" name="UI_switches_and_controls_server_handles_combined_outlier_removal_and_density_display"/>
  </testsuite>
</testsuites>
