<?xml version="1.0" encoding="UTF-8"?>
<testsuites>
  <testsuite name="examples" timestamp="2026-02-05T10:52:07Z" hostname="1244f72f586c" tests="43" skipped="1" failures="0" errors="0" time="5.504">
    <testcase time="2.102" classname="examples" name="example_add_facet_labels.Rd"/>
    <testcase time="0.0620000000000003" classname="examples" name="example_call_fun_dots.Rd"/>
    <testcase time="0.0329999999999999" classname="examples" name="example_create_sparklines.Rd"/>
    <testcase time="0.00800000000000001" classname="examples" name="example_dot_markdown_internal.Rd"/>
    <testcase time="0.00599999999999978" classname="examples" name="example_dot_scale_x_mosaic.Rd"/>
    <testcase time="0.00700000000000012" classname="examples" name="example_establish_updating_selection.Rd"/>
    <testcase time="0.00700000000000012" classname="examples" name="example_filter_outliers.Rd"/>
    <testcase time="0.0209999999999999" classname="examples" name="example_geom_mosaic.Rd"/>
    <testcase time="0.0169999999999999" classname="examples" name="example_get_scatterplotmatrix_stats.Rd"/>
    <testcase time="0.00600000000000023" classname="examples" name="example_is_tab_active_js.Rd"/>
    <testcase time="0.00700000000000012" classname="examples" name="example_plot_var_summary.Rd"/>
    <testcase time="0.00599999999999978" classname="examples" name="example_remove_outliers_from.Rd"/>
    <testcase time="0.00600000000000023" classname="examples" name="example_render_single_tab.Rd"/>
    <testcase time="0.00699999999999967" classname="examples" name="example_render_tab_header.Rd"/>
    <testcase time="0.00600000000000023" classname="examples" name="example_render_tab_table.Rd"/>
    <testcase time="0.00700000000000012" classname="examples" name="example_render_tabset_panel_content.Rd"/>
    <testcase time="0.00599999999999978" classname="examples" name="example_select_decorators.Rd"/>
    <testcase time="0.00599999999999978" classname="examples" name="example_set_chunk_attrs.Rd"/>
    <testcase time="0.00700000000000012" classname="examples" name="example_set_chunk_dims.Rd"/>
    <testcase time="0.00700000000000012" classname="examples" name="example_shared_params.Rd"/>
    <testcase time="0.00599999999999978" classname="examples" name="example_srv_decorate_teal_data.Rd"/>
    <testcase time="0.00700000000000012" classname="examples" name="example_teal.modules.general.Rd"/>
    <testcase time="0.197" classname="examples" name="example_tm_a_pca.Rd"/>
    <testcase time="0.138" classname="examples" name="example_tm_a_regression.Rd"/>
    <testcase time="0.143" classname="examples" name="example_tm_data_table.Rd"/>
    <testcase time="0.323" classname="examples" name="example_tm_file_viewer.Rd"/>
    <testcase time="0.0920000000000005" classname="examples" name="example_tm_front_page.Rd"/>
    <testcase time="0.175" classname="examples" name="example_tm_g_association.Rd"/>
    <testcase time="0.153" classname="examples" name="example_tm_g_bivariate.Rd"/>
    <testcase time="0.00399999999999956" classname="examples" name="example_tm_g_distribution.Rd">
      <skipped message="Reason: distribution initializes with short validation error ('test-examples.R:145:9')"/>
    </testcase>
    <testcase time="0.194" classname="examples" name="example_tm_g_response.Rd"/>
    <testcase time="0.156" classname="examples" name="example_tm_g_scatterplot.Rd"/>
    <testcase time="0.414000000000001" classname="examples" name="example_tm_g_scatterplotmatrix.Rd"/>
    <testcase time="0.25" classname="examples" name="example_tm_missing_data.Rd"/>
    <testcase time="0.165" classname="examples" name="example_tm_outliers.Rd"/>
    <testcase time="0.101" classname="examples" name="example_tm_rmarkdown.Rd"/>
    <testcase time="0.44" classname="examples" name="example_tm_t_crosstable.Rd"/>
    <testcase time="0.176" classname="examples" name="example_tm_variable_browser.Rd"/>
    <testcase time="0.00800000000000001" classname="examples" name="example_validate_input.Rd"/>
    <testcase time="0.00700000000000056" classname="examples" name="example_var_missings_info.Rd"/>
    <testcase time="0.00699999999999967" classname="examples" name="example_var_summary_table.Rd"/>
    <testcase time="0.00699999999999967" classname="examples" name="example_variable_type_icons.Rd"/>
    <testcase time="0.00699999999999967" classname="examples" name="example_varname_w_label.Rd"/>
  </testsuite>
  <testsuite name="shinytest2-tm_a_pca" timestamp="2026-02-05T10:52:13Z" hostname="1244f72f586c" tests="49" skipped="0" failures="0" errors="0" time="219.103">
    <testcase time="10.987" classname="shinytest2_tm_a_pca" name="e2e_tm_a_pca_Module_is_initialised_with_the_specified_defaults_in_function_call."/>
    <testcase time="0.00900000000000034" classname="shinytest2_tm_a_pca" name="e2e_tm_a_pca_Module_is_initialised_with_the_specified_defaults_in_function_call."/>
    <testcase time="0.00400000000000134" classname="shinytest2_tm_a_pca" name="e2e_tm_a_pca_Module_is_initialised_with_the_specified_defaults_in_function_call."/>
    <testcase time="0.00400000000000134" classname="shinytest2_tm_a_pca" name="e2e_tm_a_pca_Module_is_initialised_with_the_specified_defaults_in_function_call."/>
    <testcase time="0.0509999999999984" classname="shinytest2_tm_a_pca" name="e2e_tm_a_pca_Module_is_initialised_with_the_specified_defaults_in_function_call."/>
    <testcase time="0.0500000000000007" classname="shinytest2_tm_a_pca" name="e2e_tm_a_pca_Module_is_initialised_with_the_specified_defaults_in_function_call."/>
    <testcase time="0.0509999999999984" classname="shinytest2_tm_a_pca" name="e2e_tm_a_pca_Module_is_initialised_with_the_specified_defaults_in_function_call."/>
    <testcase time="10.285" classname="shinytest2_tm_a_pca" name="e2e_tm_a_pca_Eigenvector_table_should_have_data_extract_selection_Murder_Assault_on_header."/>
    <testcase time="0.054000000000002" classname="shinytest2_tm_a_pca" name="e2e_tm_a_pca_Eigenvector_table_should_have_data_extract_selection_Murder_Assault_on_header."/>
    <testcase time="0.0949999999999989" classname="shinytest2_tm_a_pca" name="e2e_tm_a_pca_Eigenvector_table_should_have_data_extract_selection_Murder_Assault_on_header."/>
    <testcase time="0.0940000000000012" classname="shinytest2_tm_a_pca" name="e2e_tm_a_pca_Eigenvector_table_should_have_data_extract_selection_Murder_Assault_on_header."/>
    <testcase time="13.49" classname="shinytest2_tm_a_pca" name="e2e_tm_a_pca_Eigenvector_table_should_have_data_extract_selection_Murder_UrbanPop_on_header."/>
    <testcase time="0.0549999999999997" classname="shinytest2_tm_a_pca" name="e2e_tm_a_pca_Eigenvector_table_should_have_data_extract_selection_Murder_UrbanPop_on_header."/>
    <testcase time="0.0960000000000036" classname="shinytest2_tm_a_pca" name="e2e_tm_a_pca_Eigenvector_table_should_have_data_extract_selection_Murder_UrbanPop_on_header."/>
    <testcase time="0.097999999999999" classname="shinytest2_tm_a_pca" name="e2e_tm_a_pca_Eigenvector_table_should_have_data_extract_selection_Murder_UrbanPop_on_header."/>
    <testcase time="13.131" classname="shinytest2_tm_a_pca" name="e2e_tm_a_pca_Color_by_columns_data_extract_must_be_from_non_selected_variable_set."/>
    <testcase time="0.817999999999998" classname="shinytest2_tm_a_pca" name="e2e_tm_a_pca_Color_by_columns_data_extract_must_be_from_non_selected_variable_set."/>
    <testcase time="10.183" classname="shinytest2_tm_a_pca" name="e2e_tm_a_pca_Changing_output_encodings_of_tables_display_does_not_generate_errors."/>
    <testcase time="0.551999999999992" classname="shinytest2_tm_a_pca" name="e2e_tm_a_pca_Changing_output_encodings_of_tables_display_does_not_generate_errors."/>
    <testcase time="0.00799999999999557" classname="shinytest2_tm_a_pca" name="e2e_tm_a_pca_Changing_output_encodings_of_tables_display_does_not_generate_errors."/>
    <testcase time="0.0480000000000018" classname="shinytest2_tm_a_pca" name="e2e_tm_a_pca_Changing_output_encodings_of_tables_display_does_not_generate_errors."/>
    <testcase time="0.0490000000000066" classname="shinytest2_tm_a_pca" name="e2e_tm_a_pca_Changing_output_encodings_of_tables_display_does_not_generate_errors."/>
    <testcase time="0.0499999999999972" classname="shinytest2_tm_a_pca" name="e2e_tm_a_pca_Changing_output_encodings_of_tables_display_does_not_generate_errors."/>
    <testcase time="11.641" classname="shinytest2_tm_a_pca" name="e2e_tm_a_pca_Changing_output_encodings_for_plot_type_does_not_generate_errors."/>
    <testcase time="1.34299999999999" classname="shinytest2_tm_a_pca" name="e2e_tm_a_pca_Changing_output_encodings_for_plot_type_does_not_generate_errors."/>
    <testcase time="1.078" classname="shinytest2_tm_a_pca" name="e2e_tm_a_pca_Changing_output_encodings_for_plot_type_does_not_generate_errors."/>
    <testcase time="1.39700000000001" classname="shinytest2_tm_a_pca" name="e2e_tm_a_pca_Changing_output_encodings_for_plot_type_does_not_generate_errors."/>
    <testcase time="10.101" classname="shinytest2_tm_a_pca" name="e2e_tm_a_pca_Changing_output_encodings_of_standardization_does_not_generate_errors."/>
    <testcase time="1.56399999999999" classname="shinytest2_tm_a_pca" name="e2e_tm_a_pca_Changing_output_encodings_of_standardization_does_not_generate_errors."/>
    <testcase time="1.52600000000001" classname="shinytest2_tm_a_pca" name="e2e_tm_a_pca_Changing_output_encodings_of_standardization_does_not_generate_errors."/>
    <testcase time="1.53" classname="shinytest2_tm_a_pca" name="e2e_tm_a_pca_Changing_output_encodings_of_standardization_does_not_generate_errors."/>
    <testcase time="10.099" classname="shinytest2_tm_a_pca" name="e2e_tm_a_pca_Changing_output_encodings_of_NA_action_does_not_generate_errors."/>
    <testcase time="13.393" classname="shinytest2_tm_a_pca" name="e2e_tm_a_pca_Changing_output_encodings_of_plot_type_hides_and_shows_options."/>
    <testcase time="2.66600000000001" classname="shinytest2_tm_a_pca" name="e2e_tm_a_pca_Changing_output_encodings_of_plot_type_hides_and_shows_options."/>
    <testcase time="2.148" classname="shinytest2_tm_a_pca" name="e2e_tm_a_pca_Changing_output_encodings_of_plot_type_hides_and_shows_options."/>
    <testcase time="2.14999999999999" classname="shinytest2_tm_a_pca" name="e2e_tm_a_pca_Changing_output_encodings_of_plot_type_hides_and_shows_options."/>
    <testcase time="3.318" classname="shinytest2_tm_a_pca" name="e2e_tm_a_pca_Changing_output_encodings_of_plot_type_hides_and_shows_options."/>
    <testcase time="2.154" classname="shinytest2_tm_a_pca" name="e2e_tm_a_pca_Changing_output_encodings_of_plot_type_hides_and_shows_options."/>
    <testcase time="3.48500000000001" classname="shinytest2_tm_a_pca" name="e2e_tm_a_pca_Changing_output_encodings_of_plot_type_hides_and_shows_options."/>
    <testcase time="2.15299999999999" classname="shinytest2_tm_a_pca" name="e2e_tm_a_pca_Changing_output_encodings_of_plot_type_hides_and_shows_options."/>
    <testcase time="2.15200000000002" classname="shinytest2_tm_a_pca" name="e2e_tm_a_pca_Changing_output_encodings_of_plot_type_hides_and_shows_options."/>
    <testcase time="10.119" classname="shinytest2_tm_a_pca" name="e2e_tm_a_pca_Changing_output_encodings_of_theme_does_not_generate_errors."/>
    <testcase time="0.532999999999987" classname="shinytest2_tm_a_pca" name="e2e_tm_a_pca_Changing_output_encodings_of_theme_does_not_generate_errors."/>
    <testcase time="0.528999999999996" classname="shinytest2_tm_a_pca" name="e2e_tm_a_pca_Changing_output_encodings_of_theme_does_not_generate_errors."/>
    <testcase time="0.528999999999996" classname="shinytest2_tm_a_pca" name="e2e_tm_a_pca_Changing_output_encodings_of_theme_does_not_generate_errors."/>
    <testcase time="10.07" classname="shinytest2_tm_a_pca" name="e2e_tm_a_pca_Changing_output_encodings_of_font_size_does_not_generate_errors."/>
    <testcase time="1.328" classname="shinytest2_tm_a_pca" name="e2e_tm_a_pca_Changing_output_encodings_of_font_size_does_not_generate_errors."/>
    <testcase time="1.30499999999998" classname="shinytest2_tm_a_pca" name="e2e_tm_a_pca_Changing_output_encodings_of_font_size_does_not_generate_errors."/>
    <testcase time="60.53" classname="shinytest2_tm_a_pca" name="e2e_tm_a_pca_Changing_output_encodings_of_font_size_does_not_generate_errors."/>
  </testsuite>
  <testsuite name="shinytest2-tm_a_regression" timestamp="2026-02-05T10:55:52Z" hostname="1244f72f586c" tests="31" skipped="0" failures="0" errors="0" time="83.682">
    <testcase time="8.554" classname="shinytest2_tm_a_regression" name="e2e_tm_a_regression_Data_parameter_and_module_label_is_passed_properly."/>
    <testcase time="0.0040000000000191" classname="shinytest2_tm_a_regression" name="e2e_tm_a_regression_Data_parameter_and_module_label_is_passed_properly."/>
    <testcase time="0.00799999999998136" classname="shinytest2_tm_a_regression" name="e2e_tm_a_regression_Data_parameter_and_module_label_is_passed_properly."/>
    <testcase time="8.81100000000001" classname="shinytest2_tm_a_regression" name="e2e_tm_a_regression_Data_extract_spec_elements_are_initialized_with_the_default_values_specified_by_response_and_regressor_arg."/>
    <testcase time="0.00399999999999068" classname="shinytest2_tm_a_regression" name="e2e_tm_a_regression_Data_extract_spec_elements_are_initialized_with_the_default_values_specified_by_response_and_regressor_arg."/>
    <testcase time="10.737" classname="shinytest2_tm_a_regression" name="e2e_tm_a_regression_Plot_type_is_set_properly."/>
    <testcase time="8.721" classname="shinytest2_tm_a_regression" name="e2e_tm_a_regression_Plot_type_has_7_specific_choices_changing_choices_does_not_throw_errors."/>
    <testcase time="2.07599999999996" classname="shinytest2_tm_a_regression" name="e2e_tm_a_regression_Plot_type_has_7_specific_choices_changing_choices_does_not_throw_errors."/>
    <testcase time="0.0010000000000332" classname="shinytest2_tm_a_regression" name="e2e_tm_a_regression_Plot_type_has_7_specific_choices_changing_choices_does_not_throw_errors."/>
    <testcase time="1.28800000000001" classname="shinytest2_tm_a_regression" name="e2e_tm_a_regression_Plot_type_has_7_specific_choices_changing_choices_does_not_throw_errors."/>
    <testcase time="0.000999999999976353" classname="shinytest2_tm_a_regression" name="e2e_tm_a_regression_Plot_type_has_7_specific_choices_changing_choices_does_not_throw_errors."/>
    <testcase time="1.428" classname="shinytest2_tm_a_regression" name="e2e_tm_a_regression_Plot_type_has_7_specific_choices_changing_choices_does_not_throw_errors."/>
    <testcase time="0.00200000000000955" classname="shinytest2_tm_a_regression" name="e2e_tm_a_regression_Plot_type_has_7_specific_choices_changing_choices_does_not_throw_errors."/>
    <testcase time="1.31900000000002" classname="shinytest2_tm_a_regression" name="e2e_tm_a_regression_Plot_type_has_7_specific_choices_changing_choices_does_not_throw_errors."/>
    <testcase time="0.00200000000000955" classname="shinytest2_tm_a_regression" name="e2e_tm_a_regression_Plot_type_has_7_specific_choices_changing_choices_does_not_throw_errors."/>
    <testcase time="1.37399999999997" classname="shinytest2_tm_a_regression" name="e2e_tm_a_regression_Plot_type_has_7_specific_choices_changing_choices_does_not_throw_errors."/>
    <testcase time="0.00200000000000955" classname="shinytest2_tm_a_regression" name="e2e_tm_a_regression_Plot_type_has_7_specific_choices_changing_choices_does_not_throw_errors."/>
    <testcase time="1.57300000000004" classname="shinytest2_tm_a_regression" name="e2e_tm_a_regression_Plot_type_has_7_specific_choices_changing_choices_does_not_throw_errors."/>
    <testcase time="0.00199999999995271" classname="shinytest2_tm_a_regression" name="e2e_tm_a_regression_Plot_type_has_7_specific_choices_changing_choices_does_not_throw_errors."/>
    <testcase time="1.471" classname="shinytest2_tm_a_regression" name="e2e_tm_a_regression_Plot_type_has_7_specific_choices_changing_choices_does_not_throw_errors."/>
    <testcase time="8.76400000000001" classname="shinytest2_tm_a_regression" name="e2e_tm_a_regression_Outlier_definition_and_label_are_visible_by_default."/>
    <testcase time="2.14699999999999" classname="shinytest2_tm_a_regression" name="e2e_tm_a_regression_Outlier_definition_and_label_are_visible_by_default."/>
    <testcase time="2.142" classname="shinytest2_tm_a_regression" name="e2e_tm_a_regression_Outlier_definition_and_label_are_visible_by_default."/>
    <testcase time="8.78999999999996" classname="shinytest2_tm_a_regression" name="e2e_tm_a_regression_Outlier_definition_and_label_have_default_values_and_label_text."/>
    <testcase time="0.0040000000000191" classname="shinytest2_tm_a_regression" name="e2e_tm_a_regression_Outlier_definition_and_label_have_default_values_and_label_text."/>
    <testcase time="0.00200000000000955" classname="shinytest2_tm_a_regression" name="e2e_tm_a_regression_Outlier_definition_and_label_have_default_values_and_label_text."/>
    <testcase time="0.00799999999998136" classname="shinytest2_tm_a_regression" name="e2e_tm_a_regression_Outlier_definition_and_label_have_default_values_and_label_text."/>
    <testcase time="0.0500000000000114" classname="shinytest2_tm_a_regression" name="e2e_tm_a_regression_Outlier_definition_and_label_have_default_values_and_label_text."/>
    <testcase time="12.254" classname="shinytest2_tm_a_regression" name="e2e_tm_a_regression_Unchecking_display_outlier_hides_outlier_label_and_definition."/>
    <testcase time="2.13799999999998" classname="shinytest2_tm_a_regression" name="e2e_tm_a_regression_Unchecking_display_outlier_hides_outlier_label_and_definition."/>
    <testcase time="0.00499999999999545" classname="shinytest2_tm_a_regression" name="e2e_tm_a_regression_Unchecking_display_outlier_hides_outlier_label_and_definition."/>
  </testsuite>
  <testsuite name="shinytest2-tm_data_table" timestamp="2026-02-05T10:57:15Z" hostname="1244f72f586c" tests="10" skipped="0" failures="0" errors="0" time="33.592">
    <testcase time="7.37700000000001" classname="shinytest2_tm_data_table" name="e2e_tm_data_table_Initializes_without_errors"/>
    <testcase time="0.0040000000000191" classname="shinytest2_tm_data_table" name="e2e_tm_data_table_Initializes_without_errors"/>
    <testcase time="7.37199999999996" classname="shinytest2_tm_data_table" name="e2e_tm_data_table_Verify_checkbox_displayed_over_data_table"/>
    <testcase time="7.536" classname="shinytest2_tm_data_table" name="e2e_tm_data_table_Verify_module_displays_data_table"/>
    <testcase time="2.06600000000003" classname="shinytest2_tm_data_table" name="e2e_tm_data_table_Verify_module_displays_data_table"/>
    <testcase time="0.0179999999999723" classname="shinytest2_tm_data_table" name="e2e_tm_data_table_Verify_module_displays_data_table"/>
    <testcase time="0.874000000000024" classname="shinytest2_tm_data_table" name="e2e_tm_data_table_Verify_module_displays_data_table"/>
    <testcase time="7.53300000000002" classname="shinytest2_tm_data_table" name="e2e_tm_data_table_Verify_default_variable_selection_and_set_new_selection"/>
    <testcase time="0.802999999999997" classname="shinytest2_tm_data_table" name="e2e_tm_data_table_Verify_default_variable_selection_and_set_new_selection"/>
    <testcase time="0.00900000000001455" classname="shinytest2_tm_data_table" name="e2e_tm_data_table_Verify_default_variable_selection_and_set_new_selection"/>
  </testsuite>
  <testsuite name="shinytest2-tm_file_viewer" timestamp="2026-02-05T10:57:49Z" hostname="1244f72f586c" tests="13" skipped="0" failures="0" errors="0" time="41.288">
    <testcase time="6.55499999999995" classname="shinytest2_tm_file_viewer" name="e2e_tm_file_viewer_Initializes_without_errors_and_shows_files_tree_specified_in_input_path_argument"/>
    <testcase time="0.00600000000002865" classname="shinytest2_tm_file_viewer" name="e2e_tm_file_viewer_Initializes_without_errors_and_shows_files_tree_specified_in_input_path_argument"/>
    <testcase time="2.05000000000001" classname="shinytest2_tm_file_viewer" name="e2e_tm_file_viewer_Initializes_without_errors_and_shows_files_tree_specified_in_input_path_argument"/>
    <testcase time="0.00399999999996226" classname="shinytest2_tm_file_viewer" name="e2e_tm_file_viewer_Initializes_without_errors_and_shows_files_tree_specified_in_input_path_argument"/>
    <testcase time="0.0040000000000191" classname="shinytest2_tm_file_viewer" name="e2e_tm_file_viewer_Initializes_without_errors_and_shows_files_tree_specified_in_input_path_argument"/>
    <testcase time="11.234" classname="shinytest2_tm_file_viewer" name="e2e_tm_file_viewer_Shows_selected_image_file"/>
    <testcase time="0.00600000000002865" classname="shinytest2_tm_file_viewer" name="e2e_tm_file_viewer_Shows_selected_image_file"/>
    <testcase time="10.677" classname="shinytest2_tm_file_viewer" name="e2e_tm_file_viewer_Shows_selected_text_file"/>
    <testcase time="0.00599999999997181" classname="shinytest2_tm_file_viewer" name="e2e_tm_file_viewer_Shows_selected_text_file"/>
    <testcase time="0.0029999999999859" classname="shinytest2_tm_file_viewer" name="e2e_tm_file_viewer_Shows_selected_text_file"/>
    <testcase time="0.0540000000000305" classname="shinytest2_tm_file_viewer" name="e2e_tm_file_viewer_Shows_selected_text_file"/>
    <testcase time="10.681" classname="shinytest2_tm_file_viewer" name="e2e_tm_file_viewer_Shows_selected_url"/>
    <testcase time="0.00799999999998136" classname="shinytest2_tm_file_viewer" name="e2e_tm_file_viewer_Shows_selected_url"/>
  </testsuite>
  <testsuite name="shinytest2-tm_front_page" timestamp="2026-02-05T10:58:30Z" hostname="1244f72f586c" tests="9" skipped="0" failures="0" errors="0" time="31.323">
    <testcase time="7.36799999999999" classname="shinytest2_tm_front_page" name="e2e_tm_front_page_Initializes_without_errors_and_check_html_elements"/>
    <testcase time="0.0040000000000191" classname="shinytest2_tm_front_page" name="e2e_tm_front_page_Initializes_without_errors_and_check_html_elements"/>
    <testcase time="0.00600000000002865" classname="shinytest2_tm_front_page" name="e2e_tm_front_page_Initializes_without_errors_and_check_html_elements"/>
    <testcase time="0.00599999999997181" classname="shinytest2_tm_front_page" name="e2e_tm_front_page_Initializes_without_errors_and_check_html_elements"/>
    <testcase time="7.45300000000003" classname="shinytest2_tm_front_page" name="e2e_tm_front_page_Verify_the_module_displays_tables"/>
    <testcase time="2.05799999999999" classname="shinytest2_tm_front_page" name="e2e_tm_front_page_Verify_the_module_displays_tables"/>
    <testcase time="0.0519999999999641" classname="shinytest2_tm_front_page" name="e2e_tm_front_page_Verify_the_module_displays_tables"/>
    <testcase time="2.065" classname="shinytest2_tm_front_page" name="e2e_tm_front_page_Verify_the_module_displays_tables"/>
    <testcase time="12.311" classname="shinytest2_tm_front_page" name="e2e_tm_front_page_Verify_the_module_displays_metadata"/>
  </testsuite>
  <testsuite name="shinytest2-tm_g_association" timestamp="2026-02-05T10:59:02Z" hostname="1244f72f586c" tests="4" skipped="4" failures="0" errors="0" time="0.145">
    <testcase time="0.0939999999999941" classname="shinytest2_tm_g_association" name="e2e_tm_g_association_Data_parameter_and_module_label_is_passed_properly.">
      <skipped message="Reason: ggmosaic issue: will be resumed via the issue #925 in tmg ('test-shinytest2-tm_g_association.R:51:3')"/>
    </testcase>
    <testcase time="0.0190000000000055" classname="shinytest2_tm_g_association" name="e2e_tm_g_association_Data_extract_spec_elements_are_initialized_with_the_default_values_specified_by_ref_and_vars_arguments.">
      <skipped message="Reason: ggmosaic issue: will be resumed via the issue  ('test-shinytest2-tm_g_association.R:68:3')"/>
    </testcase>
    <testcase time="0.0199999999999818" classname="shinytest2_tm_g_association" name="e2e_tm_g_association_Module_plot_is_visible.">
      <skipped message="Reason: ggmosaic issue: will be resumed via the issue  ('test-shinytest2-tm_g_association.R:90:3')"/>
    </testcase>
    <testcase time="0.0120000000000005" classname="shinytest2_tm_g_association" name="e2e_tm_g_association_Check_and_set_default_values_for_radio_buttons.">
      <skipped message="Reason: ggmosaic issue: will be resumed via the issue  ('test-shinytest2-tm_g_association.R:100:3')"/>
    </testcase>
  </testsuite>
  <testsuite name="shinytest2-tm_g_bivariate" timestamp="2026-02-05T10:59:02Z" hostname="1244f72f586c" tests="44" skipped="0" failures="0" errors="0" time="99.363">
    <testcase time="8.95499999999998" classname="shinytest2_tm_g_bivariate" name="e2e_tm_g_bivariate_Module_is_initialised_with_the_specified_defaults."/>
    <testcase time="0.00900000000001455" classname="shinytest2_tm_g_bivariate" name="e2e_tm_g_bivariate_Module_is_initialised_with_the_specified_defaults."/>
    <testcase time="0.0489999999999782" classname="shinytest2_tm_g_bivariate" name="e2e_tm_g_bivariate_Module_is_initialised_with_the_specified_defaults."/>
    <testcase time="0.049000000000035" classname="shinytest2_tm_g_bivariate" name="e2e_tm_g_bivariate_Module_is_initialised_with_the_specified_defaults."/>
    <testcase time="0.0489999999999782" classname="shinytest2_tm_g_bivariate" name="e2e_tm_g_bivariate_Module_is_initialised_with_the_specified_defaults."/>
    <testcase time="0.0470000000000255" classname="shinytest2_tm_g_bivariate" name="e2e_tm_g_bivariate_Module_is_initialised_with_the_specified_defaults."/>
    <testcase time="0.0500000000000114" classname="shinytest2_tm_g_bivariate" name="e2e_tm_g_bivariate_Module_is_initialised_with_the_specified_defaults."/>
    <testcase time="0.0480000000000018" classname="shinytest2_tm_g_bivariate" name="e2e_tm_g_bivariate_Module_is_initialised_with_the_specified_defaults."/>
    <testcase time="0.0469999999999686" classname="shinytest2_tm_g_bivariate" name="e2e_tm_g_bivariate_Module_is_initialised_with_the_specified_defaults."/>
    <testcase time="0.0489999999999782" classname="shinytest2_tm_g_bivariate" name="e2e_tm_g_bivariate_Module_is_initialised_with_the_specified_defaults."/>
    <testcase time="0.0500000000000114" classname="shinytest2_tm_g_bivariate" name="e2e_tm_g_bivariate_Module_is_initialised_with_the_specified_defaults."/>
    <testcase time="0.0500000000000114" classname="shinytest2_tm_g_bivariate" name="e2e_tm_g_bivariate_Module_is_initialised_with_the_specified_defaults."/>
    <testcase time="0.0500000000000114" classname="shinytest2_tm_g_bivariate" name="e2e_tm_g_bivariate_Module_is_initialised_with_the_specified_defaults."/>
    <testcase time="0.0509999999999877" classname="shinytest2_tm_g_bivariate" name="e2e_tm_g_bivariate_Module_is_initialised_with_the_specified_defaults."/>
    <testcase time="0.0489999999999782" classname="shinytest2_tm_g_bivariate" name="e2e_tm_g_bivariate_Module_is_initialised_with_the_specified_defaults."/>
    <testcase time="0.0500000000000114" classname="shinytest2_tm_g_bivariate" name="e2e_tm_g_bivariate_Module_is_initialised_with_the_specified_defaults."/>
    <testcase time="0.049000000000035" classname="shinytest2_tm_g_bivariate" name="e2e_tm_g_bivariate_Module_is_initialised_with_the_specified_defaults."/>
    <testcase time="0.0489999999999782" classname="shinytest2_tm_g_bivariate" name="e2e_tm_g_bivariate_Module_is_initialised_with_the_specified_defaults."/>
    <testcase time="11.221" classname="shinytest2_tm_g_bivariate" name="e2e_tm_g_bivariate_Coloring_options_are_hidden_when_coloring_is_toggled_off."/>
    <testcase time="2.16500000000002" classname="shinytest2_tm_g_bivariate" name="e2e_tm_g_bivariate_Coloring_options_are_hidden_when_coloring_is_toggled_off."/>
    <testcase time="2.16399999999999" classname="shinytest2_tm_g_bivariate" name="e2e_tm_g_bivariate_Coloring_options_are_hidden_when_coloring_is_toggled_off."/>
    <testcase time="3.73899999999998" classname="shinytest2_tm_g_bivariate" name="e2e_tm_g_bivariate_Coloring_options_are_hidden_when_coloring_is_toggled_off."/>
    <testcase time="2.161" classname="shinytest2_tm_g_bivariate" name="e2e_tm_g_bivariate_Coloring_options_are_hidden_when_coloring_is_toggled_off."/>
    <testcase time="2.16900000000004" classname="shinytest2_tm_g_bivariate" name="e2e_tm_g_bivariate_Coloring_options_are_hidden_when_coloring_is_toggled_off."/>
    <testcase time="11.162" classname="shinytest2_tm_g_bivariate" name="e2e_tm_g_bivariate_Facetting_options_are_hidden_when_facet_is_toggled_off."/>
    <testcase time="2.166" classname="shinytest2_tm_g_bivariate" name="e2e_tm_g_bivariate_Facetting_options_are_hidden_when_facet_is_toggled_off."/>
    <testcase time="2.166" classname="shinytest2_tm_g_bivariate" name="e2e_tm_g_bivariate_Facetting_options_are_hidden_when_facet_is_toggled_off."/>
    <testcase time="2.166" classname="shinytest2_tm_g_bivariate" name="e2e_tm_g_bivariate_Facetting_options_are_hidden_when_facet_is_toggled_off."/>
    <testcase time="3.52800000000002" classname="shinytest2_tm_g_bivariate" name="e2e_tm_g_bivariate_Facetting_options_are_hidden_when_facet_is_toggled_off."/>
    <testcase time="2.17199999999997" classname="shinytest2_tm_g_bivariate" name="e2e_tm_g_bivariate_Facetting_options_are_hidden_when_facet_is_toggled_off."/>
    <testcase time="2.16800000000001" classname="shinytest2_tm_g_bivariate" name="e2e_tm_g_bivariate_Facetting_options_are_hidden_when_facet_is_toggled_off."/>
    <testcase time="2.37799999999999" classname="shinytest2_tm_g_bivariate" name="e2e_tm_g_bivariate_Facetting_options_are_hidden_when_facet_is_toggled_off."/>
    <testcase time="10.689" classname="shinytest2_tm_g_bivariate" name="e2e_tm_g_bivariate_Setting_encoding_inputs_produces_outputs_without_validation_errors."/>
    <testcase time="0.524000000000001" classname="shinytest2_tm_g_bivariate" name="e2e_tm_g_bivariate_Setting_encoding_inputs_produces_outputs_without_validation_errors."/>
    <testcase time="1.45600000000002" classname="shinytest2_tm_g_bivariate" name="e2e_tm_g_bivariate_Setting_encoding_inputs_produces_outputs_without_validation_errors."/>
    <testcase time="2.88799999999998" classname="shinytest2_tm_g_bivariate" name="e2e_tm_g_bivariate_Setting_encoding_inputs_produces_outputs_without_validation_errors."/>
    <testcase time="1.69299999999998" classname="shinytest2_tm_g_bivariate" name="e2e_tm_g_bivariate_Setting_encoding_inputs_produces_outputs_without_validation_errors."/>
    <testcase time="2.85300000000001" classname="shinytest2_tm_g_bivariate" name="e2e_tm_g_bivariate_Setting_encoding_inputs_produces_outputs_without_validation_errors."/>
    <testcase time="2.83300000000003" classname="shinytest2_tm_g_bivariate" name="e2e_tm_g_bivariate_Setting_encoding_inputs_produces_outputs_without_validation_errors."/>
    <testcase time="2.95400000000001" classname="shinytest2_tm_g_bivariate" name="e2e_tm_g_bivariate_Setting_encoding_inputs_produces_outputs_without_validation_errors."/>
    <testcase time="2.947" classname="shinytest2_tm_g_bivariate" name="e2e_tm_g_bivariate_Setting_encoding_inputs_produces_outputs_without_validation_errors."/>
    <testcase time="3.09399999999999" classname="shinytest2_tm_g_bivariate" name="e2e_tm_g_bivariate_Setting_encoding_inputs_produces_outputs_without_validation_errors."/>
    <testcase time="3.27899999999994" classname="shinytest2_tm_g_bivariate" name="e2e_tm_g_bivariate_Setting_encoding_inputs_produces_outputs_without_validation_errors."/>
    <testcase time="2.87800000000004" classname="shinytest2_tm_g_bivariate" name="e2e_tm_g_bivariate_Setting_encoding_inputs_produces_outputs_without_validation_errors."/>
  </testsuite>
  <testsuite name="shinytest2-tm_g_distribution" timestamp="2026-02-05T11:01:48Z" hostname="1244f72f586c" tests="20" skipped="0" failures="0" errors="0" time="115.687">
    <testcase time="76.062" classname="shinytest2_tm_g_distribution" name="e2e_tm_g_distribution_Module_is_initialised_with_the_specified_defaults."/>
    <testcase time="0.0499999999999545" classname="shinytest2_tm_g_distribution" name="e2e_tm_g_distribution_Module_is_initialised_with_the_specified_defaults."/>
    <testcase time="0.0500000000000682" classname="shinytest2_tm_g_distribution" name="e2e_tm_g_distribution_Module_is_initialised_with_the_specified_defaults."/>
    <testcase time="0.0499999999999545" classname="shinytest2_tm_g_distribution" name="e2e_tm_g_distribution_Module_is_initialised_with_the_specified_defaults."/>
    <testcase time="0.0500000000000682" classname="shinytest2_tm_g_distribution" name="e2e_tm_g_distribution_Module_is_initialised_with_the_specified_defaults."/>
    <testcase time="0.0489999999999782" classname="shinytest2_tm_g_distribution" name="e2e_tm_g_distribution_Module_is_initialised_with_the_specified_defaults."/>
    <testcase time="0.0480000000000018" classname="shinytest2_tm_g_distribution" name="e2e_tm_g_distribution_Module_is_initialised_with_the_specified_defaults."/>
    <testcase time="0.0489999999999782" classname="shinytest2_tm_g_distribution" name="e2e_tm_g_distribution_Module_is_initialised_with_the_specified_defaults."/>
    <testcase time="0.0480000000000018" classname="shinytest2_tm_g_distribution" name="e2e_tm_g_distribution_Module_is_initialised_with_the_specified_defaults."/>
    <testcase time="0.697999999999979" classname="shinytest2_tm_g_distribution" name="e2e_tm_g_distribution_Module_is_initialised_with_the_specified_defaults."/>
    <testcase time="10.449" classname="shinytest2_tm_g_distribution" name="e2e_tm_g_distribution_Histogram_encoding_inputs_produce_output_without_validation_errors."/>
    <testcase time="2.92900000000009" classname="shinytest2_tm_g_distribution" name="e2e_tm_g_distribution_Histogram_encoding_inputs_produce_output_without_validation_errors."/>
    <testcase time="2.13499999999999" classname="shinytest2_tm_g_distribution" name="e2e_tm_g_distribution_Histogram_encoding_inputs_produce_output_without_validation_errors."/>
    <testcase time="1.13800000000003" classname="shinytest2_tm_g_distribution" name="e2e_tm_g_distribution_Histogram_encoding_inputs_produce_output_without_validation_errors."/>
    <testcase time="2.29999999999995" classname="shinytest2_tm_g_distribution" name="e2e_tm_g_distribution_Histogram_encoding_inputs_produce_output_without_validation_errors."/>
    <testcase time="2.09799999999996" classname="shinytest2_tm_g_distribution" name="e2e_tm_g_distribution_Histogram_encoding_inputs_produce_output_without_validation_errors."/>
    <testcase time="1.28899999999999" classname="shinytest2_tm_g_distribution" name="e2e_tm_g_distribution_Histogram_encoding_inputs_produce_output_without_validation_errors."/>
    <testcase time="1.18400000000008" classname="shinytest2_tm_g_distribution" name="e2e_tm_g_distribution_Histogram_encoding_inputs_produce_output_without_validation_errors."/>
    <testcase time="10.3869999999999" classname="shinytest2_tm_g_distribution" name="e2e_tm_g_distribution_QQ_plot_encoding_inputs_produce_output_without_validation_errors."/>
    <testcase time="4.62400000000002" classname="shinytest2_tm_g_distribution" name="e2e_tm_g_distribution_QQ_plot_encoding_inputs_produce_output_without_validation_errors."/>
  </testsuite>
  <testsuite name="shinytest2-tm_g_response" timestamp="2026-02-05T11:02:37Z" hostname="1244f72f586c" tests="17" skipped="0" failures="0" errors="0" time="45.621">
    <testcase time="8.55399999999997" classname="shinytest2_tm_g_response" name="e2e_tm_g_response_module_is_initialised_with_the_specified_defaults."/>
    <testcase time="0.0500000000000682" classname="shinytest2_tm_g_response" name="e2e_tm_g_response_module_is_initialised_with_the_specified_defaults."/>
    <testcase time="0.0489999999999782" classname="shinytest2_tm_g_response" name="e2e_tm_g_response_module_is_initialised_with_the_specified_defaults."/>
    <testcase time="0.0489999999999782" classname="shinytest2_tm_g_response" name="e2e_tm_g_response_module_is_initialised_with_the_specified_defaults."/>
    <testcase time="0.0520000000000209" classname="shinytest2_tm_g_response" name="e2e_tm_g_response_module_is_initialised_with_the_specified_defaults."/>
    <testcase time="0.0520000000000209" classname="shinytest2_tm_g_response" name="e2e_tm_g_response_module_is_initialised_with_the_specified_defaults."/>
    <testcase time="0.0519999999999072" classname="shinytest2_tm_g_response" name="e2e_tm_g_response_module_is_initialised_with_the_specified_defaults."/>
    <testcase time="0.0500000000000682" classname="shinytest2_tm_g_response" name="e2e_tm_g_response_module_is_initialised_with_the_specified_defaults."/>
    <testcase time="10.3579999999999" classname="shinytest2_tm_g_response" name="e2e_tm_g_response_encoding_inputs_produce_output_without_validation_errors."/>
    <testcase time="1.66500000000008" classname="shinytest2_tm_g_response" name="e2e_tm_g_response_encoding_inputs_produce_output_without_validation_errors."/>
    <testcase time="1.32099999999991" classname="shinytest2_tm_g_response" name="e2e_tm_g_response_encoding_inputs_produce_output_without_validation_errors."/>
    <testcase time="1.17700000000002" classname="shinytest2_tm_g_response" name="e2e_tm_g_response_encoding_inputs_produce_output_without_validation_errors."/>
    <testcase time="1.21600000000001" classname="shinytest2_tm_g_response" name="e2e_tm_g_response_encoding_inputs_produce_output_without_validation_errors."/>
    <testcase time="1.19299999999998" classname="shinytest2_tm_g_response" name="e2e_tm_g_response_encoding_inputs_produce_output_without_validation_errors."/>
    <testcase time="1.221" classname="shinytest2_tm_g_response" name="e2e_tm_g_response_encoding_inputs_produce_output_without_validation_errors."/>
    <testcase time="9.32600000000002" classname="shinytest2_tm_g_response" name="e2e_tm_g_response_deselecting_response_produces_validation_error."/>
    <testcase time="9.23599999999999" classname="shinytest2_tm_g_response" name="e2e_tm_g_response_deselecting_x_produces_validation_error."/>
  </testsuite>
  <testsuite name="shinytest2-tm_g_scatterplot" timestamp="2026-02-05T11:03:22Z" hostname="1244f72f586c" tests="35" skipped="0" failures="0" errors="0" time="136.755">
    <testcase time="8.74700000000007" classname="shinytest2_tm_g_scatterplot" name="e2e_tm_g_scatterplot_Module_is_initialised_with_the_specified_defaults."/>
    <testcase time="0.00799999999992451" classname="shinytest2_tm_g_scatterplot" name="e2e_tm_g_scatterplot_Module_is_initialised_with_the_specified_defaults."/>
    <testcase time="0.0470000000000255" classname="shinytest2_tm_g_scatterplot" name="e2e_tm_g_scatterplot_Module_is_initialised_with_the_specified_defaults."/>
    <testcase time="0.0499999999999545" classname="shinytest2_tm_g_scatterplot" name="e2e_tm_g_scatterplot_Module_is_initialised_with_the_specified_defaults."/>
    <testcase time="0.0490000000000919" classname="shinytest2_tm_g_scatterplot" name="e2e_tm_g_scatterplot_Module_is_initialised_with_the_specified_defaults."/>
    <testcase time="0.0499999999999545" classname="shinytest2_tm_g_scatterplot" name="e2e_tm_g_scatterplot_Module_is_initialised_with_the_specified_defaults."/>
    <testcase time="0.0499999999999545" classname="shinytest2_tm_g_scatterplot" name="e2e_tm_g_scatterplot_Module_is_initialised_with_the_specified_defaults."/>
    <testcase time="0.0490000000000919" classname="shinytest2_tm_g_scatterplot" name="e2e_tm_g_scatterplot_Module_is_initialised_with_the_specified_defaults."/>
    <testcase time="0.0499999999999545" classname="shinytest2_tm_g_scatterplot" name="e2e_tm_g_scatterplot_Module_is_initialised_with_the_specified_defaults."/>
    <testcase time="0.0489999999999782" classname="shinytest2_tm_g_scatterplot" name="e2e_tm_g_scatterplot_Module_is_initialised_with_the_specified_defaults."/>
    <testcase time="0.0470000000000255" classname="shinytest2_tm_g_scatterplot" name="e2e_tm_g_scatterplot_Module_is_initialised_with_the_specified_defaults."/>
    <testcase time="0.0489999999999782" classname="shinytest2_tm_g_scatterplot" name="e2e_tm_g_scatterplot_Module_is_initialised_with_the_specified_defaults."/>
    <testcase time="0.0480000000000018" classname="shinytest2_tm_g_scatterplot" name="e2e_tm_g_scatterplot_Module_is_initialised_with_the_specified_defaults."/>
    <testcase time="0.0489999999999782" classname="shinytest2_tm_g_scatterplot" name="e2e_tm_g_scatterplot_Module_is_initialised_with_the_specified_defaults."/>
    <testcase time="0.0500000000000682" classname="shinytest2_tm_g_scatterplot" name="e2e_tm_g_scatterplot_Module_is_initialised_with_the_specified_defaults."/>
    <testcase time="0.0480000000000018" classname="shinytest2_tm_g_scatterplot" name="e2e_tm_g_scatterplot_Module_is_initialised_with_the_specified_defaults."/>
    <testcase time="9.89699999999993" classname="shinytest2_tm_g_scatterplot" name="e2e_tm_g_scatterplot_Base_for_the_log_transformation_can_be_applied."/>
    <testcase time="0.994000000000028" classname="shinytest2_tm_g_scatterplot" name="e2e_tm_g_scatterplot_Base_for_the_log_transformation_can_be_applied."/>
    <testcase time="1.02200000000005" classname="shinytest2_tm_g_scatterplot" name="e2e_tm_g_scatterplot_Base_for_the_log_transformation_can_be_applied."/>
    <testcase time="1.20899999999995" classname="shinytest2_tm_g_scatterplot" name="e2e_tm_g_scatterplot_Base_for_the_log_transformation_can_be_applied."/>
    <testcase time="10.5940000000001" classname="shinytest2_tm_g_scatterplot" name="e2e_tm_g_scatterplot_The_log_transform_is_only_possible_for_positive_numeric_vars."/>
    <testcase time="1.14299999999992" classname="shinytest2_tm_g_scatterplot" name="e2e_tm_g_scatterplot_The_log_transform_is_only_possible_for_positive_numeric_vars."/>
    <testcase time="1.93000000000006" classname="shinytest2_tm_g_scatterplot" name="e2e_tm_g_scatterplot_The_log_transform_is_only_possible_for_positive_numeric_vars."/>
    <testcase time="11.146" classname="shinytest2_tm_g_scatterplot" name="e2e_tm_g_scatterplot_Get_validation_error_when_facetting_with_the_same_row_col_variable."/>
    <testcase time="10.289" classname="shinytest2_tm_g_scatterplot" name="e2e_tm_g_scatterplot_The_encoding_inputs_are_set_without_validation_errors."/>
    <testcase time="1.42100000000005" classname="shinytest2_tm_g_scatterplot" name="e2e_tm_g_scatterplot_The_encoding_inputs_are_set_without_validation_errors."/>
    <testcase time="1.57899999999995" classname="shinytest2_tm_g_scatterplot" name="e2e_tm_g_scatterplot_The_encoding_inputs_are_set_without_validation_errors."/>
    <testcase time="1.83199999999999" classname="shinytest2_tm_g_scatterplot" name="e2e_tm_g_scatterplot_The_encoding_inputs_are_set_without_validation_errors."/>
    <testcase time="1.68500000000006" classname="shinytest2_tm_g_scatterplot" name="e2e_tm_g_scatterplot_The_encoding_inputs_are_set_without_validation_errors."/>
    <testcase time="1.68599999999992" classname="shinytest2_tm_g_scatterplot" name="e2e_tm_g_scatterplot_The_encoding_inputs_are_set_without_validation_errors."/>
    <testcase time="1.69499999999994" classname="shinytest2_tm_g_scatterplot" name="e2e_tm_g_scatterplot_The_encoding_inputs_are_set_without_validation_errors."/>
    <testcase time="60.532" classname="shinytest2_tm_g_scatterplot" name="e2e_tm_g_scatterplot_The_encoding_inputs_are_set_without_validation_errors."/>
    <testcase time="1.82399999999996" classname="shinytest2_tm_g_scatterplot" name="e2e_tm_g_scatterplot_The_encoding_inputs_are_set_without_validation_errors."/>
    <testcase time="3.91100000000006" classname="shinytest2_tm_g_scatterplot" name="e2e_tm_g_scatterplot_The_encoding_inputs_are_set_without_validation_errors."/>
    <testcase time="2.92599999999993" classname="shinytest2_tm_g_scatterplot" name="e2e_tm_g_scatterplot_The_encoding_inputs_are_set_without_validation_errors."/>
  </testsuite>
  <testsuite name="shinytest2-tm_g_scatterplotmatrix" timestamp="2026-02-05T11:05:39Z" hostname="1244f72f586c" tests="9" skipped="0" failures="0" errors="0" time="43.478">
    <testcase time="8.99300000000005" classname="shinytest2_tm_g_scatterplotmatrix" name="e2e_tm_g_scatterplotmatrix_Initializes_without_errors"/>
    <testcase time="0.0040000000000191" classname="shinytest2_tm_g_scatterplotmatrix" name="e2e_tm_g_scatterplotmatrix_Initializes_without_errors"/>
    <testcase time="0.00299999999992906" classname="shinytest2_tm_g_scatterplotmatrix" name="e2e_tm_g_scatterplotmatrix_Initializes_without_errors"/>
    <testcase time="11.058" classname="shinytest2_tm_g_scatterplotmatrix" name="e2e_tm_g_scatterplotmatrix_Verify_module_displays_data_table"/>
    <testcase time="9.00500000000011" classname="shinytest2_tm_g_scatterplotmatrix" name="e2e_tm_g_scatterplotmatrix_Verify_default_values_and_settings_data_extracts_for_data_selection"/>
    <testcase time="0.000999999999976353" classname="shinytest2_tm_g_scatterplotmatrix" name="e2e_tm_g_scatterplotmatrix_Verify_default_values_and_settings_data_extracts_for_data_selection"/>
    <testcase time="1.428" classname="shinytest2_tm_g_scatterplotmatrix" name="e2e_tm_g_scatterplotmatrix_Verify_default_values_and_settings_data_extracts_for_data_selection"/>
    <testcase time="10.375" classname="shinytest2_tm_g_scatterplotmatrix" name="e2e_tm_g_scatterplotmatrix_Change_plot_settings"/>
    <testcase time="2.61099999999999" classname="shinytest2_tm_g_scatterplotmatrix" name="e2e_tm_g_scatterplotmatrix_Change_plot_settings"/>
  </testsuite>
  <testsuite name="shinytest2-tm_missing_data" timestamp="2026-02-05T11:06:23Z" hostname="1244f72f586c" tests="22" skipped="0" failures="0" errors="0" time="65.41">
    <testcase time="9.76699999999994" classname="shinytest2_tm_missing_data" name="e2e_tm_missing_data_Initializes_without_errors"/>
    <testcase time="0.0040000000000191" classname="shinytest2_tm_missing_data" name="e2e_tm_missing_data_Initializes_without_errors"/>
    <testcase time="0.00300000000004275" classname="shinytest2_tm_missing_data" name="e2e_tm_missing_data_Initializes_without_errors"/>
    <testcase time="9.78499999999997" classname="shinytest2_tm_missing_data" name="e2e_tm_missing_data_Default_settings_and_visibility_of_the_summary_graph"/>
    <testcase time="0.0489999999999782" classname="shinytest2_tm_missing_data" name="e2e_tm_missing_data_Default_settings_and_visibility_of_the_summary_graph"/>
    <testcase time="3.16899999999998" classname="shinytest2_tm_missing_data" name="e2e_tm_missing_data_Default_settings_and_visibility_of_the_summary_graph"/>
    <testcase time="2.97500000000002" classname="shinytest2_tm_missing_data" name="e2e_tm_missing_data_Default_settings_and_visibility_of_the_summary_graph"/>
    <testcase time="2.60000000000002" classname="shinytest2_tm_missing_data" name="e2e_tm_missing_data_Default_settings_and_visibility_of_the_summary_graph"/>
    <testcase time="9.78200000000004" classname="shinytest2_tm_missing_data" name="e2e_tm_missing_data_Check_default_settings_and_visibility_of_the_combinations_graph_and_encodings"/>
    <testcase time="2.45799999999997" classname="shinytest2_tm_missing_data" name="e2e_tm_missing_data_Check_default_settings_and_visibility_of_the_combinations_graph_and_encodings"/>
    <testcase time="2.59400000000005" classname="shinytest2_tm_missing_data" name="e2e_tm_missing_data_Check_default_settings_and_visibility_of_the_combinations_graph_and_encodings"/>
    <testcase time="2.08699999999999" classname="shinytest2_tm_missing_data" name="e2e_tm_missing_data_Check_default_settings_and_visibility_of_the_combinations_graph_and_encodings"/>
    <testcase time="0.00900000000001455" classname="shinytest2_tm_missing_data" name="e2e_tm_missing_data_Check_default_settings_and_visibility_of_the_combinations_graph_and_encodings"/>
    <testcase time="1.95099999999991" classname="shinytest2_tm_missing_data" name="e2e_tm_missing_data_Check_default_settings_and_visibility_of_the_combinations_graph_and_encodings"/>
    <testcase time="0.00600000000008549" classname="shinytest2_tm_missing_data" name="e2e_tm_missing_data_Check_default_settings_and_visibility_of_the_combinations_graph_and_encodings"/>
    <testcase time="11.4899999999999" classname="shinytest2_tm_missing_data" name="e2e_tm_missing_data_Validate_functionality_and_UI_response_for_By_Variable_Levels_"/>
    <testcase time="0.513000000000034" classname="shinytest2_tm_missing_data" name="e2e_tm_missing_data_Validate_functionality_and_UI_response_for_By_Variable_Levels_"/>
    <testcase time="0.0480000000000018" classname="shinytest2_tm_missing_data" name="e2e_tm_missing_data_Validate_functionality_and_UI_response_for_By_Variable_Levels_"/>
    <testcase time="1.45000000000005" classname="shinytest2_tm_missing_data" name="e2e_tm_missing_data_Validate_functionality_and_UI_response_for_By_Variable_Levels_"/>
    <testcase time="0.51299999999992" classname="shinytest2_tm_missing_data" name="e2e_tm_missing_data_Validate_functionality_and_UI_response_for_By_Variable_Levels_"/>
    <testcase time="4.149" classname="shinytest2_tm_missing_data" name="e2e_tm_missing_data_Validate_functionality_and_UI_response_for_By_Variable_Levels_"/>
    <testcase time="0.0080000000000382" classname="shinytest2_tm_missing_data" name="e2e_tm_missing_data_Validate_functionality_and_UI_response_for_By_Variable_Levels_"/>
  </testsuite>
  <testsuite name="shinytest2-tm_outliers" timestamp="2026-02-05T11:07:28Z" hostname="1244f72f586c" tests="61" skipped="0" failures="0" errors="0" time="167.963">
    <testcase time="11.076" classname="shinytest2_tm_outliers" name="e2e_tm_outliers_Data_parameter_and_module_label_is_passed_properly."/>
    <testcase time="0.0040000000000191" classname="shinytest2_tm_outliers" name="e2e_tm_outliers_Data_parameter_and_module_label_is_passed_properly."/>
    <testcase time="0.00299999999992906" classname="shinytest2_tm_outliers" name="e2e_tm_outliers_Data_parameter_and_module_label_is_passed_properly."/>
    <testcase time="0.00200000000006639" classname="shinytest2_tm_outliers" name="e2e_tm_outliers_Data_parameter_and_module_label_is_passed_properly."/>
    <testcase time="11.1279999999999" classname="shinytest2_tm_outliers" name="e2e_tm_outliers_Data_extract_spec_elements_are_initialized_with_the_default_values_specified_by_outlier_var_and_categorical_var_argument."/>
    <testcase time="0.0080000000000382" classname="shinytest2_tm_outliers" name="e2e_tm_outliers_Data_extract_spec_elements_are_initialized_with_the_default_values_specified_by_outlier_var_and_categorical_var_argument."/>
    <testcase time="2.35800000000006" classname="shinytest2_tm_outliers" name="e2e_tm_outliers_Data_extract_spec_elements_are_initialized_with_the_default_values_specified_by_outlier_var_and_categorical_var_argument."/>
    <testcase time="0.00999999999999091" classname="shinytest2_tm_outliers" name="e2e_tm_outliers_Data_extract_spec_elements_are_initialized_with_the_default_values_specified_by_outlier_var_and_categorical_var_argument."/>
    <testcase time="0.0480000000000018" classname="shinytest2_tm_outliers" name="e2e_tm_outliers_Data_extract_spec_elements_are_initialized_with_the_default_values_specified_by_outlier_var_and_categorical_var_argument."/>
    <testcase time="1.48399999999992" classname="shinytest2_tm_outliers" name="e2e_tm_outliers_Data_extract_spec_elements_are_initialized_with_the_default_values_specified_by_outlier_var_and_categorical_var_argument."/>
    <testcase time="0.80600000000004" classname="shinytest2_tm_outliers" name="e2e_tm_outliers_Data_extract_spec_elements_are_initialized_with_the_default_values_specified_by_outlier_var_and_categorical_var_argument."/>
    <testcase time="11.167" classname="shinytest2_tm_outliers" name="e2e_tm_outliers_Plot_type_is_correctly_set_by_default_and_has_appropriate_possible_options."/>
    <testcase time="0.00900000000001455" classname="shinytest2_tm_outliers" name="e2e_tm_outliers_Plot_type_is_correctly_set_by_default_and_has_appropriate_possible_options."/>
    <testcase time="0.00399999999990541" classname="shinytest2_tm_outliers" name="e2e_tm_outliers_Plot_type_is_correctly_set_by_default_and_has_appropriate_possible_options."/>
    <testcase time="2.37" classname="shinytest2_tm_outliers" name="e2e_tm_outliers_Plot_type_is_correctly_set_by_default_and_has_appropriate_possible_options."/>
    <testcase time="11.207" classname="shinytest2_tm_outliers" name="e2e_tm_outliers_Module_is_divided_into_3_tabs."/>
    <testcase time="0.00900000000001455" classname="shinytest2_tm_outliers" name="e2e_tm_outliers_Module_is_divided_into_3_tabs."/>
    <testcase time="0.00600000000008549" classname="shinytest2_tm_outliers" name="e2e_tm_outliers_Module_is_divided_into_3_tabs."/>
    <testcase time="11.2329999999999" classname="shinytest2_tm_outliers" name="e2e_tm_outliers_Plot_type_is_hidden_when_Boxplot_tab_is_not_selected."/>
    <testcase time="2.18700000000001" classname="shinytest2_tm_outliers" name="e2e_tm_outliers_Plot_type_is_hidden_when_Boxplot_tab_is_not_selected."/>
    <testcase time="4.78899999999999" classname="shinytest2_tm_outliers" name="e2e_tm_outliers_Plot_type_is_hidden_when_Boxplot_tab_is_not_selected."/>
    <testcase time="4.71400000000006" classname="shinytest2_tm_outliers" name="e2e_tm_outliers_Plot_type_is_hidden_when_Boxplot_tab_is_not_selected."/>
    <testcase time="11.2339999999999" classname="shinytest2_tm_outliers" name="e2e_tm_outliers_Default_radio_buttons_are_set_properly."/>
    <testcase time="0.00999999999999091" classname="shinytest2_tm_outliers" name="e2e_tm_outliers_Default_radio_buttons_are_set_properly."/>
    <testcase time="0.0500000000000682" classname="shinytest2_tm_outliers" name="e2e_tm_outliers_Default_radio_buttons_are_set_properly."/>
    <testcase time="4.56200000000001" classname="shinytest2_tm_outliers" name="e2e_tm_outliers_Default_radio_buttons_are_set_properly."/>
    <testcase time="11.255" classname="shinytest2_tm_outliers" name="e2e_tm_outliers_Method_parameters_are_set_properly."/>
    <testcase time="0.00899999999990087" classname="shinytest2_tm_outliers" name="e2e_tm_outliers_Method_parameters_are_set_properly."/>
    <testcase time="0.0040000000000191" classname="shinytest2_tm_outliers" name="e2e_tm_outliers_Method_parameters_are_set_properly."/>
    <testcase time="0.00100000000009004" classname="shinytest2_tm_outliers" name="e2e_tm_outliers_Method_parameters_are_set_properly."/>
    <testcase time="11.1599999999999" classname="shinytest2_tm_outliers" name="e2e_tm_outliers_Outlier_definition_text_and_range_are_displayed_properly_depending_on_method."/>
    <testcase time="2.18600000000015" classname="shinytest2_tm_outliers" name="e2e_tm_outliers_Outlier_definition_text_and_range_are_displayed_properly_depending_on_method."/>
    <testcase time="2.18399999999997" classname="shinytest2_tm_outliers" name="e2e_tm_outliers_Outlier_definition_text_and_range_are_displayed_properly_depending_on_method."/>
    <testcase time="2.17900000000009" classname="shinytest2_tm_outliers" name="e2e_tm_outliers_Outlier_definition_text_and_range_are_displayed_properly_depending_on_method."/>
    <testcase time="0.00799999999981083" classname="shinytest2_tm_outliers" name="e2e_tm_outliers_Outlier_definition_text_and_range_are_displayed_properly_depending_on_method."/>
    <testcase time="0.0130000000001473" classname="shinytest2_tm_outliers" name="e2e_tm_outliers_Outlier_definition_text_and_range_are_displayed_properly_depending_on_method."/>
    <testcase time="0.0480000000000018" classname="shinytest2_tm_outliers" name="e2e_tm_outliers_Outlier_definition_text_and_range_are_displayed_properly_depending_on_method."/>
    <testcase time="2.26099999999997" classname="shinytest2_tm_outliers" name="e2e_tm_outliers_Outlier_definition_text_and_range_are_displayed_properly_depending_on_method."/>
    <testcase time="2.0139999999999" classname="shinytest2_tm_outliers" name="e2e_tm_outliers_Outlier_definition_text_and_range_are_displayed_properly_depending_on_method."/>
    <testcase time="2.39200000000005" classname="shinytest2_tm_outliers" name="e2e_tm_outliers_Outlier_definition_text_and_range_are_displayed_properly_depending_on_method."/>
    <testcase time="0.0109999999999673" classname="shinytest2_tm_outliers" name="e2e_tm_outliers_Outlier_definition_text_and_range_are_displayed_properly_depending_on_method."/>
    <testcase time="0.00900000000001455" classname="shinytest2_tm_outliers" name="e2e_tm_outliers_Outlier_definition_text_and_range_are_displayed_properly_depending_on_method."/>
    <testcase time="1.93399999999997" classname="shinytest2_tm_outliers" name="e2e_tm_outliers_Outlier_definition_text_and_range_are_displayed_properly_depending_on_method."/>
    <testcase time="2.16700000000014" classname="shinytest2_tm_outliers" name="e2e_tm_outliers_Outlier_definition_text_and_range_are_displayed_properly_depending_on_method."/>
    <testcase time="2.39199999999983" classname="shinytest2_tm_outliers" name="e2e_tm_outliers_Outlier_definition_text_and_range_are_displayed_properly_depending_on_method."/>
    <testcase time="0.0110000000001946" classname="shinytest2_tm_outliers" name="e2e_tm_outliers_Outlier_definition_text_and_range_are_displayed_properly_depending_on_method."/>
    <testcase time="0.00899999999978718" classname="shinytest2_tm_outliers" name="e2e_tm_outliers_Outlier_definition_text_and_range_are_displayed_properly_depending_on_method."/>
    <testcase time="2.03600000000006" classname="shinytest2_tm_outliers" name="e2e_tm_outliers_Outlier_definition_text_and_range_are_displayed_properly_depending_on_method."/>
    <testcase time="11.172" classname="shinytest2_tm_outliers" name="e2e_tm_outliers_Outliers_summary_table_is_displayed_with_proper_content."/>
    <testcase time="0.00400000000013279" classname="shinytest2_tm_outliers" name="e2e_tm_outliers_Outliers_summary_table_is_displayed_with_proper_content."/>
    <testcase time="0.00399999999990541" classname="shinytest2_tm_outliers" name="e2e_tm_outliers_Outliers_summary_table_is_displayed_with_proper_content."/>
    <testcase time="0.00900000000001455" classname="shinytest2_tm_outliers" name="e2e_tm_outliers_Outliers_summary_table_is_displayed_with_proper_content."/>
    <testcase time="4.37699999999995" classname="shinytest2_tm_outliers" name="e2e_tm_outliers_Outliers_summary_table_is_displayed_with_proper_content."/>
    <testcase time="0.00400000000013279" classname="shinytest2_tm_outliers" name="e2e_tm_outliers_Outliers_summary_table_is_displayed_with_proper_content."/>
    <testcase time="2.05199999999991" classname="shinytest2_tm_outliers" name="e2e_tm_outliers_Outliers_summary_table_is_displayed_with_proper_content."/>
    <testcase time="0.00399999999990541" classname="shinytest2_tm_outliers" name="e2e_tm_outliers_Outliers_summary_table_is_displayed_with_proper_content."/>
    <testcase time="11.203" classname="shinytest2_tm_outliers" name="e2e_tm_outliers_Outlier_table_is_displayed_with_proper_content."/>
    <testcase time="4.36900000000014" classname="shinytest2_tm_outliers" name="e2e_tm_outliers_Outlier_table_is_displayed_with_proper_content."/>
    <testcase time="0.000999999999976353" classname="shinytest2_tm_outliers" name="e2e_tm_outliers_Outlier_table_is_displayed_with_proper_content."/>
    <testcase time="0.00199999999995271" classname="shinytest2_tm_outliers" name="e2e_tm_outliers_Outlier_table_is_displayed_with_proper_content."/>
    <testcase time="0.000999999999976353" classname="shinytest2_tm_outliers" name="e2e_tm_outliers_Outlier_table_is_displayed_with_proper_content."/>
  </testsuite>
  <testsuite name="shinytest2-tm_t_crosstable" timestamp="2026-02-05T11:10:16Z" hostname="1244f72f586c" tests="9" skipped="0" failures="0" errors="0" time="47.678">
    <testcase time="9.44500000000016" classname="shinytest2_tm_t_crosstable" name="e2e_tm_t_crosstable_Initializes_without_errors"/>
    <testcase time="0.00399999999990541" classname="shinytest2_tm_t_crosstable" name="e2e_tm_t_crosstable_Initializes_without_errors"/>
    <testcase time="0.00399999999990541" classname="shinytest2_tm_t_crosstable" name="e2e_tm_t_crosstable_Initializes_without_errors"/>
    <testcase time="11.5510000000002" classname="shinytest2_tm_t_crosstable" name="e2e_tm_t_crosstable_Verify_module_displays_data_table"/>
    <testcase time="9.46199999999999" classname="shinytest2_tm_t_crosstable" name="e2e_tm_t_crosstable_Verify_default_values_and_settings_data_extracts_for_data_selection"/>
    <testcase time="0.0499999999999545" classname="shinytest2_tm_t_crosstable" name="e2e_tm_t_crosstable_Verify_default_values_and_settings_data_extracts_for_data_selection"/>
    <testcase time="2.67200000000003" classname="shinytest2_tm_t_crosstable" name="e2e_tm_t_crosstable_Verify_default_values_and_settings_data_extracts_for_data_selection"/>
    <testcase time="11.931" classname="shinytest2_tm_t_crosstable" name="e2e_tm_t_crosstable_Change_plot_settings"/>
    <testcase time="2.55899999999997" classname="shinytest2_tm_t_crosstable" name="e2e_tm_t_crosstable_Change_plot_settings"/>
  </testsuite>
  <testsuite name="shinytest2-tm_variable_browser" timestamp="2026-02-05T11:11:04Z" hostname="1244f72f586c" tests="23" skipped="0" failures="0" errors="0" time="94.213">
    <testcase time="9.875" classname="shinytest2_tm_variable_browser" name="e2e_tm_variable_browser_content_is_displayed_correctly."/>
    <testcase time="0.00399999999990541" classname="shinytest2_tm_variable_browser" name="e2e_tm_variable_browser_content_is_displayed_correctly."/>
    <testcase time="2.09400000000005" classname="shinytest2_tm_variable_browser" name="e2e_tm_variable_browser_content_is_displayed_correctly."/>
    <testcase time="0.00399999999990541" classname="shinytest2_tm_variable_browser" name="e2e_tm_variable_browser_content_is_displayed_correctly."/>
    <testcase time="0.00400000000013279" classname="shinytest2_tm_variable_browser" name="e2e_tm_variable_browser_content_is_displayed_correctly."/>
    <testcase time="13.9569999999999" classname="shinytest2_tm_variable_browser" name="e2e_tm_variable_browser_Selecting_treat_variable_as_factor_changes_the_table_headers."/>
    <testcase time="11.9680000000001" classname="shinytest2_tm_variable_browser" name="e2e_tm_variable_browser_selection_of_categorical_variable_has_a_table_with_level_header."/>
    <testcase time="12.7329999999999" classname="shinytest2_tm_variable_browser" name="e2e_tm_variable_browser_changing_display_density_encoding_doesn_t_show_errors."/>
    <testcase time="3.14499999999998" classname="shinytest2_tm_variable_browser" name="e2e_tm_variable_browser_changing_display_density_encoding_doesn_t_show_errors."/>
    <testcase time="9.88200000000006" classname="shinytest2_tm_variable_browser" name="e2e_tm_variable_browser_changing_outlier_definition_encoding_doesn_t_show_errors."/>
    <testcase time="4.49600000000009" classname="shinytest2_tm_variable_browser" name="e2e_tm_variable_browser_changing_outlier_definition_encoding_doesn_t_show_errors."/>
    <testcase time="0.00399999999990541" classname="shinytest2_tm_variable_browser" name="e2e_tm_variable_browser_changing_outlier_definition_encoding_doesn_t_show_errors."/>
    <testcase time="1.76900000000001" classname="shinytest2_tm_variable_browser" name="e2e_tm_variable_browser_changing_outlier_definition_encoding_doesn_t_show_errors."/>
    <testcase time="2.98099999999999" classname="shinytest2_tm_variable_browser" name="e2e_tm_variable_browser_changing_outlier_definition_encoding_doesn_t_show_errors."/>
    <testcase time="11.1780000000001" classname="shinytest2_tm_variable_browser" name="e2e_tm_variable_browser_changing_plot_setting_encodings_doesn_t_show_errors."/>
    <testcase time="1.471" classname="shinytest2_tm_variable_browser" name="e2e_tm_variable_browser_changing_plot_setting_encodings_doesn_t_show_errors."/>
    <testcase time="1.21199999999999" classname="shinytest2_tm_variable_browser" name="e2e_tm_variable_browser_changing_plot_setting_encodings_doesn_t_show_errors."/>
    <testcase time="1.25399999999991" classname="shinytest2_tm_variable_browser" name="e2e_tm_variable_browser_changing_plot_setting_encodings_doesn_t_show_errors."/>
    <testcase time="1.21900000000005" classname="shinytest2_tm_variable_browser" name="e2e_tm_variable_browser_changing_plot_setting_encodings_doesn_t_show_errors."/>
    <testcase time="1.23599999999988" classname="shinytest2_tm_variable_browser" name="e2e_tm_variable_browser_changing_plot_setting_encodings_doesn_t_show_errors."/>
    <testcase time="1.22800000000007" classname="shinytest2_tm_variable_browser" name="e2e_tm_variable_browser_changing_plot_setting_encodings_doesn_t_show_errors."/>
    <testcase time="1.22600000000011" classname="shinytest2_tm_variable_browser" name="e2e_tm_variable_browser_changing_plot_setting_encodings_doesn_t_show_errors."/>
    <testcase time="1.27299999999991" classname="shinytest2_tm_variable_browser" name="e2e_tm_variable_browser_changing_plot_setting_encodings_doesn_t_show_errors."/>
  </testsuite>
  <testsuite name="tm_a_pca" timestamp="2026-02-05T11:12:38Z" hostname="1244f72f586c" tests="52" skipped="0" failures="0" errors="0" time="15.969">
    <testcase time="0.126999999999953" classname="tm_a_pca" name="tm_a_pca_module_creation_creates_a_teal_module_object_with_default_options"/>
    <testcase time="0.00500000000010914" classname="tm_a_pca" name="tm_a_pca_module_creation_creates_a_module_with_valid_transformators"/>
    <testcase time="0.237999999999829" classname="tm_a_pca" name="tm_a_pca_module_creation_creates_a_module_that_is_not_bookmarkable"/>
    <testcase time="0.012000000000171" classname="tm_a_pca" name="tm_a_pca_input_validation_fails_when_label_is_not_a_string"/>
    <testcase time="0.00699999999983447" classname="tm_a_pca" name="tm_a_pca_input_validation_fails_when_dat_is_not_a_list_of_data_extract_spec"/>
    <testcase time="0.00500000000010914" classname="tm_a_pca" name="tm_a_pca_input_validation_fails_when_dat_is_not_a_list_of_data_extract_spec"/>
    <testcase time="0.0160000000000764" classname="tm_a_pca" name="tm_a_pca_input_validation_fails_when_dat_has_more_than_1_dataset"/>
    <testcase time="0.00799999999981083" classname="tm_a_pca" name="tm_a_pca_input_validation_fails_when_ggtheme_is_not_a_valid_choice"/>
    <testcase time="0.00700000000006185" classname="tm_a_pca" name="tm_a_pca_input_validation_fails_when_ggplot2_args_is_not_a_list_of_ggplot2_args"/>
    <testcase time="0.00600000000008549" classname="tm_a_pca" name="tm_a_pca_input_validation_fails_when_ggplot2_args_is_not_a_list_of_ggplot2_args"/>
    <testcase time="0.00399999999990541" classname="tm_a_pca" name="tm_a_pca_input_validation_succeeds_when_ggplot2_args_has_supported_parameters"/>
    <testcase time="0.0080000000000382" classname="tm_a_pca" name="tm_a_pca_input_validation_fails_when_plot_height_is_not_numeric_of_length_3"/>
    <testcase time="0.00700000000006185" classname="tm_a_pca" name="tm_a_pca_input_validation_fails_when_plot_width_is_not_numeric_of_length_3_or_NULL"/>
    <testcase time="0.0080000000000382" classname="tm_a_pca" name="tm_a_pca_input_validation_fails_when_rotate_xaxis_labels_is_not_boolean"/>
    <testcase time="0.00499999999988177" classname="tm_a_pca" name="tm_a_pca_input_validation_fails_when_rotate_xaxis_labels_is_not_boolean"/>
    <testcase time="0.00600000000008549" classname="tm_a_pca" name="tm_a_pca_input_validation_fails_when_rotate_xaxis_labels_is_not_boolean"/>
    <testcase time="0.00399999999990541" classname="tm_a_pca" name="tm_a_pca_input_validation_succeeds_when_alpha_is_between_0_and_1"/>
    <testcase time="0.00700000000006185" classname="tm_a_pca" name="tm_a_pca_input_validation_fails_when_alpha_is_not_between_0_and_1"/>
    <testcase time="0.00600000000008549" classname="tm_a_pca" name="tm_a_pca_input_validation_fails_when_alpha_is_not_between_0_and_1"/>
    <testcase time="0.00799999999981083" classname="tm_a_pca" name="tm_a_pca_input_validation_fails_when_alpha_is_not_numeric_of_length_3_or_NULL"/>
    <testcase time="0.00500000000010914" classname="tm_a_pca" name="tm_a_pca_input_validation_fails_when_alpha_is_not_numeric_of_length_3_or_NULL"/>
    <testcase time="0.00600000000008549" classname="tm_a_pca" name="tm_a_pca_input_validation_fails_when_alpha_is_not_numeric_of_length_3_or_NULL"/>
    <testcase time="0.00399999999990541" classname="tm_a_pca" name="tm_a_pca_input_validation_succeeds_when_size_is_under_8"/>
    <testcase time="0.0080000000000382" classname="tm_a_pca" name="tm_a_pca_input_validation_fails_when_size_is_not_below_8"/>
    <testcase time="0.00499999999988177" classname="tm_a_pca" name="tm_a_pca_input_validation_fails_when_size_is_not_below_8"/>
    <testcase time="0.0080000000000382" classname="tm_a_pca" name="tm_a_pca_input_validation_fails_when_size_is_not_numeric_of_length_3_or_NULL"/>
    <testcase time="0.00500000000010914" classname="tm_a_pca" name="tm_a_pca_input_validation_fails_when_size_is_not_numeric_of_length_3_or_NULL"/>
    <testcase time="0.00599999999985812" classname="tm_a_pca" name="tm_a_pca_input_validation_fails_when_size_is_not_numeric_of_length_3_or_NULL"/>
    <testcase time="0.00400000000013279" classname="tm_a_pca" name="tm_a_pca_input_validation_succeeds_when_font_size_is_20"/>
    <testcase time="0.0080000000000382" classname="tm_a_pca" name="tm_a_pca_input_validation_fails_when_font_size_is_not_below_20"/>
    <testcase time="0.00599999999985812" classname="tm_a_pca" name="tm_a_pca_input_validation_fails_when_font_size_is_not_below_20"/>
    <testcase time="0.0119999999999436" classname="tm_a_pca" name="tm_a_pca_input_validation_fails_when_font_size_is_not_numeric_of_length_3_or_NULL"/>
    <testcase time="0.00500000000010914" classname="tm_a_pca" name="tm_a_pca_input_validation_fails_when_font_size_is_not_numeric_of_length_3_or_NULL"/>
    <testcase time="0.00600000000008549" classname="tm_a_pca" name="tm_a_pca_input_validation_fails_when_font_size_is_not_numeric_of_length_3_or_NULL"/>
    <testcase time="0.00799999999981083" classname="tm_a_pca" name="tm_a_pca_input_validation_fails_when_pre_output_is_not_a_shiny.tag_shiny.tag.list_html_or_NULL"/>
    <testcase time="0.00700000000006185" classname="tm_a_pca" name="tm_a_pca_input_validation_fails_when_post_output_is_not_a_shiny.tag_shiny.tag.list_html_or_NULL"/>
    <testcase time="0.0080000000000382" classname="tm_a_pca" name="tm_a_pca_input_validation_fails_when_decorators_is_not_a_valid_decorators_list"/>
    <testcase time="0.0080000000000382" classname="tm_a_pca" name="tm_a_pca_input_validation_fails_when_transformators_has_invalid_object_types"/>
    <testcase time="0.493999999999915" classname="tm_a_pca" name="tm_g_response_module_server_behavior_fails_to_execute_with_missing_test_inputs"/>
    <testcase time="0.613000000000056" classname="tm_a_pca" name="tm_g_response_module_server_behavior_fails_if_the_plot_type_is_not_from_the_valid_plots"/>
    <testcase time="1.50199999999995" classname="tm_a_pca" name="tm_g_response_module_server_behavior_returns_teal_report_object_with_valid_inputs_elbow_plot_"/>
    <testcase time="1.20700000000011" classname="tm_a_pca" name="tm_g_response_module_server_behavior_returns_teal_report_object_with_valid_inputs_Circle_plot_"/>
    <testcase time="0.895999999999958" classname="tm_a_pca" name="tm_g_response_module_server_behavior_fails_with_only_1_variable_Circle_plot_"/>
    <testcase time="0.934999999999945" classname="tm_a_pca" name="tm_g_response_module_server_behavior_fails_with_same_x_and_y_axis_Circle_plot_"/>
    <testcase time="0.929000000000087" classname="tm_a_pca" name="tm_g_response_module_server_behavior_returns_teal_report_object_with_valid_inputs_Biplot_"/>
    <testcase time="1.67799999999988" classname="tm_a_pca" name="tm_g_response_module_server_behavior_returns_teal_report_object_with_no_standardization_Biplot_"/>
    <testcase time="1.67200000000003" classname="tm_a_pca" name="tm_g_response_module_server_behavior_returns_teal_report_object_with_valid_inputs_and_response_Biplot_"/>
    <testcase time="1.66599999999994" classname="tm_a_pca" name="tm_g_response_module_server_behavior_returns_teal_report_object_with_valid_inputs_and_non_factor_response_Biplot_"/>
    <testcase time="1.72800000000007" classname="tm_a_pca" name="tm_g_response_module_server_behavior_returns_teal_report_object_with_valid_inputs_and_Date_response_Biplot_"/>
    <testcase time="0.871000000000095" classname="tm_a_pca" name="tm_g_response_module_server_behavior_fails_with_response_variable_being_used_in_PCA_Biplot_"/>
    <testcase time="1.08499999999981" classname="tm_a_pca" name="tm_g_response_module_server_behavior_returns_teal_report_object_with_valid_inputs_Eigenvector_plot_"/>
    <testcase time="0.0800000000001546" classname="tm_a_pca" name="tm_a_pca_module_ui_behavior_returns_a_htmltools_tag_or_taglist_with_minimal_arguments"/>
  </testsuite>
  <testsuite name="tm_a_regression" timestamp="2026-02-05T11:12:54Z" hostname="1244f72f586c" tests="41" skipped="0" failures="0" errors="0" time="7.675">
    <testcase time="0.0270000000000437" classname="tm_a_regression" name="tests_for_module_creation_works_with_default_arguments"/>
    <testcase time="0.00399999999990541" classname="tm_a_regression" name="tests_for_module_creation_works_after_setting_plot_arguments"/>
    <testcase time="0.00399999999990541" classname="tm_a_regression" name="tests_for_module_creation_works_when_setting_ggplot2_args"/>
    <testcase time="0.00500000000010914" classname="tm_a_regression" name="tests_for_module_creation_works_when_setting_default_outlier_label"/>
    <testcase time="0.00600000000008549" classname="tm_a_regression" name="tests_for_module_creation_works_with_pre_output"/>
    <testcase time="0.00199999999995271" classname="tm_a_regression" name="tests_for_module_creation_works_with_pre_output"/>
    <testcase time="0.00700000000006185" classname="tm_a_regression" name="tests_for_module_creation_works_with_post_output"/>
    <testcase time="0.00199999999995271" classname="tm_a_regression" name="tests_for_module_creation_works_with_post_output"/>
    <testcase time="0.00399999999990541" classname="tm_a_regression" name="tests_for_module_creation_accepts_a_transformator"/>
    <testcase time="0.00400000000013279" classname="tm_a_regression" name="tests_for_module_creation_accepts_a_decorator"/>
    <testcase time="0.0699999999999363" classname="tm_a_regression" name="tests_for_module_creation_ui_is_of_the_expected_type"/>
    <testcase time="0.0299999999999727" classname="tm_a_regression" name="Test_for_invalidation_of_arguments_fails_if_label_is_not_the_expected_type"/>
    <testcase time="0.0080000000000382" classname="tm_a_regression" name="Test_for_invalidation_of_arguments_fails_if_regressor_is_not_the_expected_type"/>
    <testcase time="0.00900000000001455" classname="tm_a_regression" name="Test_for_invalidation_of_arguments_fails_if_response_is_not_the_expected_type"/>
    <testcase time="0.00900000000001455" classname="tm_a_regression" name="Test_for_invalidation_of_arguments_fails_if_alpha_is_not_the_expected_type"/>
    <testcase time="0.00900000000001455" classname="tm_a_regression" name="Test_for_invalidation_of_arguments_fails_if_size_is_not_the_expected_type"/>
    <testcase time="0.00799999999981083" classname="tm_a_regression" name="Test_for_invalidation_of_arguments_fails_if_label_segment_threshold_is_not_the_expected_type"/>
    <testcase time="1.79700000000003" classname="tm_a_regression" name="Test_for_server_function_server_executes_without_error_with_default_arguments"/>
    <testcase time="0.00400000000013279" classname="tm_a_regression" name="Test_for_server_function_server_executes_without_error_with_default_arguments"/>
    <testcase time="0.00299999999992906" classname="tm_a_regression" name="Test_for_server_function_server_executes_without_error_with_default_arguments"/>
    <testcase time="0.952999999999975" classname="tm_a_regression" name="Test_for_server_function_server_executes_without_error_with_for_Residuals_vs_Leverage"/>
    <testcase time="0.00299999999992906" classname="tm_a_regression" name="Test_for_server_function_server_executes_without_error_with_for_Residuals_vs_Leverage"/>
    <testcase time="0.00400000000013279" classname="tm_a_regression" name="Test_for_server_function_server_executes_without_error_with_for_Residuals_vs_Leverage"/>
    <testcase time="0.829999999999927" classname="tm_a_regression" name="Test_for_server_function_server_executes_without_error_with_for_Residuals_vs_Fitted"/>
    <testcase time="0.00300000000015643" classname="tm_a_regression" name="Test_for_server_function_server_executes_without_error_with_for_Residuals_vs_Fitted"/>
    <testcase time="0.00299999999992906" classname="tm_a_regression" name="Test_for_server_function_server_executes_without_error_with_for_Residuals_vs_Fitted"/>
    <testcase time="0.826999999999998" classname="tm_a_regression" name="Test_for_server_function_server_executes_without_error_with_for_Scale_Location"/>
    <testcase time="0.00399999999990541" classname="tm_a_regression" name="Test_for_server_function_server_executes_without_error_with_for_Scale_Location"/>
    <testcase time="0.00300000000015643" classname="tm_a_regression" name="Test_for_server_function_server_executes_without_error_with_for_Scale_Location"/>
    <testcase time="0.782999999999902" classname="tm_a_regression" name="Test_for_server_function_server_executes_without_error_with_for_Cook_s_distance"/>
    <testcase time="0.00399999999990541" classname="tm_a_regression" name="Test_for_server_function_server_executes_without_error_with_for_Cook_s_distance"/>
    <testcase time="0.00300000000015643" classname="tm_a_regression" name="Test_for_server_function_server_executes_without_error_with_for_Cook_s_distance"/>
    <testcase time="0.789999999999964" classname="tm_a_regression" name="Test_for_server_function_server_executes_without_error_with_for_Normal_Q_Q"/>
    <testcase time="0.00299999999992906" classname="tm_a_regression" name="Test_for_server_function_server_executes_without_error_with_for_Normal_Q_Q"/>
    <testcase time="0.00300000000015643" classname="tm_a_regression" name="Test_for_server_function_server_executes_without_error_with_for_Normal_Q_Q"/>
    <testcase time="0.892999999999802" classname="tm_a_regression" name="Test_for_server_function_server_executes_without_error_with_for_Cook_s_dist_vs_Leverage"/>
    <testcase time="0.00300000000015643" classname="tm_a_regression" name="Test_for_server_function_server_executes_without_error_with_for_Cook_s_dist_vs_Leverage"/>
    <testcase time="0.00299999999992906" classname="tm_a_regression" name="Test_for_server_function_server_executes_without_error_with_for_Cook_s_dist_vs_Leverage"/>
    <testcase time="0.0460000000000491" classname="tm_a_regression" name="Test_for_server_function_server_has_an_error_if_data_is_not_reactive"/>
    <testcase time="0.293999999999869" classname="tm_a_regression" name="Test_for_server_function_server_throws_error_if_response_and_regressor_are_the_same_variable"/>
    <testcase time="0.208000000000084" classname="tm_a_regression" name="Test_for_server_function_server_throws_error_if_regressor_has_two_choices_for_Response_vs_Regressor"/>
  </testsuite>
  <testsuite name="tm_data_table" timestamp="2026-02-05T11:13:02Z" hostname="1244f72f586c" tests="34" skipped="0" failures="0" errors="0" time="0.7">
    <testcase time="0.00999999999999091" classname="tm_data_table" name="tm_data_tables_module_creation_creates_a_teal_module_object_with_default_options"/>
    <testcase time="0.00399999999990541" classname="tm_data_table" name="tm_data_tables_module_creation_creates_a_module_with_valid_transformators"/>
    <testcase time="0.00600000000008549" classname="tm_data_table" name="tm_data_tables_module_creation_creates_a_module_that_is_not_bookmarkable"/>
[...]
    <testcase time="0.00300000000015643" classname="variable_browser" name="tests_for_create_sparklines_exported_S3_methods_handles_numeric_vectors_with_NA_values"/>
    <testcase time="0.00399999999990541" classname="variable_browser" name="tests_for_create_sparklines_exported_S3_methods_handles_very_large_numeric_vectors"/>
    <testcase time="0.00400000000013279" classname="variable_browser" name="tests_for_create_sparklines_exported_S3_methods_handles_Date_vectors_with_only_NA"/>
    <testcase time="0.00399999999990541" classname="variable_browser" name="tests_for_create_sparklines_exported_S3_methods_handles_Date_vectors_with_one_unique_date"/>
    <testcase time="0.00500000000010914" classname="variable_browser" name="tests_for_create_sparklines_exported_S3_methods_handles_POSIXct_vectors_with_only_NA"/>
    <testcase time="0.00399999999990541" classname="variable_browser" name="tests_for_create_sparklines_exported_S3_methods_handles_POSIXct_vectors_with_one_unique_datetime"/>
    <testcase time="0.00500000000010914" classname="variable_browser" name="tests_for_create_sparklines_exported_S3_methods_handles_POSIXlt_vectors_with_only_NA"/>
    <testcase time="0.00399999999990541" classname="variable_browser" name="tests_for_create_sparklines_exported_S3_methods_handles_POSIXlt_vectors_with_one_unique_datetime"/>
    <testcase time="0.00399999999990541" classname="variable_browser" name="tests_for_create_sparklines_exported_S3_methods_handles_unsupported_types_with_default_method"/>
    <testcase time="0.0190000000000055" classname="variable_browser" name="tests_for_create_sparklines_exported_S3_methods_accepts_custom_width_parameter_for_numeric"/>
    <testcase time="0.00300000000015643" classname="variable_browser" name="tests_for_create_sparklines_exported_S3_methods_accepts_custom_width_parameter_for_numeric"/>
    <testcase time="0.00999999999999091" classname="variable_browser" name="tests_for_create_sparklines_exported_S3_methods_accepts_custom_width_parameter_for_factor"/>
    <testcase time="0.00399999999990541" classname="variable_browser" name="tests_for_create_sparklines_exported_S3_methods_accepts_custom_width_parameter_for_factor"/>
    <testcase time="0.00900000000001455" classname="variable_browser" name="tests_for_create_sparklines_exported_S3_methods_accepts_custom_bar_spacing_parameter_for_factor"/>
    <testcase time="0.00299999999992906" classname="variable_browser" name="tests_for_create_sparklines_exported_S3_methods_accepts_custom_bar_spacing_parameter_for_factor"/>
    <testcase time="0.00999999999999091" classname="variable_browser" name="tests_for_create_sparklines_exported_S3_methods_accepts_custom_bar_width_parameter_for_factor"/>
    <testcase time="0.00300000000015643" classname="variable_browser" name="tests_for_create_sparklines_exported_S3_methods_accepts_custom_bar_width_parameter_for_factor"/>
    <testcase time="0.00699999999983447" classname="variable_browser" name="tests_for_module_creation_creates_a_teal_module_object"/>
    <testcase time="0.00500000000010914" classname="variable_browser" name="tests_for_module_creation_uses_non_default_datanames"/>
    <testcase time="0.00399999999990541" classname="variable_browser" name="tests_for_module_creation_uses_non_parent_datanames"/>
    <testcase time="0.00700000000006185" classname="variable_browser" name="tests_for_module_creation_creates_a_teal_module_object_with_pre_output"/>
    <testcase time="0.00199999999995271" classname="variable_browser" name="tests_for_module_creation_creates_a_teal_module_object_with_pre_output"/>
    <testcase time="0.00700000000006185" classname="variable_browser" name="tests_for_module_creation_creates_a_teal_module_object_with_post_output"/>
    <testcase time="0.00299999999992906" classname="variable_browser" name="tests_for_module_creation_creates_a_teal_module_object_with_post_output"/>
    <testcase time="0.00500000000010914" classname="variable_browser" name="tests_for_module_creation_accepts_a_transformator"/>
    <testcase time="0.00399999999990541" classname="variable_browser" name="tests_for_module_creation_accepts_valid_ggplot2_args"/>
    <testcase time="0.00600000000008549" classname="variable_browser" name="tests_for_module_creation_creates_a_module_that_is_not_bookmarkable"/>
    <testcase time="0.04099999999994" classname="variable_browser" name="tests_for_module_creation_contains_the_expected_class_in_the_ui_component"/>
    <testcase time="0.0109999999999673" classname="variable_browser" name="tests_for_input_validation_fails_if_label_is_not_a_string"/>
    <testcase time="0.0190000000000055" classname="variable_browser" name="tests_for_input_validation_errors_for_deprecated_parameter_datasets_selected"/>
    <testcase time="0.0080000000000382" classname="variable_browser" name="tests_for_input_validation_fails_if_datanames_is_not_a_character"/>
    <testcase time="0.00700000000006185" classname="variable_browser" name="tests_for_input_validation_fails_if_datanames_is_not_a_character"/>
    <testcase time="0.0080000000000382" classname="variable_browser" name="tests_for_input_validation_fails_if_pre_output_is_not_a_valid_shiny_object"/>
    <testcase time="0.0080000000000382" classname="variable_browser" name="tests_for_input_validation_fails_if_post_output_is_not_a_valid_shiny_object"/>
    <testcase time="0.00799999999981083" classname="variable_browser" name="tests_for_input_validation_fails_if_ggplot2_args_is_not_of_the_valid_type"/>
    <testcase time="1.25600000000009" classname="variable_browser" name="tm_variable_browser_module_server_behavior_server_function_executes_successfully_with_numeric_data"/>
    <testcase time="0.00299999999992906" classname="variable_browser" name="tm_variable_browser_module_server_behavior_server_function_executes_successfully_with_numeric_data"/>
    <testcase time="0.00300000000015643" classname="variable_browser" name="tm_variable_browser_module_server_behavior_server_function_executes_successfully_with_numeric_data"/>
    <testcase time="1.37599999999998" classname="variable_browser" name="tm_variable_browser_module_server_behavior_server_function_executes_successfully_with_factor_data"/>
    <testcase time="0.00299999999992906" classname="variable_browser" name="tm_variable_browser_module_server_behavior_server_function_executes_successfully_with_factor_data"/>
    <testcase time="0.00299999999992906" classname="variable_browser" name="tm_variable_browser_module_server_behavior_server_function_executes_successfully_with_factor_data"/>
    <testcase time="1.20299999999997" classname="variable_browser" name="tm_variable_browser_module_server_behavior_server_function_executes_successfully_with_Date_data"/>
    <testcase time="0.00300000000015643" classname="variable_browser" name="tm_variable_browser_module_server_behavior_server_function_executes_successfully_with_Date_data"/>
    <testcase time="0.00299999999992906" classname="variable_browser" name="tm_variable_browser_module_server_behavior_server_function_executes_successfully_with_Date_data"/>
    <testcase time="1.53400000000011" classname="variable_browser" name="tm_variable_browser_module_server_behavior_server_function_handles_mixed_data_types"/>
    <testcase time="0.00299999999992906" classname="variable_browser" name="tm_variable_browser_module_server_behavior_server_function_handles_mixed_data_types"/>
    <testcase time="0.00299999999992906" classname="variable_browser" name="tm_variable_browser_module_server_behavior_server_function_handles_mixed_data_types"/>
    <testcase time="1.17499999999995" classname="variable_browser" name="tm_variable_browser_module_server_behavior_server_function_handles_data_with_NA_values"/>
    <testcase time="0.00300000000015643" classname="variable_browser" name="tm_variable_browser_module_server_behavior_server_function_handles_data_with_NA_values"/>
    <testcase time="0.00299999999992906" classname="variable_browser" name="tm_variable_browser_module_server_behavior_server_function_handles_data_with_NA_values"/>
    <testcase time="1.1690000000001" classname="variable_browser" name="tm_variable_browser_module_server_behavior_server_function_handles_multiple_datasets"/>
    <testcase time="0.00299999999992906" classname="variable_browser" name="tm_variable_browser_module_server_behavior_server_function_handles_multiple_datasets"/>
    <testcase time="0.00399999999990541" classname="variable_browser" name="tm_variable_browser_module_server_behavior_server_function_handles_multiple_datasets"/>
    <testcase time="1.17700000000013" classname="variable_browser" name="tm_variable_browser_module_server_behavior_server_function_handles_parent_dataname_filtering"/>
    <testcase time="0.00399999999990541" classname="variable_browser" name="tm_variable_browser_module_server_behavior_server_function_handles_parent_dataname_filtering"/>
    <testcase time="0.00400000000013279" classname="variable_browser" name="tm_variable_browser_module_server_behavior_server_function_handles_parent_dataname_filtering"/>
    <testcase time="1.50699999999983" classname="variable_browser" name="tm_variable_browser_module_server_behavior_server_function_handles_numeric_variables_with_few_unique_values"/>
    <testcase time="0.00300000000015643" classname="variable_browser" name="tm_variable_browser_module_server_behavior_server_function_handles_numeric_variables_with_few_unique_values"/>
    <testcase time="0.00299999999992906" classname="variable_browser" name="tm_variable_browser_module_server_behavior_server_function_handles_numeric_variables_with_few_unique_values"/>
    <testcase time="1.45800000000008" classname="variable_browser" name="tm_variable_browser_module_server_behavior_server_function_handles_logical_variables"/>
    <testcase time="0.00299999999992906" classname="variable_browser" name="tm_variable_browser_module_server_behavior_server_function_handles_logical_variables"/>
    <testcase time="0.00299999999992906" classname="variable_browser" name="tm_variable_browser_module_server_behavior_server_function_handles_logical_variables"/>
    <testcase time="1.35400000000004" classname="variable_browser" name="tm_variable_browser_module_server_behavior_server_function_works_with_custom_ggplot2_args"/>
    <testcase time="0.00400000000013279" classname="variable_browser" name="tm_variable_browser_module_server_behavior_server_function_works_with_custom_ggplot2_args"/>
    <testcase time="0.00299999999992906" classname="variable_browser" name="tm_variable_browser_module_server_behavior_server_function_works_with_custom_ggplot2_args"/>
    <testcase time="0.279999999999973" classname="variable_browser" name="testServer_for_data_exceptions_server_function_handles_empty_dataframes"/>
    <testcase time="0.00399999999990541" classname="variable_browser" name="testServer_for_data_exceptions_server_function_handles_empty_dataframes"/>
    <testcase time="1.66600000000017" classname="variable_browser" name="testServer_for_data_exceptions_server_function_handles_single_row_dataframes"/>
    <testcase time="0.00399999999990541" classname="variable_browser" name="testServer_for_data_exceptions_server_function_handles_single_row_dataframes"/>
    <testcase time="0.00299999999992906" classname="variable_browser" name="testServer_for_data_exceptions_server_function_handles_single_row_dataframes"/>
    <testcase time="1.20100000000002" classname="variable_browser" name="testServer_for_data_exceptions_server_function_handles_single_column_dataframes"/>
    <testcase time="0.00300000000015643" classname="variable_browser" name="testServer_for_data_exceptions_server_function_handles_single_column_dataframes"/>
    <testcase time="0.00199999999995271" classname="variable_browser" name="testServer_for_data_exceptions_server_function_handles_single_column_dataframes"/>
    <testcase time="1.17699999999991" classname="variable_browser" name="testServer_for_data_exceptions_server_function_handles_different_ggplot_themes"/>
    <testcase time="0.623000000000047" classname="variable_browser" name="testServer_for_data_exceptions_server_function_handles_different_ggplot_themes"/>
    <testcase time="0.630000000000109" classname="variable_browser" name="testServer_for_data_exceptions_server_function_handles_different_ggplot_themes"/>
    <testcase time="0.611999999999853" classname="variable_browser" name="testServer_for_data_exceptions_server_function_handles_different_ggplot_themes"/>
    <testcase time="0.625999999999976" classname="variable_browser" name="testServer_for_data_exceptions_server_function_handles_different_ggplot_themes"/>
    <testcase time="1.17700000000013" classname="variable_browser" name="testServer_for_data_exceptions_server_function_handles_different_font_sizes"/>
    <testcase time="0.618999999999915" classname="variable_browser" name="testServer_for_data_exceptions_server_function_handles_different_font_sizes"/>
    <testcase time="0.645999999999958" classname="variable_browser" name="testServer_for_data_exceptions_server_function_handles_different_font_sizes"/>
    <testcase time="0.620000000000118" classname="variable_browser" name="testServer_for_data_exceptions_server_function_handles_different_font_sizes"/>
    <testcase time="0.644999999999982" classname="variable_browser" name="testServer_for_data_exceptions_server_function_handles_different_font_sizes"/>
    <testcase time="1.15300000000002" classname="variable_browser" name="testServer_for_data_exceptions_server_function_handles_different_label_rotations"/>
    <testcase time="0.623000000000047" classname="variable_browser" name="testServer_for_data_exceptions_server_function_handles_different_label_rotations"/>
    <testcase time="0.642999999999802" classname="variable_browser" name="testServer_for_data_exceptions_server_function_handles_different_label_rotations"/>
    <testcase time="1.34300000000007" classname="variable_browser" name="testServer_for_data_exceptions_server_function_handles_switching_between_different_variables"/>
    <testcase time="0.752999999999929" classname="variable_browser" name="testServer_for_data_exceptions_server_function_handles_switching_between_different_variables"/>
    <testcase time="0.838000000000193" classname="variable_browser" name="testServer_for_data_exceptions_server_function_handles_switching_between_different_variables"/>
    <testcase time="0.721000000000004" classname="variable_browser" name="testServer_for_data_exceptions_server_function_handles_switching_between_different_variables"/>
    <testcase time="1.08399999999983" classname="variable_browser" name="testServer_for_data_exceptions_server_function_handles_datasets_with_special_characters_in_names"/>
    <testcase time="1.23700000000008" classname="variable_browser" name="testServer_for_data_exceptions_server_function_handles_integer_variables"/>
    <testcase time="1.21699999999987" classname="variable_browser" name="testServer_for_data_exceptions_server_function_handles_factors_with_ordered_levels"/>
    <testcase time="1.96100000000001" classname="variable_browser" name="UI_switches_and_controls_server_handles_toggling_display_density_switch"/>
    <testcase time="0.704000000000178" classname="variable_browser" name="UI_switches_and_controls_server_handles_toggling_display_density_switch"/>
    <testcase time="2.05899999999997" classname="variable_browser" name="UI_switches_and_controls_server_handles_toggling_remove_NA_hist_for_categorical_variables"/>
    <testcase time="0.723999999999933" classname="variable_browser" name="UI_switches_and_controls_server_handles_toggling_remove_NA_hist_for_categorical_variables"/>
    <testcase time="2.51800000000003" classname="variable_browser" name="UI_switches_and_controls_server_handles_different_outlier_definition_thresholds"/>
    <testcase time="1.13400000000001" classname="variable_browser" name="UI_switches_and_controls_server_handles_different_outlier_definition_thresholds"/>
    <testcase time="1.11300000000006" classname="variable_browser" name="UI_switches_and_controls_server_handles_different_outlier_definition_thresholds"/>
    <testcase time="1.13599999999997" classname="variable_browser" name="UI_switches_and_controls_server_handles_different_outlier_definition_thresholds"/>
    <testcase time="1.11599999999999" classname="variable_browser" name="UI_switches_and_controls_server_handles_different_outlier_definition_thresholds"/>
    <testcase time="1.13300000000004" classname="variable_browser" name="UI_switches_and_controls_server_handles_different_outlier_definition_thresholds"/>
    <testcase time="1.154" classname="variable_browser" name="UI_switches_and_controls_server_handles_different_outlier_definition_thresholds"/>
    <testcase time="1.6389999999999" classname="variable_browser" name="UI_switches_and_controls_server_handles_different_outlier_definition_thresholds"/>
    <testcase time="0.939000000000078" classname="variable_browser" name="UI_switches_and_controls_server_handles_different_outlier_definition_thresholds"/>
    <testcase time="0.595000000000027" classname="variable_browser" name="UI_switches_and_controls_server_handles_different_outlier_definition_thresholds"/>
    <testcase time="1.76599999999985" classname="variable_browser" name="UI_switches_and_controls_server_handles_numeric_as_factor_checkbox_toggle"/>
    <testcase time="0.220000000000027" classname="variable_browser" name="UI_switches_and_controls_server_handles_numeric_as_factor_checkbox_toggle"/>
    <testcase time="1.28500000000008" classname="variable_browser" name="UI_switches_and_controls_server_handles_numeric_as_factor_checkbox_toggle"/>
    <testcase time="0.575000000000045" classname="variable_browser" name="UI_switches_and_controls_server_handles_numeric_as_factor_checkbox_toggle"/>
    <testcase time="1.33999999999992" classname="variable_browser" name="UI_switches_and_controls_server_handles_variables_with_different_unique_value_counts"/>
    <testcase time="0.700000000000045" classname="variable_browser" name="UI_switches_and_controls_server_handles_variables_with_different_unique_value_counts"/>
    <testcase time="0.699000000000069" classname="variable_browser" name="UI_switches_and_controls_server_handles_variables_with_different_unique_value_counts"/>
    <testcase time="0.913000000000011" classname="variable_browser" name="UI_switches_and_controls_server_handles_categorical_variables_with_many_levels"/>
    <testcase time="0.00299999999992906" classname="variable_browser" name="UI_switches_and_controls_server_handles_categorical_variables_with_many_levels"/>
    <testcase time="0.988000000000056" classname="variable_browser" name="UI_switches_and_controls_server_handles_data_without_join_keys"/>
    <testcase time="0.00399999999990541" classname="variable_browser" name="UI_switches_and_controls_server_handles_data_without_join_keys"/>
    <testcase time="0.682999999999993" classname="variable_browser" name="UI_switches_and_controls_server_handles_variables_with_all_NA_values"/>
    <testcase time="0.719000000000051" classname="variable_browser" name="UI_switches_and_controls_server_handles_variables_with_all_NA_values"/>
    <testcase time="0.725999999999885" classname="variable_browser" name="UI_switches_and_controls_server_handles_variables_with_all_NA_values"/>
    <testcase time="1.27600000000007" classname="variable_browser" name="UI_switches_and_controls_server_handles_wrap_character_parameter_for_long_labels"/>
    <testcase time="2.31899999999996" classname="variable_browser" name="UI_switches_and_controls_server_handles_combined_outlier_removal_and_density_display"/>
    <testcase time="0.972999999999956" classname="variable_browser" name="UI_switches_and_controls_server_handles_combined_outlier_removal_and_density_display"/>
    <testcase time="0.693000000000211" classname="variable_browser" name="UI_switches_and_controls_server_handles_combined_outlier_removal_and_density_display"/>
  </testsuite>
</testsuites>
