<?xml version="1.0" encoding="UTF-8"?>
<testsuites>
  <testsuite name="examples" timestamp="2026-01-13T09:15:10Z" hostname="d7859a19bfba" tests="43" skipped="1" failures="0" errors="0" time="5.43">
    <testcase time="2.121" classname="examples" name="example_add_facet_labels.Rd"/>
    <testcase time="0.0550000000000002" classname="examples" name="example_call_fun_dots.Rd"/>
    <testcase time="0.02" classname="examples" name="example_create_sparklines.Rd"/>
    <testcase time="0.00700000000000012" classname="examples" name="example_dot_markdown_internal.Rd"/>
    <testcase time="0.00699999999999967" classname="examples" name="example_dot_scale_x_mosaic.Rd"/>
    <testcase time="0.00700000000000012" classname="examples" name="example_establish_updating_selection.Rd"/>
    <testcase time="0.00600000000000023" classname="examples" name="example_filter_outliers.Rd"/>
    <testcase time="0.0209999999999999" classname="examples" name="example_geom_mosaic.Rd"/>
    <testcase time="0.016" classname="examples" name="example_get_scatterplotmatrix_stats.Rd"/>
    <testcase time="0.00599999999999978" classname="examples" name="example_is_tab_active_js.Rd"/>
    <testcase time="0.00700000000000012" classname="examples" name="example_plot_var_summary.Rd"/>
    <testcase time="0.00600000000000023" classname="examples" name="example_remove_outliers_from.Rd"/>
    <testcase time="0.00699999999999967" classname="examples" name="example_render_single_tab.Rd"/>
    <testcase time="0.00600000000000023" classname="examples" name="example_render_tab_header.Rd"/>
    <testcase time="0.00700000000000012" classname="examples" name="example_render_tab_table.Rd"/>
    <testcase time="0.00699999999999967" classname="examples" name="example_render_tabset_panel_content.Rd"/>
    <testcase time="0.00600000000000023" classname="examples" name="example_select_decorators.Rd"/>
    <testcase time="0.00599999999999978" classname="examples" name="example_set_chunk_attrs.Rd"/>
    <testcase time="0.00700000000000012" classname="examples" name="example_set_chunk_dims.Rd"/>
    <testcase time="0.00700000000000012" classname="examples" name="example_shared_params.Rd"/>
    <testcase time="0.00699999999999967" classname="examples" name="example_srv_decorate_teal_data.Rd"/>
    <testcase time="0.00600000000000023" classname="examples" name="example_teal.modules.general.Rd"/>
    <testcase time="0.202" classname="examples" name="example_tm_a_pca.Rd"/>
    <testcase time="0.14" classname="examples" name="example_tm_a_regression.Rd"/>
    <testcase time="0.141" classname="examples" name="example_tm_data_table.Rd"/>
    <testcase time="0.239" classname="examples" name="example_tm_file_viewer.Rd"/>
    <testcase time="0.093" classname="examples" name="example_tm_front_page.Rd"/>
    <testcase time="0.174" classname="examples" name="example_tm_g_association.Rd"/>
    <testcase time="0.154" classname="examples" name="example_tm_g_bivariate.Rd"/>
    <testcase time="0.00399999999999956" classname="examples" name="example_tm_g_distribution.Rd">
      <skipped message="Reason: distribution initializes with short validation error ('test-examples.R:145:9')"/>
    </testcase>
    <testcase time="0.194" classname="examples" name="example_tm_g_response.Rd"/>
    <testcase time="0.158" classname="examples" name="example_tm_g_scatterplot.Rd"/>
    <testcase time="0.415" classname="examples" name="example_tm_g_scatterplotmatrix.Rd"/>
    <testcase time="0.253" classname="examples" name="example_tm_missing_data.Rd"/>
    <testcase time="0.168" classname="examples" name="example_tm_outliers.Rd"/>
    <testcase time="0.0989999999999993" classname="examples" name="example_tm_rmarkdown.Rd"/>
    <testcase time="0.44" classname="examples" name="example_tm_t_crosstable.Rd"/>
    <testcase time="0.176" classname="examples" name="example_tm_variable_browser.Rd"/>
    <testcase time="0.00699999999999967" classname="examples" name="example_validate_input.Rd"/>
    <testcase time="0.00700000000000056" classname="examples" name="example_var_missings_info.Rd"/>
    <testcase time="0.00699999999999967" classname="examples" name="example_var_summary_table.Rd"/>
    <testcase time="0.00699999999999967" classname="examples" name="example_variable_type_icons.Rd"/>
    <testcase time="0.00700000000000056" classname="examples" name="example_varname_w_label.Rd"/>
  </testsuite>
  <testsuite name="shinytest2-tm_a_pca" timestamp="2026-01-13T09:15:16Z" hostname="d7859a19bfba" tests="49" skipped="0" failures="0" errors="0" time="151.595">
    <testcase time="9.767" classname="shinytest2_tm_a_pca" name="e2e_tm_a_pca_Module_is_initialised_with_the_specified_defaults_in_function_call."/>
    <testcase time="0.0890000000000022" classname="shinytest2_tm_a_pca" name="e2e_tm_a_pca_Module_is_initialised_with_the_specified_defaults_in_function_call."/>
    <testcase time="0.00999999999999801" classname="shinytest2_tm_a_pca" name="e2e_tm_a_pca_Module_is_initialised_with_the_specified_defaults_in_function_call."/>
    <testcase time="0.00500000000000256" classname="shinytest2_tm_a_pca" name="e2e_tm_a_pca_Module_is_initialised_with_the_specified_defaults_in_function_call."/>
    <testcase time="0.0529999999999973" classname="shinytest2_tm_a_pca" name="e2e_tm_a_pca_Module_is_initialised_with_the_specified_defaults_in_function_call."/>
    <testcase time="0.0500000000000007" classname="shinytest2_tm_a_pca" name="e2e_tm_a_pca_Module_is_initialised_with_the_specified_defaults_in_function_call."/>
    <testcase time="0.0519999999999996" classname="shinytest2_tm_a_pca" name="e2e_tm_a_pca_Module_is_initialised_with_the_specified_defaults_in_function_call."/>
    <testcase time="8.684" classname="shinytest2_tm_a_pca" name="e2e_tm_a_pca_Eigenvector_table_should_have_data_extract_selection_Murder_Assault_on_header."/>
    <testcase time="0.131" classname="shinytest2_tm_a_pca" name="e2e_tm_a_pca_Eigenvector_table_should_have_data_extract_selection_Murder_Assault_on_header."/>
    <testcase time="0.0960000000000001" classname="shinytest2_tm_a_pca" name="e2e_tm_a_pca_Eigenvector_table_should_have_data_extract_selection_Murder_Assault_on_header."/>
    <testcase time="0.0960000000000001" classname="shinytest2_tm_a_pca" name="e2e_tm_a_pca_Eigenvector_table_should_have_data_extract_selection_Murder_Assault_on_header."/>
    <testcase time="11.817" classname="shinytest2_tm_a_pca" name="e2e_tm_a_pca_Eigenvector_table_should_have_data_extract_selection_Murder_UrbanPop_on_header."/>
    <testcase time="0.143000000000001" classname="shinytest2_tm_a_pca" name="e2e_tm_a_pca_Eigenvector_table_should_have_data_extract_selection_Murder_UrbanPop_on_header."/>
    <testcase time="0.0949999999999989" classname="shinytest2_tm_a_pca" name="e2e_tm_a_pca_Eigenvector_table_should_have_data_extract_selection_Murder_UrbanPop_on_header."/>
    <testcase time="0.0960000000000036" classname="shinytest2_tm_a_pca" name="e2e_tm_a_pca_Eigenvector_table_should_have_data_extract_selection_Murder_UrbanPop_on_header."/>
    <testcase time="11.661" classname="shinytest2_tm_a_pca" name="e2e_tm_a_pca_Color_by_columns_data_extract_must_be_from_non_selected_variable_set."/>
    <testcase time="0.768000000000001" classname="shinytest2_tm_a_pca" name="e2e_tm_a_pca_Color_by_columns_data_extract_must_be_from_non_selected_variable_set."/>
    <testcase time="8.418" classname="shinytest2_tm_a_pca" name="e2e_tm_a_pca_Changing_output_encodings_of_tables_display_does_not_generate_errors."/>
    <testcase time="0.553000000000004" classname="shinytest2_tm_a_pca" name="e2e_tm_a_pca_Changing_output_encodings_of_tables_display_does_not_generate_errors."/>
    <testcase time="0.0850000000000009" classname="shinytest2_tm_a_pca" name="e2e_tm_a_pca_Changing_output_encodings_of_tables_display_does_not_generate_errors."/>
    <testcase time="0.0489999999999995" classname="shinytest2_tm_a_pca" name="e2e_tm_a_pca_Changing_output_encodings_of_tables_display_does_not_generate_errors."/>
    <testcase time="0.0489999999999995" classname="shinytest2_tm_a_pca" name="e2e_tm_a_pca_Changing_output_encodings_of_tables_display_does_not_generate_errors."/>
    <testcase time="0.0489999999999995" classname="shinytest2_tm_a_pca" name="e2e_tm_a_pca_Changing_output_encodings_of_tables_display_does_not_generate_errors."/>
    <testcase time="9.635" classname="shinytest2_tm_a_pca" name="e2e_tm_a_pca_Changing_output_encodings_for_plot_type_does_not_generate_errors."/>
    <testcase time="1.39700000000001" classname="shinytest2_tm_a_pca" name="e2e_tm_a_pca_Changing_output_encodings_for_plot_type_does_not_generate_errors."/>
    <testcase time="1.125" classname="shinytest2_tm_a_pca" name="e2e_tm_a_pca_Changing_output_encodings_for_plot_type_does_not_generate_errors."/>
    <testcase time="1.46599999999999" classname="shinytest2_tm_a_pca" name="e2e_tm_a_pca_Changing_output_encodings_for_plot_type_does_not_generate_errors."/>
    <testcase time="8.366" classname="shinytest2_tm_a_pca" name="e2e_tm_a_pca_Changing_output_encodings_of_standardization_does_not_generate_errors."/>
    <testcase time="1.601" classname="shinytest2_tm_a_pca" name="e2e_tm_a_pca_Changing_output_encodings_of_standardization_does_not_generate_errors."/>
    <testcase time="1.586" classname="shinytest2_tm_a_pca" name="e2e_tm_a_pca_Changing_output_encodings_of_standardization_does_not_generate_errors."/>
    <testcase time="1.61500000000001" classname="shinytest2_tm_a_pca" name="e2e_tm_a_pca_Changing_output_encodings_of_standardization_does_not_generate_errors."/>
    <testcase time="8.407" classname="shinytest2_tm_a_pca" name="e2e_tm_a_pca_Changing_output_encodings_of_NA_action_does_not_generate_errors."/>
    <testcase time="11.618" classname="shinytest2_tm_a_pca" name="e2e_tm_a_pca_Changing_output_encodings_of_plot_type_hides_and_shows_options."/>
    <testcase time="2.69" classname="shinytest2_tm_a_pca" name="e2e_tm_a_pca_Changing_output_encodings_of_plot_type_hides_and_shows_options."/>
    <testcase time="2.17200000000001" classname="shinytest2_tm_a_pca" name="e2e_tm_a_pca_Changing_output_encodings_of_plot_type_hides_and_shows_options."/>
    <testcase time="2.166" classname="shinytest2_tm_a_pca" name="e2e_tm_a_pca_Changing_output_encodings_of_plot_type_hides_and_shows_options."/>
    <testcase time="3.389" classname="shinytest2_tm_a_pca" name="e2e_tm_a_pca_Changing_output_encodings_of_plot_type_hides_and_shows_options."/>
    <testcase time="2.178" classname="shinytest2_tm_a_pca" name="e2e_tm_a_pca_Changing_output_encodings_of_plot_type_hides_and_shows_options."/>
    <testcase time="3.542" classname="shinytest2_tm_a_pca" name="e2e_tm_a_pca_Changing_output_encodings_of_plot_type_hides_and_shows_options."/>
    <testcase time="2.17400000000001" classname="shinytest2_tm_a_pca" name="e2e_tm_a_pca_Changing_output_encodings_of_plot_type_hides_and_shows_options."/>
    <testcase time="2.172" classname="shinytest2_tm_a_pca" name="e2e_tm_a_pca_Changing_output_encodings_of_plot_type_hides_and_shows_options."/>
    <testcase time="8.30699999999999" classname="shinytest2_tm_a_pca" name="e2e_tm_a_pca_Changing_output_encodings_of_theme_does_not_generate_errors."/>
    <testcase time="0.532000000000011" classname="shinytest2_tm_a_pca" name="e2e_tm_a_pca_Changing_output_encodings_of_theme_does_not_generate_errors."/>
    <testcase time="0.531000000000006" classname="shinytest2_tm_a_pca" name="e2e_tm_a_pca_Changing_output_encodings_of_theme_does_not_generate_errors."/>
    <testcase time="0.531000000000006" classname="shinytest2_tm_a_pca" name="e2e_tm_a_pca_Changing_output_encodings_of_theme_does_not_generate_errors."/>
    <testcase time="8.41499999999999" classname="shinytest2_tm_a_pca" name="e2e_tm_a_pca_Changing_output_encodings_of_font_size_does_not_generate_errors."/>
    <testcase time="1.31" classname="shinytest2_tm_a_pca" name="e2e_tm_a_pca_Changing_output_encodings_of_font_size_does_not_generate_errors."/>
    <testcase time="1.322" classname="shinytest2_tm_a_pca" name="e2e_tm_a_pca_Changing_output_encodings_of_font_size_does_not_generate_errors."/>
    <testcase time="10.532" classname="shinytest2_tm_a_pca" name="e2e_tm_a_pca_Changing_output_encodings_of_font_size_does_not_generate_errors."/>
  </testsuite>
  <testsuite name="shinytest2-tm_a_regression" timestamp="2026-01-13T09:17:47Z" hostname="d7859a19bfba" tests="31" skipped="0" failures="0" errors="0" time="72.499">
    <testcase time="6.88300000000001" classname="shinytest2_tm_a_regression" name="e2e_tm_a_regression_Data_parameter_and_module_label_is_passed_properly."/>
    <testcase time="0.00499999999999545" classname="shinytest2_tm_a_regression" name="e2e_tm_a_regression_Data_parameter_and_module_label_is_passed_properly."/>
    <testcase time="0.0040000000000191" classname="shinytest2_tm_a_regression" name="e2e_tm_a_regression_Data_parameter_and_module_label_is_passed_properly."/>
    <testcase time="7.011" classname="shinytest2_tm_a_regression" name="e2e_tm_a_regression_Data_extract_spec_elements_are_initialized_with_the_default_values_specified_by_response_and_regressor_arg."/>
    <testcase time="0.00399999999999068" classname="shinytest2_tm_a_regression" name="e2e_tm_a_regression_Data_extract_spec_elements_are_initialized_with_the_default_values_specified_by_response_and_regressor_arg."/>
    <testcase time="9.404" classname="shinytest2_tm_a_regression" name="e2e_tm_a_regression_Plot_type_is_set_properly."/>
    <testcase time="7.011" classname="shinytest2_tm_a_regression" name="e2e_tm_a_regression_Plot_type_has_7_specific_choices_changing_choices_does_not_throw_errors."/>
    <testcase time="2.13000000000002" classname="shinytest2_tm_a_regression" name="e2e_tm_a_regression_Plot_type_has_7_specific_choices_changing_choices_does_not_throw_errors."/>
    <testcase time="0.00199999999998113" classname="shinytest2_tm_a_regression" name="e2e_tm_a_regression_Plot_type_has_7_specific_choices_changing_choices_does_not_throw_errors."/>
    <testcase time="1.32500000000002" classname="shinytest2_tm_a_regression" name="e2e_tm_a_regression_Plot_type_has_7_specific_choices_changing_choices_does_not_throw_errors."/>
    <testcase time="0.00199999999998113" classname="shinytest2_tm_a_regression" name="e2e_tm_a_regression_Plot_type_has_7_specific_choices_changing_choices_does_not_throw_errors."/>
    <testcase time="1.482" classname="shinytest2_tm_a_regression" name="e2e_tm_a_regression_Plot_type_has_7_specific_choices_changing_choices_does_not_throw_errors."/>
    <testcase time="0.00200000000000955" classname="shinytest2_tm_a_regression" name="e2e_tm_a_regression_Plot_type_has_7_specific_choices_changing_choices_does_not_throw_errors."/>
    <testcase time="1.35999999999999" classname="shinytest2_tm_a_regression" name="e2e_tm_a_regression_Plot_type_has_7_specific_choices_changing_choices_does_not_throw_errors."/>
    <testcase time="0.00200000000000955" classname="shinytest2_tm_a_regression" name="e2e_tm_a_regression_Plot_type_has_7_specific_choices_changing_choices_does_not_throw_errors."/>
    <testcase time="1.405" classname="shinytest2_tm_a_regression" name="e2e_tm_a_regression_Plot_type_has_7_specific_choices_changing_choices_does_not_throw_errors."/>
    <testcase time="0.00100000000000477" classname="shinytest2_tm_a_regression" name="e2e_tm_a_regression_Plot_type_has_7_specific_choices_changing_choices_does_not_throw_errors."/>
    <testcase time="1.53" classname="shinytest2_tm_a_regression" name="e2e_tm_a_regression_Plot_type_has_7_specific_choices_changing_choices_does_not_throw_errors."/>
    <testcase time="0.00200000000000955" classname="shinytest2_tm_a_regression" name="e2e_tm_a_regression_Plot_type_has_7_specific_choices_changing_choices_does_not_throw_errors."/>
    <testcase time="1.53899999999999" classname="shinytest2_tm_a_regression" name="e2e_tm_a_regression_Plot_type_has_7_specific_choices_changing_choices_does_not_throw_errors."/>
    <testcase time="7.04400000000001" classname="shinytest2_tm_a_regression" name="e2e_tm_a_regression_Outlier_definition_and_label_are_visible_by_default."/>
    <testcase time="2.16199999999998" classname="shinytest2_tm_a_regression" name="e2e_tm_a_regression_Outlier_definition_and_label_are_visible_by_default."/>
    <testcase time="2.16300000000001" classname="shinytest2_tm_a_regression" name="e2e_tm_a_regression_Outlier_definition_and_label_are_visible_by_default."/>
    <testcase time="7.00299999999999" classname="shinytest2_tm_a_regression" name="e2e_tm_a_regression_Outlier_definition_and_label_have_default_values_and_label_text."/>
    <testcase time="0.0040000000000191" classname="shinytest2_tm_a_regression" name="e2e_tm_a_regression_Outlier_definition_and_label_have_default_values_and_label_text."/>
    <testcase time="0.00199999999998113" classname="shinytest2_tm_a_regression" name="e2e_tm_a_regression_Outlier_definition_and_label_have_default_values_and_label_text."/>
    <testcase time="0.0940000000000225" classname="shinytest2_tm_a_regression" name="e2e_tm_a_regression_Outlier_definition_and_label_have_default_values_and_label_text."/>
    <testcase time="0.0499999999999829" classname="shinytest2_tm_a_regression" name="e2e_tm_a_regression_Outlier_definition_and_label_have_default_values_and_label_text."/>
    <testcase time="10.71" classname="shinytest2_tm_a_regression" name="e2e_tm_a_regression_Unchecking_display_outlier_hides_outlier_label_and_definition."/>
    <testcase time="2.15700000000001" classname="shinytest2_tm_a_regression" name="e2e_tm_a_regression_Unchecking_display_outlier_hides_outlier_label_and_definition."/>
    <testcase time="0.00600000000000023" classname="shinytest2_tm_a_regression" name="e2e_tm_a_regression_Unchecking_display_outlier_hides_outlier_label_and_definition."/>
  </testsuite>
  <testsuite name="shinytest2-tm_data_table" timestamp="2026-01-13T09:19:00Z" hostname="d7859a19bfba" tests="10" skipped="0" failures="0" errors="0" time="29.073">
    <testcase time="6.208" classname="shinytest2_tm_data_table" name="e2e_tm_data_table_Initializes_without_errors"/>
    <testcase time="0.00399999999999068" classname="shinytest2_tm_data_table" name="e2e_tm_data_table_Initializes_without_errors"/>
    <testcase time="6.46000000000001" classname="shinytest2_tm_data_table" name="e2e_tm_data_table_Verify_checkbox_displayed_over_data_table"/>
    <testcase time="6.33199999999999" classname="shinytest2_tm_data_table" name="e2e_tm_data_table_Verify_module_displays_data_table"/>
    <testcase time="2.077" classname="shinytest2_tm_data_table" name="e2e_tm_data_table_Verify_module_displays_data_table"/>
    <testcase time="0.0180000000000007" classname="shinytest2_tm_data_table" name="e2e_tm_data_table_Verify_module_displays_data_table"/>
    <testcase time="0.881" classname="shinytest2_tm_data_table" name="e2e_tm_data_table_Verify_module_displays_data_table"/>
    <testcase time="6.255" classname="shinytest2_tm_data_table" name="e2e_tm_data_table_Verify_default_variable_selection_and_set_new_selection"/>
    <testcase time="0.829000000000008" classname="shinytest2_tm_data_table" name="e2e_tm_data_table_Verify_default_variable_selection_and_set_new_selection"/>
    <testcase time="0.00900000000001455" classname="shinytest2_tm_data_table" name="e2e_tm_data_table_Verify_default_variable_selection_and_set_new_selection"/>
  </testsuite>
  <testsuite name="shinytest2-tm_file_viewer" timestamp="2026-01-13T09:19:29Z" hostname="d7859a19bfba" tests="6" skipped="0" failures="0" errors="2" time="25.908">
    <testcase time="3.87299999999999" classname="shinytest2_tm_file_viewer" name="e2e_tm_file_viewer_Initializes_without_errors_and_shows_files_tree_specified_in_input_path_argument">
      <error type="error" message="Error in `app_initialize(self, private, app_dir = app_dir, ..., load_timeout = load_timeout, timeout = timeout, wait = wait, expect_values_screenshot_args = expect_values_screenshot_args, screenshot_args = screenshot_args, check_names = check_names, name = name, variant = variant, view = view, height = height, width = width, seed = seed, clean_logs = clean_logs, shiny_args = shiny_args, render_args = render_args, options = options)`: Shiny app did not become stable in 1e+05ms. ('test-shinytest2-tm_file_viewer.R:23:3')">Error in `app_initialize(self, private, app_dir = app_dir, ..., load_timeout = load_timeout, timeout = timeout, wait = wait, expect_values_screenshot_args = expect_values_screenshot_args, screenshot_args = screenshot_args, check_names = check_names, name = name, variant = variant, view = view, height = height, width = width, seed = seed, clean_logs = clean_logs, shiny_args = shiny_args, render_args = render_args, options = options)`: Shiny app did not become stable in 1e+05ms.
Message: An error occurred while waiting for Shiny to be stable
Caused by error in `app_wait_for_idle()`:
! An error occurred while waiting for Shiny to be stable


ℹ You can inspect the failed AppDriver object via `rlang::last_error()$app`
ℹ AppDriver logs:
{shinytest2} R  info   09:19:29.84 Start AppDriver initialization
{shinytest2} R  info   09:19:29.92 Starting Shiny app
{shinytest2} R  info   09:19:31.18 Creating new ChromoteSession
{shinytest2} R  info   09:19:31.23 Navigating to Shiny app
{shinytest2} R  info   09:19:31.24 Injecting shiny-tracer.js
{chromote}   JS info   09:19:31.29 shinytest2; jQuery not found
{chromote}   JS info   09:19:31.29 shinytest2; Loaded
{shinytest2} R  info   09:19:31.30 Waiting for Shiny to become ready
{shinytest2} R  info   09:19:33.00 Waiting for Shiny to become idle for 200ms within 1e+05ms
{shinytest2} R  info   09:19:33.04 Error while initializing AppDriver:
                                   Shiny app did not become stable in 1e+05ms.
                                   Message: An error occurred while waiting for Shiny to be stable
                                   Caused by error in `app_wait_for_idle()`:
                                   ! An error occurred while waiting for Shiny to be stable
{shiny}      R  stderr ----------- Loading required package: shiny
{shiny}      R  stderr ----------- Attempting to load the environment ‘package:sparkline’
{shiny}      R  stderr ----------- Loading required package: teal.data
{shiny}      R  stderr ----------- Loading required package: teal.code
{shiny}      R  stderr ----------- Loading required package: teal.slice
{shiny}      R  stderr ----------- 
{shiny}      R  stderr ----------- You are using teal version 1.1.0
{shiny}      R  stderr ----------- 
{shiny}      R  stderr ----------- Attaching package: ‘teal’
{shiny}      R  stderr ----------- 
{shiny}      R  stderr ----------- The following objects are masked from ‘package:teal.slice’:
{shiny}      R  stderr ----------- 
{shiny}      R  stderr -----------     as.teal_slices, teal_slices
{shiny}      R  stderr ----------- 
{shiny}      R  stderr ----------- Running application in test mode.
{shiny}      R  stderr ----------- 
{shiny}      R  stderr ----------- Listening on http://127.0.0.1:3535


Caused by error in `app_initialize_()`:
! Shiny app did not become stable in 1e+05ms.
Message: An error occurred while waiting for Shiny to be stable
Caused by error in `app_wait_for_idle()`:
! An error occurred while waiting for Shiny to be stable
Backtrace:
     ▆
  1. ├─teal.modules.general (local) app_driver_tm_file_viewer() at test-shinytest2-tm_file_viewer.R:23:3
  2. │ └─teal.modules.general:::init_teal_app_driver(...) at test-shinytest2-tm_file_viewer.R:4:3
  3. │   ├─testthat::with_mocked_bindings(...) at ./helper-TealAppDriver.R:7:3
  4. │   └─TealAppDriver$new(...) at ./helper-TealAppDriver.R:10:7
  5. │     └─teal (local) initialize(...)
  6. │       ├─base::suppressWarnings(...)
  7. │       │ └─base::withCallingHandlers(...)
  8. │       └─super$initialize(...)
  9. │         └─shinytest2:::app_initialize(...)
 10. │           ├─base::withCallingHandlers(...)
 11. │           └─shinytest2:::app_initialize_(self, private, ..., view = view)
 12. │             ├─base::withCallingHandlers(...)
 13. │             └─self$wait_for_idle(duration = 200, timeout = private$load_timeout)
 14. │               └─shinytest2:::app_wait_for_idle(...)
 15. │                 └─shinytest2:::app_abort(self, private, "An error occurred while waiting for Shiny to be stable")
 16. │                   └─rlang::abort(..., app = self, call = call)
 17. │                     └─rlang:::signal_abort(cnd, .file)
 18. │                       └─base::signalCondition(cnd)
 19. ├─shinytest2 (local) `&lt;fn&gt;`(`&lt;rlng_rrr&gt;`)
 20. │ └─shinytest2:::app_abort(...)
 21. │   └─rlang::abort(..., app = self, call = call)
 22. │     └─rlang:::signal_abort(cnd, .file)
 23. │       └─base::signalCondition(cnd)
 24. └─shinytest2 (local) `&lt;fn&gt;`(`&lt;rlng_rrr&gt;`)
 25.   └─shinytest2:::app_abort(...)
 26.     └─rlang::abort(..., app = self, call = call)</error>
    </testcase>
    <testcase time="9.08799999999997" classname="shinytest2_tm_file_viewer" name="e2e_tm_file_viewer_Shows_selected_image_file"/>
    <testcase time="0.00600000000002865" classname="shinytest2_tm_file_viewer" name="e2e_tm_file_viewer_Shows_selected_image_file"/>
    <testcase time="3.69200000000001" classname="shinytest2_tm_file_viewer" name="e2e_tm_file_viewer_Shows_selected_text_file">
      <error type="error" message="Error in `app_initialize(self, private, app_dir = app_dir, ..., load_timeout = load_timeout, timeout = timeout, wait = wait, expect_values_screenshot_args = expect_values_screenshot_args, screenshot_args = screenshot_args, check_names = check_names, name = name, variant = variant, view = view, height = height, width = width, seed = seed, clean_logs = clean_logs, shiny_args = shiny_args, render_args = render_args, options = options)`: Shiny app did not become stable in 1e+05ms. ('test-shinytest2-tm_file_viewer.R:67:3')">Error in `app_initialize(self, private, app_dir = app_dir, ..., load_timeout = load_timeout, timeout = timeout, wait = wait, expect_values_screenshot_args = expect_values_screenshot_args, screenshot_args = screenshot_args, check_names = check_names, name = name, variant = variant, view = view, height = height, width = width, seed = seed, clean_logs = clean_logs, shiny_args = shiny_args, render_args = render_args, options = options)`: Shiny app did not become stable in 1e+05ms.
Message: An error occurred while waiting for Shiny to be stable
Caused by error in `app_wait_for_idle()`:
! An error occurred while waiting for Shiny to be stable


ℹ You can inspect the failed AppDriver object via `rlang::last_error()$app`
ℹ AppDriver logs:
{shinytest2} R  info   09:19:42.67 Start AppDriver initialization
{shinytest2} R  info   09:19:42.75 Starting Shiny app
{shinytest2} R  info   09:19:44.01 Creating new ChromoteSession
{shinytest2} R  info   09:19:44.06 Navigating to Shiny app
{shinytest2} R  info   09:19:44.07 Injecting shiny-tracer.js
{chromote}   JS info   09:19:44.11 shinytest2; jQuery not found
{chromote}   JS info   09:19:44.12 shinytest2; Loaded
{shinytest2} R  info   09:19:44.12 Waiting for Shiny to become ready
{shinytest2} R  info   09:19:45.79 Waiting for Shiny to become idle for 200ms within 1e+05ms
{shinytest2} R  info   09:19:45.82 Error while initializing AppDriver:
                                   Shiny app did not become stable in 1e+05ms.
                                   Message: An error occurred while waiting for Shiny to be stable
                                   Caused by error in `app_wait_for_idle()`:
                                   ! An error occurred while waiting for Shiny to be stable
{shiny}      R  stderr ----------- Loading required package: shiny
{shiny}      R  stderr ----------- Attempting to load the environment ‘package:sparkline’
{shiny}      R  stderr ----------- Loading required package: teal.data
{shiny}      R  stderr ----------- Loading required package: teal.code
{shiny}      R  stderr ----------- Loading required package: teal.slice
{shiny}      R  stderr ----------- 
{shiny}      R  stderr ----------- You are using teal version 1.1.0
{shiny}      R  stderr ----------- 
{shiny}      R  stderr ----------- Attaching package: ‘teal’
{shiny}      R  stderr ----------- 
{shiny}      R  stderr ----------- The following objects are masked from ‘package:teal.slice’:
{shiny}      R  stderr ----------- 
{shiny}      R  stderr -----------     as.teal_slices, teal_slices
{shiny}      R  stderr ----------- 
{shiny}      R  stderr ----------- Running application in test mode.
{shiny}      R  stderr ----------- 
{shiny}      R  stderr ----------- Listening on http://127.0.0.1:3636


Caused by error in `app_initialize_()`:
! Shiny app did not become stable in 1e+05ms.
Message: An error occurred while waiting for Shiny to be stable
Caused by error in `app_wait_for_idle()`:
! An error occurred while waiting for Shiny to be stable
Backtrace:
     ▆
  1. ├─teal.modules.general (local) app_driver_tm_file_viewer() at test-shinytest2-tm_file_viewer.R:67:3
  2. │ └─teal.modules.general:::init_teal_app_driver(...) at test-shinytest2-tm_file_viewer.R:4:3
  3. │   ├─testthat::with_mocked_bindings(...) at ./helper-TealAppDriver.R:7:3
  4. │   └─TealAppDriver$new(...) at ./helper-TealAppDriver.R:10:7
  5. │     └─teal (local) initialize(...)
  6. │       ├─base::suppressWarnings(...)
  7. │       │ └─base::withCallingHandlers(...)
  8. │       └─super$initialize(...)
  9. │         └─shinytest2:::app_initialize(...)
 10. │           ├─base::withCallingHandlers(...)
 11. │           └─shinytest2:::app_initialize_(self, private, ..., view = view)
 12. │             ├─base::withCallingHandlers(...)
 13. │             └─self$wait_for_idle(duration = 200, timeout = private$load_timeout)
 14. │               └─shinytest2:::app_wait_for_idle(...)
 15. │                 └─shinytest2:::app_abort(self, private, "An error occurred while waiting for Shiny to be stable")
 16. │                   └─rlang::abort(..., app = self, call = call)
 17. │                     └─rlang:::signal_abort(cnd, .file)
 18. │                       └─base::signalCondition(cnd)
 19. ├─shinytest2 (local) `&lt;fn&gt;`(`&lt;rlng_rrr&gt;`)
 20. │ └─shinytest2:::app_abort(...)
 21. │   └─rlang::abort(..., app = self, call = call)
 22. │     └─rlang:::signal_abort(cnd, .file)
 23. │       └─base::signalCondition(cnd)
 24. └─shinytest2 (local) `&lt;fn&gt;`(`&lt;rlng_rrr&gt;`)
 25.   └─shinytest2:::app_abort(...)
 26.     └─rlang::abort(..., app = self, call = call)</error>
    </testcase>
    <testcase time="9.15899999999999" classname="shinytest2_tm_file_viewer" name="e2e_tm_file_viewer_Shows_selected_url"/>
    <testcase time="0.089999999999975" classname="shinytest2_tm_file_viewer" name="e2e_tm_file_viewer_Shows_selected_url"/>
  </testsuite>
  <testsuite name="shinytest2-tm_front_page" timestamp="2026-01-13T09:19:55Z" hostname="d7859a19bfba" tests="9" skipped="0" failures="0" errors="0" time="26.932">
    <testcase time="5.87700000000001" classname="shinytest2_tm_front_page" name="e2e_tm_front_page_Initializes_without_errors_and_check_html_elements"/>
    <testcase time="0.0040000000000191" classname="shinytest2_tm_front_page" name="e2e_tm_front_page_Initializes_without_errors_and_check_html_elements"/>
    <testcase time="0.00599999999997181" classname="shinytest2_tm_front_page" name="e2e_tm_front_page_Initializes_without_errors_and_check_html_elements"/>
    <testcase time="0.007000000000005" classname="shinytest2_tm_front_page" name="e2e_tm_front_page_Initializes_without_errors_and_check_html_elements"/>
    <testcase time="5.93299999999999" classname="shinytest2_tm_front_page" name="e2e_tm_front_page_Verify_the_module_displays_tables"/>
    <testcase time="2.06900000000002" classname="shinytest2_tm_front_page" name="e2e_tm_front_page_Verify_the_module_displays_tables"/>
    <testcase time="0.0540000000000305" classname="shinytest2_tm_front_page" name="e2e_tm_front_page_Verify_the_module_displays_tables"/>
    <testcase time="2.06999999999999" classname="shinytest2_tm_front_page" name="e2e_tm_front_page_Verify_the_module_displays_tables"/>
    <testcase time="10.912" classname="shinytest2_tm_front_page" name="e2e_tm_front_page_Verify_the_module_displays_metadata"/>
  </testsuite>
  <testsuite name="shinytest2-tm_g_association" timestamp="2026-01-13T09:20:22Z" hostname="d7859a19bfba" tests="4" skipped="4" failures="0" errors="0" time="0.127">
    <testcase time="0.0869999999999891" classname="shinytest2_tm_g_association" name="e2e_tm_g_association_Data_parameter_and_module_label_is_passed_properly.">
      <skipped message="Reason: ggmosaic issue: will be resumed via the issue #925 in tmg ('test-shinytest2-tm_g_association.R:52:3')"/>
    </testcase>
    <testcase time="0.01400000000001" classname="shinytest2_tm_g_association" name="e2e_tm_g_association_Data_extract_spec_elements_are_initialized_with_the_default_values_specified_by_ref_and_vars_arguments.">
      <skipped message="Reason: ggmosaic issue: will be resumed via the issue  ('test-shinytest2-tm_g_association.R:69:3')"/>
    </testcase>
    <testcase time="0.0129999999999768" classname="shinytest2_tm_g_association" name="e2e_tm_g_association_Module_plot_is_visible.">
      <skipped message="Reason: ggmosaic issue: will be resumed via the issue  ('test-shinytest2-tm_g_association.R:91:3')"/>
    </testcase>
    <testcase time="0.0130000000000337" classname="shinytest2_tm_g_association" name="e2e_tm_g_association_Check_and_set_default_values_for_radio_buttons.">
      <skipped message="Reason: ggmosaic issue: will be resumed via the issue  ('test-shinytest2-tm_g_association.R:101:3')"/>
    </testcase>
  </testsuite>
  <testsuite name="shinytest2-tm_g_bivariate" timestamp="2026-01-13T09:20:22Z" hostname="d7859a19bfba" tests="20" skipped="0" failures="0" errors="2" time="69.738">
    <testcase time="3.97899999999998" classname="shinytest2_tm_g_bivariate" name="e2e_tm_g_bivariate_Module_is_initialised_with_the_specified_defaults.">
      <error type="error" message="Error in `app_initialize(self, private, app_dir = app_dir, ..., load_timeout = load_timeout, timeout = timeout, wait = wait, expect_values_screenshot_args = expect_values_screenshot_args, screenshot_args = screenshot_args, check_names = check_names, name = name, variant = variant, view = view, height = height, width = width, seed = seed, clean_logs = clean_logs, shiny_args = shiny_args, render_args = render_args, options = options)`: Shiny app did not become stable in 1e+05ms. ('test-shinytest2-tm_g_bivariate.R:93:3')">Error in `app_initialize(self, private, app_dir = app_dir, ..., load_timeout = load_timeout, timeout = timeout, wait = wait, expect_values_screenshot_args = expect_values_screenshot_args, screenshot_args = screenshot_args, check_names = check_names, name = name, variant = variant, view = view, height = height, width = width, seed = seed, clean_logs = clean_logs, shiny_args = shiny_args, render_args = render_args, options = options)`: Shiny app did not become stable in 1e+05ms.
Message: An error occurred while waiting for Shiny to be stable
Caused by error in `app_wait_for_idle()`:
! An error occurred while waiting for Shiny to be stable


ℹ You can inspect the failed AppDriver object via `rlang::last_error()$app`
ℹ AppDriver logs:
{shinytest2} R  info   09:20:22.55 Start AppDriver initialization
{shinytest2} R  info   09:20:22.64 Starting Shiny app
{shinytest2} R  info   09:20:23.89 Creating new ChromoteSession
{shinytest2} R  info   09:20:23.95 Navigating to Shiny app
{shinytest2} R  info   09:20:23.96 Injecting shiny-tracer.js
{chromote}   JS info   09:20:24.02 shinytest2; jQuery not found
{chromote}   JS info   09:20:24.02 shinytest2; Loaded
{shinytest2} R  info   09:20:24.02 Waiting for Shiny to become ready
{shinytest2} R  info   09:20:26.08 Waiting for Shiny to become idle for 200ms within 1e+05ms
{shinytest2} R  info   09:20:26.11 Error while initializing AppDriver:
                                   Shiny app did not become stable in 1e+05ms.
                                   Message: An error occurred while waiting for Shiny to be stable
                                   Caused by error in `app_wait_for_idle()`:
                                   ! An error occurred while waiting for Shiny to be stable
{shiny}      R  stderr ----------- Loading required package: shiny
{shiny}      R  stderr ----------- Attempting to load the environment ‘package:sparkline’
{shiny}      R  stderr ----------- Loading required package: teal.data
{shiny}      R  stderr ----------- Loading required package: teal.code
{shiny}      R  stderr ----------- Loading required package: teal.slice
{shiny}      R  stderr ----------- 
{shiny}      R  stderr ----------- You are using teal version 1.1.0
{shiny}      R  stderr ----------- 
{shiny}      R  stderr ----------- Attaching package: ‘teal’
{shiny}      R  stderr ----------- 
{shiny}      R  stderr ----------- The following objects are masked from ‘package:teal.slice’:
{shiny}      R  stderr ----------- 
{shiny}      R  stderr -----------     as.teal_slices, teal_slices
{shiny}      R  stderr ----------- 
{shiny}      R  stderr ----------- Running application in test mode.
{shiny}      R  stderr ----------- 
{shiny}      R  stderr ----------- Listening on http://127.0.0.1:6972


Caused by error in `app_initialize_()`:
! Shiny app did not become stable in 1e+05ms.
Message: An error occurred while waiting for Shiny to be stable
Caused by error in `app_wait_for_idle()`:
! An error occurred while waiting for Shiny to be stable
Backtrace:
     ▆
  1. ├─teal.modules.general (local) app_driver_tm_g_bivariate() at test-shinytest2-tm_g_bivariate.R:93:3
  2. │ └─teal.modules.general:::init_teal_app_driver(...) at test-shinytest2-tm_g_bivariate.R:8:3
  3. │   ├─testthat::with_mocked_bindings(...) at ./helper-TealAppDriver.R:7:3
  4. │   └─TealAppDriver$new(...) at ./helper-TealAppDriver.R:10:7
  5. │     └─teal (local) initialize(...)
  6. │       ├─base::suppressWarnings(...)
  7. │       │ └─base::withCallingHandlers(...)
  8. │       └─super$initialize(...)
  9. │         └─shinytest2:::app_initialize(...)
 10. │           ├─base::withCallingHandlers(...)
 11. │           └─shinytest2:::app_initialize_(self, private, ..., view = view)
 12. │             ├─base::withCallingHandlers(...)
 13. │             └─self$wait_for_idle(duration = 200, timeout = private$load_timeout)
 14. │               └─shinytest2:::app_wait_for_idle(...)
 15. │                 └─shinytest2:::app_abort(self, private, "An error occurred while waiting for Shiny to be stable")
 16. │                   └─rlang::abort(..., app = self, call = call)
 17. │                     └─rlang:::signal_abort(cnd, .file)
 18. │                       └─base::signalCondition(cnd)
 19. ├─shinytest2 (local) `&lt;fn&gt;`(`&lt;rlng_rrr&gt;`)
 20. │ └─shinytest2:::app_abort(...)
 21. │   └─rlang::abort(..., app = self, call = call)
 22. │     └─rlang:::signal_abort(cnd, .file)
 23. │       └─base::signalCondition(cnd)
 24. └─shinytest2 (local) `&lt;fn&gt;`(`&lt;rlng_rrr&gt;`)
 25.   └─shinytest2:::app_abort(...)
 26.     └─rlang::abort(..., app = self, call = call)</error>
    </testcase>
    <testcase time="10.782" classname="shinytest2_tm_g_bivariate" name="e2e_tm_g_bivariate_Coloring_options_are_hidden_when_coloring_is_toggled_off."/>
    <testcase time="2.19500000000005" classname="shinytest2_tm_g_bivariate" name="e2e_tm_g_bivariate_Coloring_options_are_hidden_when_coloring_is_toggled_off."/>
    <testcase time="2.19" classname="shinytest2_tm_g_bivariate" name="e2e_tm_g_bivariate_Coloring_options_are_hidden_when_coloring_is_toggled_off."/>
    <testcase time="3.57099999999997" classname="shinytest2_tm_g_bivariate" name="e2e_tm_g_bivariate_Coloring_options_are_hidden_when_coloring_is_toggled_off."/>
    <testcase time="2.19" classname="shinytest2_tm_g_bivariate" name="e2e_tm_g_bivariate_Coloring_options_are_hidden_when_coloring_is_toggled_off."/>
    <testcase time="2.18600000000004" classname="shinytest2_tm_g_bivariate" name="e2e_tm_g_bivariate_Coloring_options_are_hidden_when_coloring_is_toggled_off."/>
    <testcase time="4.07799999999997" classname="shinytest2_tm_g_bivariate" name="e2e_tm_g_bivariate_Facetting_options_are_hidden_when_facet_is_toggled_off.">
      <error type="error" message="Error in `app_initialize(self, private, app_dir = app_dir, ..., load_timeout = load_timeout, timeout = timeout, wait = wait, expect_values_screenshot_args = expect_values_screenshot_args, screenshot_args = screenshot_args, check_names = check_names, name = name, variant = variant, view = view, height = height, width = width, seed = seed, clean_logs = clean_logs, shiny_args = shiny_args, render_args = render_args, options = options)`: Shiny app did not become stable in 1e+05ms. ('test-shinytest2-tm_g_bivariate.R:162:3')">Error in `app_initialize(self, private, app_dir = app_dir, ..., load_timeout = load_timeout, timeout = timeout, wait = wait, expect_values_screenshot_args = expect_values_screenshot_args, screenshot_args = screenshot_args, check_names = check_names, name = name, variant = variant, view = view, height = height, width = width, seed = seed, clean_logs = clean_logs, shiny_args = shiny_args, render_args = render_args, options = options)`: Shiny app did not become stable in 1e+05ms.
Message: An error occurred while waiting for Shiny to be stable
Caused by error in `app_wait_for_idle()`:
! An error occurred while waiting for Shiny to be stable


ℹ You can inspect the failed AppDriver object via `rlang::last_error()$app`
ℹ AppDriver logs:
{shinytest2} R  info   09:20:49.73 Start AppDriver initialization
{shinytest2} R  info   09:20:49.82 Starting Shiny app
{shinytest2} R  info   09:20:51.07 Creating new ChromoteSession
{shinytest2} R  info   09:20:51.13 Navigating to Shiny app
{shinytest2} R  info   09:20:51.14 Injecting shiny-tracer.js
{chromote}   JS info   09:20:51.19 shinytest2; jQuery not found
{chromote}   JS info   09:20:51.19 shinytest2; Loaded
{shinytest2} R  info   09:20:51.19 Waiting for Shiny to become ready
{shinytest2} R  info   09:20:53.27 Waiting for Shiny to become idle for 200ms within 1e+05ms
{shinytest2} R  info   09:20:53.31 Error while initializing AppDriver:
                                   Shiny app did not become stable in 1e+05ms.
                                   Message: An error occurred while waiting for Shiny to be stable
                                   Caused by error in `app_wait_for_idle()`:
                                   ! An error occurred while waiting for Shiny to be stable
{shiny}      R  stderr ----------- Loading required package: shiny
{shiny}      R  stderr ----------- Attempting to load the environment ‘package:sparkline’
{shiny}      R  stderr ----------- Loading required package: teal.data
{shiny}      R  stderr ----------- Loading required package: teal.code
{shiny}      R  stderr ----------- Loading required package: teal.slice
{shiny}      R  stderr ----------- 
{shiny}      R  stderr ----------- You are using teal version 1.1.0
{shiny}      R  stderr ----------- 
{shiny}      R  stderr ----------- Attaching package: ‘teal’
{shiny}      R  stderr ----------- 
{shiny}      R  stderr ----------- The following objects are masked from ‘package:teal.slice’:
{shiny}      R  stderr ----------- 
{shiny}      R  stderr -----------     as.teal_slices, teal_slices
{shiny}      R  stderr ----------- 
{shiny}      R  stderr ----------- Running application in test mode.
{shiny}      R  stderr ----------- 
{shiny}      R  stderr ----------- Listening on http://127.0.0.1:3047


Caused by error in `app_initialize_()`:
! Shiny app did not become stable in 1e+05ms.
Message: An error occurred while waiting for Shiny to be stable
Caused by error in `app_wait_for_idle()`:
! An error occurred while waiting for Shiny to be stable
Backtrace:
     ▆
  1. ├─teal.modules.general (local) app_driver_tm_g_bivariate() at test-shinytest2-tm_g_bivariate.R:162:3
  2. │ └─teal.modules.general:::init_teal_app_driver(...) at test-shinytest2-tm_g_bivariate.R:8:3
  3. │   ├─testthat::with_mocked_bindings(...) at ./helper-TealAppDriver.R:7:3
  4. │   └─TealAppDriver$new(...) at ./helper-TealAppDriver.R:10:7
  5. │     └─teal (local) initialize(...)
  6. │       ├─base::suppressWarnings(...)
  7. │       │ └─base::withCallingHandlers(...)
  8. │       └─super$initialize(...)
  9. │         └─shinytest2:::app_initialize(...)
 10. │           ├─base::withCallingHandlers(...)
 11. │           └─shinytest2:::app_initialize_(self, private, ..., view = view)
 12. │             ├─base::withCallingHandlers(...)
 13. │             └─self$wait_for_idle(duration = 200, timeout = private$load_timeout)
 14. │               └─shinytest2:::app_wait_for_idle(...)
 15. │                 └─shinytest2:::app_abort(self, private, "An error occurred while waiting for Shiny to be stable")
 16. │                   └─rlang::abort(..., app = self, call = call)
 17. │                     └─rlang:::signal_abort(cnd, .file)
 18. │                       └─base::signalCondition(cnd)
 19. ├─shinytest2 (local) `&lt;fn&gt;`(`&lt;rlng_rrr&gt;`)
 20. │ └─shinytest2:::app_abort(...)
 21. │   └─rlang::abort(..., app = self, call = call)
 22. │     └─rlang:::signal_abort(cnd, .file)
 23. │       └─base::signalCondition(cnd)
 24. └─shinytest2 (local) `&lt;fn&gt;`(`&lt;rlng_rrr&gt;`)
 25.   └─shinytest2:::app_abort(...)
 26.     └─rlang::abort(..., app = self, call = call)</error>
    </testcase>
    <testcase time="10.174" classname="shinytest2_tm_g_bivariate" name="e2e_tm_g_bivariate_Setting_encoding_inputs_produces_outputs_without_validation_errors."/>
    <testcase time="0.525000000000034" classname="shinytest2_tm_g_bivariate" name="e2e_tm_g_bivariate_Setting_encoding_inputs_produces_outputs_without_validation_errors."/>
    <testcase time="1.47699999999998" classname="shinytest2_tm_g_bivariate" name="e2e_tm_g_bivariate_Setting_encoding_inputs_produces_outputs_without_validation_errors."/>
    <testcase time="3.005" classname="shinytest2_tm_g_bivariate" name="e2e_tm_g_bivariate_Setting_encoding_inputs_produces_outputs_without_validation_errors."/>
    <testcase time="1.72000000000003" classname="shinytest2_tm_g_bivariate" name="e2e_tm_g_bivariate_Setting_encoding_inputs_produces_outputs_without_validation_errors."/>
    <testcase time="2.93700000000001" classname="shinytest2_tm_g_bivariate" name="e2e_tm_g_bivariate_Setting_encoding_inputs_produces_outputs_without_validation_errors."/>
    <testcase time="2.94299999999998" classname="shinytest2_tm_g_bivariate" name="e2e_tm_g_bivariate_Setting_encoding_inputs_produces_outputs_without_validation_errors."/>
    <testcase time="3.05500000000001" classname="shinytest2_tm_g_bivariate" name="e2e_tm_g_bivariate_Setting_encoding_inputs_produces_outputs_without_validation_errors."/>
    <testcase time="3.04199999999997" classname="shinytest2_tm_g_bivariate" name="e2e_tm_g_bivariate_Setting_encoding_inputs_produces_outputs_without_validation_errors."/>
    <testcase time="3.25600000000003" classname="shinytest2_tm_g_bivariate" name="e2e_tm_g_bivariate_Setting_encoding_inputs_produces_outputs_without_validation_errors."/>
    <testcase time="3.41899999999998" classname="shinytest2_tm_g_bivariate" name="e2e_tm_g_bivariate_Setting_encoding_inputs_produces_outputs_without_validation_errors."/>
    <testcase time="3.01400000000001" classname="shinytest2_tm_g_bivariate" name="e2e_tm_g_bivariate_Setting_encoding_inputs_produces_outputs_without_validation_errors."/>
  </testsuite>
  <testsuite name="shinytest2-tm_g_distribution" timestamp="2026-01-13T09:21:49Z" hostname="d7859a19bfba" tests="20" skipped="0" failures="0" errors="0" time="61.116">
    <testcase time="24.438" classname="shinytest2_tm_g_distribution" name="e2e_tm_g_distribution_Module_is_initialised_with_the_specified_defaults."/>
    <testcase time="0.0930000000000177" classname="shinytest2_tm_g_distribution" name="e2e_tm_g_distribution_Module_is_initialised_with_the_specified_defaults."/>
    <testcase time="0.0509999999999877" classname="shinytest2_tm_g_distribution" name="e2e_tm_g_distribution_Module_is_initialised_with_the_specified_defaults."/>
    <testcase time="0.0509999999999877" classname="shinytest2_tm_g_distribution" name="e2e_tm_g_distribution_Module_is_initialised_with_the_specified_defaults."/>
    <testcase time="0.0509999999999877" classname="shinytest2_tm_g_distribution" name="e2e_tm_g_distribution_Module_is_initialised_with_the_specified_defaults."/>
    <testcase time="0.0500000000000114" classname="shinytest2_tm_g_distribution" name="e2e_tm_g_distribution_Module_is_initialised_with_the_specified_defaults."/>
    <testcase time="0.049000000000035" classname="shinytest2_tm_g_distribution" name="e2e_tm_g_distribution_Module_is_initialised_with_the_specified_defaults."/>
    <testcase time="0.0499999999999545" classname="shinytest2_tm_g_distribution" name="e2e_tm_g_distribution_Module_is_initialised_with_the_specified_defaults."/>
    <testcase time="0.0550000000000068" classname="shinytest2_tm_g_distribution" name="e2e_tm_g_distribution_Module_is_initialised_with_the_specified_defaults."/>
    <testcase time="0.708000000000027" classname="shinytest2_tm_g_distribution" name="e2e_tm_g_distribution_Module_is_initialised_with_the_specified_defaults."/>
    <testcase time="8.67199999999997" classname="shinytest2_tm_g_distribution" name="e2e_tm_g_distribution_Histogram_encoding_inputs_produce_output_without_validation_errors."/>
    <testcase time="3.08000000000004" classname="shinytest2_tm_g_distribution" name="e2e_tm_g_distribution_Histogram_encoding_inputs_produce_output_without_validation_errors."/>
    <testcase time="2.22299999999996" classname="shinytest2_tm_g_distribution" name="e2e_tm_g_distribution_Histogram_encoding_inputs_produce_output_without_validation_errors."/>
    <testcase time="1.18700000000001" classname="shinytest2_tm_g_distribution" name="e2e_tm_g_distribution_Histogram_encoding_inputs_produce_output_without_validation_errors."/>
    <testcase time="2.38499999999999" classname="shinytest2_tm_g_distribution" name="e2e_tm_g_distribution_Histogram_encoding_inputs_produce_output_without_validation_errors."/>
    <testcase time="2.16699999999997" classname="shinytest2_tm_g_distribution" name="e2e_tm_g_distribution_Histogram_encoding_inputs_produce_output_without_validation_errors."/>
    <testcase time="1.32400000000001" classname="shinytest2_tm_g_distribution" name="e2e_tm_g_distribution_Histogram_encoding_inputs_produce_output_without_validation_errors."/>
    <testcase time="1.24799999999999" classname="shinytest2_tm_g_distribution" name="e2e_tm_g_distribution_Histogram_encoding_inputs_produce_output_without_validation_errors."/>
    <testcase time="8.51300000000003" classname="shinytest2_tm_g_distribution" name="e2e_tm_g_distribution_QQ_plot_encoding_inputs_produce_output_without_validation_errors."/>
    <testcase time="4.721" classname="shinytest2_tm_g_distribution" name="e2e_tm_g_distribution_QQ_plot_encoding_inputs_produce_output_without_validation_errors."/>
  </testsuite>
  <testsuite name="shinytest2-tm_g_response" timestamp="2026-01-13T09:22:33Z" hostname="d7859a19bfba" tests="17" skipped="0" failures="0" errors="0" time="39.558">
    <testcase time="7.08699999999999" classname="shinytest2_tm_g_response" name="e2e_tm_g_response_module_is_initialised_with_the_specified_defaults."/>
    <testcase time="0.142999999999972" classname="shinytest2_tm_g_response" name="e2e_tm_g_response_module_is_initialised_with_the_specified_defaults."/>
    <testcase time="0.0489999999999782" classname="shinytest2_tm_g_response" name="e2e_tm_g_response_module_is_initialised_with_the_specified_defaults."/>
    <testcase time="0.0500000000000114" classname="shinytest2_tm_g_response" name="e2e_tm_g_response_module_is_initialised_with_the_specified_defaults."/>
    <testcase time="0.0520000000000209" classname="shinytest2_tm_g_response" name="e2e_tm_g_response_module_is_initialised_with_the_specified_defaults."/>
    <testcase time="0.0519999999999641" classname="shinytest2_tm_g_response" name="e2e_tm_g_response_module_is_initialised_with_the_specified_defaults."/>
    <testcase time="0.0520000000000209" classname="shinytest2_tm_g_response" name="e2e_tm_g_response_module_is_initialised_with_the_specified_defaults."/>
    <testcase time="0.0500000000000114" classname="shinytest2_tm_g_response" name="e2e_tm_g_response_module_is_initialised_with_the_specified_defaults."/>
    <testcase time="8.63" classname="shinytest2_tm_g_response" name="e2e_tm_g_response_encoding_inputs_produce_output_without_validation_errors."/>
    <testcase time="1.65799999999996" classname="shinytest2_tm_g_response" name="e2e_tm_g_response_encoding_inputs_produce_output_without_validation_errors."/>
    <testcase time="1.30800000000005" classname="shinytest2_tm_g_response" name="e2e_tm_g_response_encoding_inputs_produce_output_without_validation_errors."/>
    <testcase time="1.16499999999996" classname="shinytest2_tm_g_response" name="e2e_tm_g_response_encoding_inputs_produce_output_without_validation_errors."/>
    <testcase time="1.226" classname="shinytest2_tm_g_response" name="e2e_tm_g_response_encoding_inputs_produce_output_without_validation_errors."/>
    <testcase time="1.21600000000001" classname="shinytest2_tm_g_response" name="e2e_tm_g_response_encoding_inputs_produce_output_without_validation_errors."/>
    <testcase time="1.298" classname="shinytest2_tm_g_response" name="e2e_tm_g_response_encoding_inputs_produce_output_without_validation_errors."/>
    <testcase time="7.88" classname="shinytest2_tm_g_response" name="e2e_tm_g_response_deselecting_response_produces_validation_error."/>
    <testcase time="7.642" classname="shinytest2_tm_g_response" name="e2e_tm_g_response_deselecting_x_produces_validation_error."/>
  </testsuite>
  <testsuite name="shinytest2-tm_g_scatterplot" timestamp="2026-01-13T09:23:12Z" hostname="d7859a19bfba" tests="35" skipped="0" failures="0" errors="0" time="78.042">
    <testcase time="7.041" classname="shinytest2_tm_g_scatterplot" name="e2e_tm_g_scatterplot_Module_is_initialised_with_the_specified_defaults."/>
    <testcase time="0.0569999999999595" classname="shinytest2_tm_g_scatterplot" name="e2e_tm_g_scatterplot_Module_is_initialised_with_the_specified_defaults."/>
    <testcase time="0.0500000000000114" classname="shinytest2_tm_g_scatterplot" name="e2e_tm_g_scatterplot_Module_is_initialised_with_the_specified_defaults."/>
    <testcase time="0.0529999999999973" classname="shinytest2_tm_g_scatterplot" name="e2e_tm_g_scatterplot_Module_is_initialised_with_the_specified_defaults."/>
    <testcase time="0.0520000000000209" classname="shinytest2_tm_g_scatterplot" name="e2e_tm_g_scatterplot_Module_is_initialised_with_the_specified_defaults."/>
    <testcase time="0.0519999999999641" classname="shinytest2_tm_g_scatterplot" name="e2e_tm_g_scatterplot_Module_is_initialised_with_the_specified_defaults."/>
    <testcase time="0.0500000000000114" classname="shinytest2_tm_g_scatterplot" name="e2e_tm_g_scatterplot_Module_is_initialised_with_the_specified_defaults."/>
    <testcase time="0.0529999999999973" classname="shinytest2_tm_g_scatterplot" name="e2e_tm_g_scatterplot_Module_is_initialised_with_the_specified_defaults."/>
    <testcase time="0.0520000000000209" classname="shinytest2_tm_g_scatterplot" name="e2e_tm_g_scatterplot_Module_is_initialised_with_the_specified_defaults."/>
    <testcase time="0.0509999999999877" classname="shinytest2_tm_g_scatterplot" name="e2e_tm_g_scatterplot_Module_is_initialised_with_the_specified_defaults."/>
    <testcase time="0.0509999999999877" classname="shinytest2_tm_g_scatterplot" name="e2e_tm_g_scatterplot_Module_is_initialised_with_the_specified_defaults."/>
    <testcase time="0.0510000000000446" classname="shinytest2_tm_g_scatterplot" name="e2e_tm_g_scatterplot_Module_is_initialised_with_the_specified_defaults."/>
    <testcase time="0.0509999999999877" classname="shinytest2_tm_g_scatterplot" name="e2e_tm_g_scatterplot_Module_is_initialised_with_the_specified_defaults."/>
    <testcase time="0.0519999999999641" classname="shinytest2_tm_g_scatterplot" name="e2e_tm_g_scatterplot_Module_is_initialised_with_the_specified_defaults."/>
    <testcase time="0.0520000000000209" classname="shinytest2_tm_g_scatterplot" name="e2e_tm_g_scatterplot_Module_is_initialised_with_the_specified_defaults."/>
    <testcase time="0.0500000000000114" classname="shinytest2_tm_g_scatterplot" name="e2e_tm_g_scatterplot_Module_is_initialised_with_the_specified_defaults."/>
    <testcase time="8.04899999999998" classname="shinytest2_tm_g_scatterplot" name="e2e_tm_g_scatterplot_Base_for_the_log_transformation_can_be_applied."/>
    <testcase time="0.997000000000014" classname="shinytest2_tm_g_scatterplot" name="e2e_tm_g_scatterplot_Base_for_the_log_transformation_can_be_applied."/>
    <testcase time="1.22000000000003" classname="shinytest2_tm_g_scatterplot" name="e2e_tm_g_scatterplot_Base_for_the_log_transformation_can_be_applied."/>
    <testcase time="1.03699999999998" classname="shinytest2_tm_g_scatterplot" name="e2e_tm_g_scatterplot_Base_for_the_log_transformation_can_be_applied."/>
    <testcase time="8.84899999999999" classname="shinytest2_tm_g_scatterplot" name="e2e_tm_g_scatterplot_The_log_transform_is_only_possible_for_positive_numeric_vars."/>
    <testcase time="1.32399999999996" classname="shinytest2_tm_g_scatterplot" name="e2e_tm_g_scatterplot_The_log_transform_is_only_possible_for_positive_numeric_vars."/>
    <testcase time="1.67000000000007" classname="shinytest2_tm_g_scatterplot" name="e2e_tm_g_scatterplot_The_log_transform_is_only_possible_for_positive_numeric_vars."/>
    <testcase time="9.58500000000004" classname="shinytest2_tm_g_scatterplot" name="e2e_tm_g_scatterplot_Get_validation_error_when_facetting_with_the_same_row_col_variable."/>
    <testcase time="8.51099999999997" classname="shinytest2_tm_g_scatterplot" name="e2e_tm_g_scatterplot_The_encoding_inputs_are_set_without_validation_errors."/>
    <testcase time="1.40999999999997" classname="shinytest2_tm_g_scatterplot" name="e2e_tm_g_scatterplot_The_encoding_inputs_are_set_without_validation_errors."/>
    <testcase time="1.56600000000003" classname="shinytest2_tm_g_scatterplot" name="e2e_tm_g_scatterplot_The_encoding_inputs_are_set_without_validation_errors."/>
    <testcase time="1.81600000000003" classname="shinytest2_tm_g_scatterplot" name="e2e_tm_g_scatterplot_The_encoding_inputs_are_set_without_validation_errors."/>
    <testcase time="1.71599999999989" classname="shinytest2_tm_g_scatterplot" name="e2e_tm_g_scatterplot_The_encoding_inputs_are_set_without_validation_errors."/>
    <testcase time="1.678" classname="shinytest2_tm_g_scatterplot" name="e2e_tm_g_scatterplot_The_encoding_inputs_are_set_without_validation_errors."/>
    <testcase time="1.68200000000002" classname="shinytest2_tm_g_scatterplot" name="e2e_tm_g_scatterplot_The_encoding_inputs_are_set_without_validation_errors."/>
    <testcase time="10.5350000000001" classname="shinytest2_tm_g_scatterplot" name="e2e_tm_g_scatterplot_The_encoding_inputs_are_set_without_validation_errors."/>
    <testcase time="1.79300000000001" classname="shinytest2_tm_g_scatterplot" name="e2e_tm_g_scatterplot_The_encoding_inputs_are_set_without_validation_errors."/>
    <testcase time="3.88499999999999" classname="shinytest2_tm_g_scatterplot" name="e2e_tm_g_scatterplot_The_encoding_inputs_are_set_without_validation_errors."/>
    <testcase time="2.90099999999995" classname="shinytest2_tm_g_scatterplot" name="e2e_tm_g_scatterplot_The_encoding_inputs_are_set_without_validation_errors."/>
  </testsuite>
  <testsuite name="shinytest2-tm_g_scatterplotmatrix" timestamp="2026-01-13T09:24:30Z" hostname="d7859a19bfba" tests="9" skipped="0" failures="0" errors="0" time="36.613">
    <testcase time="7.226" classname="shinytest2_tm_g_scatterplotmatrix" name="e2e_tm_g_scatterplotmatrix_Initializes_without_errors"/>
    <testcase time="0.0040000000000191" classname="shinytest2_tm_g_scatterplotmatrix" name="e2e_tm_g_scatterplotmatrix_Initializes_without_errors"/>
    <testcase time="0.0040000000000191" classname="shinytest2_tm_g_scatterplotmatrix" name="e2e_tm_g_scatterplotmatrix_Initializes_without_errors"/>
    <testcase time="9.38199999999995" classname="shinytest2_tm_g_scatterplotmatrix" name="e2e_tm_g_scatterplotmatrix_Verify_module_displays_data_table"/>
    <testcase time="7.27499999999998" classname="shinytest2_tm_g_scatterplotmatrix" name="e2e_tm_g_scatterplotmatrix_Verify_default_values_and_settings_data_extracts_for_data_selection"/>
    <testcase time="0.00200000000006639" classname="shinytest2_tm_g_scatterplotmatrix" name="e2e_tm_g_scatterplotmatrix_Verify_default_values_and_settings_data_extracts_for_data_selection"/>
    <testcase time="1.471" classname="shinytest2_tm_g_scatterplotmatrix" name="e2e_tm_g_scatterplotmatrix_Verify_default_values_and_settings_data_extracts_for_data_selection"/>
    <testcase time="8.60199999999998" classname="shinytest2_tm_g_scatterplotmatrix" name="e2e_tm_g_scatterplotmatrix_Change_plot_settings"/>
    <testcase time="2.64700000000005" classname="shinytest2_tm_g_scatterplotmatrix" name="e2e_tm_g_scatterplotmatrix_Change_plot_settings"/>
  </testsuite>
  <testsuite name="shinytest2-tm_missing_data" timestamp="2026-01-13T09:25:07Z" hostname="d7859a19bfba" tests="21" skipped="0" failures="0" errors="0" time="60.153">
    <testcase time="8.44899999999996" classname="shinytest2_tm_missing_data" name="e2e_tm_missing_data_Initializes_without_errors"/>
    <testcase time="0.0040000000000191" classname="shinytest2_tm_missing_data" name="e2e_tm_missing_data_Initializes_without_errors"/>
    <testcase time="0.00499999999999545" classname="shinytest2_tm_missing_data" name="e2e_tm_missing_data_Initializes_without_errors"/>
    <testcase time="8.39800000000002" classname="shinytest2_tm_missing_data" name="e2e_tm_missing_data_Default_settings_and_visibility_of_the_summary_graph"/>
    <testcase time="0.0489999999999782" classname="shinytest2_tm_missing_data" name="e2e_tm_missing_data_Default_settings_and_visibility_of_the_summary_graph"/>
    <testcase time="3.20499999999993" classname="shinytest2_tm_missing_data" name="e2e_tm_missing_data_Default_settings_and_visibility_of_the_summary_graph"/>
    <testcase time="3.01700000000005" classname="shinytest2_tm_missing_data" name="e2e_tm_missing_data_Default_settings_and_visibility_of_the_summary_graph"/>
    <testcase time="2.62599999999998" classname="shinytest2_tm_missing_data" name="e2e_tm_missing_data_Default_settings_and_visibility_of_the_summary_graph"/>
    <testcase time="8.21400000000006" classname="shinytest2_tm_missing_data" name="e2e_tm_missing_data_Check_default_settings_and_visibility_of_the_combinations_graph_and_encodings"/>
    <testcase time="2.45600000000002" classname="shinytest2_tm_missing_data" name="e2e_tm_missing_data_Check_default_settings_and_visibility_of_the_combinations_graph_and_encodings"/>
    <testcase time="2.63199999999995" classname="shinytest2_tm_missing_data" name="e2e_tm_missing_data_Check_default_settings_and_visibility_of_the_combinations_graph_and_encodings"/>
    <testcase time="2.12199999999996" classname="shinytest2_tm_missing_data" name="e2e_tm_missing_data_Check_default_settings_and_visibility_of_the_combinations_graph_and_encodings"/>
    <testcase time="0.0850000000000364" classname="shinytest2_tm_missing_data" name="e2e_tm_missing_data_Check_default_settings_and_visibility_of_the_combinations_graph_and_encodings"/>
    <testcase time="1.96600000000001" classname="shinytest2_tm_missing_data" name="e2e_tm_missing_data_Check_default_settings_and_visibility_of_the_combinations_graph_and_encodings"/>
    <testcase time="0.0109999999999673" classname="shinytest2_tm_missing_data" name="e2e_tm_missing_data_Check_default_settings_and_visibility_of_the_combinations_graph_and_encodings"/>
    <testcase time="10.1" classname="shinytest2_tm_missing_data" name="e2e_tm_missing_data_Validate_functionality_and_UI_response_for_By_Variable_Levels_"/>
    <testcase time="0.591999999999985" classname="shinytest2_tm_missing_data" name="e2e_tm_missing_data_Validate_functionality_and_UI_response_for_By_Variable_Levels_"/>
    <testcase time="0.0490000000000919" classname="shinytest2_tm_missing_data" name="e2e_tm_missing_data_Validate_functionality_and_UI_response_for_By_Variable_Levels_"/>
    <testcase time="1.45699999999999" classname="shinytest2_tm_missing_data" name="e2e_tm_missing_data_Validate_functionality_and_UI_response_for_By_Variable_Levels_"/>
    <testcase time="0.514999999999986" classname="shinytest2_tm_missing_data" name="e2e_tm_missing_data_Validate_functionality_and_UI_response_for_By_Variable_Levels_"/>
    <testcase time="4.20100000000002" classname="shinytest2_tm_missing_data" name="e2e_tm_missing_data_Validate_functionality_and_UI_response_for_By_Variable_Levels_"/>
  </testsuite>
  <testsuite name="shinytest2-tm_outliers" timestamp="2026-01-13T09:26:07Z" hostname="d7859a19bfba" tests="61" skipped="0" failures="0" errors="0" time="155.174">
    <testcase time="9.82799999999997" classname="shinytest2_tm_outliers" name="e2e_tm_outliers_Data_parameter_and_module_label_is_passed_properly."/>
    <testcase time="0.0040000000000191" classname="shinytest2_tm_outliers" name="e2e_tm_outliers_Data_parameter_and_module_label_is_passed_properly."/>
    <testcase time="0.00399999999990541" classname="shinytest2_tm_outliers" name="e2e_tm_outliers_Data_parameter_and_module_label_is_passed_properly."/>
    <testcase time="0.00100000000009004" classname="shinytest2_tm_outliers" name="e2e_tm_outliers_Data_parameter_and_module_label_is_passed_properly."/>
    <testcase time="9.75999999999999" classname="shinytest2_tm_outliers" name="e2e_tm_outliers_Data_extract_spec_elements_are_initialized_with_the_default_values_specified_by_outlier_var_and_categorical_var_argument."/>
    <testcase time="0.0480000000000018" classname="shinytest2_tm_outliers" name="e2e_tm_outliers_Data_extract_spec_elements_are_initialized_with_the_default_values_specified_by_outlier_var_and_categorical_var_argument."/>
    <testcase time="2.28699999999992" classname="shinytest2_tm_outliers" name="e2e_tm_outliers_Data_extract_spec_elements_are_initialized_with_the_default_values_specified_by_outlier_var_and_categorical_var_argument."/>
    <testcase time="0.00900000000001455" classname="shinytest2_tm_outliers" name="e2e_tm_outliers_Data_extract_spec_elements_are_initialized_with_the_default_values_specified_by_outlier_var_and_categorical_var_argument."/>
    <testcase time="0.0490000000000919" classname="shinytest2_tm_outliers" name="e2e_tm_outliers_Data_extract_spec_elements_are_initialized_with_the_default_values_specified_by_outlier_var_and_categorical_var_argument."/>
    <testcase time="1.55399999999997" classname="shinytest2_tm_outliers" name="e2e_tm_outliers_Data_extract_spec_elements_are_initialized_with_the_default_values_specified_by_outlier_var_and_categorical_var_argument."/>
    <testcase time="0.813999999999965" classname="shinytest2_tm_outliers" name="e2e_tm_outliers_Data_extract_spec_elements_are_initialized_with_the_default_values_specified_by_outlier_var_and_categorical_var_argument."/>
    <testcase time="9.89700000000005" classname="shinytest2_tm_outliers" name="e2e_tm_outliers_Plot_type_is_correctly_set_by_default_and_has_appropriate_possible_options."/>
    <testcase time="0.0489999999999782" classname="shinytest2_tm_outliers" name="e2e_tm_outliers_Plot_type_is_correctly_set_by_default_and_has_appropriate_possible_options."/>
    <testcase time="0.00499999999999545" classname="shinytest2_tm_outliers" name="e2e_tm_outliers_Plot_type_is_correctly_set_by_default_and_has_appropriate_possible_options."/>
    <testcase time="2.24299999999994" classname="shinytest2_tm_outliers" name="e2e_tm_outliers_Plot_type_is_correctly_set_by_default_and_has_appropriate_possible_options."/>
    <testcase time="9.62" classname="shinytest2_tm_outliers" name="e2e_tm_outliers_Module_is_divided_into_3_tabs."/>
    <testcase time="0.0480000000000018" classname="shinytest2_tm_outliers" name="e2e_tm_outliers_Module_is_divided_into_3_tabs."/>
    <testcase time="0.0080000000000382" classname="shinytest2_tm_outliers" name="e2e_tm_outliers_Module_is_divided_into_3_tabs."/>
    <testcase time="10.317" classname="shinytest2_tm_outliers" name="e2e_tm_outliers_Plot_type_is_hidden_when_Boxplot_tab_is_not_selected."/>
    <testcase time="2.21500000000003" classname="shinytest2_tm_outliers" name="e2e_tm_outliers_Plot_type_is_hidden_when_Boxplot_tab_is_not_selected."/>
    <testcase time="4.75099999999998" classname="shinytest2_tm_outliers" name="e2e_tm_outliers_Plot_type_is_hidden_when_Boxplot_tab_is_not_selected."/>
    <testcase time="4.63199999999995" classname="shinytest2_tm_outliers" name="e2e_tm_outliers_Plot_type_is_hidden_when_Boxplot_tab_is_not_selected."/>
    <testcase time="9.98900000000003" classname="shinytest2_tm_outliers" name="e2e_tm_outliers_Default_radio_buttons_are_set_properly."/>
    <testcase time="0.0539999999999736" classname="shinytest2_tm_outliers" name="e2e_tm_outliers_Default_radio_buttons_are_set_properly."/>
    <testcase time="0.0529999999999973" classname="shinytest2_tm_outliers" name="e2e_tm_outliers_Default_radio_buttons_are_set_properly."/>
    <testcase time="4.44600000000003" classname="shinytest2_tm_outliers" name="e2e_tm_outliers_Default_radio_buttons_are_set_properly."/>
    <testcase time="9.65200000000004" classname="shinytest2_tm_outliers" name="e2e_tm_outliers_Method_parameters_are_set_properly."/>
    <testcase time="0.0469999999999118" classname="shinytest2_tm_outliers" name="e2e_tm_outliers_Method_parameters_are_set_properly."/>
    <testcase time="0.00500000000010914" classname="shinytest2_tm_outliers" name="e2e_tm_outliers_Method_parameters_are_set_properly."/>
    <testcase time="0.00199999999995271" classname="shinytest2_tm_outliers" name="e2e_tm_outliers_Method_parameters_are_set_properly."/>
    <testcase time="9.702" classname="shinytest2_tm_outliers" name="e2e_tm_outliers_Outlier_definition_text_and_range_are_displayed_properly_depending_on_method."/>
    <testcase time="2.21399999999994" classname="shinytest2_tm_outliers" name="e2e_tm_outliers_Outlier_definition_text_and_range_are_displayed_properly_depending_on_method."/>
    <testcase time="2.21100000000001" classname="shinytest2_tm_outliers" name="e2e_tm_outliers_Outlier_definition_text_and_range_are_displayed_properly_depending_on_method."/>
    <testcase time="2.21000000000004" classname="shinytest2_tm_outliers" name="e2e_tm_outliers_Outlier_definition_text_and_range_are_displayed_properly_depending_on_method."/>
    <testcase time="0.0499999999999545" classname="shinytest2_tm_outliers" name="e2e_tm_outliers_Outlier_definition_text_and_range_are_displayed_properly_depending_on_method."/>
    <testcase time="0.01400000000001" classname="shinytest2_tm_outliers" name="e2e_tm_outliers_Outlier_definition_text_and_range_are_displayed_properly_depending_on_method."/>
    <testcase time="0.0500000000000682" classname="shinytest2_tm_outliers" name="e2e_tm_outliers_Outlier_definition_text_and_range_are_displayed_properly_depending_on_method."/>
    <testcase time="2.17599999999993" classname="shinytest2_tm_outliers" name="e2e_tm_outliers_Outlier_definition_text_and_range_are_displayed_properly_depending_on_method."/>
    <testcase time="2.07000000000005" classname="shinytest2_tm_outliers" name="e2e_tm_outliers_Outlier_definition_text_and_range_are_displayed_properly_depending_on_method."/>
    <testcase time="2.41800000000001" classname="shinytest2_tm_outliers" name="e2e_tm_outliers_Outlier_definition_text_and_range_are_displayed_properly_depending_on_method."/>
    <testcase time="0.0119999999999436" classname="shinytest2_tm_outliers" name="e2e_tm_outliers_Outlier_definition_text_and_range_are_displayed_properly_depending_on_method."/>
    <testcase time="0.00900000000001455" classname="shinytest2_tm_outliers" name="e2e_tm_outliers_Outlier_definition_text_and_range_are_displayed_properly_depending_on_method."/>
    <testcase time="2.08800000000008" classname="shinytest2_tm_outliers" name="e2e_tm_outliers_Outlier_definition_text_and_range_are_displayed_properly_depending_on_method."/>
    <testcase time="2.35899999999992" classname="shinytest2_tm_outliers" name="e2e_tm_outliers_Outlier_definition_text_and_range_are_displayed_properly_depending_on_method."/>
    <testcase time="2.43299999999999" classname="shinytest2_tm_outliers" name="e2e_tm_outliers_Outlier_definition_text_and_range_are_displayed_properly_depending_on_method."/>
    <testcase time="0.0110000000000809" classname="shinytest2_tm_outliers" name="e2e_tm_outliers_Outlier_definition_text_and_range_are_displayed_properly_depending_on_method."/>
    <testcase time="0.00899999999990087" classname="shinytest2_tm_outliers" name="e2e_tm_outliers_Outlier_definition_text_and_range_are_displayed_properly_depending_on_method."/>
    <testcase time="2.16199999999992" classname="shinytest2_tm_outliers" name="e2e_tm_outliers_Outlier_definition_text_and_range_are_displayed_properly_depending_on_method."/>
    <testcase time="10.1270000000001" classname="shinytest2_tm_outliers" name="e2e_tm_outliers_Outliers_summary_table_is_displayed_with_proper_content."/>
    <testcase time="0.0040000000000191" classname="shinytest2_tm_outliers" name="e2e_tm_outliers_Outliers_summary_table_is_displayed_with_proper_content."/>
    <testcase time="0.00399999999990541" classname="shinytest2_tm_outliers" name="e2e_tm_outliers_Outliers_summary_table_is_displayed_with_proper_content."/>
    <testcase time="0.0480000000000018" classname="shinytest2_tm_outliers" name="e2e_tm_outliers_Outliers_summary_table_is_displayed_with_proper_content."/>
    <testcase time="4.26800000000003" classname="shinytest2_tm_outliers" name="e2e_tm_outliers_Outliers_summary_table_is_displayed_with_proper_content."/>
    <testcase time="0.0040000000000191" classname="shinytest2_tm_outliers" name="e2e_tm_outliers_Outliers_summary_table_is_displayed_with_proper_content."/>
    <testcase time="2.08699999999999" classname="shinytest2_tm_outliers" name="e2e_tm_outliers_Outliers_summary_table_is_displayed_with_proper_content."/>
    <testcase time="0.0040000000000191" classname="shinytest2_tm_outliers" name="e2e_tm_outliers_Outliers_summary_table_is_displayed_with_proper_content."/>
    <testcase time="9.66800000000001" classname="shinytest2_tm_outliers" name="e2e_tm_outliers_Outlier_table_is_displayed_with_proper_content."/>
    <testcase time="4.36699999999996" classname="shinytest2_tm_outliers" name="e2e_tm_outliers_Outlier_table_is_displayed_with_proper_content."/>
    <testcase time="0.00200000000006639" classname="shinytest2_tm_outliers" name="e2e_tm_outliers_Outlier_table_is_displayed_with_proper_content."/>
    <testcase time="0.000999999999976353" classname="shinytest2_tm_outliers" name="e2e_tm_outliers_Outlier_table_is_displayed_with_proper_content."/>
    <testcase time="0.000999999999976353" classname="shinytest2_tm_outliers" name="e2e_tm_outliers_Outlier_table_is_displayed_with_proper_content."/>
  </testsuite>
  <testsuite name="shinytest2-tm_t_crosstable" timestamp="2026-01-13T09:28:42Z" hostname="d7859a19bfba" tests="9" skipped="0" failures="0" errors="0" time="40.897">
    <testcase time="7.69899999999996" classname="shinytest2_tm_t_crosstable" name="e2e_tm_t_crosstable_Initializes_without_errors"/>
    <testcase time="0.0040000000000191" classname="shinytest2_tm_t_crosstable" name="e2e_tm_t_crosstable_Initializes_without_errors"/>
    <testcase time="0.00499999999999545" classname="shinytest2_tm_t_crosstable" name="e2e_tm_t_crosstable_Initializes_without_errors"/>
    <testcase time="9.62300000000005" classname="shinytest2_tm_t_crosstable" name="e2e_tm_t_crosstable_Verify_module_displays_data_table"/>
    <testcase time="7.76400000000001" classname="shinytest2_tm_t_crosstable" name="e2e_tm_t_crosstable_Verify_default_values_and_settings_data_extracts_for_data_selection"/>
    <testcase time="0.0489999999999782" classname="shinytest2_tm_t_crosstable" name="e2e_tm_t_crosstable_Verify_default_values_and_settings_data_extracts_for_data_selection"/>
    <testcase time="2.68200000000002" classname="shinytest2_tm_t_crosstable" name="e2e_tm_t_crosstable_Verify_default_values_and_settings_data_extracts_for_data_selection"/>
    <testcase time="10.2769999999999" classname="shinytest2_tm_t_crosstable" name="e2e_tm_t_crosstable_Change_plot_settings"/>
    <testcase time="2.7940000000001" classname="shinytest2_tm_t_crosstable" name="e2e_tm_t_crosstable_Change_plot_settings"/>
  </testsuite>
  <testsuite name="shinytest2-tm_variable_browser" timestamp="2026-01-13T09:29:23Z" hostname="d7859a19bfba" tests="19" skipped="0" failures="0" errors="2" time="69.335">
    <testcase time="9.39400000000001" classname="shinytest2_tm_variable_browser" name="e2e_tm_variable_browser_content_is_displayed_correctly."/>
    <testcase time="0.00399999999990541" classname="shinytest2_tm_variable_browser" name="e2e_tm_variable_browser_content_is_displayed_correctly."/>
    <testcase time="2.10599999999999" classname="shinytest2_tm_variable_browser" name="e2e_tm_variable_browser_content_is_displayed_correctly."/>
    <testcase time="0.00499999999999545" classname="shinytest2_tm_variable_browser" name="e2e_tm_variable_browser_content_is_displayed_correctly."/>
    <testcase time="0.0040000000000191" classname="shinytest2_tm_variable_browser" name="e2e_tm_variable_browser_content_is_displayed_correctly."/>
    <testcase time="3.93299999999999" classname="shinytest2_tm_variable_browser" name="e2e_tm_variable_browser_Selecting_treat_variable_as_factor_changes_the_table_headers.">
      <error type="error" message="Error in `app_initialize(self, private, app_dir = app_dir, ..., load_timeout = load_timeout, timeout = timeout, wait = wait, expect_values_screenshot_args = expect_values_screenshot_args, screenshot_args = screenshot_args, check_names = check_names, name = name, variant = variant, view = view, height = height, width = width, seed = seed, clean_logs = clean_logs, shiny_args = shiny_args, render_args = render_args, options = options)`: Shiny app did not become stable in 1e+05ms. ('test-shinytest2-tm_variable_browser.R:73:3')">Error in `app_initialize(self, private, app_dir = app_dir, ..., load_timeout = load_timeout, timeout = timeout, wait = wait, expect_values_screenshot_args = expect_values_screenshot_args, screenshot_args = screenshot_args, check_names = check_names, name = name, variant = variant, view = view, height = height, width = width, seed = seed, clean_logs = clean_logs, shiny_args = shiny_args, render_args = render_args, options = options)`: Shiny app did not become stable in 1e+05ms.
Message: An error occurred while waiting for Shiny to be stable
Caused by error in `app_wait_for_idle()`:
! An error occurred while waiting for Shiny to be stable


ℹ You can inspect the failed AppDriver object via `rlang::last_error()$app`
ℹ AppDriver logs:
{shinytest2} R  info   09:29:35.47 Start AppDriver initialization
{shinytest2} R  info   09:29:35.55 Starting Shiny app
{shinytest2} R  info   09:29:36.81 Creating new ChromoteSession
{shinytest2} R  info   09:29:36.87 Navigating to Shiny app
{shinytest2} R  info   09:29:36.88 Injecting shiny-tracer.js
{chromote}   JS info   09:29:36.92 shinytest2; jQuery not found
{chromote}   JS info   09:29:36.92 shinytest2; Loaded
{shinytest2} R  info   09:29:36.92 Waiting for Shiny to become ready
{shinytest2} R  info   09:29:38.84 Waiting for Shiny to become idle for 200ms within 1e+05ms
{shinytest2} R  info   09:29:38.88 Error while initializing AppDriver:
                                   Shiny app did not become stable in 1e+05ms.
                                   Message: An error occurred while waiting for Shiny to be stable
[...]
    <testcase time="0.00599999999997181" classname="tm_missing_data" name="tm_missing_data_module_creation_creates_a_teal_module_object_with_pre_output"/>
    <testcase time="0.00200000000006639" classname="tm_missing_data" name="tm_missing_data_module_creation_creates_a_teal_module_object_with_pre_output"/>
    <testcase time="0.00599999999997181" classname="tm_missing_data" name="tm_missing_data_module_creation_creates_a_teal_module_object_with_post_output"/>
    <testcase time="0.00299999999992906" classname="tm_missing_data" name="tm_missing_data_module_creation_creates_a_teal_module_object_with_post_output"/>
    <testcase time="0.0040000000000191" classname="tm_missing_data" name="tm_missing_data_module_creation_accepts_valid_ggtheme_theme_options"/>
    <testcase time="0.00200000000006639" classname="tm_missing_data" name="tm_missing_data_module_creation_accepts_valid_ggtheme_theme_options"/>
    <testcase time="0.00199999999995271" classname="tm_missing_data" name="tm_missing_data_module_creation_accepts_valid_ggtheme_theme_options"/>
    <testcase time="0.00199999999995271" classname="tm_missing_data" name="tm_missing_data_module_creation_accepts_valid_ggtheme_theme_options"/>
    <testcase time="0.00200000000006639" classname="tm_missing_data" name="tm_missing_data_module_creation_accepts_valid_ggtheme_theme_options"/>
    <testcase time="0.00199999999995271" classname="tm_missing_data" name="tm_missing_data_module_creation_accepts_valid_ggtheme_theme_options"/>
    <testcase time="0.00200000000006639" classname="tm_missing_data" name="tm_missing_data_module_creation_accepts_valid_ggtheme_theme_options"/>
    <testcase time="0.00199999999995271" classname="tm_missing_data" name="tm_missing_data_module_creation_accepts_valid_ggtheme_theme_options"/>
    <testcase time="0.0040000000000191" classname="tm_missing_data" name="tm_missing_data_module_creation_accepts_a_decorator"/>
    <testcase time="0.00499999999999545" classname="tm_missing_data" name="tm_missing_data_module_creation_accepts_multiple_decorators"/>
    <testcase time="0.0040000000000191" classname="tm_missing_data" name="tm_missing_data_module_creation_accepts_a_transformator"/>
    <testcase time="0.00499999999999545" classname="tm_missing_data" name="tm_missing_data_module_creation_creates_a_module_with_specified_datanames"/>
    <testcase time="0.0040000000000191" classname="tm_missing_data" name="tm_missing_data_module_creation_creates_a_module_with_datanames_all_"/>
    <testcase time="0.00599999999997181" classname="tm_missing_data" name="tm_missing_data_module_creation_creates_a_module_that_is_bookmarkable"/>
    <testcase time="0.0040000000000191" classname="tm_missing_data" name="tm_missing_data_module_creation_accepts_NULL_plot_width"/>
    <testcase time="0.00499999999999545" classname="tm_missing_data" name="tm_missing_data_module_creation_accepts_valid_ggplot2_args"/>
    <testcase time="0.00999999999999091" classname="tm_missing_data" name="tm_missing_data_input_validation_fails_when_plot_height_is_not_valid"/>
    <testcase time="0.0080000000000382" classname="tm_missing_data" name="tm_missing_data_input_validation_fails_when_plot_height_has_wrong_length"/>
    <testcase time="0.00799999999992451" classname="tm_missing_data" name="tm_missing_data_input_validation_fails_when_plot_width_is_not_valid"/>
    <testcase time="0.0080000000000382" classname="tm_missing_data" name="tm_missing_data_input_validation_fails_when_datanames_is_wrong_type"/>
    <testcase time="0.0080000000000382" classname="tm_missing_data" name="tm_missing_data_input_validation_fails_when_ggtheme_is_invalid_name"/>
    <testcase time="0.00799999999992451" classname="tm_missing_data" name="tm_missing_data_input_validation_fails_when_ggplot_args_has_not_valid_type"/>
    <testcase time="0.0080000000000382" classname="tm_missing_data" name="tm_missing_data_input_validation_fails_if_decorators_has_not_valid_type"/>
    <testcase time="0.0040000000000191" classname="tm_missing_data" name="tm_missing_data_input_validation_accepts_valid_decorators_with_all_allowed_names"/>
    <testcase time="0.00900000000001455" classname="tm_missing_data" name="tm_missing_data_input_validation_fails_if_transformators_has_not_valid_type"/>
    <testcase time="0.00799999999992451" classname="tm_missing_data" name="tm_missing_data_input_validation_fails_when_label_is_not_a_string"/>
    <testcase time="0.0080000000000382" classname="tm_missing_data" name="tm_missing_data_input_validation_fails_when_ggplot2_args_has_invalid_names"/>
    <testcase time="0.196000000000026" classname="tm_missing_data" name="tm_missing_data_using_single_or_all_datasets_ui_functions_uses_diferent_functions_in_single_or_all_datasets"/>
    <testcase time="1.77999999999997" classname="tm_missing_data" name="tm_missing_data_module_server_behavior_server_function_executes_successfully_through_module_interface_with_Summary_tab"/>
    <testcase time="2.40999999999997" classname="tm_missing_data" name="tm_missing_data_module_server_behavior_server_function_handles_Combinations_tab"/>
    <testcase time="1.64800000000002" classname="tm_missing_data" name="tm_missing_data_module_server_behavior_server_function_handles_By_Variable_Levels_tab"/>
    <testcase time="1.66300000000001" classname="tm_missing_data" name="tm_missing_data_module_server_behavior_server_function_handles_By_Variable_Levels_tab_with_proportions"/>
    <testcase time="1.70899999999995" classname="tm_missing_data" name="tm_missing_data_module_server_behavior_server_function_handles_Grouped_by_Subject_tab"/>
    <testcase time="1.68000000000006" classname="tm_missing_data" name="tm_missing_data_module_server_behavior_server_function_handles_any_na_option_in_Summary_tab"/>
    <testcase time="1.68600000000004" classname="tm_missing_data" name="tm_missing_data_module_server_behavior_server_function_handles_different_ggtheme_options"/>
  </testsuite>
  <testsuite name="tm_rmarkdown" timestamp="2026-01-13T09:31:03Z" hostname="d7859a19bfba" tests="4" skipped="0" failures="0" errors="0" time="0.317">
    <testcase time="0.140999999999963" classname="tm_rmarkdown" name="srv_rmarkdown_renders_number_of_rows_of_my_data_to_markdown_file"/>
    <testcase time="0.0159999999999627" classname="tm_rmarkdown" name="srv_rmarkdown_returns_a_teal.reporter_reactive"/>
    <testcase time="0.0720000000000027" classname="tm_rmarkdown" name="srv_rmarkdown_returns_a_teal.reporter_reactive"/>
    <testcase time="0.0879999999999654" classname="tm_rmarkdown" name="srv_rmarkdown_renders_expected_html"/>
  </testsuite>
  <testsuite name="tm_t_crosstable" timestamp="2026-01-13T09:31:03Z" hostname="d7859a19bfba" tests="23" skipped="0" failures="0" errors="0" time="3.541">
    <testcase time="0.0130000000000337" classname="tm_t_crosstable" name="tm_t_crosstable_module_creation_creates_a_teal_module_object"/>
    <testcase time="0.0040000000000191" classname="tm_t_crosstable" name="tm_t_crosstable_module_creation_creates_a_teal_module_object_with_default_options"/>
    <testcase time="0.00599999999997181" classname="tm_t_crosstable" name="tm_t_crosstable_module_creation_creates_a_teal_module_object_with_list_of_data_extract_specs"/>
    <testcase time="0.00499999999999545" classname="tm_t_crosstable" name="tm_t_crosstable_module_creation_creates_a_module_with_datanames_taken_from_data_extracts"/>
    <testcase time="0.00700000000006185" classname="tm_t_crosstable" name="tm_t_crosstable_module_creation_creates_a_module_that_is_bookmarkable"/>
    <testcase time="0.00999999999999091" classname="tm_t_crosstable" name="tm_t_crosstable_input_validation_fails_when_label_is_not_a_string"/>
    <testcase time="0.00900000000001455" classname="tm_t_crosstable" name="tm_t_crosstable_input_validation_fails_when_x_is_not_a_data_extract_spec_or_list"/>
    <testcase time="0.00799999999992451" classname="tm_t_crosstable" name="tm_t_crosstable_input_validation_fails_when_y_is_not_a_data_extract_spec_or_list"/>
    <testcase time="0.0080000000000382" classname="tm_t_crosstable" name="tm_t_crosstable_input_validation_fails_when_y_allows_multiple_selection"/>
    <testcase time="0.0080000000000382" classname="tm_t_crosstable" name="tm_t_crosstable_input_validation_fails_when_show_percentage_is_not_logical"/>
    <testcase time="0.00900000000001455" classname="tm_t_crosstable" name="tm_t_crosstable_input_validation_fails_when_show_total_is_not_logical"/>
    <testcase time="0.00799999999992451" classname="tm_t_crosstable" name="tm_t_crosstable_input_validation_fails_when_remove_zero_columns_is_not_logical"/>
    <testcase time="0.00999999999999091" classname="tm_t_crosstable" name="tm_t_crosstable_input_validation_fails_when_decorators_has_invalid_object_types"/>
    <testcase time="0.00499999999999545" classname="tm_t_crosstable" name="tm_t_crosstable_input_validation_accepts_valid_decorators"/>
    <testcase time="1.51600000000008" classname="tm_t_crosstable" name="tm_t_crosstable_module_server_behavior_server_function_executes_successfully_through_module_interface"/>
    <testcase time="0.00299999999992906" classname="tm_t_crosstable" name="tm_t_crosstable_module_server_behavior_server_function_executes_successfully_through_module_interface"/>
    <testcase time="0.0040000000000191" classname="tm_t_crosstable" name="tm_t_crosstable_module_server_behavior_server_function_executes_successfully_through_module_interface"/>
    <testcase time="0.686000000000035" classname="tm_t_crosstable" name="tm_t_crosstable_module_server_behavior_server_function_generates_table_with_show_percentage_enabled"/>
    <testcase time="0.00299999999992906" classname="tm_t_crosstable" name="tm_t_crosstable_module_server_behavior_server_function_generates_table_with_show_percentage_enabled"/>
    <testcase time="0.0040000000000191" classname="tm_t_crosstable" name="tm_t_crosstable_module_server_behavior_server_function_generates_table_with_show_percentage_enabled"/>
    <testcase time="1.20800000000008" classname="tm_t_crosstable" name="tm_t_crosstable_module_server_behavior_server_function_generates_table_with_show_total_enabled"/>
    <testcase time="0.00399999999990541" classname="tm_t_crosstable" name="tm_t_crosstable_module_server_behavior_server_function_generates_table_with_show_total_enabled"/>
    <testcase time="0.00300000000004275" classname="tm_t_crosstable" name="tm_t_crosstable_module_server_behavior_server_function_generates_table_with_show_total_enabled"/>
  </testsuite>
  <testsuite name="utils" timestamp="2026-01-13T09:31:07Z" hostname="d7859a19bfba" tests="12" skipped="0" failures="0" errors="0" time="0.063">
    <testcase time="0.0149999999999864" classname="utils" name="set_chunk_attrs_changes_last_chunk_output_with_default_parameters"/>
    <testcase time="0.00200000000006639" classname="utils" name="set_chunk_attrs_changes_last_chunk_output_with_default_parameters"/>
    <testcase time="0.00399999999990541" classname="utils" name="set_chunk_attrs_changes_last_2_chunks"/>
    <testcase time="0.00200000000006639" classname="utils" name="set_chunk_attrs_changes_last_2_chunks"/>
    <testcase time="0.0040000000000191" classname="utils" name="set_chunk_attrs_only_changes_the_numeric_chunk_outputs"/>
    <testcase time="0.00199999999995271" classname="utils" name="set_chunk_attrs_only_changes_the_numeric_chunk_outputs"/>
    <testcase time="0.00499999999999545" classname="utils" name="set_chunk_attrs_throws_warning_when_last_chunk_is_not_chunk_output"/>
    <testcase time="0.0040000000000191" classname="utils" name="set_chunk_attrs_throws_warning_when_second_to_last_chunk_is_not_chunk_output"/>
    <testcase time="0.00499999999999545" classname="utils" name="set_chunk_attrs_modifies_all_elements_up_until_the_first_non_chunk_output"/>
    <testcase time="0.00199999999995271" classname="utils" name="set_chunk_attrs_modifies_all_elements_up_until_the_first_non_chunk_output"/>
    <testcase time="0.000999999999976353" classname="utils" name="set_chunk_attrs_modifies_all_elements_up_until_the_first_non_chunk_output"/>
    <testcase time="0.0169999999999391" classname="utils" name="set_chunk_dims_skips_when_one_of_the_dimensions_is_auto_string"/>
  </testsuite>
  <testsuite name="bivariate_ggplot_call" timestamp="2026-01-13T09:31:07Z" hostname="d7859a19bfba" tests="23" skipped="0" failures="0" errors="0" time="0.095">
    <testcase time="0.00999999999999091" classname="bivariate_ggplot_call" name="bivariate_ggplot_call_with_numerics"/>
    <testcase time="0.00300000000004275" classname="bivariate_ggplot_call" name="bivariate_ggplot_call_with_numerics"/>
    <testcase time="0.00300000000004275" classname="bivariate_ggplot_call" name="bivariate_ggplot_call_with_numerics"/>
    <testcase time="0.00199999999995271" classname="bivariate_ggplot_call" name="bivariate_ggplot_call_with_numerics"/>
    <testcase time="0.00599999999997181" classname="bivariate_ggplot_call" name="bivariate_ggplot_call_with_arguments_factor_and_factor"/>
    <testcase time="0.0040000000000191" classname="bivariate_ggplot_call" name="bivariate_ggplot_call_with_arguments_logical_and_factor"/>
    <testcase time="0.00499999999999545" classname="bivariate_ggplot_call" name="bivariate_ggplot_call_with_arguments_character_and_factor"/>
    <testcase time="0.00499999999999545" classname="bivariate_ggplot_call" name="bivariate_ggplot_call_with_arguments_factor_and_logical"/>
    <testcase time="0.00499999999999545" classname="bivariate_ggplot_call" name="bivariate_ggplot_call_with_arguments_logical_and_logical"/>
    <testcase time="0.00499999999999545" classname="bivariate_ggplot_call" name="bivariate_ggplot_call_with_arguments_character_and_logical"/>
    <testcase time="0.00499999999999545" classname="bivariate_ggplot_call" name="bivariate_ggplot_call_with_arguments_factor_and_character"/>
    <testcase time="0.00499999999999545" classname="bivariate_ggplot_call" name="bivariate_ggplot_call_with_arguments_logical_and_character"/>
    <testcase time="0.0040000000000191" classname="bivariate_ggplot_call" name="bivariate_ggplot_call_with_arguments_character_and_character"/>
    <testcase time="0.00700000000006185" classname="bivariate_ggplot_call" name="bivariate_ggplot_call_with_single_data_numeric"/>
    <testcase time="0.00299999999992906" classname="bivariate_ggplot_call" name="bivariate_ggplot_call_with_single_data_numeric"/>
    <testcase time="0.00200000000006639" classname="bivariate_ggplot_call" name="bivariate_ggplot_call_with_single_data_numeric"/>
    <testcase time="0.00299999999992906" classname="bivariate_ggplot_call" name="bivariate_ggplot_call_with_single_data_numeric"/>
    <testcase time="0.00300000000004275" classname="bivariate_ggplot_call" name="bivariate_ggplot_call_with_single_data_numeric"/>
    <testcase time="0.00199999999995271" classname="bivariate_ggplot_call" name="bivariate_ggplot_call_with_single_data_numeric"/>
    <testcase time="0.00499999999999545" classname="bivariate_ggplot_call" name="bivariate_ggplot_call_with_single_data_factor"/>
    <testcase time="0.00300000000004275" classname="bivariate_ggplot_call" name="bivariate_ggplot_call_with_single_data_factor"/>
    <testcase time="0.00300000000004275" classname="bivariate_ggplot_call" name="bivariate_ggplot_call_with_single_data_factor"/>
    <testcase time="0.00199999999995271" classname="bivariate_ggplot_call" name="bivariate_ggplot_call_with_single_data_factor"/>
  </testsuite>
  <testsuite name="front_page" timestamp="2026-01-13T09:31:07Z" hostname="d7859a19bfba" tests="4" skipped="0" failures="0" errors="0" time="0.02">
    <testcase time="0.00700000000006185" classname="front_page" name="convert_metadata_to_dataframe_returns_a_data_frame_with_no_rows_if_no_metadata"/>
    <testcase time="0.00499999999999545" classname="front_page" name="convert_metadata_to_dataframe_returns_a_data_frame_with_metadata_if_more_than_one_dataset"/>
    <testcase time="0.00399999999990541" classname="front_page" name="convert_metadata_to_dataframe_returns_a_data_frame_with_metadata_if_one_dataset"/>
    <testcase time="0.0040000000000191" classname="front_page" name="convert_metadata_to_dataframe_converts_metadata_values_to_characters"/>
  </testsuite>
  <testsuite name="g_expert_cl" timestamp="2026-01-13T09:31:07Z" hostname="d7859a19bfba" tests="15" skipped="0" failures="0" errors="0" time="0.03">
    <testcase time="0.00700000000006185" classname="g_expert_cl" name="coloring_ggplot_call_can_work_with_all_combinations"/>
    <testcase time="0.000999999999976353" classname="g_expert_cl" name="coloring_ggplot_call_can_work_with_all_combinations"/>
    <testcase time="0.000999999999976353" classname="g_expert_cl" name="coloring_ggplot_call_can_work_with_all_combinations"/>
    <testcase time="0.00200000000006639" classname="g_expert_cl" name="coloring_ggplot_call_can_work_with_all_combinations"/>
    <testcase time="0.000999999999976353" classname="g_expert_cl" name="coloring_ggplot_call_can_work_with_all_combinations"/>
    <testcase time="0.00199999999995271" classname="g_expert_cl" name="coloring_ggplot_call_can_work_with_all_combinations"/>
    <testcase time="0.000999999999976353" classname="g_expert_cl" name="coloring_ggplot_call_can_work_with_all_combinations"/>
    <testcase time="0.0040000000000191" classname="g_expert_cl" name="coloring_ggplot_call_can_work_with_all_combinations_without_colour_var"/>
    <testcase time="0.000999999999976353" classname="g_expert_cl" name="coloring_ggplot_call_can_work_with_all_combinations_without_colour_var"/>
    <testcase time="0.00200000000006639" classname="g_expert_cl" name="coloring_ggplot_call_can_work_with_all_combinations_without_colour_var"/>
    <testcase time="0.000999999999976353" classname="g_expert_cl" name="coloring_ggplot_call_can_work_with_all_combinations_without_colour_var"/>
    <testcase time="0.00199999999995271" classname="g_expert_cl" name="coloring_ggplot_call_can_work_with_all_combinations_without_colour_var"/>
    <testcase time="0.00300000000004275" classname="g_expert_cl" name="coloring_ggplot_call_can_work_size_var"/>
    <testcase time="0.000999999999976353" classname="g_expert_cl" name="coloring_ggplot_call_can_work_size_var"/>
    <testcase time="0.00100000000009004" classname="g_expert_cl" name="coloring_ggplot_call_can_work_size_var"/>
  </testsuite>
  <testsuite name="scatterplotmatrix_get_stats" timestamp="2026-01-13T09:31:07Z" hostname="d7859a19bfba" tests="6" skipped="0" failures="0" errors="0" time="0.025">
    <testcase time="0.00900000000001455" classname="scatterplotmatrix_get_stats" name="get_scatterplotmatrix_stats_x_y_numeric"/>
    <testcase time="0.00199999999995271" classname="scatterplotmatrix_get_stats" name="get_scatterplotmatrix_stats_x_y_numeric"/>
    <testcase time="0.0040000000000191" classname="scatterplotmatrix_get_stats" name="get_scatterplotmatrix_stats_x_y_numeric"/>
    <testcase time="0.00499999999999545" classname="scatterplotmatrix_get_stats" name="get_scatterplotmatrix_stats_x_y_character"/>
    <testcase time="0.00199999999995271" classname="scatterplotmatrix_get_stats" name="get_scatterplotmatrix_stats_x_y_character"/>
    <testcase time="0.00300000000004275" classname="scatterplotmatrix_get_stats" name="get_scatterplotmatrix_stats_x_y_character"/>
  </testsuite>
  <testsuite name="variable_browser" timestamp="2026-01-13T09:31:07Z" hostname="d7859a19bfba" tests="3" skipped="0" failures="0" errors="0" time="0.015">
    <testcase time="0.00699999999994816" classname="variable_browser" name="remove_outliers_from_does_not_remove_outliers_when_outlier_definition_is_zero"/>
    <testcase time="0.0040000000000191" classname="variable_browser" name="remove_outliers_from_removes_outliers_when_outlier_definition_is_non_zero"/>
    <testcase time="0.0040000000000191" classname="variable_browser" name="remove_outliers_from_keeps_missing_values_unchanged"/>
  </testsuite>
</testsuites>
